<testsuites id="" name="" tests="249" failures="10" skipped="239" errors="0" time="8.23386">
<testsuite name="advanced/chained-test-clean.spec.ts" timestamp="2025-08-12T23:28:40.859Z" hostname="dev-api-tests" tests="4" failures="1" skipped="3" time="0.038" errors="0">
<testcase name="Chained Test Flow - User Registration to Profile Management â€º Step 1: should register user and generate authentication tokens @smoke @chain" classname="advanced/chained-test-clean.spec.ts" time="0.038">
<failure message="chained-test-clean.spec.ts:54:7 Step 1: should register user and generate authentication tokens @smoke @chain" type="FAILURE">
<![CDATA[  [dev-api-tests] â€º advanced/chained-test-clean.spec.ts:54:7 â€º Chained Test Flow - User Registration to Profile Management â€º Step 1: should register user and generate authentication tokens @smoke @chain 

    TypeError: Cannot read properties of undefined (reading 'fullName')

       at ../utils/test-actions.ts:80

      78 |     
      79 |     if (this.logConfig.enableFullLogs) {
    > 80 |       logToConsole(`ðŸ‘¤ Creating test user: ${testUser.fullName}`);
         |                                                       ^
      81 |     }
      82 |     
      83 |     const registrationResult = await this.apiHelper.registerUser(testUser);
        at TestActions.createTestUser (/Users/Anand/github/playwright-api-test/utils/test-actions.ts:80:55)
        at /Users/Anand/github/playwright-api-test/tests/advanced/chained-test-clean.spec.ts:67:43

    attachment #1: trace (application/zip) â”€â”€â”€â”€â”€â”€â”€â”€â”€â”€â”€â”€â”€â”€â”€â”€â”€â”€â”€â”€â”€â”€â”€â”€â”€â”€â”€â”€â”€â”€â”€â”€â”€â”€â”€â”€â”€â”€â”€â”€â”€â”€â”€â”€â”€â”€â”€â”€â”€â”€â”€â”€â”€â”€â”€â”€â”€
    ../test-results/dev/advanced-chained-test-clea-65c1b-tication-tokens-smoke-chain-dev-api-tests/trace.zip
    Usage:

        npx playwright show-trace ../test-results/dev/advanced-chained-test-clea-65c1b-tication-tokens-smoke-chain-dev-api-tests/trace.zip

    â”€â”€â”€â”€â”€â”€â”€â”€â”€â”€â”€â”€â”€â”€â”€â”€â”€â”€â”€â”€â”€â”€â”€â”€â”€â”€â”€â”€â”€â”€â”€â”€â”€â”€â”€â”€â”€â”€â”€â”€â”€â”€â”€â”€â”€â”€â”€â”€â”€â”€â”€â”€â”€â”€â”€â”€â”€â”€â”€â”€â”€â”€â”€â”€â”€â”€â”€â”€â”€â”€â”€â”€â”€â”€â”€â”€â”€â”€â”€â”€â”€â”€â”€â”€â”€â”€â”€â”€â”€â”€â”€â”€â”€â”€â”€â”€

    Retry #1 â”€â”€â”€â”€â”€â”€â”€â”€â”€â”€â”€â”€â”€â”€â”€â”€â”€â”€â”€â”€â”€â”€â”€â”€â”€â”€â”€â”€â”€â”€â”€â”€â”€â”€â”€â”€â”€â”€â”€â”€â”€â”€â”€â”€â”€â”€â”€â”€â”€â”€â”€â”€â”€â”€â”€â”€â”€â”€â”€â”€â”€â”€â”€â”€â”€â”€â”€â”€â”€â”€â”€â”€â”€â”€â”€â”€â”€â”€â”€â”€â”€â”€â”€â”€â”€â”€â”€

    TypeError: Cannot read properties of undefined (reading 'fullName')

       at ../utils/test-actions.ts:80

      78 |     
      79 |     if (this.logConfig.enableFullLogs) {
    > 80 |       logToConsole(`ðŸ‘¤ Creating test user: ${testUser.fullName}`);
         |                                                       ^
      81 |     }
      82 |     
      83 |     const registrationResult = await this.apiHelper.registerUser(testUser);
        at TestActions.createTestUser (/Users/Anand/github/playwright-api-test/utils/test-actions.ts:80:55)
        at /Users/Anand/github/playwright-api-test/tests/advanced/chained-test-clean.spec.ts:67:43

    attachment #1: trace (application/zip) â”€â”€â”€â”€â”€â”€â”€â”€â”€â”€â”€â”€â”€â”€â”€â”€â”€â”€â”€â”€â”€â”€â”€â”€â”€â”€â”€â”€â”€â”€â”€â”€â”€â”€â”€â”€â”€â”€â”€â”€â”€â”€â”€â”€â”€â”€â”€â”€â”€â”€â”€â”€â”€â”€â”€â”€â”€
    ../test-results/dev/advanced-chained-test-clea-65c1b-tication-tokens-smoke-chain-dev-api-tests-retry1/trace.zip
    Usage:

        npx playwright show-trace ../test-results/dev/advanced-chained-test-clea-65c1b-tication-tokens-smoke-chain-dev-api-tests-retry1/trace.zip

    â”€â”€â”€â”€â”€â”€â”€â”€â”€â”€â”€â”€â”€â”€â”€â”€â”€â”€â”€â”€â”€â”€â”€â”€â”€â”€â”€â”€â”€â”€â”€â”€â”€â”€â”€â”€â”€â”€â”€â”€â”€â”€â”€â”€â”€â”€â”€â”€â”€â”€â”€â”€â”€â”€â”€â”€â”€â”€â”€â”€â”€â”€â”€â”€â”€â”€â”€â”€â”€â”€â”€â”€â”€â”€â”€â”€â”€â”€â”€â”€â”€â”€â”€â”€â”€â”€â”€â”€â”€â”€â”€â”€â”€â”€â”€â”€

    Retry #2 â”€â”€â”€â”€â”€â”€â”€â”€â”€â”€â”€â”€â”€â”€â”€â”€â”€â”€â”€â”€â”€â”€â”€â”€â”€â”€â”€â”€â”€â”€â”€â”€â”€â”€â”€â”€â”€â”€â”€â”€â”€â”€â”€â”€â”€â”€â”€â”€â”€â”€â”€â”€â”€â”€â”€â”€â”€â”€â”€â”€â”€â”€â”€â”€â”€â”€â”€â”€â”€â”€â”€â”€â”€â”€â”€â”€â”€â”€â”€â”€â”€â”€â”€â”€â”€â”€â”€

    TypeError: Cannot read properties of undefined (reading 'fullName')

       at ../utils/test-actions.ts:80

      78 |     
      79 |     if (this.logConfig.enableFullLogs) {
    > 80 |       logToConsole(`ðŸ‘¤ Creating test user: ${testUser.fullName}`);
         |                                                       ^
      81 |     }
      82 |     
      83 |     const registrationResult = await this.apiHelper.registerUser(testUser);
        at TestActions.createTestUser (/Users/Anand/github/playwright-api-test/utils/test-actions.ts:80:55)
        at /Users/Anand/github/playwright-api-test/tests/advanced/chained-test-clean.spec.ts:67:43

    attachment #1: trace (application/zip) â”€â”€â”€â”€â”€â”€â”€â”€â”€â”€â”€â”€â”€â”€â”€â”€â”€â”€â”€â”€â”€â”€â”€â”€â”€â”€â”€â”€â”€â”€â”€â”€â”€â”€â”€â”€â”€â”€â”€â”€â”€â”€â”€â”€â”€â”€â”€â”€â”€â”€â”€â”€â”€â”€â”€â”€â”€
    ../test-results/dev/advanced-chained-test-clea-65c1b-tication-tokens-smoke-chain-dev-api-tests-retry2/trace.zip
    Usage:

        npx playwright show-trace ../test-results/dev/advanced-chained-test-clea-65c1b-tication-tokens-smoke-chain-dev-api-tests-retry2/trace.zip

    â”€â”€â”€â”€â”€â”€â”€â”€â”€â”€â”€â”€â”€â”€â”€â”€â”€â”€â”€â”€â”€â”€â”€â”€â”€â”€â”€â”€â”€â”€â”€â”€â”€â”€â”€â”€â”€â”€â”€â”€â”€â”€â”€â”€â”€â”€â”€â”€â”€â”€â”€â”€â”€â”€â”€â”€â”€â”€â”€â”€â”€â”€â”€â”€â”€â”€â”€â”€â”€â”€â”€â”€â”€â”€â”€â”€â”€â”€â”€â”€â”€â”€â”€â”€â”€â”€â”€â”€â”€â”€â”€â”€â”€â”€â”€â”€

    Retry #3 â”€â”€â”€â”€â”€â”€â”€â”€â”€â”€â”€â”€â”€â”€â”€â”€â”€â”€â”€â”€â”€â”€â”€â”€â”€â”€â”€â”€â”€â”€â”€â”€â”€â”€â”€â”€â”€â”€â”€â”€â”€â”€â”€â”€â”€â”€â”€â”€â”€â”€â”€â”€â”€â”€â”€â”€â”€â”€â”€â”€â”€â”€â”€â”€â”€â”€â”€â”€â”€â”€â”€â”€â”€â”€â”€â”€â”€â”€â”€â”€â”€â”€â”€â”€â”€â”€â”€

    TypeError: Cannot read properties of undefined (reading 'fullName')

       at ../utils/test-actions.ts:80

      78 |     
      79 |     if (this.logConfig.enableFullLogs) {
    > 80 |       logToConsole(`ðŸ‘¤ Creating test user: ${testUser.fullName}`);
         |                                                       ^
      81 |     }
      82 |     
      83 |     const registrationResult = await this.apiHelper.registerUser(testUser);
        at TestActions.createTestUser (/Users/Anand/github/playwright-api-test/utils/test-actions.ts:80:55)
        at /Users/Anand/github/playwright-api-test/tests/advanced/chained-test-clean.spec.ts:67:43

    attachment #1: trace (application/zip) â”€â”€â”€â”€â”€â”€â”€â”€â”€â”€â”€â”€â”€â”€â”€â”€â”€â”€â”€â”€â”€â”€â”€â”€â”€â”€â”€â”€â”€â”€â”€â”€â”€â”€â”€â”€â”€â”€â”€â”€â”€â”€â”€â”€â”€â”€â”€â”€â”€â”€â”€â”€â”€â”€â”€â”€â”€
    ../test-results/dev/advanced-chained-test-clea-65c1b-tication-tokens-smoke-chain-dev-api-tests-retry3/trace.zip
    Usage:

        npx playwright show-trace ../test-results/dev/advanced-chained-test-clea-65c1b-tication-tokens-smoke-chain-dev-api-tests-retry3/trace.zip

    â”€â”€â”€â”€â”€â”€â”€â”€â”€â”€â”€â”€â”€â”€â”€â”€â”€â”€â”€â”€â”€â”€â”€â”€â”€â”€â”€â”€â”€â”€â”€â”€â”€â”€â”€â”€â”€â”€â”€â”€â”€â”€â”€â”€â”€â”€â”€â”€â”€â”€â”€â”€â”€â”€â”€â”€â”€â”€â”€â”€â”€â”€â”€â”€â”€â”€â”€â”€â”€â”€â”€â”€â”€â”€â”€â”€â”€â”€â”€â”€â”€â”€â”€â”€â”€â”€â”€â”€â”€â”€â”€â”€â”€â”€â”€â”€
]]>
</failure>
<system-out>
<![CDATA[
ðŸ“ TEST STEP: Create Test User
â° Step Started: 2025-08-12T23:28:41.223Z
â”€â”€â”€â”€â”€â”€â”€â”€â”€â”€â”€â”€â”€â”€â”€â”€â”€â”€â”€â”€â”€â”€â”€â”€â”€â”€â”€â”€â”€â”€â”€â”€â”€â”€â”€â”€â”€â”€â”€â”€â”€â”€â”€â”€â”€â”€â”€â”€â”€â”€â”€â”€â”€â”€â”€â”€â”€â”€â”€â”€



ðŸ“ TEST STEP: Create Test User
â° Step Started: 2025-08-12T23:28:41.607Z
â”€â”€â”€â”€â”€â”€â”€â”€â”€â”€â”€â”€â”€â”€â”€â”€â”€â”€â”€â”€â”€â”€â”€â”€â”€â”€â”€â”€â”€â”€â”€â”€â”€â”€â”€â”€â”€â”€â”€â”€â”€â”€â”€â”€â”€â”€â”€â”€â”€â”€â”€â”€â”€â”€â”€â”€â”€â”€â”€â”€



ðŸ“ TEST STEP: Create Test User
â° Step Started: 2025-08-12T23:28:41.966Z
â”€â”€â”€â”€â”€â”€â”€â”€â”€â”€â”€â”€â”€â”€â”€â”€â”€â”€â”€â”€â”€â”€â”€â”€â”€â”€â”€â”€â”€â”€â”€â”€â”€â”€â”€â”€â”€â”€â”€â”€â”€â”€â”€â”€â”€â”€â”€â”€â”€â”€â”€â”€â”€â”€â”€â”€â”€â”€â”€â”€



ðŸ“ TEST STEP: Create Test User
â° Step Started: 2025-08-12T23:28:42.340Z
â”€â”€â”€â”€â”€â”€â”€â”€â”€â”€â”€â”€â”€â”€â”€â”€â”€â”€â”€â”€â”€â”€â”€â”€â”€â”€â”€â”€â”€â”€â”€â”€â”€â”€â”€â”€â”€â”€â”€â”€â”€â”€â”€â”€â”€â”€â”€â”€â”€â”€â”€â”€â”€â”€â”€â”€â”€â”€â”€â”€


]]>
</system-out>
<system-err>
<![CDATA[
Warning: attachment ../test-results/dev/advanced-chained-test-clea-65c1b-tication-tokens-smoke-chain-dev-api-tests/trace.zip is missing
Warning: attachment ../test-results/dev/advanced-chained-test-clea-65c1b-tication-tokens-smoke-chain-dev-api-tests-retry1/trace.zip is missing
Warning: attachment ../test-results/dev/advanced-chained-test-clea-65c1b-tication-tokens-smoke-chain-dev-api-tests-retry2/trace.zip is missing
Warning: attachment ../test-results/dev/advanced-chained-test-clea-65c1b-tication-tokens-smoke-chain-dev-api-tests-retry3/trace.zip is missing]]>
</system-err>
</testcase>
<testcase name="Chained Test Flow - User Registration to Profile Management â€º Step 2: should access user profile with authentication token @regression @chain" classname="advanced/chained-test-clean.spec.ts" time="0">
<skipped>
</skipped>
</testcase>
<testcase name="Chained Test Flow - User Registration to Profile Management â€º Step 3: should update profile with authenticated session @regression @chain" classname="advanced/chained-test-clean.spec.ts" time="0">
<skipped>
</skipped>
</testcase>
<testcase name="Chained Test Flow - User Registration to Profile Management â€º Step 4: should verify complete user journey and cleanup session @regression @chain" classname="advanced/chained-test-clean.spec.ts" time="0">
<skipped>
</skipped>
</testcase>
</testsuite>
<testsuite name="advanced/chained-tests.spec.ts" timestamp="2025-08-12T23:28:40.859Z" hostname="dev-api-tests" tests="3" failures="3" skipped="0" time="0.208" errors="0">
<testcase name="ðŸ”— Chained Test Scenarios â€º should execute complete user journey chain with token passing @smoke @chained" classname="advanced/chained-tests.spec.ts" time="0.064">
<failure message="chained-tests.spec.ts:63:7 should execute complete user journey chain with token passing @smoke @chained" type="FAILURE">
<![CDATA[  [dev-api-tests] â€º advanced/chained-tests.spec.ts:63:7 â€º ðŸ”— Chained Test Scenarios â€º should execute complete user journey chain with token passing @smoke @chained 

    TypeError: Cannot read properties of undefined (reading 'userJourney')

      64 |     console.log('ðŸš€ Starting complete user journey chained test');
      65 |     
    > 66 |     const userJourneyData = testData.chainedTestData.userJourney;
         |                                                      ^
      67 |     console.log('ðŸ‘¤ User Journey Data:', JSON.stringify(userJourneyData, null, 2));
      68 |     
      69 |     const chainedSteps = [
        at /Users/Anand/github/playwright-api-test/tests/advanced/chained-tests.spec.ts:66:54

    attachment #1: trace (application/zip) â”€â”€â”€â”€â”€â”€â”€â”€â”€â”€â”€â”€â”€â”€â”€â”€â”€â”€â”€â”€â”€â”€â”€â”€â”€â”€â”€â”€â”€â”€â”€â”€â”€â”€â”€â”€â”€â”€â”€â”€â”€â”€â”€â”€â”€â”€â”€â”€â”€â”€â”€â”€â”€â”€â”€â”€â”€
    ../test-results/dev/advanced-chained-tests-ðŸ”—--d15e8-token-passing-smoke-chained-dev-api-tests/trace.zip
    Usage:

        npx playwright show-trace ../test-results/dev/advanced-chained-tests-ðŸ”—--d15e8-token-passing-smoke-chained-dev-api-tests/trace.zip

    â”€â”€â”€â”€â”€â”€â”€â”€â”€â”€â”€â”€â”€â”€â”€â”€â”€â”€â”€â”€â”€â”€â”€â”€â”€â”€â”€â”€â”€â”€â”€â”€â”€â”€â”€â”€â”€â”€â”€â”€â”€â”€â”€â”€â”€â”€â”€â”€â”€â”€â”€â”€â”€â”€â”€â”€â”€â”€â”€â”€â”€â”€â”€â”€â”€â”€â”€â”€â”€â”€â”€â”€â”€â”€â”€â”€â”€â”€â”€â”€â”€â”€â”€â”€â”€â”€â”€â”€â”€â”€â”€â”€â”€â”€â”€â”€

    Retry #1 â”€â”€â”€â”€â”€â”€â”€â”€â”€â”€â”€â”€â”€â”€â”€â”€â”€â”€â”€â”€â”€â”€â”€â”€â”€â”€â”€â”€â”€â”€â”€â”€â”€â”€â”€â”€â”€â”€â”€â”€â”€â”€â”€â”€â”€â”€â”€â”€â”€â”€â”€â”€â”€â”€â”€â”€â”€â”€â”€â”€â”€â”€â”€â”€â”€â”€â”€â”€â”€â”€â”€â”€â”€â”€â”€â”€â”€â”€â”€â”€â”€â”€â”€â”€â”€â”€â”€

    TypeError: Cannot read properties of undefined (reading 'userJourney')

      64 |     console.log('ðŸš€ Starting complete user journey chained test');
      65 |     
    > 66 |     const userJourneyData = testData.chainedTestData.userJourney;
         |                                                      ^
      67 |     console.log('ðŸ‘¤ User Journey Data:', JSON.stringify(userJourneyData, null, 2));
      68 |     
      69 |     const chainedSteps = [
        at /Users/Anand/github/playwright-api-test/tests/advanced/chained-tests.spec.ts:66:54

    attachment #1: trace (application/zip) â”€â”€â”€â”€â”€â”€â”€â”€â”€â”€â”€â”€â”€â”€â”€â”€â”€â”€â”€â”€â”€â”€â”€â”€â”€â”€â”€â”€â”€â”€â”€â”€â”€â”€â”€â”€â”€â”€â”€â”€â”€â”€â”€â”€â”€â”€â”€â”€â”€â”€â”€â”€â”€â”€â”€â”€â”€
    ../test-results/dev/advanced-chained-tests-ðŸ”—--d15e8-token-passing-smoke-chained-dev-api-tests-retry1/trace.zip
    Usage:

        npx playwright show-trace ../test-results/dev/advanced-chained-tests-ðŸ”—--d15e8-token-passing-smoke-chained-dev-api-tests-retry1/trace.zip

    â”€â”€â”€â”€â”€â”€â”€â”€â”€â”€â”€â”€â”€â”€â”€â”€â”€â”€â”€â”€â”€â”€â”€â”€â”€â”€â”€â”€â”€â”€â”€â”€â”€â”€â”€â”€â”€â”€â”€â”€â”€â”€â”€â”€â”€â”€â”€â”€â”€â”€â”€â”€â”€â”€â”€â”€â”€â”€â”€â”€â”€â”€â”€â”€â”€â”€â”€â”€â”€â”€â”€â”€â”€â”€â”€â”€â”€â”€â”€â”€â”€â”€â”€â”€â”€â”€â”€â”€â”€â”€â”€â”€â”€â”€â”€â”€

    Retry #2 â”€â”€â”€â”€â”€â”€â”€â”€â”€â”€â”€â”€â”€â”€â”€â”€â”€â”€â”€â”€â”€â”€â”€â”€â”€â”€â”€â”€â”€â”€â”€â”€â”€â”€â”€â”€â”€â”€â”€â”€â”€â”€â”€â”€â”€â”€â”€â”€â”€â”€â”€â”€â”€â”€â”€â”€â”€â”€â”€â”€â”€â”€â”€â”€â”€â”€â”€â”€â”€â”€â”€â”€â”€â”€â”€â”€â”€â”€â”€â”€â”€â”€â”€â”€â”€â”€â”€

    TypeError: Cannot read properties of undefined (reading 'userJourney')

      64 |     console.log('ðŸš€ Starting complete user journey chained test');
      65 |     
    > 66 |     const userJourneyData = testData.chainedTestData.userJourney;
         |                                                      ^
      67 |     console.log('ðŸ‘¤ User Journey Data:', JSON.stringify(userJourneyData, null, 2));
      68 |     
      69 |     const chainedSteps = [
        at /Users/Anand/github/playwright-api-test/tests/advanced/chained-tests.spec.ts:66:54

    attachment #1: trace (application/zip) â”€â”€â”€â”€â”€â”€â”€â”€â”€â”€â”€â”€â”€â”€â”€â”€â”€â”€â”€â”€â”€â”€â”€â”€â”€â”€â”€â”€â”€â”€â”€â”€â”€â”€â”€â”€â”€â”€â”€â”€â”€â”€â”€â”€â”€â”€â”€â”€â”€â”€â”€â”€â”€â”€â”€â”€â”€
    ../test-results/dev/advanced-chained-tests-ðŸ”—--d15e8-token-passing-smoke-chained-dev-api-tests-retry2/trace.zip
    Usage:

        npx playwright show-trace ../test-results/dev/advanced-chained-tests-ðŸ”—--d15e8-token-passing-smoke-chained-dev-api-tests-retry2/trace.zip

    â”€â”€â”€â”€â”€â”€â”€â”€â”€â”€â”€â”€â”€â”€â”€â”€â”€â”€â”€â”€â”€â”€â”€â”€â”€â”€â”€â”€â”€â”€â”€â”€â”€â”€â”€â”€â”€â”€â”€â”€â”€â”€â”€â”€â”€â”€â”€â”€â”€â”€â”€â”€â”€â”€â”€â”€â”€â”€â”€â”€â”€â”€â”€â”€â”€â”€â”€â”€â”€â”€â”€â”€â”€â”€â”€â”€â”€â”€â”€â”€â”€â”€â”€â”€â”€â”€â”€â”€â”€â”€â”€â”€â”€â”€â”€â”€

    Retry #3 â”€â”€â”€â”€â”€â”€â”€â”€â”€â”€â”€â”€â”€â”€â”€â”€â”€â”€â”€â”€â”€â”€â”€â”€â”€â”€â”€â”€â”€â”€â”€â”€â”€â”€â”€â”€â”€â”€â”€â”€â”€â”€â”€â”€â”€â”€â”€â”€â”€â”€â”€â”€â”€â”€â”€â”€â”€â”€â”€â”€â”€â”€â”€â”€â”€â”€â”€â”€â”€â”€â”€â”€â”€â”€â”€â”€â”€â”€â”€â”€â”€â”€â”€â”€â”€â”€â”€

    TypeError: Cannot read properties of undefined (reading 'userJourney')

      64 |     console.log('ðŸš€ Starting complete user journey chained test');
      65 |     
    > 66 |     const userJourneyData = testData.chainedTestData.userJourney;
         |                                                      ^
      67 |     console.log('ðŸ‘¤ User Journey Data:', JSON.stringify(userJourneyData, null, 2));
      68 |     
      69 |     const chainedSteps = [
        at /Users/Anand/github/playwright-api-test/tests/advanced/chained-tests.spec.ts:66:54

    attachment #1: trace (application/zip) â”€â”€â”€â”€â”€â”€â”€â”€â”€â”€â”€â”€â”€â”€â”€â”€â”€â”€â”€â”€â”€â”€â”€â”€â”€â”€â”€â”€â”€â”€â”€â”€â”€â”€â”€â”€â”€â”€â”€â”€â”€â”€â”€â”€â”€â”€â”€â”€â”€â”€â”€â”€â”€â”€â”€â”€â”€
    ../test-results/dev/advanced-chained-tests-ðŸ”—--d15e8-token-passing-smoke-chained-dev-api-tests-retry3/trace.zip
    Usage:

        npx playwright show-trace ../test-results/dev/advanced-chained-tests-ðŸ”—--d15e8-token-passing-smoke-chained-dev-api-tests-retry3/trace.zip

    â”€â”€â”€â”€â”€â”€â”€â”€â”€â”€â”€â”€â”€â”€â”€â”€â”€â”€â”€â”€â”€â”€â”€â”€â”€â”€â”€â”€â”€â”€â”€â”€â”€â”€â”€â”€â”€â”€â”€â”€â”€â”€â”€â”€â”€â”€â”€â”€â”€â”€â”€â”€â”€â”€â”€â”€â”€â”€â”€â”€â”€â”€â”€â”€â”€â”€â”€â”€â”€â”€â”€â”€â”€â”€â”€â”€â”€â”€â”€â”€â”€â”€â”€â”€â”€â”€â”€â”€â”€â”€â”€â”€â”€â”€â”€â”€
]]>
</failure>
<system-out>
<![CDATA[ðŸš€ Starting complete user journey chained test
ðŸš€ Starting complete user journey chained test
ðŸš€ Starting complete user journey chained test
ðŸš€ Starting complete user journey chained test
]]>
</system-out>
<system-err>
<![CDATA[
Warning: attachment ../test-results/dev/advanced-chained-tests-ðŸ”—--d15e8-token-passing-smoke-chained-dev-api-tests/trace.zip is missing
Warning: attachment ../test-results/dev/advanced-chained-tests-ðŸ”—--d15e8-token-passing-smoke-chained-dev-api-tests-retry1/trace.zip is missing
Warning: attachment ../test-results/dev/advanced-chained-tests-ðŸ”—--d15e8-token-passing-smoke-chained-dev-api-tests-retry2/trace.zip is missing
Warning: attachment ../test-results/dev/advanced-chained-tests-ðŸ”—--d15e8-token-passing-smoke-chained-dev-api-tests-retry3/trace.zip is missing]]>
</system-err>
</testcase>
<testcase name="ðŸ”— Chained Test Scenarios â€º should execute authenticated API operations chain with token management @regression @chained" classname="advanced/chained-tests.spec.ts" time="0.074">
<failure message="chained-tests.spec.ts:247:7 should execute authenticated API operations chain with token management @regression @chained" type="FAILURE">
<![CDATA[  [dev-api-tests] â€º advanced/chained-tests.spec.ts:247:7 â€º ðŸ”— Chained Test Scenarios â€º should execute authenticated API operations chain with token management @regression @chained 

    TypeError: Cannot read properties of undefined (reading 'fullName')

       at ../utils/test-actions.ts:80

      78 |     
      79 |     if (this.logConfig.enableFullLogs) {
    > 80 |       logToConsole(`ðŸ‘¤ Creating test user: ${testUser.fullName}`);
         |                                                       ^
      81 |     }
      82 |     
      83 |     const registrationResult = await this.apiHelper.registerUser(testUser);
        at TestActions.createTestUser (/Users/Anand/github/playwright-api-test/utils/test-actions.ts:80:55)
        at /Users/Anand/github/playwright-api-test/tests/advanced/chained-tests.spec.ts:251:40

    attachment #1: trace (application/zip) â”€â”€â”€â”€â”€â”€â”€â”€â”€â”€â”€â”€â”€â”€â”€â”€â”€â”€â”€â”€â”€â”€â”€â”€â”€â”€â”€â”€â”€â”€â”€â”€â”€â”€â”€â”€â”€â”€â”€â”€â”€â”€â”€â”€â”€â”€â”€â”€â”€â”€â”€â”€â”€â”€â”€â”€â”€
    ../test-results/dev/advanced-chained-tests-ðŸ”—--93d26-nagement-regression-chained-dev-api-tests/trace.zip
    Usage:

        npx playwright show-trace ../test-results/dev/advanced-chained-tests-ðŸ”—--93d26-nagement-regression-chained-dev-api-tests/trace.zip

    â”€â”€â”€â”€â”€â”€â”€â”€â”€â”€â”€â”€â”€â”€â”€â”€â”€â”€â”€â”€â”€â”€â”€â”€â”€â”€â”€â”€â”€â”€â”€â”€â”€â”€â”€â”€â”€â”€â”€â”€â”€â”€â”€â”€â”€â”€â”€â”€â”€â”€â”€â”€â”€â”€â”€â”€â”€â”€â”€â”€â”€â”€â”€â”€â”€â”€â”€â”€â”€â”€â”€â”€â”€â”€â”€â”€â”€â”€â”€â”€â”€â”€â”€â”€â”€â”€â”€â”€â”€â”€â”€â”€â”€â”€â”€â”€

    Retry #1 â”€â”€â”€â”€â”€â”€â”€â”€â”€â”€â”€â”€â”€â”€â”€â”€â”€â”€â”€â”€â”€â”€â”€â”€â”€â”€â”€â”€â”€â”€â”€â”€â”€â”€â”€â”€â”€â”€â”€â”€â”€â”€â”€â”€â”€â”€â”€â”€â”€â”€â”€â”€â”€â”€â”€â”€â”€â”€â”€â”€â”€â”€â”€â”€â”€â”€â”€â”€â”€â”€â”€â”€â”€â”€â”€â”€â”€â”€â”€â”€â”€â”€â”€â”€â”€â”€â”€

    TypeError: Cannot read properties of undefined (reading 'fullName')

       at ../utils/test-actions.ts:80

      78 |     
      79 |     if (this.logConfig.enableFullLogs) {
    > 80 |       logToConsole(`ðŸ‘¤ Creating test user: ${testUser.fullName}`);
         |                                                       ^
      81 |     }
      82 |     
      83 |     const registrationResult = await this.apiHelper.registerUser(testUser);
        at TestActions.createTestUser (/Users/Anand/github/playwright-api-test/utils/test-actions.ts:80:55)
        at /Users/Anand/github/playwright-api-test/tests/advanced/chained-tests.spec.ts:251:40

    attachment #1: trace (application/zip) â”€â”€â”€â”€â”€â”€â”€â”€â”€â”€â”€â”€â”€â”€â”€â”€â”€â”€â”€â”€â”€â”€â”€â”€â”€â”€â”€â”€â”€â”€â”€â”€â”€â”€â”€â”€â”€â”€â”€â”€â”€â”€â”€â”€â”€â”€â”€â”€â”€â”€â”€â”€â”€â”€â”€â”€â”€
    ../test-results/dev/advanced-chained-tests-ðŸ”—--93d26-nagement-regression-chained-dev-api-tests-retry1/trace.zip
    Usage:

        npx playwright show-trace ../test-results/dev/advanced-chained-tests-ðŸ”—--93d26-nagement-regression-chained-dev-api-tests-retry1/trace.zip

    â”€â”€â”€â”€â”€â”€â”€â”€â”€â”€â”€â”€â”€â”€â”€â”€â”€â”€â”€â”€â”€â”€â”€â”€â”€â”€â”€â”€â”€â”€â”€â”€â”€â”€â”€â”€â”€â”€â”€â”€â”€â”€â”€â”€â”€â”€â”€â”€â”€â”€â”€â”€â”€â”€â”€â”€â”€â”€â”€â”€â”€â”€â”€â”€â”€â”€â”€â”€â”€â”€â”€â”€â”€â”€â”€â”€â”€â”€â”€â”€â”€â”€â”€â”€â”€â”€â”€â”€â”€â”€â”€â”€â”€â”€â”€â”€

    Retry #2 â”€â”€â”€â”€â”€â”€â”€â”€â”€â”€â”€â”€â”€â”€â”€â”€â”€â”€â”€â”€â”€â”€â”€â”€â”€â”€â”€â”€â”€â”€â”€â”€â”€â”€â”€â”€â”€â”€â”€â”€â”€â”€â”€â”€â”€â”€â”€â”€â”€â”€â”€â”€â”€â”€â”€â”€â”€â”€â”€â”€â”€â”€â”€â”€â”€â”€â”€â”€â”€â”€â”€â”€â”€â”€â”€â”€â”€â”€â”€â”€â”€â”€â”€â”€â”€â”€â”€

    TypeError: Cannot read properties of undefined (reading 'fullName')

       at ../utils/test-actions.ts:80

      78 |     
      79 |     if (this.logConfig.enableFullLogs) {
    > 80 |       logToConsole(`ðŸ‘¤ Creating test user: ${testUser.fullName}`);
         |                                                       ^
      81 |     }
      82 |     
      83 |     const registrationResult = await this.apiHelper.registerUser(testUser);
        at TestActions.createTestUser (/Users/Anand/github/playwright-api-test/utils/test-actions.ts:80:55)
        at /Users/Anand/github/playwright-api-test/tests/advanced/chained-tests.spec.ts:251:40

    attachment #1: trace (application/zip) â”€â”€â”€â”€â”€â”€â”€â”€â”€â”€â”€â”€â”€â”€â”€â”€â”€â”€â”€â”€â”€â”€â”€â”€â”€â”€â”€â”€â”€â”€â”€â”€â”€â”€â”€â”€â”€â”€â”€â”€â”€â”€â”€â”€â”€â”€â”€â”€â”€â”€â”€â”€â”€â”€â”€â”€â”€
    ../test-results/dev/advanced-chained-tests-ðŸ”—--93d26-nagement-regression-chained-dev-api-tests-retry2/trace.zip
    Usage:

        npx playwright show-trace ../test-results/dev/advanced-chained-tests-ðŸ”—--93d26-nagement-regression-chained-dev-api-tests-retry2/trace.zip

    â”€â”€â”€â”€â”€â”€â”€â”€â”€â”€â”€â”€â”€â”€â”€â”€â”€â”€â”€â”€â”€â”€â”€â”€â”€â”€â”€â”€â”€â”€â”€â”€â”€â”€â”€â”€â”€â”€â”€â”€â”€â”€â”€â”€â”€â”€â”€â”€â”€â”€â”€â”€â”€â”€â”€â”€â”€â”€â”€â”€â”€â”€â”€â”€â”€â”€â”€â”€â”€â”€â”€â”€â”€â”€â”€â”€â”€â”€â”€â”€â”€â”€â”€â”€â”€â”€â”€â”€â”€â”€â”€â”€â”€â”€â”€â”€

    Retry #3 â”€â”€â”€â”€â”€â”€â”€â”€â”€â”€â”€â”€â”€â”€â”€â”€â”€â”€â”€â”€â”€â”€â”€â”€â”€â”€â”€â”€â”€â”€â”€â”€â”€â”€â”€â”€â”€â”€â”€â”€â”€â”€â”€â”€â”€â”€â”€â”€â”€â”€â”€â”€â”€â”€â”€â”€â”€â”€â”€â”€â”€â”€â”€â”€â”€â”€â”€â”€â”€â”€â”€â”€â”€â”€â”€â”€â”€â”€â”€â”€â”€â”€â”€â”€â”€â”€â”€

    TypeError: Cannot read properties of undefined (reading 'fullName')

       at ../utils/test-actions.ts:80

      78 |     
      79 |     if (this.logConfig.enableFullLogs) {
    > 80 |       logToConsole(`ðŸ‘¤ Creating test user: ${testUser.fullName}`);
         |                                                       ^
      81 |     }
      82 |     
      83 |     const registrationResult = await this.apiHelper.registerUser(testUser);
        at TestActions.createTestUser (/Users/Anand/github/playwright-api-test/utils/test-actions.ts:80:55)
        at /Users/Anand/github/playwright-api-test/tests/advanced/chained-tests.spec.ts:251:40

    attachment #1: trace (application/zip) â”€â”€â”€â”€â”€â”€â”€â”€â”€â”€â”€â”€â”€â”€â”€â”€â”€â”€â”€â”€â”€â”€â”€â”€â”€â”€â”€â”€â”€â”€â”€â”€â”€â”€â”€â”€â”€â”€â”€â”€â”€â”€â”€â”€â”€â”€â”€â”€â”€â”€â”€â”€â”€â”€â”€â”€â”€
    ../test-results/dev/advanced-chained-tests-ðŸ”—--93d26-nagement-regression-chained-dev-api-tests-retry3/trace.zip
    Usage:

        npx playwright show-trace ../test-results/dev/advanced-chained-tests-ðŸ”—--93d26-nagement-regression-chained-dev-api-tests-retry3/trace.zip

    â”€â”€â”€â”€â”€â”€â”€â”€â”€â”€â”€â”€â”€â”€â”€â”€â”€â”€â”€â”€â”€â”€â”€â”€â”€â”€â”€â”€â”€â”€â”€â”€â”€â”€â”€â”€â”€â”€â”€â”€â”€â”€â”€â”€â”€â”€â”€â”€â”€â”€â”€â”€â”€â”€â”€â”€â”€â”€â”€â”€â”€â”€â”€â”€â”€â”€â”€â”€â”€â”€â”€â”€â”€â”€â”€â”€â”€â”€â”€â”€â”€â”€â”€â”€â”€â”€â”€â”€â”€â”€â”€â”€â”€â”€â”€â”€
]]>
</failure>
<system-out>
<![CDATA[ðŸš€ Starting authenticated API operations chain

ðŸ“ TEST STEP: Create Test User
â° Step Started: 2025-08-12T23:28:41.209Z
â”€â”€â”€â”€â”€â”€â”€â”€â”€â”€â”€â”€â”€â”€â”€â”€â”€â”€â”€â”€â”€â”€â”€â”€â”€â”€â”€â”€â”€â”€â”€â”€â”€â”€â”€â”€â”€â”€â”€â”€â”€â”€â”€â”€â”€â”€â”€â”€â”€â”€â”€â”€â”€â”€â”€â”€â”€â”€â”€â”€


ðŸš€ Starting authenticated API operations chain

ðŸ“ TEST STEP: Create Test User
â° Step Started: 2025-08-12T23:28:41.589Z
â”€â”€â”€â”€â”€â”€â”€â”€â”€â”€â”€â”€â”€â”€â”€â”€â”€â”€â”€â”€â”€â”€â”€â”€â”€â”€â”€â”€â”€â”€â”€â”€â”€â”€â”€â”€â”€â”€â”€â”€â”€â”€â”€â”€â”€â”€â”€â”€â”€â”€â”€â”€â”€â”€â”€â”€â”€â”€â”€â”€


ðŸš€ Starting authenticated API operations chain

ðŸ“ TEST STEP: Create Test User
â° Step Started: 2025-08-12T23:28:41.960Z
â”€â”€â”€â”€â”€â”€â”€â”€â”€â”€â”€â”€â”€â”€â”€â”€â”€â”€â”€â”€â”€â”€â”€â”€â”€â”€â”€â”€â”€â”€â”€â”€â”€â”€â”€â”€â”€â”€â”€â”€â”€â”€â”€â”€â”€â”€â”€â”€â”€â”€â”€â”€â”€â”€â”€â”€â”€â”€â”€â”€


ðŸš€ Starting authenticated API operations chain

ðŸ“ TEST STEP: Create Test User
â° Step Started: 2025-08-12T23:28:42.320Z
â”€â”€â”€â”€â”€â”€â”€â”€â”€â”€â”€â”€â”€â”€â”€â”€â”€â”€â”€â”€â”€â”€â”€â”€â”€â”€â”€â”€â”€â”€â”€â”€â”€â”€â”€â”€â”€â”€â”€â”€â”€â”€â”€â”€â”€â”€â”€â”€â”€â”€â”€â”€â”€â”€â”€â”€â”€â”€â”€â”€


]]>
</system-out>
<system-err>
<![CDATA[
Warning: attachment ../test-results/dev/advanced-chained-tests-ðŸ”—--93d26-nagement-regression-chained-dev-api-tests/trace.zip is missing
Warning: attachment ../test-results/dev/advanced-chained-tests-ðŸ”—--93d26-nagement-regression-chained-dev-api-tests-retry1/trace.zip is missing
Warning: attachment ../test-results/dev/advanced-chained-tests-ðŸ”—--93d26-nagement-regression-chained-dev-api-tests-retry2/trace.zip is missing
Warning: attachment ../test-results/dev/advanced-chained-tests-ðŸ”—--93d26-nagement-regression-chained-dev-api-tests-retry3/trace.zip is missing]]>
</system-err>
</testcase>
<testcase name="ðŸ”— Chained Test Scenarios â€º should handle error recovery in chained operations @regression @chained" classname="advanced/chained-tests.spec.ts" time="0.07">
<failure message="chained-tests.spec.ts:415:7 should handle error recovery in chained operations @regression @chained" type="FAILURE">
<![CDATA[  [dev-api-tests] â€º advanced/chained-tests.spec.ts:415:7 â€º ðŸ”— Chained Test Scenarios â€º should handle error recovery in chained operations @regression @chained 

    TypeError: Cannot read properties of undefined (reading 'fullName')

       at ../utils/test-actions.ts:80

      78 |     
      79 |     if (this.logConfig.enableFullLogs) {
    > 80 |       logToConsole(`ðŸ‘¤ Creating test user: ${testUser.fullName}`);
         |                                                       ^
      81 |     }
      82 |     
      83 |     const registrationResult = await this.apiHelper.registerUser(testUser);
        at TestActions.createTestUser (/Users/Anand/github/playwright-api-test/utils/test-actions.ts:80:55)
        at /Users/Anand/github/playwright-api-test/tests/advanced/chained-tests.spec.ts:418:40

    attachment #1: trace (application/zip) â”€â”€â”€â”€â”€â”€â”€â”€â”€â”€â”€â”€â”€â”€â”€â”€â”€â”€â”€â”€â”€â”€â”€â”€â”€â”€â”€â”€â”€â”€â”€â”€â”€â”€â”€â”€â”€â”€â”€â”€â”€â”€â”€â”€â”€â”€â”€â”€â”€â”€â”€â”€â”€â”€â”€â”€â”€
    ../test-results/dev/advanced-chained-tests-ðŸ”—--161e6-erations-regression-chained-dev-api-tests/trace.zip
    Usage:

        npx playwright show-trace ../test-results/dev/advanced-chained-tests-ðŸ”—--161e6-erations-regression-chained-dev-api-tests/trace.zip

    â”€â”€â”€â”€â”€â”€â”€â”€â”€â”€â”€â”€â”€â”€â”€â”€â”€â”€â”€â”€â”€â”€â”€â”€â”€â”€â”€â”€â”€â”€â”€â”€â”€â”€â”€â”€â”€â”€â”€â”€â”€â”€â”€â”€â”€â”€â”€â”€â”€â”€â”€â”€â”€â”€â”€â”€â”€â”€â”€â”€â”€â”€â”€â”€â”€â”€â”€â”€â”€â”€â”€â”€â”€â”€â”€â”€â”€â”€â”€â”€â”€â”€â”€â”€â”€â”€â”€â”€â”€â”€â”€â”€â”€â”€â”€â”€

    Retry #1 â”€â”€â”€â”€â”€â”€â”€â”€â”€â”€â”€â”€â”€â”€â”€â”€â”€â”€â”€â”€â”€â”€â”€â”€â”€â”€â”€â”€â”€â”€â”€â”€â”€â”€â”€â”€â”€â”€â”€â”€â”€â”€â”€â”€â”€â”€â”€â”€â”€â”€â”€â”€â”€â”€â”€â”€â”€â”€â”€â”€â”€â”€â”€â”€â”€â”€â”€â”€â”€â”€â”€â”€â”€â”€â”€â”€â”€â”€â”€â”€â”€â”€â”€â”€â”€â”€â”€

    TypeError: Cannot read properties of undefined (reading 'fullName')

       at ../utils/test-actions.ts:80

      78 |     
      79 |     if (this.logConfig.enableFullLogs) {
    > 80 |       logToConsole(`ðŸ‘¤ Creating test user: ${testUser.fullName}`);
         |                                                       ^
      81 |     }
      82 |     
      83 |     const registrationResult = await this.apiHelper.registerUser(testUser);
        at TestActions.createTestUser (/Users/Anand/github/playwright-api-test/utils/test-actions.ts:80:55)
        at /Users/Anand/github/playwright-api-test/tests/advanced/chained-tests.spec.ts:418:40

    attachment #1: trace (application/zip) â”€â”€â”€â”€â”€â”€â”€â”€â”€â”€â”€â”€â”€â”€â”€â”€â”€â”€â”€â”€â”€â”€â”€â”€â”€â”€â”€â”€â”€â”€â”€â”€â”€â”€â”€â”€â”€â”€â”€â”€â”€â”€â”€â”€â”€â”€â”€â”€â”€â”€â”€â”€â”€â”€â”€â”€â”€
    ../test-results/dev/advanced-chained-tests-ðŸ”—--161e6-erations-regression-chained-dev-api-tests-retry1/trace.zip
    Usage:

        npx playwright show-trace ../test-results/dev/advanced-chained-tests-ðŸ”—--161e6-erations-regression-chained-dev-api-tests-retry1/trace.zip

    â”€â”€â”€â”€â”€â”€â”€â”€â”€â”€â”€â”€â”€â”€â”€â”€â”€â”€â”€â”€â”€â”€â”€â”€â”€â”€â”€â”€â”€â”€â”€â”€â”€â”€â”€â”€â”€â”€â”€â”€â”€â”€â”€â”€â”€â”€â”€â”€â”€â”€â”€â”€â”€â”€â”€â”€â”€â”€â”€â”€â”€â”€â”€â”€â”€â”€â”€â”€â”€â”€â”€â”€â”€â”€â”€â”€â”€â”€â”€â”€â”€â”€â”€â”€â”€â”€â”€â”€â”€â”€â”€â”€â”€â”€â”€â”€

    Retry #2 â”€â”€â”€â”€â”€â”€â”€â”€â”€â”€â”€â”€â”€â”€â”€â”€â”€â”€â”€â”€â”€â”€â”€â”€â”€â”€â”€â”€â”€â”€â”€â”€â”€â”€â”€â”€â”€â”€â”€â”€â”€â”€â”€â”€â”€â”€â”€â”€â”€â”€â”€â”€â”€â”€â”€â”€â”€â”€â”€â”€â”€â”€â”€â”€â”€â”€â”€â”€â”€â”€â”€â”€â”€â”€â”€â”€â”€â”€â”€â”€â”€â”€â”€â”€â”€â”€â”€

    TypeError: Cannot read properties of undefined (reading 'fullName')

       at ../utils/test-actions.ts:80

      78 |     
      79 |     if (this.logConfig.enableFullLogs) {
    > 80 |       logToConsole(`ðŸ‘¤ Creating test user: ${testUser.fullName}`);
         |                                                       ^
      81 |     }
      82 |     
      83 |     const registrationResult = await this.apiHelper.registerUser(testUser);
        at TestActions.createTestUser (/Users/Anand/github/playwright-api-test/utils/test-actions.ts:80:55)
        at /Users/Anand/github/playwright-api-test/tests/advanced/chained-tests.spec.ts:418:40

    attachment #1: trace (application/zip) â”€â”€â”€â”€â”€â”€â”€â”€â”€â”€â”€â”€â”€â”€â”€â”€â”€â”€â”€â”€â”€â”€â”€â”€â”€â”€â”€â”€â”€â”€â”€â”€â”€â”€â”€â”€â”€â”€â”€â”€â”€â”€â”€â”€â”€â”€â”€â”€â”€â”€â”€â”€â”€â”€â”€â”€â”€
    ../test-results/dev/advanced-chained-tests-ðŸ”—--161e6-erations-regression-chained-dev-api-tests-retry2/trace.zip
    Usage:

        npx playwright show-trace ../test-results/dev/advanced-chained-tests-ðŸ”—--161e6-erations-regression-chained-dev-api-tests-retry2/trace.zip

    â”€â”€â”€â”€â”€â”€â”€â”€â”€â”€â”€â”€â”€â”€â”€â”€â”€â”€â”€â”€â”€â”€â”€â”€â”€â”€â”€â”€â”€â”€â”€â”€â”€â”€â”€â”€â”€â”€â”€â”€â”€â”€â”€â”€â”€â”€â”€â”€â”€â”€â”€â”€â”€â”€â”€â”€â”€â”€â”€â”€â”€â”€â”€â”€â”€â”€â”€â”€â”€â”€â”€â”€â”€â”€â”€â”€â”€â”€â”€â”€â”€â”€â”€â”€â”€â”€â”€â”€â”€â”€â”€â”€â”€â”€â”€â”€

    Retry #3 â”€â”€â”€â”€â”€â”€â”€â”€â”€â”€â”€â”€â”€â”€â”€â”€â”€â”€â”€â”€â”€â”€â”€â”€â”€â”€â”€â”€â”€â”€â”€â”€â”€â”€â”€â”€â”€â”€â”€â”€â”€â”€â”€â”€â”€â”€â”€â”€â”€â”€â”€â”€â”€â”€â”€â”€â”€â”€â”€â”€â”€â”€â”€â”€â”€â”€â”€â”€â”€â”€â”€â”€â”€â”€â”€â”€â”€â”€â”€â”€â”€â”€â”€â”€â”€â”€â”€

    TypeError: Cannot read properties of undefined (reading 'fullName')

       at ../utils/test-actions.ts:80

      78 |     
      79 |     if (this.logConfig.enableFullLogs) {
    > 80 |       logToConsole(`ðŸ‘¤ Creating test user: ${testUser.fullName}`);
         |                                                       ^
      81 |     }
      82 |     
      83 |     const registrationResult = await this.apiHelper.registerUser(testUser);
        at TestActions.createTestUser (/Users/Anand/github/playwright-api-test/utils/test-actions.ts:80:55)
        at /Users/Anand/github/playwright-api-test/tests/advanced/chained-tests.spec.ts:418:40

    attachment #1: trace (application/zip) â”€â”€â”€â”€â”€â”€â”€â”€â”€â”€â”€â”€â”€â”€â”€â”€â”€â”€â”€â”€â”€â”€â”€â”€â”€â”€â”€â”€â”€â”€â”€â”€â”€â”€â”€â”€â”€â”€â”€â”€â”€â”€â”€â”€â”€â”€â”€â”€â”€â”€â”€â”€â”€â”€â”€â”€â”€
    ../test-results/dev/advanced-chained-tests-ðŸ”—--161e6-erations-regression-chained-dev-api-tests-retry3/trace.zip
    Usage:

        npx playwright show-trace ../test-results/dev/advanced-chained-tests-ðŸ”—--161e6-erations-regression-chained-dev-api-tests-retry3/trace.zip

    â”€â”€â”€â”€â”€â”€â”€â”€â”€â”€â”€â”€â”€â”€â”€â”€â”€â”€â”€â”€â”€â”€â”€â”€â”€â”€â”€â”€â”€â”€â”€â”€â”€â”€â”€â”€â”€â”€â”€â”€â”€â”€â”€â”€â”€â”€â”€â”€â”€â”€â”€â”€â”€â”€â”€â”€â”€â”€â”€â”€â”€â”€â”€â”€â”€â”€â”€â”€â”€â”€â”€â”€â”€â”€â”€â”€â”€â”€â”€â”€â”€â”€â”€â”€â”€â”€â”€â”€â”€â”€â”€â”€â”€â”€â”€â”€
]]>
</failure>
<system-out>
<![CDATA[ðŸš€ Starting error recovery chain test

ðŸ“ TEST STEP: Create Test User
â° Step Started: 2025-08-12T23:28:41.217Z
â”€â”€â”€â”€â”€â”€â”€â”€â”€â”€â”€â”€â”€â”€â”€â”€â”€â”€â”€â”€â”€â”€â”€â”€â”€â”€â”€â”€â”€â”€â”€â”€â”€â”€â”€â”€â”€â”€â”€â”€â”€â”€â”€â”€â”€â”€â”€â”€â”€â”€â”€â”€â”€â”€â”€â”€â”€â”€â”€â”€


ðŸš€ Starting error recovery chain test

ðŸ“ TEST STEP: Create Test User
â° Step Started: 2025-08-12T23:28:41.589Z
â”€â”€â”€â”€â”€â”€â”€â”€â”€â”€â”€â”€â”€â”€â”€â”€â”€â”€â”€â”€â”€â”€â”€â”€â”€â”€â”€â”€â”€â”€â”€â”€â”€â”€â”€â”€â”€â”€â”€â”€â”€â”€â”€â”€â”€â”€â”€â”€â”€â”€â”€â”€â”€â”€â”€â”€â”€â”€â”€â”€


ðŸš€ Starting error recovery chain test

ðŸ“ TEST STEP: Create Test User
â° Step Started: 2025-08-12T23:28:41.957Z
â”€â”€â”€â”€â”€â”€â”€â”€â”€â”€â”€â”€â”€â”€â”€â”€â”€â”€â”€â”€â”€â”€â”€â”€â”€â”€â”€â”€â”€â”€â”€â”€â”€â”€â”€â”€â”€â”€â”€â”€â”€â”€â”€â”€â”€â”€â”€â”€â”€â”€â”€â”€â”€â”€â”€â”€â”€â”€â”€â”€


ðŸš€ Starting error recovery chain test

ðŸ“ TEST STEP: Create Test User
â° Step Started: 2025-08-12T23:28:42.332Z
â”€â”€â”€â”€â”€â”€â”€â”€â”€â”€â”€â”€â”€â”€â”€â”€â”€â”€â”€â”€â”€â”€â”€â”€â”€â”€â”€â”€â”€â”€â”€â”€â”€â”€â”€â”€â”€â”€â”€â”€â”€â”€â”€â”€â”€â”€â”€â”€â”€â”€â”€â”€â”€â”€â”€â”€â”€â”€â”€â”€


]]>
</system-out>
<system-err>
<![CDATA[
Warning: attachment ../test-results/dev/advanced-chained-tests-ðŸ”—--161e6-erations-regression-chained-dev-api-tests/trace.zip is missing
Warning: attachment ../test-results/dev/advanced-chained-tests-ðŸ”—--161e6-erations-regression-chained-dev-api-tests-retry1/trace.zip is missing
Warning: attachment ../test-results/dev/advanced-chained-tests-ðŸ”—--161e6-erations-regression-chained-dev-api-tests-retry2/trace.zip is missing
Warning: attachment ../test-results/dev/advanced-chained-tests-ðŸ”—--161e6-erations-regression-chained-dev-api-tests-retry3/trace.zip is missing]]>
</system-err>
</testcase>
</testsuite>
<testsuite name="advanced/data-driven-clean.spec.ts" timestamp="2025-08-12T23:28:40.859Z" hostname="dev-api-tests" tests="4" failures="4" skipped="0" time="1.596" errors="0">
<testcase name="Data-Driven User Profile Tests â€º should create and validate multiple user profiles with different data sets @regression" classname="advanced/data-driven-clean.spec.ts" time="0.037">
<failure message="data-driven-clean.spec.ts:40:7 should create and validate multiple user profiles with different data sets @regression" type="FAILURE">
<![CDATA[  [dev-api-tests] â€º advanced/data-driven-clean.spec.ts:40:7 â€º Data-Driven User Profile Tests â€º should create and validate multiple user profiles with different data sets @regression 

    TypeError: Cannot read properties of undefined (reading 'fullName')

       at ../utils/test-actions.ts:80

      78 |     
      79 |     if (this.logConfig.enableFullLogs) {
    > 80 |       logToConsole(`ðŸ‘¤ Creating test user: ${testUser.fullName}`);
         |                                                       ^
      81 |     }
      82 |     
      83 |     const registrationResult = await this.apiHelper.registerUser(testUser);
        at TestActions.createTestUser (/Users/Anand/github/playwright-api-test/utils/test-actions.ts:80:55)
        at /Users/Anand/github/playwright-api-test/tests/advanced/data-driven-clean.spec.ts:57:45

    attachment #1: trace (application/zip) â”€â”€â”€â”€â”€â”€â”€â”€â”€â”€â”€â”€â”€â”€â”€â”€â”€â”€â”€â”€â”€â”€â”€â”€â”€â”€â”€â”€â”€â”€â”€â”€â”€â”€â”€â”€â”€â”€â”€â”€â”€â”€â”€â”€â”€â”€â”€â”€â”€â”€â”€â”€â”€â”€â”€â”€â”€
    ../test-results/dev/advanced-data-driven-clean-28906-ferent-data-sets-regression-dev-api-tests/trace.zip
    Usage:

        npx playwright show-trace ../test-results/dev/advanced-data-driven-clean-28906-ferent-data-sets-regression-dev-api-tests/trace.zip

    â”€â”€â”€â”€â”€â”€â”€â”€â”€â”€â”€â”€â”€â”€â”€â”€â”€â”€â”€â”€â”€â”€â”€â”€â”€â”€â”€â”€â”€â”€â”€â”€â”€â”€â”€â”€â”€â”€â”€â”€â”€â”€â”€â”€â”€â”€â”€â”€â”€â”€â”€â”€â”€â”€â”€â”€â”€â”€â”€â”€â”€â”€â”€â”€â”€â”€â”€â”€â”€â”€â”€â”€â”€â”€â”€â”€â”€â”€â”€â”€â”€â”€â”€â”€â”€â”€â”€â”€â”€â”€â”€â”€â”€â”€â”€â”€

    Retry #1 â”€â”€â”€â”€â”€â”€â”€â”€â”€â”€â”€â”€â”€â”€â”€â”€â”€â”€â”€â”€â”€â”€â”€â”€â”€â”€â”€â”€â”€â”€â”€â”€â”€â”€â”€â”€â”€â”€â”€â”€â”€â”€â”€â”€â”€â”€â”€â”€â”€â”€â”€â”€â”€â”€â”€â”€â”€â”€â”€â”€â”€â”€â”€â”€â”€â”€â”€â”€â”€â”€â”€â”€â”€â”€â”€â”€â”€â”€â”€â”€â”€â”€â”€â”€â”€â”€â”€

    TypeError: Cannot read properties of undefined (reading 'fullName')

       at ../utils/test-actions.ts:80

      78 |     
      79 |     if (this.logConfig.enableFullLogs) {
    > 80 |       logToConsole(`ðŸ‘¤ Creating test user: ${testUser.fullName}`);
         |                                                       ^
      81 |     }
      82 |     
      83 |     const registrationResult = await this.apiHelper.registerUser(testUser);
        at TestActions.createTestUser (/Users/Anand/github/playwright-api-test/utils/test-actions.ts:80:55)
        at /Users/Anand/github/playwright-api-test/tests/advanced/data-driven-clean.spec.ts:57:45

    attachment #1: trace (application/zip) â”€â”€â”€â”€â”€â”€â”€â”€â”€â”€â”€â”€â”€â”€â”€â”€â”€â”€â”€â”€â”€â”€â”€â”€â”€â”€â”€â”€â”€â”€â”€â”€â”€â”€â”€â”€â”€â”€â”€â”€â”€â”€â”€â”€â”€â”€â”€â”€â”€â”€â”€â”€â”€â”€â”€â”€â”€
    ../test-results/dev/advanced-data-driven-clean-28906-ferent-data-sets-regression-dev-api-tests-retry1/trace.zip
    Usage:

        npx playwright show-trace ../test-results/dev/advanced-data-driven-clean-28906-ferent-data-sets-regression-dev-api-tests-retry1/trace.zip

    â”€â”€â”€â”€â”€â”€â”€â”€â”€â”€â”€â”€â”€â”€â”€â”€â”€â”€â”€â”€â”€â”€â”€â”€â”€â”€â”€â”€â”€â”€â”€â”€â”€â”€â”€â”€â”€â”€â”€â”€â”€â”€â”€â”€â”€â”€â”€â”€â”€â”€â”€â”€â”€â”€â”€â”€â”€â”€â”€â”€â”€â”€â”€â”€â”€â”€â”€â”€â”€â”€â”€â”€â”€â”€â”€â”€â”€â”€â”€â”€â”€â”€â”€â”€â”€â”€â”€â”€â”€â”€â”€â”€â”€â”€â”€â”€

    Retry #2 â”€â”€â”€â”€â”€â”€â”€â”€â”€â”€â”€â”€â”€â”€â”€â”€â”€â”€â”€â”€â”€â”€â”€â”€â”€â”€â”€â”€â”€â”€â”€â”€â”€â”€â”€â”€â”€â”€â”€â”€â”€â”€â”€â”€â”€â”€â”€â”€â”€â”€â”€â”€â”€â”€â”€â”€â”€â”€â”€â”€â”€â”€â”€â”€â”€â”€â”€â”€â”€â”€â”€â”€â”€â”€â”€â”€â”€â”€â”€â”€â”€â”€â”€â”€â”€â”€â”€

    TypeError: Cannot read properties of undefined (reading 'fullName')

       at ../utils/test-actions.ts:80

      78 |     
      79 |     if (this.logConfig.enableFullLogs) {
    > 80 |       logToConsole(`ðŸ‘¤ Creating test user: ${testUser.fullName}`);
         |                                                       ^
      81 |     }
      82 |     
      83 |     const registrationResult = await this.apiHelper.registerUser(testUser);
        at TestActions.createTestUser (/Users/Anand/github/playwright-api-test/utils/test-actions.ts:80:55)
        at /Users/Anand/github/playwright-api-test/tests/advanced/data-driven-clean.spec.ts:57:45

    attachment #1: trace (application/zip) â”€â”€â”€â”€â”€â”€â”€â”€â”€â”€â”€â”€â”€â”€â”€â”€â”€â”€â”€â”€â”€â”€â”€â”€â”€â”€â”€â”€â”€â”€â”€â”€â”€â”€â”€â”€â”€â”€â”€â”€â”€â”€â”€â”€â”€â”€â”€â”€â”€â”€â”€â”€â”€â”€â”€â”€â”€
    ../test-results/dev/advanced-data-driven-clean-28906-ferent-data-sets-regression-dev-api-tests-retry2/trace.zip
    Usage:

        npx playwright show-trace ../test-results/dev/advanced-data-driven-clean-28906-ferent-data-sets-regression-dev-api-tests-retry2/trace.zip

    â”€â”€â”€â”€â”€â”€â”€â”€â”€â”€â”€â”€â”€â”€â”€â”€â”€â”€â”€â”€â”€â”€â”€â”€â”€â”€â”€â”€â”€â”€â”€â”€â”€â”€â”€â”€â”€â”€â”€â”€â”€â”€â”€â”€â”€â”€â”€â”€â”€â”€â”€â”€â”€â”€â”€â”€â”€â”€â”€â”€â”€â”€â”€â”€â”€â”€â”€â”€â”€â”€â”€â”€â”€â”€â”€â”€â”€â”€â”€â”€â”€â”€â”€â”€â”€â”€â”€â”€â”€â”€â”€â”€â”€â”€â”€â”€

    Retry #3 â”€â”€â”€â”€â”€â”€â”€â”€â”€â”€â”€â”€â”€â”€â”€â”€â”€â”€â”€â”€â”€â”€â”€â”€â”€â”€â”€â”€â”€â”€â”€â”€â”€â”€â”€â”€â”€â”€â”€â”€â”€â”€â”€â”€â”€â”€â”€â”€â”€â”€â”€â”€â”€â”€â”€â”€â”€â”€â”€â”€â”€â”€â”€â”€â”€â”€â”€â”€â”€â”€â”€â”€â”€â”€â”€â”€â”€â”€â”€â”€â”€â”€â”€â”€â”€â”€â”€

    TypeError: Cannot read properties of undefined (reading 'fullName')

       at ../utils/test-actions.ts:80

      78 |     
      79 |     if (this.logConfig.enableFullLogs) {
    > 80 |       logToConsole(`ðŸ‘¤ Creating test user: ${testUser.fullName}`);
         |                                                       ^
      81 |     }
      82 |     
      83 |     const registrationResult = await this.apiHelper.registerUser(testUser);
        at TestActions.createTestUser (/Users/Anand/github/playwright-api-test/utils/test-actions.ts:80:55)
        at /Users/Anand/github/playwright-api-test/tests/advanced/data-driven-clean.spec.ts:57:45

    attachment #1: trace (application/zip) â”€â”€â”€â”€â”€â”€â”€â”€â”€â”€â”€â”€â”€â”€â”€â”€â”€â”€â”€â”€â”€â”€â”€â”€â”€â”€â”€â”€â”€â”€â”€â”€â”€â”€â”€â”€â”€â”€â”€â”€â”€â”€â”€â”€â”€â”€â”€â”€â”€â”€â”€â”€â”€â”€â”€â”€â”€
    ../test-results/dev/advanced-data-driven-clean-28906-ferent-data-sets-regression-dev-api-tests-retry3/trace.zip
    Usage:

        npx playwright show-trace ../test-results/dev/advanced-data-driven-clean-28906-ferent-data-sets-regression-dev-api-tests-retry3/trace.zip

    â”€â”€â”€â”€â”€â”€â”€â”€â”€â”€â”€â”€â”€â”€â”€â”€â”€â”€â”€â”€â”€â”€â”€â”€â”€â”€â”€â”€â”€â”€â”€â”€â”€â”€â”€â”€â”€â”€â”€â”€â”€â”€â”€â”€â”€â”€â”€â”€â”€â”€â”€â”€â”€â”€â”€â”€â”€â”€â”€â”€â”€â”€â”€â”€â”€â”€â”€â”€â”€â”€â”€â”€â”€â”€â”€â”€â”€â”€â”€â”€â”€â”€â”€â”€â”€â”€â”€â”€â”€â”€â”€â”€â”€â”€â”€â”€
]]>
</failure>
<system-out>
<![CDATA[
ðŸ“ TEST STEP: Create Test User
â° Step Started: 2025-08-12T23:28:42.690Z
â”€â”€â”€â”€â”€â”€â”€â”€â”€â”€â”€â”€â”€â”€â”€â”€â”€â”€â”€â”€â”€â”€â”€â”€â”€â”€â”€â”€â”€â”€â”€â”€â”€â”€â”€â”€â”€â”€â”€â”€â”€â”€â”€â”€â”€â”€â”€â”€â”€â”€â”€â”€â”€â”€â”€â”€â”€â”€â”€â”€



ðŸ“ TEST STEP: Create Test User
â° Step Started: 2025-08-12T23:28:43.023Z
â”€â”€â”€â”€â”€â”€â”€â”€â”€â”€â”€â”€â”€â”€â”€â”€â”€â”€â”€â”€â”€â”€â”€â”€â”€â”€â”€â”€â”€â”€â”€â”€â”€â”€â”€â”€â”€â”€â”€â”€â”€â”€â”€â”€â”€â”€â”€â”€â”€â”€â”€â”€â”€â”€â”€â”€â”€â”€â”€â”€



ðŸ“ TEST STEP: Create Test User
â° Step Started: 2025-08-12T23:28:43.387Z
â”€â”€â”€â”€â”€â”€â”€â”€â”€â”€â”€â”€â”€â”€â”€â”€â”€â”€â”€â”€â”€â”€â”€â”€â”€â”€â”€â”€â”€â”€â”€â”€â”€â”€â”€â”€â”€â”€â”€â”€â”€â”€â”€â”€â”€â”€â”€â”€â”€â”€â”€â”€â”€â”€â”€â”€â”€â”€â”€â”€



ðŸ“ TEST STEP: Create Test User
â° Step Started: 2025-08-12T23:28:43.716Z
â”€â”€â”€â”€â”€â”€â”€â”€â”€â”€â”€â”€â”€â”€â”€â”€â”€â”€â”€â”€â”€â”€â”€â”€â”€â”€â”€â”€â”€â”€â”€â”€â”€â”€â”€â”€â”€â”€â”€â”€â”€â”€â”€â”€â”€â”€â”€â”€â”€â”€â”€â”€â”€â”€â”€â”€â”€â”€â”€â”€


]]>
</system-out>
<system-err>
<![CDATA[
Warning: attachment ../test-results/dev/advanced-data-driven-clean-28906-ferent-data-sets-regression-dev-api-tests/trace.zip is missing
Warning: attachment ../test-results/dev/advanced-data-driven-clean-28906-ferent-data-sets-regression-dev-api-tests-retry1/trace.zip is missing
Warning: attachment ../test-results/dev/advanced-data-driven-clean-28906-ferent-data-sets-regression-dev-api-tests-retry2/trace.zip is missing
Warning: attachment ../test-results/dev/advanced-data-driven-clean-28906-ferent-data-sets-regression-dev-api-tests-retry3/trace.zip is missing]]>
</system-err>
</testcase>
<testcase name="Data-Driven User Profile Tests â€º should authenticate multiple users with different credential sets @regression" classname="advanced/data-driven-clean.spec.ts" time="0.037">
<failure message="data-driven-clean.spec.ts:82:7 should authenticate multiple users with different credential sets @regression" type="FAILURE">
<![CDATA[  [dev-api-tests] â€º advanced/data-driven-clean.spec.ts:82:7 â€º Data-Driven User Profile Tests â€º should authenticate multiple users with different credential sets @regression 

    TypeError: Cannot read properties of undefined (reading 'fullName')

       at ../utils/test-actions.ts:80

      78 |     
      79 |     if (this.logConfig.enableFullLogs) {
    > 80 |       logToConsole(`ðŸ‘¤ Creating test user: ${testUser.fullName}`);
         |                                                       ^
      81 |     }
      82 |     
      83 |     const registrationResult = await this.apiHelper.registerUser(testUser);
        at TestActions.createTestUser (/Users/Anand/github/playwright-api-test/utils/test-actions.ts:80:55)
        at /Users/Anand/github/playwright-api-test/tests/advanced/data-driven-clean.spec.ts:99:45

    attachment #1: trace (application/zip) â”€â”€â”€â”€â”€â”€â”€â”€â”€â”€â”€â”€â”€â”€â”€â”€â”€â”€â”€â”€â”€â”€â”€â”€â”€â”€â”€â”€â”€â”€â”€â”€â”€â”€â”€â”€â”€â”€â”€â”€â”€â”€â”€â”€â”€â”€â”€â”€â”€â”€â”€â”€â”€â”€â”€â”€â”€
    ../test-results/dev/advanced-data-driven-clean-2a444--credential-sets-regression-dev-api-tests/trace.zip
    Usage:

        npx playwright show-trace ../test-results/dev/advanced-data-driven-clean-2a444--credential-sets-regression-dev-api-tests/trace.zip

    â”€â”€â”€â”€â”€â”€â”€â”€â”€â”€â”€â”€â”€â”€â”€â”€â”€â”€â”€â”€â”€â”€â”€â”€â”€â”€â”€â”€â”€â”€â”€â”€â”€â”€â”€â”€â”€â”€â”€â”€â”€â”€â”€â”€â”€â”€â”€â”€â”€â”€â”€â”€â”€â”€â”€â”€â”€â”€â”€â”€â”€â”€â”€â”€â”€â”€â”€â”€â”€â”€â”€â”€â”€â”€â”€â”€â”€â”€â”€â”€â”€â”€â”€â”€â”€â”€â”€â”€â”€â”€â”€â”€â”€â”€â”€â”€

    Retry #1 â”€â”€â”€â”€â”€â”€â”€â”€â”€â”€â”€â”€â”€â”€â”€â”€â”€â”€â”€â”€â”€â”€â”€â”€â”€â”€â”€â”€â”€â”€â”€â”€â”€â”€â”€â”€â”€â”€â”€â”€â”€â”€â”€â”€â”€â”€â”€â”€â”€â”€â”€â”€â”€â”€â”€â”€â”€â”€â”€â”€â”€â”€â”€â”€â”€â”€â”€â”€â”€â”€â”€â”€â”€â”€â”€â”€â”€â”€â”€â”€â”€â”€â”€â”€â”€â”€â”€

    TypeError: Cannot read properties of undefined (reading 'fullName')

       at ../utils/test-actions.ts:80

      78 |     
      79 |     if (this.logConfig.enableFullLogs) {
    > 80 |       logToConsole(`ðŸ‘¤ Creating test user: ${testUser.fullName}`);
         |                                                       ^
      81 |     }
      82 |     
      83 |     const registrationResult = await this.apiHelper.registerUser(testUser);
        at TestActions.createTestUser (/Users/Anand/github/playwright-api-test/utils/test-actions.ts:80:55)
        at /Users/Anand/github/playwright-api-test/tests/advanced/data-driven-clean.spec.ts:99:45

    attachment #1: trace (application/zip) â”€â”€â”€â”€â”€â”€â”€â”€â”€â”€â”€â”€â”€â”€â”€â”€â”€â”€â”€â”€â”€â”€â”€â”€â”€â”€â”€â”€â”€â”€â”€â”€â”€â”€â”€â”€â”€â”€â”€â”€â”€â”€â”€â”€â”€â”€â”€â”€â”€â”€â”€â”€â”€â”€â”€â”€â”€
    ../test-results/dev/advanced-data-driven-clean-2a444--credential-sets-regression-dev-api-tests-retry1/trace.zip
    Usage:

        npx playwright show-trace ../test-results/dev/advanced-data-driven-clean-2a444--credential-sets-regression-dev-api-tests-retry1/trace.zip

    â”€â”€â”€â”€â”€â”€â”€â”€â”€â”€â”€â”€â”€â”€â”€â”€â”€â”€â”€â”€â”€â”€â”€â”€â”€â”€â”€â”€â”€â”€â”€â”€â”€â”€â”€â”€â”€â”€â”€â”€â”€â”€â”€â”€â”€â”€â”€â”€â”€â”€â”€â”€â”€â”€â”€â”€â”€â”€â”€â”€â”€â”€â”€â”€â”€â”€â”€â”€â”€â”€â”€â”€â”€â”€â”€â”€â”€â”€â”€â”€â”€â”€â”€â”€â”€â”€â”€â”€â”€â”€â”€â”€â”€â”€â”€â”€

    Retry #2 â”€â”€â”€â”€â”€â”€â”€â”€â”€â”€â”€â”€â”€â”€â”€â”€â”€â”€â”€â”€â”€â”€â”€â”€â”€â”€â”€â”€â”€â”€â”€â”€â”€â”€â”€â”€â”€â”€â”€â”€â”€â”€â”€â”€â”€â”€â”€â”€â”€â”€â”€â”€â”€â”€â”€â”€â”€â”€â”€â”€â”€â”€â”€â”€â”€â”€â”€â”€â”€â”€â”€â”€â”€â”€â”€â”€â”€â”€â”€â”€â”€â”€â”€â”€â”€â”€â”€

    TypeError: Cannot read properties of undefined (reading 'fullName')

       at ../utils/test-actions.ts:80

      78 |     
      79 |     if (this.logConfig.enableFullLogs) {
    > 80 |       logToConsole(`ðŸ‘¤ Creating test user: ${testUser.fullName}`);
         |                                                       ^
      81 |     }
      82 |     
      83 |     const registrationResult = await this.apiHelper.registerUser(testUser);
        at TestActions.createTestUser (/Users/Anand/github/playwright-api-test/utils/test-actions.ts:80:55)
        at /Users/Anand/github/playwright-api-test/tests/advanced/data-driven-clean.spec.ts:99:45

    attachment #1: trace (application/zip) â”€â”€â”€â”€â”€â”€â”€â”€â”€â”€â”€â”€â”€â”€â”€â”€â”€â”€â”€â”€â”€â”€â”€â”€â”€â”€â”€â”€â”€â”€â”€â”€â”€â”€â”€â”€â”€â”€â”€â”€â”€â”€â”€â”€â”€â”€â”€â”€â”€â”€â”€â”€â”€â”€â”€â”€â”€
    ../test-results/dev/advanced-data-driven-clean-2a444--credential-sets-regression-dev-api-tests-retry2/trace.zip
    Usage:

        npx playwright show-trace ../test-results/dev/advanced-data-driven-clean-2a444--credential-sets-regression-dev-api-tests-retry2/trace.zip

    â”€â”€â”€â”€â”€â”€â”€â”€â”€â”€â”€â”€â”€â”€â”€â”€â”€â”€â”€â”€â”€â”€â”€â”€â”€â”€â”€â”€â”€â”€â”€â”€â”€â”€â”€â”€â”€â”€â”€â”€â”€â”€â”€â”€â”€â”€â”€â”€â”€â”€â”€â”€â”€â”€â”€â”€â”€â”€â”€â”€â”€â”€â”€â”€â”€â”€â”€â”€â”€â”€â”€â”€â”€â”€â”€â”€â”€â”€â”€â”€â”€â”€â”€â”€â”€â”€â”€â”€â”€â”€â”€â”€â”€â”€â”€â”€

    Retry #3 â”€â”€â”€â”€â”€â”€â”€â”€â”€â”€â”€â”€â”€â”€â”€â”€â”€â”€â”€â”€â”€â”€â”€â”€â”€â”€â”€â”€â”€â”€â”€â”€â”€â”€â”€â”€â”€â”€â”€â”€â”€â”€â”€â”€â”€â”€â”€â”€â”€â”€â”€â”€â”€â”€â”€â”€â”€â”€â”€â”€â”€â”€â”€â”€â”€â”€â”€â”€â”€â”€â”€â”€â”€â”€â”€â”€â”€â”€â”€â”€â”€â”€â”€â”€â”€â”€â”€

    TypeError: Cannot read properties of undefined (reading 'fullName')

       at ../utils/test-actions.ts:80

      78 |     
      79 |     if (this.logConfig.enableFullLogs) {
    > 80 |       logToConsole(`ðŸ‘¤ Creating test user: ${testUser.fullName}`);
         |                                                       ^
      81 |     }
      82 |     
      83 |     const registrationResult = await this.apiHelper.registerUser(testUser);
        at TestActions.createTestUser (/Users/Anand/github/playwright-api-test/utils/test-actions.ts:80:55)
        at /Users/Anand/github/playwright-api-test/tests/advanced/data-driven-clean.spec.ts:99:45

    attachment #1: trace (application/zip) â”€â”€â”€â”€â”€â”€â”€â”€â”€â”€â”€â”€â”€â”€â”€â”€â”€â”€â”€â”€â”€â”€â”€â”€â”€â”€â”€â”€â”€â”€â”€â”€â”€â”€â”€â”€â”€â”€â”€â”€â”€â”€â”€â”€â”€â”€â”€â”€â”€â”€â”€â”€â”€â”€â”€â”€â”€
    ../test-results/dev/advanced-data-driven-clean-2a444--credential-sets-regression-dev-api-tests-retry3/trace.zip
    Usage:

        npx playwright show-trace ../test-results/dev/advanced-data-driven-clean-2a444--credential-sets-regression-dev-api-tests-retry3/trace.zip

    â”€â”€â”€â”€â”€â”€â”€â”€â”€â”€â”€â”€â”€â”€â”€â”€â”€â”€â”€â”€â”€â”€â”€â”€â”€â”€â”€â”€â”€â”€â”€â”€â”€â”€â”€â”€â”€â”€â”€â”€â”€â”€â”€â”€â”€â”€â”€â”€â”€â”€â”€â”€â”€â”€â”€â”€â”€â”€â”€â”€â”€â”€â”€â”€â”€â”€â”€â”€â”€â”€â”€â”€â”€â”€â”€â”€â”€â”€â”€â”€â”€â”€â”€â”€â”€â”€â”€â”€â”€â”€â”€â”€â”€â”€â”€â”€
]]>
</failure>
<system-out>
<![CDATA[
ðŸ“ TEST STEP: Create Test User
â° Step Started: 2025-08-12T23:28:42.690Z
â”€â”€â”€â”€â”€â”€â”€â”€â”€â”€â”€â”€â”€â”€â”€â”€â”€â”€â”€â”€â”€â”€â”€â”€â”€â”€â”€â”€â”€â”€â”€â”€â”€â”€â”€â”€â”€â”€â”€â”€â”€â”€â”€â”€â”€â”€â”€â”€â”€â”€â”€â”€â”€â”€â”€â”€â”€â”€â”€â”€



ðŸ“ TEST STEP: Create Test User
â° Step Started: 2025-08-12T23:28:43.031Z
â”€â”€â”€â”€â”€â”€â”€â”€â”€â”€â”€â”€â”€â”€â”€â”€â”€â”€â”€â”€â”€â”€â”€â”€â”€â”€â”€â”€â”€â”€â”€â”€â”€â”€â”€â”€â”€â”€â”€â”€â”€â”€â”€â”€â”€â”€â”€â”€â”€â”€â”€â”€â”€â”€â”€â”€â”€â”€â”€â”€



ðŸ“ TEST STEP: Create Test User
â° Step Started: 2025-08-12T23:28:43.395Z
â”€â”€â”€â”€â”€â”€â”€â”€â”€â”€â”€â”€â”€â”€â”€â”€â”€â”€â”€â”€â”€â”€â”€â”€â”€â”€â”€â”€â”€â”€â”€â”€â”€â”€â”€â”€â”€â”€â”€â”€â”€â”€â”€â”€â”€â”€â”€â”€â”€â”€â”€â”€â”€â”€â”€â”€â”€â”€â”€â”€



ðŸ“ TEST STEP: Create Test User
â° Step Started: 2025-08-12T23:28:43.716Z
â”€â”€â”€â”€â”€â”€â”€â”€â”€â”€â”€â”€â”€â”€â”€â”€â”€â”€â”€â”€â”€â”€â”€â”€â”€â”€â”€â”€â”€â”€â”€â”€â”€â”€â”€â”€â”€â”€â”€â”€â”€â”€â”€â”€â”€â”€â”€â”€â”€â”€â”€â”€â”€â”€â”€â”€â”€â”€â”€â”€


]]>
</system-out>
<system-err>
<![CDATA[
Warning: attachment ../test-results/dev/advanced-data-driven-clean-2a444--credential-sets-regression-dev-api-tests/trace.zip is missing
Warning: attachment ../test-results/dev/advanced-data-driven-clean-2a444--credential-sets-regression-dev-api-tests-retry1/trace.zip is missing
Warning: attachment ../test-results/dev/advanced-data-driven-clean-2a444--credential-sets-regression-dev-api-tests-retry2/trace.zip is missing
Warning: attachment ../test-results/dev/advanced-data-driven-clean-2a444--credential-sets-regression-dev-api-tests-retry3/trace.zip is missing]]>
</system-err>
</testcase>
<testcase name="Data-Driven User Profile Tests â€º should update user profiles with various data combinations @regression" classname="advanced/data-driven-clean.spec.ts" time="1.458">
<failure message="data-driven-clean.spec.ts:126:7 should update user profiles with various data combinations @regression" type="FAILURE">
<![CDATA[  [dev-api-tests] â€º advanced/data-driven-clean.spec.ts:126:7 â€º Data-Driven User Profile Tests â€º should update user profiles with various data combinations @regression 

    Error: expect(received).toBeLessThan(expected)

    Expected: < 300
    Received:   500

       at ../utils/testFixtures.ts:241

      239 |       assertSuccessResponse(response: ApiHelperResponse): void {
      240 |         expect(response.status).toBeGreaterThanOrEqual(200);
    > 241 |         expect(response.status).toBeLessThan(300);
          |                                 ^
      242 |       },
      243 |
      244 |       assertErrorResponse(response: ApiHelperResponse, expectedStatus: number): void {
        at Object.assertSuccessResponse (/Users/Anand/github/playwright-api-test/utils/testFixtures.ts:241:33)
        at TestActions.updateUserProfile (/Users/Anand/github/playwright-api-test/utils/test-actions.ts:195:20)
        at /Users/Anand/github/playwright-api-test/tests/advanced/data-driven-clean.spec.ts:143:7

    attachment #1: trace (application/zip) â”€â”€â”€â”€â”€â”€â”€â”€â”€â”€â”€â”€â”€â”€â”€â”€â”€â”€â”€â”€â”€â”€â”€â”€â”€â”€â”€â”€â”€â”€â”€â”€â”€â”€â”€â”€â”€â”€â”€â”€â”€â”€â”€â”€â”€â”€â”€â”€â”€â”€â”€â”€â”€â”€â”€â”€â”€
    ../test-results/dev/advanced-data-driven-clean-71305-ata-combinations-regression-dev-api-tests/trace.zip
    Usage:

        npx playwright show-trace ../test-results/dev/advanced-data-driven-clean-71305-ata-combinations-regression-dev-api-tests/trace.zip

    â”€â”€â”€â”€â”€â”€â”€â”€â”€â”€â”€â”€â”€â”€â”€â”€â”€â”€â”€â”€â”€â”€â”€â”€â”€â”€â”€â”€â”€â”€â”€â”€â”€â”€â”€â”€â”€â”€â”€â”€â”€â”€â”€â”€â”€â”€â”€â”€â”€â”€â”€â”€â”€â”€â”€â”€â”€â”€â”€â”€â”€â”€â”€â”€â”€â”€â”€â”€â”€â”€â”€â”€â”€â”€â”€â”€â”€â”€â”€â”€â”€â”€â”€â”€â”€â”€â”€â”€â”€â”€â”€â”€â”€â”€â”€â”€
]]>
</failure>
<system-out>
<![CDATA[
ðŸ“ TEST STEP: Create Test User
â° Step Started: 2025-08-12T23:28:42.705Z
â”€â”€â”€â”€â”€â”€â”€â”€â”€â”€â”€â”€â”€â”€â”€â”€â”€â”€â”€â”€â”€â”€â”€â”€â”€â”€â”€â”€â”€â”€â”€â”€â”€â”€â”€â”€â”€â”€â”€â”€â”€â”€â”€â”€â”€â”€â”€â”€â”€â”€â”€â”€â”€â”€â”€â”€â”€â”€â”€â”€


[2025-08-12T23:28:42.705Z] ðŸ‘¤ Creating test user: Test User

================================================================================
ðŸ“¤ HTTP REQUEST
================================================================================
ðŸ§ª Test Case: should update user profiles with various data combinations @regression
ðŸ“ Test Step: Create Test User
ðŸŒ Method: POST
ðŸ”— URL: https://jsonplaceholder.typicode.com/users
â° Timestamp: 2025-08-12T23:28:42.705Z
ðŸ·ï¸  Test ID: 4d3a05e2-a9f3-474b-91f7-68347e7e7137
ðŸŽ­ Scenario: User Registration

ðŸ“‹ Request Headers:
{}

ðŸ“¤ Request Body:
{
  "name": "Test User",
  "username": "user_1755041322705",
  "email": "test1755041322705@example.com",
  "phone": "+1234567890",
  "website": "https://example.com",
  "address": {
    "street": "123 Test St",
    "city": "Test City",
    "state": "Test State",
    "zipCode": "12345",
    "country": "Test Country"
  },
  "company": {
    "name": "Test Company",
    "department": "Engineering",
    "jobTitle": "Software Developer"
  }
}
================================================================================

{
  "timestamp": "23:28:42.705",
  "level": "debug",
  "message": "ðŸ”„ API Request",
  "type": "api_request",
  "testCase": "should update user profiles with various data combinations @regression",
  "testStep": "Create Test User",
  "method": "POST",
  "url": "https://jsonplaceholder.typicode.com/users",
  "headers": {},
  "body": {
    "name": "Test User",
    "username": "user_1755041322705",
    "email": "test1755041322705@example.com",
    "phone": "+1234567890",
    "website": "https://example.com",
    "address": {
      "street": "123 Test St",
      "city": "Test City",
      "state": "Test State",
      "zipCode": "12345",
      "country": "Test Country"
    },
    "company": {
      "name": "Test Company",
      "department": "Engineering",
      "jobTitle": "Software Developer"
    }
  },
  "testId": "4d3a05e2-a9f3-474b-91f7-68347e7e7137",
  "scenarioName": "User Registration"
}

================================================================================
ðŸ“¥ HTTP RESPONSE
================================================================================
ðŸ§ª Test Case: should update user profiles with various data combinations @regression
ðŸ“ Test Step: Create Test User
ðŸ“Š Status: 201 Created
â±ï¸  Response Time: 751ms
â° Timestamp: 2025-08-12T23:28:43.457Z
ðŸ·ï¸  Test ID: 4d3a05e2-a9f3-474b-91f7-68347e7e7137
ðŸŽ­ Scenario: User Registration

ðŸ“‹ Response Headers:
{
  "date": "Tue, 12 Aug 2025 23:28:43 GMT",
  "content-type": "application/json; charset=utf-8",
  "content-length": "452",
  "connection": "keep-alive",
  "access-control-allow-credentials": "true",
  "access-control-expose-headers": "Location",
  "cache-control": "no-cache",
  "etag": "W/\"1c4-8RW+mumCpGtP7lWHXMpzexaXV+c\"",
  "expires": "-1",
  "location": "https://jsonplaceholder.typicode.com/users/11",
  "nel": "{\"report_to\":\"heroku-nel\",\"response_headers\":[\"Via\"],\"max_age\":3600,\"success_fraction\":0.01,\"failure_fraction\":0.1}",
  "pragma": "no-cache",
  "report-to": "{\"group\":\"heroku-nel\",\"endpoints\":[{\"url\":\"https://nel.heroku.com/reports?s=K8V6ItSbd7z3opbSNMR6BifCEPNmbLOxl0SbqNqCLOQ%3D\\u0026sid=e11707d5-02a7-43ef-b45e-2cf4d2036f7d\\u0026ts=1755041323\"}],\"max_age\":3600}",
  "reporting-endpoints": "heroku-nel=\"https://nel.heroku.com/reports?s=K8V6ItSbd7z3opbSNMR6BifCEPNmbLOxl0SbqNqCLOQ%3D&sid=e11707d5-02a7-43ef-b45e-2cf4d2036f7d&ts=1755041323\"",
  "server": "cloudflare",
  "vary": "Origin, X-HTTP-Method-Override, Accept-Encoding",
  "via": "2.0 heroku-router",
  "x-content-type-options": "nosniff",
  "x-powered-by": "Express",
  "x-ratelimit-limit": "1000",
  "x-ratelimit-remaining": "999",
  "x-ratelimit-reset": "1755041357",
  "cf-cache-status": "DYNAMIC",
  "cf-ray": "96e3c02bad4c90a0-MEL",
  "alt-svc": "h3=\":443\"; ma=86400"
}

ðŸ“¥ Response Body:
{
  "name": "Test User",
  "username": "user_1755041322705",
  "email": "test1755041322705@example.com",
  "phone": "+1234567890",
  "website": "https://example.com",
  "address": {
    "street": "123 Test St",
    "city": "Test City",
    "state": "Test State",
    "zipCode": "12345",
    "country": "Test Country"
  },
  "company": {
    "name": "Test Company",
    "department": "Engineering",
    "jobTitle": "Software Developer"
  },
  "id": 11
}
================================================================================

{
  "timestamp": "23:28:43.457",
  "level": "debug",
  "message": "âœ… API Response",
  "type": "api_response",
  "testCase": "should update user profiles with various data combinations @regression",
  "testStep": "Create Test User",
  "status": 201,
  "statusText": "Created",
  "headers": {
    "date": "Tue, 12 Aug 2025 23:28:43 GMT",
    "content-type": "application/json; charset=utf-8",
    "content-length": "452",
    "connection": "keep-alive",
    "access-control-allow-credentials": "true",
    "access-control-expose-headers": "Location",
    "cache-control": "no-cache",
    "etag": "W/\"1c4-8RW+mumCpGtP7lWHXMpzexaXV+c\"",
    "expires": "-1",
    "location": "https://jsonplaceholder.typicode.com/users/11",
    "nel": "{\"report_to\":\"heroku-nel\",\"response_headers\":[\"Via\"],\"max_age\":3600,\"success_fraction\":0.01,\"failure_fraction\":0.1}",
    "pragma": "no-cache",
    "report-to": "{\"group\":\"heroku-nel\",\"endpoints\":[{\"url\":\"https://nel.heroku.com/reports?s=K8V6ItSbd7z3opbSNMR6BifCEPNmbLOxl0SbqNqCLOQ%3D\\u0026sid=e11707d5-02a7-43ef-b45e-2cf4d2036f7d\\u0026ts=1755041323\"}],\"max_age\":3600}",
    "reporting-endpoints": "heroku-nel=\"https://nel.heroku.com/reports?s=K8V6ItSbd7z3opbSNMR6BifCEPNmbLOxl0SbqNqCLOQ%3D&sid=e11707d5-02a7-43ef-b45e-2cf4d2036f7d&ts=1755041323\"",
    "server": "cloudflare",
    "vary": "Origin, X-HTTP-Method-Override, Accept-Encoding",
    "via": "2.0 heroku-router",
    "x-content-type-options": "nosniff",
    "x-powered-by": "Express",
    "x-ratelimit-limit": "1000",
    "x-ratelimit-remaining": "999",
    "x-ratelimit-reset": "1755041357",
    "cf-cache-status": "DYNAMIC",
    "cf-ray": "96e3c02bad4c90a0-MEL",
    "alt-svc": "h3=\":443\"; ma=86400"
  },
  "body": {
    "name": "Test User",
    "username": "user_1755041322705",
    "email": "test1755041322705@example.com",
    "phone": "+1234567890",
    "website": "https://example.com",
    "address": {
      "street": "123 Test St",
      "city": "Test City",
      "state": "Test State",
      "zipCode": "12345",
      "country": "Test Country"
    },
    "company": {
      "name": "Test Company",
      "department": "Engineering",
      "jobTitle": "Software Developer"
    },
    "id": 11
  },
  "responseTime": 751,
  "testId": "4d3a05e2-a9f3-474b-91f7-68347e7e7137",
  "scenarioName": "User Registration"
}
[2025-08-12T23:28:43.457Z] âœ… User created with ID: 11

ðŸ“ TEST STEP: Update User Profile
â° Step Started: 2025-08-12T23:28:43.457Z
â”€â”€â”€â”€â”€â”€â”€â”€â”€â”€â”€â”€â”€â”€â”€â”€â”€â”€â”€â”€â”€â”€â”€â”€â”€â”€â”€â”€â”€â”€â”€â”€â”€â”€â”€â”€â”€â”€â”€â”€â”€â”€â”€â”€â”€â”€â”€â”€â”€â”€â”€â”€â”€â”€â”€â”€â”€â”€â”€â”€



================================================================================
ðŸ“¤ HTTP REQUEST
================================================================================
ðŸ§ª Test Case: should update user profiles with various data combinations @regression
ðŸ“ Test Step: Update User Profile
ðŸŒ Method: PUT
ðŸ”— URL: https://jsonplaceholder.typicode.com/users/11
â° Timestamp: 2025-08-12T23:28:43.457Z
ðŸ·ï¸  Test ID: 4d3a05e2-a9f3-474b-91f7-68347e7e7137
ðŸŽ­ Scenario: Profile Update

ðŸ“‹ Request Headers:
{}

ðŸ“¤ Request Body:
{
  "fullName": "John Smith",
  "website": "https://johnsmith.dev",
  "phone": "+1-555-0101"
}
================================================================================

{
  "timestamp": "23:28:43.457",
  "level": "debug",
  "message": "ðŸ”„ API Request",
  "type": "api_request",
  "testCase": "should update user profiles with various data combinations @regression",
  "testStep": "Update User Profile",
  "method": "PUT",
  "url": "https://jsonplaceholder.typicode.com/users/11",
  "headers": {},
  "body": {
    "fullName": "John Smith",
    "website": "https://johnsmith.dev",
    "phone": "+1-555-0101"
  },
  "testId": "4d3a05e2-a9f3-474b-91f7-68347e7e7137",
  "scenarioName": "Profile Update"
}

================================================================================
ðŸ“¥ HTTP RESPONSE
================================================================================
ðŸ§ª Test Case: should update user profiles with various data combinations @regression
ðŸ“ Test Step: Update User Profile
ðŸ“Š Status: 500 Internal Server Error
â±ï¸  Response Time: 693ms
â° Timestamp: 2025-08-12T23:28:44.151Z
ðŸ·ï¸  Test ID: 4d3a05e2-a9f3-474b-91f7-68347e7e7137
ðŸŽ­ Scenario: Profile Update

ðŸ“‹ Response Headers:
{
  "date": "Tue, 12 Aug 2025 23:28:44 GMT",
  "content-type": "text/html; charset=utf-8",
  "content-length": "819",
  "connection": "keep-alive",
  "access-control-allow-credentials": "true",
  "cache-control": "no-cache",
  "etag": "W/\"333-hUw8JUX24BjghGOYHTH5xx+nCFo\"",
  "expires": "-1",
  "nel": "{\"report_to\":\"heroku-nel\",\"response_headers\":[\"Via\"],\"max_age\":3600,\"success_fraction\":0.01,\"failure_fraction\":0.1}",
  "pragma": "no-cache",
  "report-to": "{\"group\":\"heroku-nel\",\"endpoints\":[{\"url\":\"https://nel.heroku.com/reports?s=tS3hSs3fVZUBX%2BfMi%2BDoL8n8pro2x8s939A9F7YX8qg%3D\\u0026sid=e11707d5-02a7-43ef-b45e-2cf4d2036f7d\\u0026ts=1755041324\"}],\"max_age\":3600}",
  "reporting-endpoints": "heroku-nel=\"https://nel.heroku.com/reports?s=tS3hSs3fVZUBX%2BfMi%2BDoL8n8pro2x8s939A9F7YX8qg%3D&sid=e11707d5-02a7-43ef-b45e-2cf4d2036f7d&ts=1755041324\"",
  "server": "cloudflare",
  "vary": "Origin, Accept-Encoding",
  "via": "2.0 heroku-router",
  "x-powered-by": "Express",
  "x-ratelimit-limit": "1000",
  "x-ratelimit-remaining": "998",
  "x-ratelimit-reset": "1755041357",
  "cf-cache-status": "DYNAMIC",
  "cf-ray": "96e3c02fefb190a0-MEL",
  "alt-svc": "h3=\":443\"; ma=86400"
}

ðŸ“¥ Response Body:
"TypeError: Cannot read properties of undefined (reading 'id')\n    at update (/app/node_modules/json-server/lib/server/router/plural.js:262:24)\n    at Layer.handle [as handle_request] (/app/node_modules/express/lib/router/layer.js:95:5)\n    at next (/app/node_modules/express/lib/router/route.js:137:13)\n    at next (/app/node_modules/express/lib/router/route.js:131:14)\n    at Route.dispatch (/app/node_modules/express/lib/router/route.js:112:3)\n    at Layer.handle [as handle_request] (/app/node_modules/express/lib/router/layer.js:95:5)\n    at /app/node_modules/express/lib/router/index.js:281:22\n    at param (/app/node_modules/express/lib/router/index.js:354:14)\n    at param (/app/node_modules/express/lib/router/index.js:365:14)\n    at Function.process_params (/app/node_modules/express/lib/router/index.js:410:3)"
================================================================================

{
  "timestamp": "23:28:44.151",
  "level": "debug",
  "message": "âœ… API Response",
  "type": "api_response",
  "testCase": "should update user profiles with various data combinations @regression",
  "testStep": "Update User Profile",
  "status": 500,
  "statusText": "Internal Server Error",
  "headers": {
    "date": "Tue, 12 Aug 2025 23:28:44 GMT",
    "content-type": "text/html; charset=utf-8",
    "content-length": "819",
    "connection": "keep-alive",
    "access-control-allow-credentials": "true",
    "cache-control": "no-cache",
    "etag": "W/\"333-hUw8JUX24BjghGOYHTH5xx+nCFo\"",
    "expires": "-1",
    "nel": "{\"report_to\":\"heroku-nel\",\"response_headers\":[\"Via\"],\"max_age\":3600,\"success_fraction\":0.01,\"failure_fraction\":0.1}",
    "pragma": "no-cache",
    "report-to": "{\"group\":\"heroku-nel\",\"endpoints\":[{\"url\":\"https://nel.heroku.com/reports?s=tS3hSs3fVZUBX%2BfMi%2BDoL8n8pro2x8s939A9F7YX8qg%3D\\u0026sid=e11707d5-02a7-43ef-b45e-2cf4d2036f7d\\u0026ts=1755041324\"}],\"max_age\":3600}",
    "reporting-endpoints": "heroku-nel=\"https://nel.heroku.com/reports?s=tS3hSs3fVZUBX%2BfMi%2BDoL8n8pro2x8s939A9F7YX8qg%3D&sid=e11707d5-02a7-43ef-b45e-2cf4d2036f7d&ts=1755041324\"",
    "server": "cloudflare",
    "vary": "Origin, Accept-Encoding",
    "via": "2.0 heroku-router",
    "x-powered-by": "Express",
    "x-ratelimit-limit": "1000",
    "x-ratelimit-remaining": "998",
    "x-ratelimit-reset": "1755041357",
    "cf-cache-status": "DYNAMIC",
    "cf-ray": "96e3c02fefb190a0-MEL",
    "alt-svc": "h3=\":443\"; ma=86400"
  },
  "body": "TypeError: Cannot read properties of undefined (reading 'id')\n    at update (/app/node_modules/json-server/lib/server/router/plural.js:262:24)\n    at Layer.handle [as handle_request] (/app/node_modules/express/lib/router/layer.js:95:5)\n    at next (/app/node_modules/express/lib/router/route.js:137:13)\n    at next (/app/node_modules/express/lib/router/route.js:131:14)\n    at Route.dispatch (/app/node_modules/express/lib/router/route.js:112:3)\n    at Layer.handle [as handle_request] (/app/node_modules/express/lib/router/layer.js:95:5)\n    at /app/node_modules/express/lib/router/index.js:281:22\n    at param (/app/node_modules/express/lib/router/index.js:354:14)\n    at param (/app/node_modules/express/lib/router/index.js:365:14)\n    at Function.process_params (/app/node_modules/express/lib/router/index.js:410:3)",
  "responseTime": 693,
  "testId": "4d3a05e2-a9f3-474b-91f7-68347e7e7137",
  "scenarioName": "Profile Update"
}
]]>
</system-out>
<system-err>
<![CDATA[
Warning: attachment ../test-results/dev/advanced-data-driven-clean-71305-ata-combinations-regression-dev-api-tests/trace.zip is missing
Warning: attachment ../test-results/dev/advanced-data-driven-clean-71305-ata-combinations-regression-dev-api-tests-retry1/trace.zip is missing]]>
</system-err>
</testcase>
<testcase name="Bulk Operations Testing â€º should handle multiple concurrent user operations @performance" classname="advanced/data-driven-clean.spec.ts" time="0.064">
<failure message="data-driven-clean.spec.ts:174:7 should handle multiple concurrent user operations @performance" type="FAILURE">
<![CDATA[  [dev-api-tests] â€º advanced/data-driven-clean.spec.ts:174:7 â€º Bulk Operations Testing â€º should handle multiple concurrent user operations @performance 

    TypeError: Cannot read properties of undefined (reading 'fullName')

       at ../utils/test-actions.ts:80

      78 |     
      79 |     if (this.logConfig.enableFullLogs) {
    > 80 |       logToConsole(`ðŸ‘¤ Creating test user: ${testUser.fullName}`);
         |                                                       ^
      81 |     }
      82 |     
      83 |     const registrationResult = await this.apiHelper.registerUser(testUser);
        at TestActions.createTestUser (/Users/Anand/github/playwright-api-test/utils/test-actions.ts:80:55)
        at /Users/Anand/github/playwright-api-test/tests/advanced/data-driven-clean.spec.ts:188:45

    attachment #1: trace (application/zip) â”€â”€â”€â”€â”€â”€â”€â”€â”€â”€â”€â”€â”€â”€â”€â”€â”€â”€â”€â”€â”€â”€â”€â”€â”€â”€â”€â”€â”€â”€â”€â”€â”€â”€â”€â”€â”€â”€â”€â”€â”€â”€â”€â”€â”€â”€â”€â”€â”€â”€â”€â”€â”€â”€â”€â”€â”€
    ../test-results/dev/advanced-data-driven-clean-0ffdf-user-operations-performance-dev-api-tests/trace.zip
    Usage:

        npx playwright show-trace ../test-results/dev/advanced-data-driven-clean-0ffdf-user-operations-performance-dev-api-tests/trace.zip

    â”€â”€â”€â”€â”€â”€â”€â”€â”€â”€â”€â”€â”€â”€â”€â”€â”€â”€â”€â”€â”€â”€â”€â”€â”€â”€â”€â”€â”€â”€â”€â”€â”€â”€â”€â”€â”€â”€â”€â”€â”€â”€â”€â”€â”€â”€â”€â”€â”€â”€â”€â”€â”€â”€â”€â”€â”€â”€â”€â”€â”€â”€â”€â”€â”€â”€â”€â”€â”€â”€â”€â”€â”€â”€â”€â”€â”€â”€â”€â”€â”€â”€â”€â”€â”€â”€â”€â”€â”€â”€â”€â”€â”€â”€â”€â”€

    Retry #1 â”€â”€â”€â”€â”€â”€â”€â”€â”€â”€â”€â”€â”€â”€â”€â”€â”€â”€â”€â”€â”€â”€â”€â”€â”€â”€â”€â”€â”€â”€â”€â”€â”€â”€â”€â”€â”€â”€â”€â”€â”€â”€â”€â”€â”€â”€â”€â”€â”€â”€â”€â”€â”€â”€â”€â”€â”€â”€â”€â”€â”€â”€â”€â”€â”€â”€â”€â”€â”€â”€â”€â”€â”€â”€â”€â”€â”€â”€â”€â”€â”€â”€â”€â”€â”€â”€â”€

    TypeError: Cannot read properties of undefined (reading 'fullName')

       at ../utils/test-actions.ts:80

      78 |     
      79 |     if (this.logConfig.enableFullLogs) {
    > 80 |       logToConsole(`ðŸ‘¤ Creating test user: ${testUser.fullName}`);
         |                                                       ^
      81 |     }
      82 |     
      83 |     const registrationResult = await this.apiHelper.registerUser(testUser);
        at TestActions.createTestUser (/Users/Anand/github/playwright-api-test/utils/test-actions.ts:80:55)
        at /Users/Anand/github/playwright-api-test/tests/advanced/data-driven-clean.spec.ts:188:45

    attachment #1: trace (application/zip) â”€â”€â”€â”€â”€â”€â”€â”€â”€â”€â”€â”€â”€â”€â”€â”€â”€â”€â”€â”€â”€â”€â”€â”€â”€â”€â”€â”€â”€â”€â”€â”€â”€â”€â”€â”€â”€â”€â”€â”€â”€â”€â”€â”€â”€â”€â”€â”€â”€â”€â”€â”€â”€â”€â”€â”€â”€
    ../test-results/dev/advanced-data-driven-clean-0ffdf-user-operations-performance-dev-api-tests-retry1/trace.zip
    Usage:

        npx playwright show-trace ../test-results/dev/advanced-data-driven-clean-0ffdf-user-operations-performance-dev-api-tests-retry1/trace.zip

    â”€â”€â”€â”€â”€â”€â”€â”€â”€â”€â”€â”€â”€â”€â”€â”€â”€â”€â”€â”€â”€â”€â”€â”€â”€â”€â”€â”€â”€â”€â”€â”€â”€â”€â”€â”€â”€â”€â”€â”€â”€â”€â”€â”€â”€â”€â”€â”€â”€â”€â”€â”€â”€â”€â”€â”€â”€â”€â”€â”€â”€â”€â”€â”€â”€â”€â”€â”€â”€â”€â”€â”€â”€â”€â”€â”€â”€â”€â”€â”€â”€â”€â”€â”€â”€â”€â”€â”€â”€â”€â”€â”€â”€â”€â”€â”€

    Retry #2 â”€â”€â”€â”€â”€â”€â”€â”€â”€â”€â”€â”€â”€â”€â”€â”€â”€â”€â”€â”€â”€â”€â”€â”€â”€â”€â”€â”€â”€â”€â”€â”€â”€â”€â”€â”€â”€â”€â”€â”€â”€â”€â”€â”€â”€â”€â”€â”€â”€â”€â”€â”€â”€â”€â”€â”€â”€â”€â”€â”€â”€â”€â”€â”€â”€â”€â”€â”€â”€â”€â”€â”€â”€â”€â”€â”€â”€â”€â”€â”€â”€â”€â”€â”€â”€â”€â”€

    TypeError: Cannot read properties of undefined (reading 'fullName')

       at ../utils/test-actions.ts:80

      78 |     
      79 |     if (this.logConfig.enableFullLogs) {
    > 80 |       logToConsole(`ðŸ‘¤ Creating test user: ${testUser.fullName}`);
         |                                                       ^
      81 |     }
      82 |     
      83 |     const registrationResult = await this.apiHelper.registerUser(testUser);
        at TestActions.createTestUser (/Users/Anand/github/playwright-api-test/utils/test-actions.ts:80:55)
        at /Users/Anand/github/playwright-api-test/tests/advanced/data-driven-clean.spec.ts:188:45

    attachment #1: trace (application/zip) â”€â”€â”€â”€â”€â”€â”€â”€â”€â”€â”€â”€â”€â”€â”€â”€â”€â”€â”€â”€â”€â”€â”€â”€â”€â”€â”€â”€â”€â”€â”€â”€â”€â”€â”€â”€â”€â”€â”€â”€â”€â”€â”€â”€â”€â”€â”€â”€â”€â”€â”€â”€â”€â”€â”€â”€â”€
    ../test-results/dev/advanced-data-driven-clean-0ffdf-user-operations-performance-dev-api-tests-retry2/trace.zip
    Usage:

        npx playwright show-trace ../test-results/dev/advanced-data-driven-clean-0ffdf-user-operations-performance-dev-api-tests-retry2/trace.zip

    â”€â”€â”€â”€â”€â”€â”€â”€â”€â”€â”€â”€â”€â”€â”€â”€â”€â”€â”€â”€â”€â”€â”€â”€â”€â”€â”€â”€â”€â”€â”€â”€â”€â”€â”€â”€â”€â”€â”€â”€â”€â”€â”€â”€â”€â”€â”€â”€â”€â”€â”€â”€â”€â”€â”€â”€â”€â”€â”€â”€â”€â”€â”€â”€â”€â”€â”€â”€â”€â”€â”€â”€â”€â”€â”€â”€â”€â”€â”€â”€â”€â”€â”€â”€â”€â”€â”€â”€â”€â”€â”€â”€â”€â”€â”€â”€

    Retry #3 â”€â”€â”€â”€â”€â”€â”€â”€â”€â”€â”€â”€â”€â”€â”€â”€â”€â”€â”€â”€â”€â”€â”€â”€â”€â”€â”€â”€â”€â”€â”€â”€â”€â”€â”€â”€â”€â”€â”€â”€â”€â”€â”€â”€â”€â”€â”€â”€â”€â”€â”€â”€â”€â”€â”€â”€â”€â”€â”€â”€â”€â”€â”€â”€â”€â”€â”€â”€â”€â”€â”€â”€â”€â”€â”€â”€â”€â”€â”€â”€â”€â”€â”€â”€â”€â”€â”€

    TypeError: Cannot read properties of undefined (reading 'fullName')

       at ../utils/test-actions.ts:80

      78 |     
      79 |     if (this.logConfig.enableFullLogs) {
    > 80 |       logToConsole(`ðŸ‘¤ Creating test user: ${testUser.fullName}`);
         |                                                       ^
      81 |     }
      82 |     
      83 |     const registrationResult = await this.apiHelper.registerUser(testUser);
        at TestActions.createTestUser (/Users/Anand/github/playwright-api-test/utils/test-actions.ts:80:55)
        at /Users/Anand/github/playwright-api-test/tests/advanced/data-driven-clean.spec.ts:188:45

    attachment #1: trace (application/zip) â”€â”€â”€â”€â”€â”€â”€â”€â”€â”€â”€â”€â”€â”€â”€â”€â”€â”€â”€â”€â”€â”€â”€â”€â”€â”€â”€â”€â”€â”€â”€â”€â”€â”€â”€â”€â”€â”€â”€â”€â”€â”€â”€â”€â”€â”€â”€â”€â”€â”€â”€â”€â”€â”€â”€â”€â”€
    ../test-results/dev/advanced-data-driven-clean-0ffdf-user-operations-performance-dev-api-tests-retry3/trace.zip
    Usage:

        npx playwright show-trace ../test-results/dev/advanced-data-driven-clean-0ffdf-user-operations-performance-dev-api-tests-retry3/trace.zip

    â”€â”€â”€â”€â”€â”€â”€â”€â”€â”€â”€â”€â”€â”€â”€â”€â”€â”€â”€â”€â”€â”€â”€â”€â”€â”€â”€â”€â”€â”€â”€â”€â”€â”€â”€â”€â”€â”€â”€â”€â”€â”€â”€â”€â”€â”€â”€â”€â”€â”€â”€â”€â”€â”€â”€â”€â”€â”€â”€â”€â”€â”€â”€â”€â”€â”€â”€â”€â”€â”€â”€â”€â”€â”€â”€â”€â”€â”€â”€â”€â”€â”€â”€â”€â”€â”€â”€â”€â”€â”€â”€â”€â”€â”€â”€â”€
]]>
</failure>
<system-out>
<![CDATA[
ðŸ“ TEST STEP: Create Test User
â° Step Started: 2025-08-12T23:28:42.665Z
â”€â”€â”€â”€â”€â”€â”€â”€â”€â”€â”€â”€â”€â”€â”€â”€â”€â”€â”€â”€â”€â”€â”€â”€â”€â”€â”€â”€â”€â”€â”€â”€â”€â”€â”€â”€â”€â”€â”€â”€â”€â”€â”€â”€â”€â”€â”€â”€â”€â”€â”€â”€â”€â”€â”€â”€â”€â”€â”€â”€



ðŸ“ TEST STEP: Create Test User
â° Step Started: 2025-08-12T23:28:42.666Z
â”€â”€â”€â”€â”€â”€â”€â”€â”€â”€â”€â”€â”€â”€â”€â”€â”€â”€â”€â”€â”€â”€â”€â”€â”€â”€â”€â”€â”€â”€â”€â”€â”€â”€â”€â”€â”€â”€â”€â”€â”€â”€â”€â”€â”€â”€â”€â”€â”€â”€â”€â”€â”€â”€â”€â”€â”€â”€â”€â”€



ðŸ“ TEST STEP: Create Test User
â° Step Started: 2025-08-12T23:28:42.666Z
â”€â”€â”€â”€â”€â”€â”€â”€â”€â”€â”€â”€â”€â”€â”€â”€â”€â”€â”€â”€â”€â”€â”€â”€â”€â”€â”€â”€â”€â”€â”€â”€â”€â”€â”€â”€â”€â”€â”€â”€â”€â”€â”€â”€â”€â”€â”€â”€â”€â”€â”€â”€â”€â”€â”€â”€â”€â”€â”€â”€



ðŸ“ TEST STEP: Create Test User
â° Step Started: 2025-08-12T23:28:42.666Z
â”€â”€â”€â”€â”€â”€â”€â”€â”€â”€â”€â”€â”€â”€â”€â”€â”€â”€â”€â”€â”€â”€â”€â”€â”€â”€â”€â”€â”€â”€â”€â”€â”€â”€â”€â”€â”€â”€â”€â”€â”€â”€â”€â”€â”€â”€â”€â”€â”€â”€â”€â”€â”€â”€â”€â”€â”€â”€â”€â”€



ðŸ“ TEST STEP: Create Test User
â° Step Started: 2025-08-12T23:28:42.666Z
â”€â”€â”€â”€â”€â”€â”€â”€â”€â”€â”€â”€â”€â”€â”€â”€â”€â”€â”€â”€â”€â”€â”€â”€â”€â”€â”€â”€â”€â”€â”€â”€â”€â”€â”€â”€â”€â”€â”€â”€â”€â”€â”€â”€â”€â”€â”€â”€â”€â”€â”€â”€â”€â”€â”€â”€â”€â”€â”€â”€



ðŸ“ TEST STEP: Create Test User
â° Step Started: 2025-08-12T23:28:43.007Z
â”€â”€â”€â”€â”€â”€â”€â”€â”€â”€â”€â”€â”€â”€â”€â”€â”€â”€â”€â”€â”€â”€â”€â”€â”€â”€â”€â”€â”€â”€â”€â”€â”€â”€â”€â”€â”€â”€â”€â”€â”€â”€â”€â”€â”€â”€â”€â”€â”€â”€â”€â”€â”€â”€â”€â”€â”€â”€â”€â”€



ðŸ“ TEST STEP: Create Test User
â° Step Started: 2025-08-12T23:28:43.007Z
â”€â”€â”€â”€â”€â”€â”€â”€â”€â”€â”€â”€â”€â”€â”€â”€â”€â”€â”€â”€â”€â”€â”€â”€â”€â”€â”€â”€â”€â”€â”€â”€â”€â”€â”€â”€â”€â”€â”€â”€â”€â”€â”€â”€â”€â”€â”€â”€â”€â”€â”€â”€â”€â”€â”€â”€â”€â”€â”€â”€



ðŸ“ TEST STEP: Create Test User
â° Step Started: 2025-08-12T23:28:43.007Z
â”€â”€â”€â”€â”€â”€â”€â”€â”€â”€â”€â”€â”€â”€â”€â”€â”€â”€â”€â”€â”€â”€â”€â”€â”€â”€â”€â”€â”€â”€â”€â”€â”€â”€â”€â”€â”€â”€â”€â”€â”€â”€â”€â”€â”€â”€â”€â”€â”€â”€â”€â”€â”€â”€â”€â”€â”€â”€â”€â”€



ðŸ“ TEST STEP: Create Test User
â° Step Started: 2025-08-12T23:28:43.007Z
â”€â”€â”€â”€â”€â”€â”€â”€â”€â”€â”€â”€â”€â”€â”€â”€â”€â”€â”€â”€â”€â”€â”€â”€â”€â”€â”€â”€â”€â”€â”€â”€â”€â”€â”€â”€â”€â”€â”€â”€â”€â”€â”€â”€â”€â”€â”€â”€â”€â”€â”€â”€â”€â”€â”€â”€â”€â”€â”€â”€



ðŸ“ TEST STEP: Create Test User
â° Step Started: 2025-08-12T23:28:43.007Z
â”€â”€â”€â”€â”€â”€â”€â”€â”€â”€â”€â”€â”€â”€â”€â”€â”€â”€â”€â”€â”€â”€â”€â”€â”€â”€â”€â”€â”€â”€â”€â”€â”€â”€â”€â”€â”€â”€â”€â”€â”€â”€â”€â”€â”€â”€â”€â”€â”€â”€â”€â”€â”€â”€â”€â”€â”€â”€â”€â”€



ðŸ“ TEST STEP: Create Test User
â° Step Started: 2025-08-12T23:28:43.370Z
â”€â”€â”€â”€â”€â”€â”€â”€â”€â”€â”€â”€â”€â”€â”€â”€â”€â”€â”€â”€â”€â”€â”€â”€â”€â”€â”€â”€â”€â”€â”€â”€â”€â”€â”€â”€â”€â”€â”€â”€â”€â”€â”€â”€â”€â”€â”€â”€â”€â”€â”€â”€â”€â”€â”€â”€â”€â”€â”€â”€



ðŸ“ TEST STEP: Create Test User
â° Step Started: 2025-08-12T23:28:43.370Z
â”€â”€â”€â”€â”€â”€â”€â”€â”€â”€â”€â”€â”€â”€â”€â”€â”€â”€â”€â”€â”€â”€â”€â”€â”€â”€â”€â”€â”€â”€â”€â”€â”€â”€â”€â”€â”€â”€â”€â”€â”€â”€â”€â”€â”€â”€â”€â”€â”€â”€â”€â”€â”€â”€â”€â”€â”€â”€â”€â”€



ðŸ“ TEST STEP: Create Test User
â° Step Started: 2025-08-12T23:28:43.370Z
â”€â”€â”€â”€â”€â”€â”€â”€â”€â”€â”€â”€â”€â”€â”€â”€â”€â”€â”€â”€â”€â”€â”€â”€â”€â”€â”€â”€â”€â”€â”€â”€â”€â”€â”€â”€â”€â”€â”€â”€â”€â”€â”€â”€â”€â”€â”€â”€â”€â”€â”€â”€â”€â”€â”€â”€â”€â”€â”€â”€



ðŸ“ TEST STEP: Create Test User
â° Step Started: 2025-08-12T23:28:43.370Z
â”€â”€â”€â”€â”€â”€â”€â”€â”€â”€â”€â”€â”€â”€â”€â”€â”€â”€â”€â”€â”€â”€â”€â”€â”€â”€â”€â”€â”€â”€â”€â”€â”€â”€â”€â”€â”€â”€â”€â”€â”€â”€â”€â”€â”€â”€â”€â”€â”€â”€â”€â”€â”€â”€â”€â”€â”€â”€â”€â”€



ðŸ“ TEST STEP: Create Test User
â° Step Started: 2025-08-12T23:28:43.370Z
â”€â”€â”€â”€â”€â”€â”€â”€â”€â”€â”€â”€â”€â”€â”€â”€â”€â”€â”€â”€â”€â”€â”€â”€â”€â”€â”€â”€â”€â”€â”€â”€â”€â”€â”€â”€â”€â”€â”€â”€â”€â”€â”€â”€â”€â”€â”€â”€â”€â”€â”€â”€â”€â”€â”€â”€â”€â”€â”€â”€



ðŸ“ TEST STEP: Create Test User
â° Step Started: 2025-08-12T23:28:43.689Z
â”€â”€â”€â”€â”€â”€â”€â”€â”€â”€â”€â”€â”€â”€â”€â”€â”€â”€â”€â”€â”€â”€â”€â”€â”€â”€â”€â”€â”€â”€â”€â”€â”€â”€â”€â”€â”€â”€â”€â”€â”€â”€â”€â”€â”€â”€â”€â”€â”€â”€â”€â”€â”€â”€â”€â”€â”€â”€â”€â”€



ðŸ“ TEST STEP: Create Test User
â° Step Started: 2025-08-12T23:28:43.689Z
â”€â”€â”€â”€â”€â”€â”€â”€â”€â”€â”€â”€â”€â”€â”€â”€â”€â”€â”€â”€â”€â”€â”€â”€â”€â”€â”€â”€â”€â”€â”€â”€â”€â”€â”€â”€â”€â”€â”€â”€â”€â”€â”€â”€â”€â”€â”€â”€â”€â”€â”€â”€â”€â”€â”€â”€â”€â”€â”€â”€



ðŸ“ TEST STEP: Create Test User
â° Step Started: 2025-08-12T23:28:43.689Z
â”€â”€â”€â”€â”€â”€â”€â”€â”€â”€â”€â”€â”€â”€â”€â”€â”€â”€â”€â”€â”€â”€â”€â”€â”€â”€â”€â”€â”€â”€â”€â”€â”€â”€â”€â”€â”€â”€â”€â”€â”€â”€â”€â”€â”€â”€â”€â”€â”€â”€â”€â”€â”€â”€â”€â”€â”€â”€â”€â”€



ðŸ“ TEST STEP: Create Test User
â° Step Started: 2025-08-12T23:28:43.689Z
â”€â”€â”€â”€â”€â”€â”€â”€â”€â”€â”€â”€â”€â”€â”€â”€â”€â”€â”€â”€â”€â”€â”€â”€â”€â”€â”€â”€â”€â”€â”€â”€â”€â”€â”€â”€â”€â”€â”€â”€â”€â”€â”€â”€â”€â”€â”€â”€â”€â”€â”€â”€â”€â”€â”€â”€â”€â”€â”€â”€



ðŸ“ TEST STEP: Create Test User
â° Step Started: 2025-08-12T23:28:43.689Z
â”€â”€â”€â”€â”€â”€â”€â”€â”€â”€â”€â”€â”€â”€â”€â”€â”€â”€â”€â”€â”€â”€â”€â”€â”€â”€â”€â”€â”€â”€â”€â”€â”€â”€â”€â”€â”€â”€â”€â”€â”€â”€â”€â”€â”€â”€â”€â”€â”€â”€â”€â”€â”€â”€â”€â”€â”€â”€â”€â”€


]]>
</system-out>
<system-err>
<![CDATA[
Warning: attachment ../test-results/dev/advanced-data-driven-clean-0ffdf-user-operations-performance-dev-api-tests/trace.zip is missing
Warning: attachment ../test-results/dev/advanced-data-driven-clean-0ffdf-user-operations-performance-dev-api-tests-retry1/trace.zip is missing
Warning: attachment ../test-results/dev/advanced-data-driven-clean-0ffdf-user-operations-performance-dev-api-tests-retry2/trace.zip is missing
Warning: attachment ../test-results/dev/advanced-data-driven-clean-0ffdf-user-operations-performance-dev-api-tests-retry3/trace.zip is missing]]>
</system-err>
</testcase>
</testsuite>
<testsuite name="advanced/data-driven-tests.spec.ts" timestamp="2025-08-12T23:28:40.859Z" hostname="dev-api-tests" tests="3" failures="2" skipped="1" time="0.426" errors="0">
<testcase name="ðŸ“Š Data-Driven Test Scenarios â€º should execute multiple user registration scenarios with for loop validation @regression @data-driven" classname="advanced/data-driven-tests.spec.ts" time="0.027">
<failure message="data-driven-tests.spec.ts:59:7 should execute multiple user registration scenarios with for loop validation @regression @data-driven" type="FAILURE">
<![CDATA[  [dev-api-tests] â€º advanced/data-driven-tests.spec.ts:59:7 â€º ðŸ“Š Data-Driven Test Scenarios â€º should execute multiple user registration scenarios with for loop validation @regression @data-driven 

    TypeError: Cannot read properties of undefined (reading 'length')

      61 |     
      62 |     const registrationScenarios = testData.dataSetTests.multipleUserRegistrations;
    > 63 |     console.log(`ðŸ“Š Total registration scenarios to test: ${registrationScenarios.length}`);
         |                                                                                   ^
      64 |     
      65 |     const results = await advancedUtils.executeDataDrivenTest(
      66 |       registrationScenarios,
        at /Users/Anand/github/playwright-api-test/tests/advanced/data-driven-tests.spec.ts:63:83

    attachment #1: trace (application/zip) â”€â”€â”€â”€â”€â”€â”€â”€â”€â”€â”€â”€â”€â”€â”€â”€â”€â”€â”€â”€â”€â”€â”€â”€â”€â”€â”€â”€â”€â”€â”€â”€â”€â”€â”€â”€â”€â”€â”€â”€â”€â”€â”€â”€â”€â”€â”€â”€â”€â”€â”€â”€â”€â”€â”€â”€â”€
    ../test-results/dev/advanced-data-driven-tests-6610e-tion-regression-data-driven-dev-api-tests/trace.zip
    Usage:

        npx playwright show-trace ../test-results/dev/advanced-data-driven-tests-6610e-tion-regression-data-driven-dev-api-tests/trace.zip

    â”€â”€â”€â”€â”€â”€â”€â”€â”€â”€â”€â”€â”€â”€â”€â”€â”€â”€â”€â”€â”€â”€â”€â”€â”€â”€â”€â”€â”€â”€â”€â”€â”€â”€â”€â”€â”€â”€â”€â”€â”€â”€â”€â”€â”€â”€â”€â”€â”€â”€â”€â”€â”€â”€â”€â”€â”€â”€â”€â”€â”€â”€â”€â”€â”€â”€â”€â”€â”€â”€â”€â”€â”€â”€â”€â”€â”€â”€â”€â”€â”€â”€â”€â”€â”€â”€â”€â”€â”€â”€â”€â”€â”€â”€â”€â”€

    Retry #1 â”€â”€â”€â”€â”€â”€â”€â”€â”€â”€â”€â”€â”€â”€â”€â”€â”€â”€â”€â”€â”€â”€â”€â”€â”€â”€â”€â”€â”€â”€â”€â”€â”€â”€â”€â”€â”€â”€â”€â”€â”€â”€â”€â”€â”€â”€â”€â”€â”€â”€â”€â”€â”€â”€â”€â”€â”€â”€â”€â”€â”€â”€â”€â”€â”€â”€â”€â”€â”€â”€â”€â”€â”€â”€â”€â”€â”€â”€â”€â”€â”€â”€â”€â”€â”€â”€â”€

    TypeError: Cannot read properties of undefined (reading 'length')

      61 |     
      62 |     const registrationScenarios = testData.dataSetTests.multipleUserRegistrations;
    > 63 |     console.log(`ðŸ“Š Total registration scenarios to test: ${registrationScenarios.length}`);
         |                                                                                   ^
      64 |     
      65 |     const results = await advancedUtils.executeDataDrivenTest(
      66 |       registrationScenarios,
        at /Users/Anand/github/playwright-api-test/tests/advanced/data-driven-tests.spec.ts:63:83

    attachment #1: trace (application/zip) â”€â”€â”€â”€â”€â”€â”€â”€â”€â”€â”€â”€â”€â”€â”€â”€â”€â”€â”€â”€â”€â”€â”€â”€â”€â”€â”€â”€â”€â”€â”€â”€â”€â”€â”€â”€â”€â”€â”€â”€â”€â”€â”€â”€â”€â”€â”€â”€â”€â”€â”€â”€â”€â”€â”€â”€â”€
    ../test-results/dev/advanced-data-driven-tests-6610e-tion-regression-data-driven-dev-api-tests-retry1/trace.zip
    Usage:

        npx playwright show-trace ../test-results/dev/advanced-data-driven-tests-6610e-tion-regression-data-driven-dev-api-tests-retry1/trace.zip

    â”€â”€â”€â”€â”€â”€â”€â”€â”€â”€â”€â”€â”€â”€â”€â”€â”€â”€â”€â”€â”€â”€â”€â”€â”€â”€â”€â”€â”€â”€â”€â”€â”€â”€â”€â”€â”€â”€â”€â”€â”€â”€â”€â”€â”€â”€â”€â”€â”€â”€â”€â”€â”€â”€â”€â”€â”€â”€â”€â”€â”€â”€â”€â”€â”€â”€â”€â”€â”€â”€â”€â”€â”€â”€â”€â”€â”€â”€â”€â”€â”€â”€â”€â”€â”€â”€â”€â”€â”€â”€â”€â”€â”€â”€â”€â”€
]]>
</failure>
<system-out>
<![CDATA[ðŸš€ Starting multiple user registration data-driven test
ðŸš€ Starting multiple user registration data-driven test
]]>
</system-out>
<system-err>
<![CDATA[
Warning: attachment ../test-results/dev/advanced-data-driven-tests-6610e-tion-regression-data-driven-dev-api-tests/trace.zip is missing
Warning: attachment ../test-results/dev/advanced-data-driven-tests-6610e-tion-regression-data-driven-dev-api-tests-retry1/trace.zip is missing]]>
</system-err>
</testcase>
<testcase name="ðŸ“Š Data-Driven Test Scenarios â€º should execute bulk profile update scenarios with validation @regression @data-driven" classname="advanced/data-driven-tests.spec.ts" time="0.027">
<failure message="data-driven-tests.spec.ts:153:7 should execute bulk profile update scenarios with validation @regression @data-driven" type="FAILURE">
<![CDATA[  [dev-api-tests] â€º advanced/data-driven-tests.spec.ts:153:7 â€º ðŸ“Š Data-Driven Test Scenarios â€º should execute bulk profile update scenarios with validation @regression @data-driven 

    TypeError: Cannot read properties of undefined (reading 'fullName')

       at ../utils/test-actions.ts:80

      78 |     
      79 |     if (this.logConfig.enableFullLogs) {
    > 80 |       logToConsole(`ðŸ‘¤ Creating test user: ${testUser.fullName}`);
         |                                                       ^
      81 |     }
      82 |     
      83 |     const registrationResult = await this.apiHelper.registerUser(testUser);
        at TestActions.createTestUser (/Users/Anand/github/playwright-api-test/utils/test-actions.ts:80:55)
        at /Users/Anand/github/playwright-api-test/tests/advanced/data-driven-tests.spec.ts:157:40

    attachment #1: trace (application/zip) â”€â”€â”€â”€â”€â”€â”€â”€â”€â”€â”€â”€â”€â”€â”€â”€â”€â”€â”€â”€â”€â”€â”€â”€â”€â”€â”€â”€â”€â”€â”€â”€â”€â”€â”€â”€â”€â”€â”€â”€â”€â”€â”€â”€â”€â”€â”€â”€â”€â”€â”€â”€â”€â”€â”€â”€â”€
    ../test-results/dev/advanced-data-driven-tests-238d5-tion-regression-data-driven-dev-api-tests/trace.zip
    Usage:

        npx playwright show-trace ../test-results/dev/advanced-data-driven-tests-238d5-tion-regression-data-driven-dev-api-tests/trace.zip

    â”€â”€â”€â”€â”€â”€â”€â”€â”€â”€â”€â”€â”€â”€â”€â”€â”€â”€â”€â”€â”€â”€â”€â”€â”€â”€â”€â”€â”€â”€â”€â”€â”€â”€â”€â”€â”€â”€â”€â”€â”€â”€â”€â”€â”€â”€â”€â”€â”€â”€â”€â”€â”€â”€â”€â”€â”€â”€â”€â”€â”€â”€â”€â”€â”€â”€â”€â”€â”€â”€â”€â”€â”€â”€â”€â”€â”€â”€â”€â”€â”€â”€â”€â”€â”€â”€â”€â”€â”€â”€â”€â”€â”€â”€â”€â”€

    Retry #1 â”€â”€â”€â”€â”€â”€â”€â”€â”€â”€â”€â”€â”€â”€â”€â”€â”€â”€â”€â”€â”€â”€â”€â”€â”€â”€â”€â”€â”€â”€â”€â”€â”€â”€â”€â”€â”€â”€â”€â”€â”€â”€â”€â”€â”€â”€â”€â”€â”€â”€â”€â”€â”€â”€â”€â”€â”€â”€â”€â”€â”€â”€â”€â”€â”€â”€â”€â”€â”€â”€â”€â”€â”€â”€â”€â”€â”€â”€â”€â”€â”€â”€â”€â”€â”€â”€â”€

    TypeError: Cannot read properties of undefined (reading 'fullName')

       at ../utils/test-actions.ts:80

      78 |     
      79 |     if (this.logConfig.enableFullLogs) {
    > 80 |       logToConsole(`ðŸ‘¤ Creating test user: ${testUser.fullName}`);
         |                                                       ^
      81 |     }
      82 |     
      83 |     const registrationResult = await this.apiHelper.registerUser(testUser);
        at TestActions.createTestUser (/Users/Anand/github/playwright-api-test/utils/test-actions.ts:80:55)
        at /Users/Anand/github/playwright-api-test/tests/advanced/data-driven-tests.spec.ts:157:40

    attachment #1: trace (application/zip) â”€â”€â”€â”€â”€â”€â”€â”€â”€â”€â”€â”€â”€â”€â”€â”€â”€â”€â”€â”€â”€â”€â”€â”€â”€â”€â”€â”€â”€â”€â”€â”€â”€â”€â”€â”€â”€â”€â”€â”€â”€â”€â”€â”€â”€â”€â”€â”€â”€â”€â”€â”€â”€â”€â”€â”€â”€
    ../test-results/dev/advanced-data-driven-tests-238d5-tion-regression-data-driven-dev-api-tests-retry1/trace.zip
    Usage:

        npx playwright show-trace ../test-results/dev/advanced-data-driven-tests-238d5-tion-regression-data-driven-dev-api-tests-retry1/trace.zip

    â”€â”€â”€â”€â”€â”€â”€â”€â”€â”€â”€â”€â”€â”€â”€â”€â”€â”€â”€â”€â”€â”€â”€â”€â”€â”€â”€â”€â”€â”€â”€â”€â”€â”€â”€â”€â”€â”€â”€â”€â”€â”€â”€â”€â”€â”€â”€â”€â”€â”€â”€â”€â”€â”€â”€â”€â”€â”€â”€â”€â”€â”€â”€â”€â”€â”€â”€â”€â”€â”€â”€â”€â”€â”€â”€â”€â”€â”€â”€â”€â”€â”€â”€â”€â”€â”€â”€â”€â”€â”€â”€â”€â”€â”€â”€â”€
]]>
</failure>
<system-out>
<![CDATA[ðŸš€ Starting bulk profile update data-driven test

ðŸ“ TEST STEP: Create Test User
â° Step Started: 2025-08-12T23:28:44.036Z
â”€â”€â”€â”€â”€â”€â”€â”€â”€â”€â”€â”€â”€â”€â”€â”€â”€â”€â”€â”€â”€â”€â”€â”€â”€â”€â”€â”€â”€â”€â”€â”€â”€â”€â”€â”€â”€â”€â”€â”€â”€â”€â”€â”€â”€â”€â”€â”€â”€â”€â”€â”€â”€â”€â”€â”€â”€â”€â”€â”€


ðŸš€ Starting bulk profile update data-driven test

ðŸ“ TEST STEP: Create Test User
â° Step Started: 2025-08-12T23:28:44.354Z
â”€â”€â”€â”€â”€â”€â”€â”€â”€â”€â”€â”€â”€â”€â”€â”€â”€â”€â”€â”€â”€â”€â”€â”€â”€â”€â”€â”€â”€â”€â”€â”€â”€â”€â”€â”€â”€â”€â”€â”€â”€â”€â”€â”€â”€â”€â”€â”€â”€â”€â”€â”€â”€â”€â”€â”€â”€â”€â”€â”€


]]>
</system-out>
<system-err>
<![CDATA[
Warning: attachment ../test-results/dev/advanced-data-driven-tests-238d5-tion-regression-data-driven-dev-api-tests/trace.zip is missing
Warning: attachment ../test-results/dev/advanced-data-driven-tests-238d5-tion-regression-data-driven-dev-api-tests-retry1/trace.zip is missing]]>
</system-err>
</testcase>
<testcase name="ðŸ“Š Data-Driven Test Scenarios â€º should validate data consistency across different formats @regression @data-driven" classname="advanced/data-driven-tests.spec.ts" time="0.372">
<skipped>
</skipped>
</testcase>
</testsuite>
<testsuite name="advanced/header-validation.spec.ts" timestamp="2025-08-12T23:28:40.859Z" hostname="dev-api-tests" tests="9" failures="0" skipped="9" time="0" errors="0">
<testcase name="Request Header Validation â€º should include all required headers in API requests @regression @headers" classname="advanced/header-validation.spec.ts" time="0">
<skipped>
</skipped>
</testcase>
<testcase name="Request Header Validation â€º should handle authentication headers correctly @regression @headers" classname="advanced/header-validation.spec.ts" time="0">
<skipped>
</skipped>
</testcase>
<testcase name="Request Header Validation â€º should set correct Content-Type headers for different operations @regression @headers" classname="advanced/header-validation.spec.ts" time="0">
<skipped>
</skipped>
</testcase>
<testcase name="Response Header Validation â€º should return all expected headers in API responses @regression @headers" classname="advanced/header-validation.spec.ts" time="0">
<skipped>
</skipped>
</testcase>
<testcase name="Response Header Validation â€º should include proper CORS headers in responses @regression @headers" classname="advanced/header-validation.spec.ts" time="0">
<skipped>
</skipped>
</testcase>
<testcase name="Response Header Validation â€º should include security headers in responses @regression @headers @security" classname="advanced/header-validation.spec.ts" time="0">
<skipped>
</skipped>
</testcase>
<testcase name="Custom Header Testing â€º should handle API version headers correctly @regression @headers" classname="advanced/header-validation.spec.ts" time="0">
<skipped>
</skipped>
</testcase>
<testcase name="Custom Header Testing â€º should include rate limiting headers in responses @regression @headers" classname="advanced/header-validation.spec.ts" time="0">
<skipped>
</skipped>
</testcase>
<testcase name="Custom Header Testing â€º should include request tracking headers @regression @headers @tracking" classname="advanced/header-validation.spec.ts" time="0">
<skipped>
</skipped>
</testcase>
</testsuite>
<testsuite name="advanced/negative-scenarios.spec.ts" timestamp="2025-08-12T23:28:40.859Z" hostname="dev-api-tests" tests="8" failures="0" skipped="8" time="0" errors="0">
<testcase name="Invalid Data Validation Tests â€º should reject user creation with invalid data combinations @regression @negative" classname="advanced/negative-scenarios.spec.ts" time="0">
<skipped>
</skipped>
</testcase>
<testcase name="Invalid Data Validation Tests â€º should handle authentication failures correctly @regression @negative" classname="advanced/negative-scenarios.spec.ts" time="0">
<skipped>
</skipped>
</testcase>
<testcase name="Resource Not Found Tests â€º should return 404 for non-existent user access @regression @negative" classname="advanced/negative-scenarios.spec.ts" time="0">
<skipped>
</skipped>
</testcase>
<testcase name="Resource Not Found Tests â€º should handle invalid resource operations correctly @regression @negative" classname="advanced/negative-scenarios.spec.ts" time="0">
<skipped>
</skipped>
</testcase>
<testcase name="Unauthorized Access Tests â€º should reject access with invalid authentication tokens @regression @negative" classname="advanced/negative-scenarios.spec.ts" time="0">
<skipped>
</skipped>
</testcase>
<testcase name="Unauthorized Access Tests â€º should reject authentication with incomplete credentials @regression @negative" classname="advanced/negative-scenarios.spec.ts" time="0">
<skipped>
</skipped>
</testcase>
<testcase name="Edge Case and Boundary Tests â€º should handle empty and null values appropriately @regression @negative" classname="advanced/negative-scenarios.spec.ts" time="0">
<skipped>
</skipped>
</testcase>
<testcase name="Edge Case and Boundary Tests â€º should handle malformed request data correctly @regression @negative" classname="advanced/negative-scenarios.spec.ts" time="0">
<skipped>
</skipped>
</testcase>
</testsuite>
<testsuite name="advanced/performance-tests.spec.ts" timestamp="2025-08-12T23:28:40.859Z" hostname="dev-api-tests" tests="9" failures="0" skipped="9" time="0" errors="0">
<testcase name="Concurrent Request Performance â€º should handle concurrent user creation efficiently @performance @concurrent" classname="advanced/performance-tests.spec.ts" time="0">
<skipped>
</skipped>
</testcase>
<testcase name="Concurrent Request Performance â€º should handle concurrent read operations efficiently @performance @concurrent" classname="advanced/performance-tests.spec.ts" time="0">
<skipped>
</skipped>
</testcase>
<testcase name="Concurrent Request Performance â€º should handle mixed concurrent operations efficiently @performance @concurrent" classname="advanced/performance-tests.spec.ts" time="0">
<skipped>
</skipped>
</testcase>
<testcase name="Load Testing with Data Sets â€º should maintain performance with bulk data processing @performance @bulk" classname="advanced/performance-tests.spec.ts" time="0">
<skipped>
</skipped>
</testcase>
<testcase name="Load Testing with Data Sets â€º should handle large data sets efficiently @performance @memory" classname="advanced/performance-tests.spec.ts" time="0">
<skipped>
</skipped>
</testcase>
<testcase name="Load Testing with Data Sets â€º should maintain consistent response times @performance @consistency" classname="advanced/performance-tests.spec.ts" time="0">
<skipped>
</skipped>
</testcase>
<testcase name="Resource Usage Testing â€º should handle timeouts gracefully @performance @timeout" classname="advanced/performance-tests.spec.ts" time="0">
<skipped>
</skipped>
</testcase>
<testcase name="Resource Usage Testing â€º should efficiently manage connection pools @performance @connections" classname="advanced/performance-tests.spec.ts" time="0">
<skipped>
</skipped>
</testcase>
<testcase name="Resource Usage Testing â€º should efficiently clean up resources @performance @cleanup" classname="advanced/performance-tests.spec.ts" time="0">
<skipped>
</skipped>
</testcase>
</testsuite>
<testsuite name="auth/authentication.spec.ts" timestamp="2025-08-12T23:28:40.859Z" hostname="dev-api-tests" tests="11" failures="0" skipped="11" time="0" errors="0">
<testcase name="Authentication Flow â€º should authenticate user with valid credentials @smoke @critical-path" classname="auth/authentication.spec.ts" time="0">
<skipped>
</skipped>
</testcase>
<testcase name="Authentication Flow â€º should reject invalid credentials @regression" classname="auth/authentication.spec.ts" time="0">
<skipped>
</skipped>
</testcase>
<testcase name="Authentication Flow â€º should handle missing credentials @regression" classname="auth/authentication.spec.ts" time="0">
<skipped>
</skipped>
</testcase>
<testcase name="Session Management â€º should maintain session with valid token @smoke" classname="auth/authentication.spec.ts" time="0">
<skipped>
</skipped>
</testcase>
<testcase name="Session Management â€º should refresh authentication token @regression" classname="auth/authentication.spec.ts" time="0">
<skipped>
</skipped>
</testcase>
<testcase name="Session Management â€º should handle session timeout scenarios @regression" classname="auth/authentication.spec.ts" time="0">
<skipped>
</skipped>
</testcase>
<testcase name="Session Management â€º should logout user successfully @smoke" classname="auth/authentication.spec.ts" time="0">
<skipped>
</skipped>
</testcase>
<testcase name="Password Management â€º should change password with valid current password @regression" classname="auth/authentication.spec.ts" time="0">
<skipped>
</skipped>
</testcase>
<testcase name="Password Management â€º should reject password change with invalid current password @regression" classname="auth/authentication.spec.ts" time="0">
<skipped>
</skipped>
</testcase>
<testcase name="Password Management â€º should handle forgot password request @regression" classname="auth/authentication.spec.ts" time="0">
<skipped>
</skipped>
</testcase>
<testcase name="Password Management â€º should reset password with valid token @regression" classname="auth/authentication.spec.ts" time="0">
<skipped>
</skipped>
</testcase>
</testsuite>
<testsuite name="dashboard-demo.spec.ts" timestamp="2025-08-12T23:28:40.859Z" hostname="dev-api-tests" tests="3" failures="0" skipped="3" time="0" errors="0">
<testcase name="Dashboard Demo Data â€º API test to populate dashboard @smoke" classname="dashboard-demo.spec.ts" time="0">
<skipped>
</skipped>
</testcase>
<testcase name="Dashboard Demo Data â€º API error handling test @regression" classname="dashboard-demo.spec.ts" time="0">
<skipped>
</skipped>
</testcase>
<testcase name="Dashboard Demo Data â€º Performance test for dashboard metrics @performance" classname="dashboard-demo.spec.ts" time="0">
<skipped>
</skipped>
</testcase>
</testsuite>
<testsuite name="generated/pet-management.spec.ts" timestamp="2025-08-12T23:28:40.859Z" hostname="dev-api-tests" tests="8" failures="0" skipped="8" time="0" errors="0">
<testcase name="Pet Management API Tests - Requirements Coverage â€º REQ-PET-001-TC-001: Add a new pet to the store - Valid Request @smoke @regression" classname="generated/pet-management.spec.ts" time="0">
<skipped>
</skipped>
</testcase>
<testcase name="Pet Management API Tests - Requirements Coverage â€º REQ-PET-001-TC-002: Add pet with invalid data - Error Handling" classname="generated/pet-management.spec.ts" time="0">
<skipped>
</skipped>
</testcase>
<testcase name="Pet Management API Tests - Requirements Coverage â€º REQ-PET-001-TC-003: Add pet without required fields - Validation" classname="generated/pet-management.spec.ts" time="0">
<skipped>
</skipped>
</testcase>
<testcase name="Pet Management API Tests - Requirements Coverage â€º REQ-PET-002-TC-001: Update an existing pet @regression" classname="generated/pet-management.spec.ts" time="0">
<skipped>
</skipped>
</testcase>
<testcase name="Pet Management API Tests - Requirements Coverage â€º REQ-PET-003-TC-001: Find pets by status @smoke" classname="generated/pet-management.spec.ts" time="0">
<skipped>
</skipped>
</testcase>
<testcase name="Pet Management API Tests - Requirements Coverage â€º REQ-PET-004-TC-001: Find pet by ID - Valid ID" classname="generated/pet-management.spec.ts" time="0">
<skipped>
</skipped>
</testcase>
<testcase name="Pet Management API Tests - Requirements Coverage â€º REQ-PET-004-TC-002: Find pet by invalid ID - Error Handling" classname="generated/pet-management.spec.ts" time="0">
<skipped>
</skipped>
</testcase>
<testcase name="Pet Management API Tests - Requirements Coverage â€º REQ-PET-005-TC-001: Delete pet - Valid Request" classname="generated/pet-management.spec.ts" time="0">
<skipped>
</skipped>
</testcase>
</testsuite>
<testsuite name="generated/store-management.spec.ts" timestamp="2025-08-12T23:28:40.859Z" hostname="dev-api-tests" tests="6" failures="0" skipped="6" time="0" errors="0">
<testcase name="Store Management API Tests - Requirements Coverage â€º REQ-STO-001-TC-001: Get store inventory @smoke" classname="generated/store-management.spec.ts" time="0">
<skipped>
</skipped>
</testcase>
<testcase name="Store Management API Tests - Requirements Coverage â€º REQ-STO-002-TC-001: Place order for pet - Valid Request" classname="generated/store-management.spec.ts" time="0">
<skipped>
</skipped>
</testcase>
<testcase name="Store Management API Tests - Requirements Coverage â€º REQ-STO-002-TC-002: Place order with invalid data - Error Handling" classname="generated/store-management.spec.ts" time="0">
<skipped>
</skipped>
</testcase>
<testcase name="Store Management API Tests - Requirements Coverage â€º REQ-STO-003-TC-001: Find order by ID - Valid Request" classname="generated/store-management.spec.ts" time="0">
<skipped>
</skipped>
</testcase>
<testcase name="Store Management API Tests - Requirements Coverage â€º REQ-STO-003-TC-002: Find order by invalid ID - Error Handling" classname="generated/store-management.spec.ts" time="0">
<skipped>
</skipped>
</testcase>
<testcase name="Store Management API Tests - Requirements Coverage â€º REQ-STO-004-TC-001: Delete order - Valid Request" classname="generated/store-management.spec.ts" time="0">
<skipped>
</skipped>
</testcase>
</testsuite>
<testsuite name="generated/user-management.spec.ts" timestamp="2025-08-12T23:28:40.859Z" hostname="dev-api-tests" tests="11" failures="0" skipped="11" time="0" errors="0">
<testcase name="User Management API Tests - Requirements Coverage â€º REQ-USE-001-TC-001: Create user - Valid Request @smoke" classname="generated/user-management.spec.ts" time="0">
<skipped>
</skipped>
</testcase>
<testcase name="User Management API Tests - Requirements Coverage â€º REQ-USE-001-TC-002: Create user with invalid data - Error Handling" classname="generated/user-management.spec.ts" time="0">
<skipped>
</skipped>
</testcase>
<testcase name="User Management API Tests - Requirements Coverage â€º REQ-USE-002-TC-001: Create users with array - Valid Request" classname="generated/user-management.spec.ts" time="0">
<skipped>
</skipped>
</testcase>
<testcase name="User Management API Tests - Requirements Coverage â€º REQ-USE-003-TC-001: Create users with list - Valid Request" classname="generated/user-management.spec.ts" time="0">
<skipped>
</skipped>
</testcase>
<testcase name="User Management API Tests - Requirements Coverage â€º REQ-USE-004-TC-001: Get user by username - Valid Request" classname="generated/user-management.spec.ts" time="0">
<skipped>
</skipped>
</testcase>
<testcase name="User Management API Tests - Requirements Coverage â€º REQ-USE-004-TC-002: Get user by non-existent username - Error Handling" classname="generated/user-management.spec.ts" time="0">
<skipped>
</skipped>
</testcase>
<testcase name="User Management API Tests - Requirements Coverage â€º REQ-USE-005-TC-001: Update user - Valid Request" classname="generated/user-management.spec.ts" time="0">
<skipped>
</skipped>
</testcase>
<testcase name="User Management API Tests - Requirements Coverage â€º REQ-USE-006-TC-001: Delete user - Valid Request" classname="generated/user-management.spec.ts" time="0">
<skipped>
</skipped>
</testcase>
<testcase name="User Management API Tests - Requirements Coverage â€º REQ-USE-007-TC-001: User login - Valid Credentials @critical" classname="generated/user-management.spec.ts" time="0">
<skipped>
</skipped>
</testcase>
<testcase name="User Management API Tests - Requirements Coverage â€º REQ-USE-007-TC-002: User login - Invalid Credentials" classname="generated/user-management.spec.ts" time="0">
<skipped>
</skipped>
</testcase>
<testcase name="User Management API Tests - Requirements Coverage â€º REQ-USE-008-TC-001: User logout @critical" classname="generated/user-management.spec.ts" time="0">
<skipped>
</skipped>
</testcase>
</testsuite>
<testsuite name="migration/simple-supertest-demo.spec.ts" timestamp="2025-08-12T23:28:40.859Z" hostname="dev-api-tests" tests="1" failures="0" skipped="1" time="0" errors="0">
<testcase name="Simple Supertest Format Demo â€º should generate logs in Supertest format @supertest" classname="migration/simple-supertest-demo.spec.ts" time="0">
<skipped>
</skipped>
</testcase>
</testsuite>
<testsuite name="migration/supertest-roundtrip-demo.spec.ts" timestamp="2025-08-12T23:28:40.859Z" hostname="dev-api-tests" tests="2" failures="0" skipped="2" time="0" errors="0">
<testcase name="Supertest Round-Trip Migration Demo â€º should authenticate user with valid credentials for migration demo @supertest @migration" classname="migration/supertest-roundtrip-demo.spec.ts" time="0">
<skipped>
</skipped>
</testcase>
<testcase name="Supertest Round-Trip Migration Demo â€º should update user profile successfully for migration demo @supertest @migration" classname="migration/supertest-roundtrip-demo.spec.ts" time="0">
<skipped>
</skipped>
</testcase>
</testsuite>
<testsuite name="profile/profileManagement.spec.ts" timestamp="2025-08-12T23:28:40.859Z" hostname="dev-api-tests" tests="14" failures="0" skipped="14" time="0" errors="0">
<testcase name="Profile Management â€º should get user profile information @smoke" classname="profile/profileManagement.spec.ts" time="0">
<skipped>
</skipped>
</testcase>
<testcase name="Profile Management â€º should update basic profile information @regression" classname="profile/profileManagement.spec.ts" time="0">
<skipped>
</skipped>
</testcase>
<testcase name="Email Management â€º should update email address @regression" classname="profile/profileManagement.spec.ts" time="0">
<skipped>
</skipped>
</testcase>
<testcase name="Email Management â€º should validate email format during update @regression" classname="profile/profileManagement.spec.ts" time="0">
<skipped>
</skipped>
</testcase>
<testcase name="Email Management â€º should handle duplicate email update @regression" classname="profile/profileManagement.spec.ts" time="0">
<skipped>
</skipped>
</testcase>
<testcase name="Email Management â€º should verify email change confirmation @regression" classname="profile/profileManagement.spec.ts" time="0">
<skipped>
</skipped>
</testcase>
<testcase name="Phone Number Management â€º should update phone number @regression" classname="profile/profileManagement.spec.ts" time="0">
<skipped>
</skipped>
</testcase>
<testcase name="Phone Number Management â€º should validate phone number format @regression" classname="profile/profileManagement.spec.ts" time="0">
<skipped>
</skipped>
</testcase>
<testcase name="Phone Number Management â€º should handle international phone numbers @regression" classname="profile/profileManagement.spec.ts" time="0">
<skipped>
</skipped>
</testcase>
<testcase name="Phone Number Management â€º should verify phone number change @regression" classname="profile/profileManagement.spec.ts" time="0">
<skipped>
</skipped>
</testcase>
<testcase name="Address Management â€º should update address information @regression" classname="profile/profileManagement.spec.ts" time="0">
<skipped>
</skipped>
</testcase>
<testcase name="Address Management â€º should handle partial address updates @regression" classname="profile/profileManagement.spec.ts" time="0">
<skipped>
</skipped>
</testcase>
<testcase name="Profile Picture Management â€º should update profile picture URL @regression" classname="profile/profileManagement.spec.ts" time="0">
<skipped>
</skipped>
</testcase>
<testcase name="Profile Picture Management â€º should handle avatar upload simulation @regression" classname="profile/profileManagement.spec.ts" time="0">
<skipped>
</skipped>
</testcase>
</testsuite>
<testsuite name="real-working/authentication-and-session-management.spec.ts" timestamp="2025-08-12T23:28:40.859Z" hostname="dev-api-tests" tests="1" failures="0" skipped="1" time="0" errors="0">
<testcase name="Authentication and Session Management â€º Authentication and Session Management @auth @session @security" classname="real-working/authentication-and-session-management.spec.ts" time="0">
<skipped>
</skipped>
</testcase>
</testsuite>
<testsuite name="real-working/avatar-and-file-operations.spec.ts" timestamp="2025-08-12T23:28:40.859Z" hostname="dev-api-tests" tests="1" failures="0" skipped="1" time="0" errors="0">
<testcase name="Avatar and File Operations â€º Avatar and File Operations @files @avatar @upload" classname="real-working/avatar-and-file-operations.spec.ts" time="0">
<skipped>
</skipped>
</testcase>
</testsuite>
<testsuite name="real-working/error-handling-and-edge-cases.spec.ts" timestamp="2025-08-12T23:28:40.859Z" hostname="dev-api-tests" tests="1" failures="0" skipped="1" time="0" errors="0">
<testcase name="Error Handling and Edge Cases â€º Error Handling and Edge Cases @negative @error @edge-cases" classname="real-working/error-handling-and-edge-cases.spec.ts" time="0">
<skipped>
</skipped>
</testcase>
</testsuite>
<testsuite name="real-working/final-working-tests.spec.ts" timestamp="2025-08-12T23:28:40.859Z" hostname="dev-api-tests" tests="3" failures="0" skipped="3" time="0" errors="0">
<testcase name="Final Real Working Tests â€º User Registration Test @smoke @registration" classname="real-working/final-working-tests.spec.ts" time="0">
<skipped>
</skipped>
</testcase>
<testcase name="Final Real Working Tests â€º User Registration with Validation @regression" classname="real-working/final-working-tests.spec.ts" time="0">
<skipped>
</skipped>
</testcase>
<testcase name="Final Real Working Tests â€º Multiple User Registration @performance" classname="real-working/final-working-tests.spec.ts" time="0">
<skipped>
</skipped>
</testcase>
</testsuite>
<testsuite name="real-working/profile-management-operations.spec.ts" timestamp="2025-08-12T23:28:40.859Z" hostname="dev-api-tests" tests="1" failures="0" skipped="1" time="0" errors="0">
<testcase name="Profile Management Operations â€º Profile Management Operations @profile @update @regression" classname="real-working/profile-management-operations.spec.ts" time="0">
<skipped>
</skipped>
</testcase>
</testsuite>
<testsuite name="real-working/simple-working-test.spec.ts" timestamp="2025-08-12T23:28:40.859Z" hostname="dev-api-tests" tests="2" failures="0" skipped="2" time="0" errors="0">
<testcase name="Simple Real Working Test â€º should register a new user successfully (copy of working test) @smoke @regression" classname="real-working/simple-working-test.spec.ts" time="0">
<skipped>
</skipped>
</testcase>
<testcase name="Simple Real Working Test â€º should create and manage user (copy working pattern) @smoke" classname="real-working/simple-working-test.spec.ts" time="0">
<skipped>
</skipped>
</testcase>
</testsuite>
<testsuite name="real-working/user-list-and-bulk-operations.spec.ts" timestamp="2025-08-12T23:28:40.859Z" hostname="dev-api-tests" tests="1" failures="0" skipped="1" time="0" errors="0">
<testcase name="User List and Bulk Operations â€º User List and Bulk Operations @bulk @performance @users" classname="real-working/user-list-and-bulk-operations.spec.ts" time="0">
<skipped>
</skipped>
</testcase>
</testsuite>
<testsuite name="real-working/user-registration-and-profile-flow.spec.ts" timestamp="2025-08-12T23:28:40.859Z" hostname="dev-api-tests" tests="1" failures="0" skipped="1" time="0" errors="0">
<testcase name="User Registration and Profile Flow â€º User Registration and Profile Flow @smoke @registration @auth" classname="real-working/user-registration-and-profile-flow.spec.ts" time="0">
<skipped>
</skipped>
</testcase>
</testsuite>
<testsuite name="reality-check/converted-test-reality.spec.ts" timestamp="2025-08-12T23:28:40.859Z" hostname="dev-api-tests" tests="1" failures="0" skipped="1" time="0" errors="0">
<testcase name="Sample Supertest Iblogin - Reality Check â€º Sample Supertest Iblogin Reality Check @iblogin @auth @headers @testcase" classname="reality-check/converted-test-reality.spec.ts" time="0">
<skipped>
</skipped>
</testcase>
</testsuite>
<testsuite name="simple.spec.ts" timestamp="2025-08-12T23:28:40.859Z" hostname="dev-api-tests" tests="1" failures="0" skipped="1" time="0" errors="0">
<testcase name="Simple API Test â€º should make a basic API call" classname="simple.spec.ts" time="0">
<skipped>
</skipped>
</testcase>
</testsuite>
<testsuite name="trace-demo.spec.ts" timestamp="2025-08-12T23:28:40.859Z" hostname="dev-api-tests" tests="2" failures="0" skipped="2" time="0" errors="0">
<testcase name="Trace Demo â€º simple API test for trace demonstration @smoke" classname="trace-demo.spec.ts" time="0">
<skipped>
</skipped>
</testcase>
<testcase name="Trace Demo â€º API test with multiple requests for trace analysis @regression" classname="trace-demo.spec.ts" time="0">
<skipped>
</skipped>
</testcase>
</testsuite>
<testsuite name="user-management/userRegistration.spec.ts" timestamp="2025-08-12T23:28:40.859Z" hostname="dev-api-tests" tests="9" failures="0" skipped="9" time="0" errors="0">
<testcase name="User Registration Flow â€º should register a new user successfully @smoke @regression" classname="user-management/userRegistration.spec.ts" time="0">
<skipped>
</skipped>
</testcase>
<testcase name="User Registration Flow â€º should handle duplicate email registration @regression" classname="user-management/userRegistration.spec.ts" time="0">
<skipped>
</skipped>
</testcase>
<testcase name="User Registration Flow â€º should validate required fields during registration @regression" classname="user-management/userRegistration.spec.ts" time="0">
<skipped>
</skipped>
</testcase>
<testcase name="User Management Operations â€º should retrieve user profile @smoke" classname="user-management/userRegistration.spec.ts" time="0">
<skipped>
</skipped>
</testcase>
<testcase name="User Management Operations â€º should update user profile successfully @regression" classname="user-management/userRegistration.spec.ts" time="0">
<skipped>
</skipped>
</testcase>
<testcase name="User Management Operations â€º should handle user not found scenario @regression" classname="user-management/userRegistration.spec.ts" time="0">
<skipped>
</skipped>
</testcase>
<testcase name="User Management Operations â€º should delete user account @regression" classname="user-management/userRegistration.spec.ts" time="0">
<skipped>
</skipped>
</testcase>
<testcase name="Bulk User Operations â€º should handle multiple user creation @performance" classname="user-management/userRegistration.spec.ts" time="0">
<skipped>
</skipped>
</testcase>
<testcase name="Bulk User Operations â€º should retrieve list of users @smoke" classname="user-management/userRegistration.spec.ts" time="0">
<skipped>
</skipped>
</testcase>
</testsuite>
<testsuite name="advanced/chained-test-clean.spec.ts" timestamp="2025-08-12T23:28:40.859Z" hostname="dev-api-tests-debug" tests="4" failures="0" skipped="4" time="0" errors="0">
<testcase name="Chained Test Flow - User Registration to Profile Management â€º Step 1: should register user and generate authentication tokens @smoke @chain" classname="advanced/chained-test-clean.spec.ts" time="0">
<skipped>
</skipped>
</testcase>
<testcase name="Chained Test Flow - User Registration to Profile Management â€º Step 2: should access user profile with authentication token @regression @chain" classname="advanced/chained-test-clean.spec.ts" time="0">
<skipped>
</skipped>
</testcase>
<testcase name="Chained Test Flow - User Registration to Profile Management â€º Step 3: should update profile with authenticated session @regression @chain" classname="advanced/chained-test-clean.spec.ts" time="0">
<skipped>
</skipped>
</testcase>
<testcase name="Chained Test Flow - User Registration to Profile Management â€º Step 4: should verify complete user journey and cleanup session @regression @chain" classname="advanced/chained-test-clean.spec.ts" time="0">
<skipped>
</skipped>
</testcase>
</testsuite>
<testsuite name="advanced/chained-tests.spec.ts" timestamp="2025-08-12T23:28:40.859Z" hostname="dev-api-tests-debug" tests="3" failures="0" skipped="3" time="0" errors="0">
<testcase name="ðŸ”— Chained Test Scenarios â€º should execute complete user journey chain with token passing @smoke @chained" classname="advanced/chained-tests.spec.ts" time="0">
<skipped>
</skipped>
</testcase>
<testcase name="ðŸ”— Chained Test Scenarios â€º should execute authenticated API operations chain with token management @regression @chained" classname="advanced/chained-tests.spec.ts" time="0">
<skipped>
</skipped>
</testcase>
<testcase name="ðŸ”— Chained Test Scenarios â€º should handle error recovery in chained operations @regression @chained" classname="advanced/chained-tests.spec.ts" time="0">
<skipped>
</skipped>
</testcase>
</testsuite>
<testsuite name="advanced/data-driven-clean.spec.ts" timestamp="2025-08-12T23:28:40.859Z" hostname="dev-api-tests-debug" tests="4" failures="0" skipped="4" time="0" errors="0">
<testcase name="Data-Driven User Profile Tests â€º should create and validate multiple user profiles with different data sets @regression" classname="advanced/data-driven-clean.spec.ts" time="0">
<skipped>
</skipped>
</testcase>
<testcase name="Data-Driven User Profile Tests â€º should authenticate multiple users with different credential sets @regression" classname="advanced/data-driven-clean.spec.ts" time="0">
<skipped>
</skipped>
</testcase>
<testcase name="Data-Driven User Profile Tests â€º should update user profiles with various data combinations @regression" classname="advanced/data-driven-clean.spec.ts" time="0">
<skipped>
</skipped>
</testcase>
<testcase name="Bulk Operations Testing â€º should handle multiple concurrent user operations @performance" classname="advanced/data-driven-clean.spec.ts" time="0">
<skipped>
</skipped>
</testcase>
</testsuite>
<testsuite name="advanced/data-driven-tests.spec.ts" timestamp="2025-08-12T23:28:40.859Z" hostname="dev-api-tests-debug" tests="3" failures="0" skipped="3" time="0" errors="0">
<testcase name="ðŸ“Š Data-Driven Test Scenarios â€º should execute multiple user registration scenarios with for loop validation @regression @data-driven" classname="advanced/data-driven-tests.spec.ts" time="0">
<skipped>
</skipped>
</testcase>
<testcase name="ðŸ“Š Data-Driven Test Scenarios â€º should execute bulk profile update scenarios with validation @regression @data-driven" classname="advanced/data-driven-tests.spec.ts" time="0">
<skipped>
</skipped>
</testcase>
<testcase name="ðŸ“Š Data-Driven Test Scenarios â€º should validate data consistency across different formats @regression @data-driven" classname="advanced/data-driven-tests.spec.ts" time="0">
<skipped>
</skipped>
</testcase>
</testsuite>
<testsuite name="advanced/header-validation.spec.ts" timestamp="2025-08-12T23:28:40.859Z" hostname="dev-api-tests-debug" tests="9" failures="0" skipped="9" time="0" errors="0">
<testcase name="Request Header Validation â€º should include all required headers in API requests @regression @headers" classname="advanced/header-validation.spec.ts" time="0">
<skipped>
</skipped>
</testcase>
<testcase name="Request Header Validation â€º should handle authentication headers correctly @regression @headers" classname="advanced/header-validation.spec.ts" time="0">
<skipped>
</skipped>
</testcase>
<testcase name="Request Header Validation â€º should set correct Content-Type headers for different operations @regression @headers" classname="advanced/header-validation.spec.ts" time="0">
<skipped>
</skipped>
</testcase>
<testcase name="Response Header Validation â€º should return all expected headers in API responses @regression @headers" classname="advanced/header-validation.spec.ts" time="0">
<skipped>
</skipped>
</testcase>
<testcase name="Response Header Validation â€º should include proper CORS headers in responses @regression @headers" classname="advanced/header-validation.spec.ts" time="0">
<skipped>
</skipped>
</testcase>
<testcase name="Response Header Validation â€º should include security headers in responses @regression @headers @security" classname="advanced/header-validation.spec.ts" time="0">
<skipped>
</skipped>
</testcase>
<testcase name="Custom Header Testing â€º should handle API version headers correctly @regression @headers" classname="advanced/header-validation.spec.ts" time="0">
<skipped>
</skipped>
</testcase>
<testcase name="Custom Header Testing â€º should include rate limiting headers in responses @regression @headers" classname="advanced/header-validation.spec.ts" time="0">
<skipped>
</skipped>
</testcase>
<testcase name="Custom Header Testing â€º should include request tracking headers @regression @headers @tracking" classname="advanced/header-validation.spec.ts" time="0">
<skipped>
</skipped>
</testcase>
</testsuite>
<testsuite name="advanced/negative-scenarios.spec.ts" timestamp="2025-08-12T23:28:40.859Z" hostname="dev-api-tests-debug" tests="8" failures="0" skipped="8" time="0" errors="0">
<testcase name="Invalid Data Validation Tests â€º should reject user creation with invalid data combinations @regression @negative" classname="advanced/negative-scenarios.spec.ts" time="0">
<skipped>
</skipped>
</testcase>
<testcase name="Invalid Data Validation Tests â€º should handle authentication failures correctly @regression @negative" classname="advanced/negative-scenarios.spec.ts" time="0">
<skipped>
</skipped>
</testcase>
<testcase name="Resource Not Found Tests â€º should return 404 for non-existent user access @regression @negative" classname="advanced/negative-scenarios.spec.ts" time="0">
<skipped>
</skipped>
</testcase>
<testcase name="Resource Not Found Tests â€º should handle invalid resource operations correctly @regression @negative" classname="advanced/negative-scenarios.spec.ts" time="0">
<skipped>
</skipped>
</testcase>
<testcase name="Unauthorized Access Tests â€º should reject access with invalid authentication tokens @regression @negative" classname="advanced/negative-scenarios.spec.ts" time="0">
<skipped>
</skipped>
</testcase>
<testcase name="Unauthorized Access Tests â€º should reject authentication with incomplete credentials @regression @negative" classname="advanced/negative-scenarios.spec.ts" time="0">
<skipped>
</skipped>
</testcase>
<testcase name="Edge Case and Boundary Tests â€º should handle empty and null values appropriately @regression @negative" classname="advanced/negative-scenarios.spec.ts" time="0">
<skipped>
</skipped>
</testcase>
<testcase name="Edge Case and Boundary Tests â€º should handle malformed request data correctly @regression @negative" classname="advanced/negative-scenarios.spec.ts" time="0">
<skipped>
</skipped>
</testcase>
</testsuite>
<testsuite name="advanced/performance-tests.spec.ts" timestamp="2025-08-12T23:28:40.859Z" hostname="dev-api-tests-debug" tests="9" failures="0" skipped="9" time="0" errors="0">
<testcase name="Concurrent Request Performance â€º should handle concurrent user creation efficiently @performance @concurrent" classname="advanced/performance-tests.spec.ts" time="0">
<skipped>
</skipped>
</testcase>
<testcase name="Concurrent Request Performance â€º should handle concurrent read operations efficiently @performance @concurrent" classname="advanced/performance-tests.spec.ts" time="0">
<skipped>
</skipped>
</testcase>
<testcase name="Concurrent Request Performance â€º should handle mixed concurrent operations efficiently @performance @concurrent" classname="advanced/performance-tests.spec.ts" time="0">
<skipped>
</skipped>
</testcase>
<testcase name="Load Testing with Data Sets â€º should maintain performance with bulk data processing @performance @bulk" classname="advanced/performance-tests.spec.ts" time="0">
<skipped>
</skipped>
</testcase>
<testcase name="Load Testing with Data Sets â€º should handle large data sets efficiently @performance @memory" classname="advanced/performance-tests.spec.ts" time="0">
<skipped>
</skipped>
</testcase>
<testcase name="Load Testing with Data Sets â€º should maintain consistent response times @performance @consistency" classname="advanced/performance-tests.spec.ts" time="0">
<skipped>
</skipped>
</testcase>
<testcase name="Resource Usage Testing â€º should handle timeouts gracefully @performance @timeout" classname="advanced/performance-tests.spec.ts" time="0">
<skipped>
</skipped>
</testcase>
<testcase name="Resource Usage Testing â€º should efficiently manage connection pools @performance @connections" classname="advanced/performance-tests.spec.ts" time="0">
<skipped>
</skipped>
</testcase>
<testcase name="Resource Usage Testing â€º should efficiently clean up resources @performance @cleanup" classname="advanced/performance-tests.spec.ts" time="0">
<skipped>
</skipped>
</testcase>
</testsuite>
<testsuite name="auth/authentication.spec.ts" timestamp="2025-08-12T23:28:40.859Z" hostname="dev-api-tests-debug" tests="11" failures="0" skipped="11" time="0" errors="0">
<testcase name="Authentication Flow â€º should authenticate user with valid credentials @smoke @critical-path" classname="auth/authentication.spec.ts" time="0">
<skipped>
</skipped>
</testcase>
<testcase name="Authentication Flow â€º should reject invalid credentials @regression" classname="auth/authentication.spec.ts" time="0">
<skipped>
</skipped>
</testcase>
<testcase name="Authentication Flow â€º should handle missing credentials @regression" classname="auth/authentication.spec.ts" time="0">
<skipped>
</skipped>
</testcase>
<testcase name="Session Management â€º should maintain session with valid token @smoke" classname="auth/authentication.spec.ts" time="0">
<skipped>
</skipped>
</testcase>
<testcase name="Session Management â€º should refresh authentication token @regression" classname="auth/authentication.spec.ts" time="0">
<skipped>
</skipped>
</testcase>
<testcase name="Session Management â€º should handle session timeout scenarios @regression" classname="auth/authentication.spec.ts" time="0">
<skipped>
</skipped>
</testcase>
<testcase name="Session Management â€º should logout user successfully @smoke" classname="auth/authentication.spec.ts" time="0">
<skipped>
</skipped>
</testcase>
<testcase name="Password Management â€º should change password with valid current password @regression" classname="auth/authentication.spec.ts" time="0">
<skipped>
</skipped>
</testcase>
<testcase name="Password Management â€º should reject password change with invalid current password @regression" classname="auth/authentication.spec.ts" time="0">
<skipped>
</skipped>
</testcase>
<testcase name="Password Management â€º should handle forgot password request @regression" classname="auth/authentication.spec.ts" time="0">
<skipped>
</skipped>
</testcase>
<testcase name="Password Management â€º should reset password with valid token @regression" classname="auth/authentication.spec.ts" time="0">
<skipped>
</skipped>
</testcase>
</testsuite>
<testsuite name="dashboard-demo.spec.ts" timestamp="2025-08-12T23:28:40.859Z" hostname="dev-api-tests-debug" tests="3" failures="0" skipped="3" time="0" errors="0">
<testcase name="Dashboard Demo Data â€º API test to populate dashboard @smoke" classname="dashboard-demo.spec.ts" time="0">
<skipped>
</skipped>
</testcase>
<testcase name="Dashboard Demo Data â€º API error handling test @regression" classname="dashboard-demo.spec.ts" time="0">
<skipped>
</skipped>
</testcase>
<testcase name="Dashboard Demo Data â€º Performance test for dashboard metrics @performance" classname="dashboard-demo.spec.ts" time="0">
<skipped>
</skipped>
</testcase>
</testsuite>
<testsuite name="generated/pet-management.spec.ts" timestamp="2025-08-12T23:28:40.859Z" hostname="dev-api-tests-debug" tests="8" failures="0" skipped="8" time="0" errors="0">
<testcase name="Pet Management API Tests - Requirements Coverage â€º REQ-PET-001-TC-001: Add a new pet to the store - Valid Request @smoke @regression" classname="generated/pet-management.spec.ts" time="0">
<skipped>
</skipped>
</testcase>
<testcase name="Pet Management API Tests - Requirements Coverage â€º REQ-PET-001-TC-002: Add pet with invalid data - Error Handling" classname="generated/pet-management.spec.ts" time="0">
<skipped>
</skipped>
</testcase>
<testcase name="Pet Management API Tests - Requirements Coverage â€º REQ-PET-001-TC-003: Add pet without required fields - Validation" classname="generated/pet-management.spec.ts" time="0">
<skipped>
</skipped>
</testcase>
<testcase name="Pet Management API Tests - Requirements Coverage â€º REQ-PET-002-TC-001: Update an existing pet @regression" classname="generated/pet-management.spec.ts" time="0">
<skipped>
</skipped>
</testcase>
<testcase name="Pet Management API Tests - Requirements Coverage â€º REQ-PET-003-TC-001: Find pets by status @smoke" classname="generated/pet-management.spec.ts" time="0">
<skipped>
</skipped>
</testcase>
<testcase name="Pet Management API Tests - Requirements Coverage â€º REQ-PET-004-TC-001: Find pet by ID - Valid ID" classname="generated/pet-management.spec.ts" time="0">
<skipped>
</skipped>
</testcase>
<testcase name="Pet Management API Tests - Requirements Coverage â€º REQ-PET-004-TC-002: Find pet by invalid ID - Error Handling" classname="generated/pet-management.spec.ts" time="0">
<skipped>
</skipped>
</testcase>
<testcase name="Pet Management API Tests - Requirements Coverage â€º REQ-PET-005-TC-001: Delete pet - Valid Request" classname="generated/pet-management.spec.ts" time="0">
<skipped>
</skipped>
</testcase>
</testsuite>
<testsuite name="generated/store-management.spec.ts" timestamp="2025-08-12T23:28:40.859Z" hostname="dev-api-tests-debug" tests="6" failures="0" skipped="6" time="0" errors="0">
<testcase name="Store Management API Tests - Requirements Coverage â€º REQ-STO-001-TC-001: Get store inventory @smoke" classname="generated/store-management.spec.ts" time="0">
<skipped>
</skipped>
</testcase>
<testcase name="Store Management API Tests - Requirements Coverage â€º REQ-STO-002-TC-001: Place order for pet - Valid Request" classname="generated/store-management.spec.ts" time="0">
<skipped>
</skipped>
</testcase>
<testcase name="Store Management API Tests - Requirements Coverage â€º REQ-STO-002-TC-002: Place order with invalid data - Error Handling" classname="generated/store-management.spec.ts" time="0">
<skipped>
</skipped>
</testcase>
<testcase name="Store Management API Tests - Requirements Coverage â€º REQ-STO-003-TC-001: Find order by ID - Valid Request" classname="generated/store-management.spec.ts" time="0">
<skipped>
</skipped>
</testcase>
<testcase name="Store Management API Tests - Requirements Coverage â€º REQ-STO-003-TC-002: Find order by invalid ID - Error Handling" classname="generated/store-management.spec.ts" time="0">
<skipped>
</skipped>
</testcase>
<testcase name="Store Management API Tests - Requirements Coverage â€º REQ-STO-004-TC-001: Delete order - Valid Request" classname="generated/store-management.spec.ts" time="0">
<skipped>
</skipped>
</testcase>
</testsuite>
<testsuite name="generated/user-management.spec.ts" timestamp="2025-08-12T23:28:40.859Z" hostname="dev-api-tests-debug" tests="11" failures="0" skipped="11" time="0" errors="0">
<testcase name="User Management API Tests - Requirements Coverage â€º REQ-USE-001-TC-001: Create user - Valid Request @smoke" classname="generated/user-management.spec.ts" time="0">
<skipped>
</skipped>
</testcase>
<testcase name="User Management API Tests - Requirements Coverage â€º REQ-USE-001-TC-002: Create user with invalid data - Error Handling" classname="generated/user-management.spec.ts" time="0">
<skipped>
</skipped>
</testcase>
<testcase name="User Management API Tests - Requirements Coverage â€º REQ-USE-002-TC-001: Create users with array - Valid Request" classname="generated/user-management.spec.ts" time="0">
<skipped>
</skipped>
</testcase>
<testcase name="User Management API Tests - Requirements Coverage â€º REQ-USE-003-TC-001: Create users with list - Valid Request" classname="generated/user-management.spec.ts" time="0">
<skipped>
</skipped>
</testcase>
<testcase name="User Management API Tests - Requirements Coverage â€º REQ-USE-004-TC-001: Get user by username - Valid Request" classname="generated/user-management.spec.ts" time="0">
<skipped>
</skipped>
</testcase>
<testcase name="User Management API Tests - Requirements Coverage â€º REQ-USE-004-TC-002: Get user by non-existent username - Error Handling" classname="generated/user-management.spec.ts" time="0">
<skipped>
</skipped>
</testcase>
<testcase name="User Management API Tests - Requirements Coverage â€º REQ-USE-005-TC-001: Update user - Valid Request" classname="generated/user-management.spec.ts" time="0">
<skipped>
</skipped>
</testcase>
<testcase name="User Management API Tests - Requirements Coverage â€º REQ-USE-006-TC-001: Delete user - Valid Request" classname="generated/user-management.spec.ts" time="0">
<skipped>
</skipped>
</testcase>
<testcase name="User Management API Tests - Requirements Coverage â€º REQ-USE-007-TC-001: User login - Valid Credentials @critical" classname="generated/user-management.spec.ts" time="0">
<skipped>
</skipped>
</testcase>
<testcase name="User Management API Tests - Requirements Coverage â€º REQ-USE-007-TC-002: User login - Invalid Credentials" classname="generated/user-management.spec.ts" time="0">
<skipped>
</skipped>
</testcase>
<testcase name="User Management API Tests - Requirements Coverage â€º REQ-USE-008-TC-001: User logout @critical" classname="generated/user-management.spec.ts" time="0">
<skipped>
</skipped>
</testcase>
</testsuite>
<testsuite name="migration/simple-supertest-demo.spec.ts" timestamp="2025-08-12T23:28:40.859Z" hostname="dev-api-tests-debug" tests="1" failures="0" skipped="1" time="0" errors="0">
<testcase name="Simple Supertest Format Demo â€º should generate logs in Supertest format @supertest" classname="migration/simple-supertest-demo.spec.ts" time="0">
<skipped>
</skipped>
</testcase>
</testsuite>
<testsuite name="migration/supertest-roundtrip-demo.spec.ts" timestamp="2025-08-12T23:28:40.859Z" hostname="dev-api-tests-debug" tests="2" failures="0" skipped="2" time="0" errors="0">
<testcase name="Supertest Round-Trip Migration Demo â€º should authenticate user with valid credentials for migration demo @supertest @migration" classname="migration/supertest-roundtrip-demo.spec.ts" time="0">
<skipped>
</skipped>
</testcase>
<testcase name="Supertest Round-Trip Migration Demo â€º should update user profile successfully for migration demo @supertest @migration" classname="migration/supertest-roundtrip-demo.spec.ts" time="0">
<skipped>
</skipped>
</testcase>
</testsuite>
<testsuite name="profile/profileManagement.spec.ts" timestamp="2025-08-12T23:28:40.859Z" hostname="dev-api-tests-debug" tests="14" failures="0" skipped="14" time="0" errors="0">
<testcase name="Profile Management â€º should get user profile information @smoke" classname="profile/profileManagement.spec.ts" time="0">
<skipped>
</skipped>
</testcase>
<testcase name="Profile Management â€º should update basic profile information @regression" classname="profile/profileManagement.spec.ts" time="0">
<skipped>
</skipped>
</testcase>
<testcase name="Email Management â€º should update email address @regression" classname="profile/profileManagement.spec.ts" time="0">
<skipped>
</skipped>
</testcase>
<testcase name="Email Management â€º should validate email format during update @regression" classname="profile/profileManagement.spec.ts" time="0">
<skipped>
</skipped>
</testcase>
<testcase name="Email Management â€º should handle duplicate email update @regression" classname="profile/profileManagement.spec.ts" time="0">
<skipped>
</skipped>
</testcase>
<testcase name="Email Management â€º should verify email change confirmation @regression" classname="profile/profileManagement.spec.ts" time="0">
<skipped>
</skipped>
</testcase>
<testcase name="Phone Number Management â€º should update phone number @regression" classname="profile/profileManagement.spec.ts" time="0">
<skipped>
</skipped>
</testcase>
<testcase name="Phone Number Management â€º should validate phone number format @regression" classname="profile/profileManagement.spec.ts" time="0">
<skipped>
</skipped>
</testcase>
<testcase name="Phone Number Management â€º should handle international phone numbers @regression" classname="profile/profileManagement.spec.ts" time="0">
<skipped>
</skipped>
</testcase>
<testcase name="Phone Number Management â€º should verify phone number change @regression" classname="profile/profileManagement.spec.ts" time="0">
<skipped>
</skipped>
</testcase>
<testcase name="Address Management â€º should update address information @regression" classname="profile/profileManagement.spec.ts" time="0">
<skipped>
</skipped>
</testcase>
<testcase name="Address Management â€º should handle partial address updates @regression" classname="profile/profileManagement.spec.ts" time="0">
<skipped>
</skipped>
</testcase>
<testcase name="Profile Picture Management â€º should update profile picture URL @regression" classname="profile/profileManagement.spec.ts" time="0">
<skipped>
</skipped>
</testcase>
<testcase name="Profile Picture Management â€º should handle avatar upload simulation @regression" classname="profile/profileManagement.spec.ts" time="0">
<skipped>
</skipped>
</testcase>
</testsuite>
<testsuite name="real-working/authentication-and-session-management.spec.ts" timestamp="2025-08-12T23:28:40.859Z" hostname="dev-api-tests-debug" tests="1" failures="0" skipped="1" time="0" errors="0">
<testcase name="Authentication and Session Management â€º Authentication and Session Management @auth @session @security" classname="real-working/authentication-and-session-management.spec.ts" time="0">
<skipped>
</skipped>
</testcase>
</testsuite>
<testsuite name="real-working/avatar-and-file-operations.spec.ts" timestamp="2025-08-12T23:28:40.859Z" hostname="dev-api-tests-debug" tests="1" failures="0" skipped="1" time="0" errors="0">
<testcase name="Avatar and File Operations â€º Avatar and File Operations @files @avatar @upload" classname="real-working/avatar-and-file-operations.spec.ts" time="0">
<skipped>
</skipped>
</testcase>
</testsuite>
<testsuite name="real-working/error-handling-and-edge-cases.spec.ts" timestamp="2025-08-12T23:28:40.859Z" hostname="dev-api-tests-debug" tests="1" failures="0" skipped="1" time="0" errors="0">
<testcase name="Error Handling and Edge Cases â€º Error Handling and Edge Cases @negative @error @edge-cases" classname="real-working/error-handling-and-edge-cases.spec.ts" time="0">
<skipped>
</skipped>
</testcase>
</testsuite>
<testsuite name="real-working/final-working-tests.spec.ts" timestamp="2025-08-12T23:28:40.859Z" hostname="dev-api-tests-debug" tests="3" failures="0" skipped="3" time="0" errors="0">
<testcase name="Final Real Working Tests â€º User Registration Test @smoke @registration" classname="real-working/final-working-tests.spec.ts" time="0">
<skipped>
</skipped>
</testcase>
<testcase name="Final Real Working Tests â€º User Registration with Validation @regression" classname="real-working/final-working-tests.spec.ts" time="0">
<skipped>
</skipped>
</testcase>
<testcase name="Final Real Working Tests â€º Multiple User Registration @performance" classname="real-working/final-working-tests.spec.ts" time="0">
<skipped>
</skipped>
</testcase>
</testsuite>
<testsuite name="real-working/profile-management-operations.spec.ts" timestamp="2025-08-12T23:28:40.859Z" hostname="dev-api-tests-debug" tests="1" failures="0" skipped="1" time="0" errors="0">
<testcase name="Profile Management Operations â€º Profile Management Operations @profile @update @regression" classname="real-working/profile-management-operations.spec.ts" time="0">
<skipped>
</skipped>
</testcase>
</testsuite>
<testsuite name="real-working/simple-working-test.spec.ts" timestamp="2025-08-12T23:28:40.859Z" hostname="dev-api-tests-debug" tests="2" failures="0" skipped="2" time="0" errors="0">
<testcase name="Simple Real Working Test â€º should register a new user successfully (copy of working test) @smoke @regression" classname="real-working/simple-working-test.spec.ts" time="0">
<skipped>
</skipped>
</testcase>
<testcase name="Simple Real Working Test â€º should create and manage user (copy working pattern) @smoke" classname="real-working/simple-working-test.spec.ts" time="0">
<skipped>
</skipped>
</testcase>
</testsuite>
<testsuite name="real-working/user-list-and-bulk-operations.spec.ts" timestamp="2025-08-12T23:28:40.859Z" hostname="dev-api-tests-debug" tests="1" failures="0" skipped="1" time="0" errors="0">
<testcase name="User List and Bulk Operations â€º User List and Bulk Operations @bulk @performance @users" classname="real-working/user-list-and-bulk-operations.spec.ts" time="0">
<skipped>
</skipped>
</testcase>
</testsuite>
<testsuite name="real-working/user-registration-and-profile-flow.spec.ts" timestamp="2025-08-12T23:28:40.859Z" hostname="dev-api-tests-debug" tests="1" failures="0" skipped="1" time="0" errors="0">
<testcase name="User Registration and Profile Flow â€º User Registration and Profile Flow @smoke @registration @auth" classname="real-working/user-registration-and-profile-flow.spec.ts" time="0">
<skipped>
</skipped>
</testcase>
</testsuite>
<testsuite name="reality-check/converted-test-reality.spec.ts" timestamp="2025-08-12T23:28:40.859Z" hostname="dev-api-tests-debug" tests="1" failures="0" skipped="1" time="0" errors="0">
<testcase name="Sample Supertest Iblogin - Reality Check â€º Sample Supertest Iblogin Reality Check @iblogin @auth @headers @testcase" classname="reality-check/converted-test-reality.spec.ts" time="0">
<skipped>
</skipped>
</testcase>
</testsuite>
<testsuite name="simple.spec.ts" timestamp="2025-08-12T23:28:40.859Z" hostname="dev-api-tests-debug" tests="1" failures="0" skipped="1" time="0" errors="0">
<testcase name="Simple API Test â€º should make a basic API call" classname="simple.spec.ts" time="0">
<skipped>
</skipped>
</testcase>
</testsuite>
<testsuite name="trace-demo.spec.ts" timestamp="2025-08-12T23:28:40.859Z" hostname="dev-api-tests-debug" tests="2" failures="0" skipped="2" time="0" errors="0">
<testcase name="Trace Demo â€º simple API test for trace demonstration @smoke" classname="trace-demo.spec.ts" time="0">
<skipped>
</skipped>
</testcase>
<testcase name="Trace Demo â€º API test with multiple requests for trace analysis @regression" classname="trace-demo.spec.ts" time="0">
<skipped>
</skipped>
</testcase>
</testsuite>
<testsuite name="user-management/userRegistration.spec.ts" timestamp="2025-08-12T23:28:40.859Z" hostname="dev-api-tests-debug" tests="9" failures="0" skipped="9" time="0" errors="0">
<testcase name="User Registration Flow â€º should register a new user successfully @smoke @regression" classname="user-management/userRegistration.spec.ts" time="0">
<skipped>
</skipped>
</testcase>
<testcase name="User Registration Flow â€º should handle duplicate email registration @regression" classname="user-management/userRegistration.spec.ts" time="0">
<skipped>
</skipped>
</testcase>
<testcase name="User Registration Flow â€º should validate required fields during registration @regression" classname="user-management/userRegistration.spec.ts" time="0">
<skipped>
</skipped>
</testcase>
<testcase name="User Management Operations â€º should retrieve user profile @smoke" classname="user-management/userRegistration.spec.ts" time="0">
<skipped>
</skipped>
</testcase>
<testcase name="User Management Operations â€º should update user profile successfully @regression" classname="user-management/userRegistration.spec.ts" time="0">
<skipped>
</skipped>
</testcase>
<testcase name="User Management Operations â€º should handle user not found scenario @regression" classname="user-management/userRegistration.spec.ts" time="0">
<skipped>
</skipped>
</testcase>
<testcase name="User Management Operations â€º should delete user account @regression" classname="user-management/userRegistration.spec.ts" time="0">
<skipped>
</skipped>
</testcase>
<testcase name="Bulk User Operations â€º should handle multiple user creation @performance" classname="user-management/userRegistration.spec.ts" time="0">
<skipped>
</skipped>
</testcase>
<testcase name="Bulk User Operations â€º should retrieve list of users @smoke" classname="user-management/userRegistration.spec.ts" time="0">
<skipped>
</skipped>
</testcase>
</testsuite>
<testsuite name="advanced/performance-tests.spec.ts" timestamp="2025-08-12T23:28:40.859Z" hostname="dev-performance-tests" tests="9" failures="0" skipped="9" time="0" errors="0">
<testcase name="Concurrent Request Performance â€º should handle concurrent user creation efficiently @performance @concurrent" classname="advanced/performance-tests.spec.ts" time="0">
<skipped>
</skipped>
</testcase>
<testcase name="Concurrent Request Performance â€º should handle concurrent read operations efficiently @performance @concurrent" classname="advanced/performance-tests.spec.ts" time="0">
<skipped>
</skipped>
</testcase>
<testcase name="Concurrent Request Performance â€º should handle mixed concurrent operations efficiently @performance @concurrent" classname="advanced/performance-tests.spec.ts" time="0">
<skipped>
</skipped>
</testcase>
<testcase name="Load Testing with Data Sets â€º should maintain performance with bulk data processing @performance @bulk" classname="advanced/performance-tests.spec.ts" time="0">
<skipped>
</skipped>
</testcase>
<testcase name="Load Testing with Data Sets â€º should handle large data sets efficiently @performance @memory" classname="advanced/performance-tests.spec.ts" time="0">
<skipped>
</skipped>
</testcase>
<testcase name="Load Testing with Data Sets â€º should maintain consistent response times @performance @consistency" classname="advanced/performance-tests.spec.ts" time="0">
<skipped>
</skipped>
</testcase>
<testcase name="Resource Usage Testing â€º should handle timeouts gracefully @performance @timeout" classname="advanced/performance-tests.spec.ts" time="0">
<skipped>
</skipped>
</testcase>
<testcase name="Resource Usage Testing â€º should efficiently manage connection pools @performance @connections" classname="advanced/performance-tests.spec.ts" time="0">
<skipped>
</skipped>
</testcase>
<testcase name="Resource Usage Testing â€º should efficiently clean up resources @performance @cleanup" classname="advanced/performance-tests.spec.ts" time="0">
<skipped>
</skipped>
</testcase>
</testsuite>
</testsuites>