<testsuites id="" name="" tests="27" failures="9" skipped="0" errors="0" time="7.985297">
<testsuite name="auth/authentication.spec.ts" timestamp="2025-08-11T10:12:30.069Z" hostname="api-tests" tests="3" failures="1" skipped="0" time="2.008" errors="0">
<testcase name="Authentication Flow › should authenticate user with valid credentials @smoke @critical-path" classname="auth/authentication.spec.ts" time="0.25">
<system-out>
<![CDATA[[32minfo[39m: API Request {"body":{"address":{"city":"Test City","country":"Test Country","state":"Test State","street":"123 Test St","zipCode":"12345"},"company":{"department":"Engineering","jobTitle":"Software Developer","name":"Test Company"},"email":"test1754907150373@example.com","name":"Test User","phone":"+1234567890","username":"user_1754907150373","website":"https://example.com"},"headers":{},"method":"POST","scenarioName":"User Registration","testId":"eaf07a09-9867-4454-a952-7d6510facff5","timestamp":"2025-08-11 20:12:30","type":"api_request","url":"/users"}
[32minfo[39m: API Response {"body":{"address":{"city":"Test City","country":"Test Country","state":"Test State","street":"123 Test St","zipCode":"12345"},"company":{"department":"Engineering","jobTitle":"Software Developer","name":"Test Company"},"email":"test1754907150373@example.com","id":11,"name":"Test User","phone":"+1234567890","username":"user_1754907150373","website":"https://example.com"},"headers":{"access-control-allow-credentials":"true","access-control-expose-headers":"Location","alt-svc":"h3=\":443\"; ma=86400","cache-control":"no-cache","cf-cache-status":"DYNAMIC","cf-ray":"96d6f47aac88f7b6-MEL","connection":"keep-alive","content-length":"452","content-type":"application/json; charset=utf-8","date":"Mon, 11 Aug 2025 10:12:30 GMT","etag":"W/\"1c4-eFWnttV0Bjc/bw2sOXMVvXCofKM\"","expires":"-1","location":"https://jsonplaceholder.typicode.com/users/11","nel":"{\"report_to\":\"heroku-nel\",\"response_headers\":[\"Via\"],\"max_age\":3600,\"success_fraction\":0.01,\"failure_fraction\":0.1}","pragma":"no-cache","report-to":"{\"group\":\"heroku-nel\",\"endpoints\":[{\"url\":\"https://nel.heroku.com/reports?s=WSdAOoRtf6PByO0zwu5zPAloPgD%2FOHSEyL8GQtRo4VM%3D\\u0026sid=e11707d5-02a7-43ef-b45e-2cf4d2036f7d\\u0026ts=1754907150\"}],\"max_age\":3600}","reporting-endpoints":"heroku-nel=\"https://nel.heroku.com/reports?s=WSdAOoRtf6PByO0zwu5zPAloPgD%2FOHSEyL8GQtRo4VM%3D&sid=e11707d5-02a7-43ef-b45e-2cf4d2036f7d&ts=1754907150\"","server":"cloudflare","vary":"Origin, X-HTTP-Method-Override, Accept-Encoding","via":"2.0 heroku-router","x-content-type-options":"nosniff","x-powered-by":"Express","x-ratelimit-limit":"1000","x-ratelimit-remaining":"969","x-ratelimit-reset":"1754907167"},"responseTime":292,"scenarioName":"User Registration","status":201,"statusText":"Created","testId":"eaf07a09-9867-4454-a952-7d6510facff5","timestamp":"2025-08-11 20:12:30","type":"api_response"}
[32minfo[39m: API Request {"body":{"body":"{\"email\":\"testuser@example.com\",\"password\":\"SecurePassword123!\"}","title":"Login Request","userId":11},"headers":{},"method":"POST","scenarioName":"User Authentication","testId":"5bbf4f62-92bc-459b-8a64-9dec4677506c","timestamp":"2025-08-11 20:12:30","type":"api_request","url":"/posts"}
[32minfo[39m: API Response {"body":{"body":"{\"email\":\"testuser@example.com\",\"password\":\"SecurePassword123!\"}","id":101,"title":"Login Request","userId":11},"headers":{"access-control-allow-credentials":"true","access-control-expose-headers":"Location","alt-svc":"h3=\":443\"; ma=86400","cache-control":"no-cache","cf-cache-status":"DYNAMIC","cf-ray":"96d6f47c38eef7b6-MEL","connection":"keep-alive","content-length":"145","content-type":"application/json; charset=utf-8","date":"Mon, 11 Aug 2025 10:12:30 GMT","etag":"W/\"91-akLkja/JQ8tQObyZ1rpEGz4nqAg\"","expires":"-1","location":"https://jsonplaceholder.typicode.com/posts/101","nel":"{\"report_to\":\"heroku-nel\",\"response_headers\":[\"Via\"],\"max_age\":3600,\"success_fraction\":0.01,\"failure_fraction\":0.1}","pragma":"no-cache","report-to":"{\"group\":\"heroku-nel\",\"endpoints\":[{\"url\":\"https://nel.heroku.com/reports?s=WSdAOoRtf6PByO0zwu5zPAloPgD%2FOHSEyL8GQtRo4VM%3D\\u0026sid=e11707d5-02a7-43ef-b45e-2cf4d2036f7d\\u0026ts=1754907150\"}],\"max_age\":3600}","reporting-endpoints":"heroku-nel=\"https://nel.heroku.com/reports?s=WSdAOoRtf6PByO0zwu5zPAloPgD%2FOHSEyL8GQtRo4VM%3D&sid=e11707d5-02a7-43ef-b45e-2cf4d2036f7d&ts=1754907150\"","server":"cloudflare","vary":"Origin, X-HTTP-Method-Override, Accept-Encoding","via":"2.0 heroku-router","x-content-type-options":"nosniff","x-powered-by":"Express","x-ratelimit-limit":"1000","x-ratelimit-remaining":"966","x-ratelimit-reset":"1754907167"},"responseTime":234,"scenarioName":"User Authentication","status":201,"statusText":"Created","testId":"5bbf4f62-92bc-459b-8a64-9dec4677506c","timestamp":"2025-08-11 20:12:30","type":"api_response"}

[[ATTACHMENT|../test-results/auth-authentication-Authen-da722-entials-smoke-critical-path-api-tests/trace.zip]]
]]>
</system-out>
</testcase>
<testcase name="Session Management › should maintain session with valid token @smoke" classname="auth/authentication.spec.ts" time="0.796">
<failure message="authentication.spec.ts:41:7 should maintain session with valid token @smoke" type="FAILURE">
<![CDATA[  [api-tests] › auth/authentication.spec.ts:41:7 › Session Management › should maintain session with valid token @smoke 

    Error: expect(received).toBeLessThan(expected)

    Expected: < 300
    Received:   404

       at ../utils/testFixtures.ts:228

      226 |       assertSuccessResponse(response: ApiHelperResponse): void {
      227 |         expect(response.status).toBeGreaterThanOrEqual(200);
    > 228 |         expect(response.status).toBeLessThan(300);
          |                                 ^
      229 |       },
      230 |
      231 |       assertErrorResponse(response: ApiHelperResponse, expectedStatus: number): void {
        at Object.assertSuccessResponse (/Users/Anand/github/playwright-api-test/utils/testFixtures.ts:228:33)
        at TestActions.validateSession (/Users/Anand/github/playwright-api-test/utils/test-actions.ts:721:20)
        at /Users/Anand/github/playwright-api-test/tests/auth/authentication.spec.ts:43:5

    attachment #1: trace (application/zip) ─────────────────────────────────────────────────────────
    ../test-results/auth-authentication-Sessio-9bcbb-sion-with-valid-token-smoke-api-tests/trace.zip
    Usage:

        npx playwright show-trace ../test-results/auth-authentication-Sessio-9bcbb-sion-with-valid-token-smoke-api-tests/trace.zip

    ────────────────────────────────────────────────────────────────────────────────────────────────
]]>
</failure>
<system-out>
<![CDATA[[32minfo[39m: API Request {"body":{"address":{"city":"Test City","country":"Test Country","state":"Test State","street":"123 Test St","zipCode":"12345"},"company":{"department":"Engineering","jobTitle":"Software Developer","name":"Test Company"},"email":"test1754907150376@example.com","name":"Test User","phone":"+1234567890","username":"user_1754907150376","website":"https://example.com"},"headers":{},"method":"POST","scenarioName":"User Registration","testId":"477631fc-0957-4195-8c93-112cd1d9e45d","timestamp":"2025-08-11 20:12:30","type":"api_request","url":"/users"}
[32minfo[39m: API Response {"body":{"address":{"city":"Test City","country":"Test Country","state":"Test State","street":"123 Test St","zipCode":"12345"},"company":{"department":"Engineering","jobTitle":"Software Developer","name":"Test Company"},"email":"test1754907150376@example.com","id":11,"name":"Test User","phone":"+1234567890","username":"user_1754907150376","website":"https://example.com"},"headers":{"access-control-allow-credentials":"true","access-control-expose-headers":"Location","alt-svc":"h3=\":443\"; ma=86400","cache-control":"no-cache","cf-cache-status":"DYNAMIC","cf-ray":"96d6f47aae0229b9-MEL","connection":"keep-alive","content-length":"452","content-type":"application/json; charset=utf-8","date":"Mon, 11 Aug 2025 10:12:31 GMT","etag":"W/\"1c4-NC63yxBmzCr1B1+rBPld4Tw47Tw\"","expires":"-1","location":"https://jsonplaceholder.typicode.com/users/11","nel":"{\"report_to\":\"heroku-nel\",\"response_headers\":[\"Via\"],\"max_age\":3600,\"success_fraction\":0.01,\"failure_fraction\":0.1}","pragma":"no-cache","report-to":"{\"group\":\"heroku-nel\",\"endpoints\":[{\"url\":\"https://nel.heroku.com/reports?s=vfKi75fJENgE53PpTDpflNnOHXNAdbBfh%2F3U5EyMXIs%3D\\u0026sid=e11707d5-02a7-43ef-b45e-2cf4d2036f7d\\u0026ts=1754907151\"}],\"max_age\":3600}","reporting-endpoints":"heroku-nel=\"https://nel.heroku.com/reports?s=vfKi75fJENgE53PpTDpflNnOHXNAdbBfh%2F3U5EyMXIs%3D&sid=e11707d5-02a7-43ef-b45e-2cf4d2036f7d&ts=1754907151\"","server":"cloudflare","vary":"Origin, X-HTTP-Method-Override, Accept-Encoding","via":"2.0 heroku-router","x-content-type-options":"nosniff","x-powered-by":"Express","x-ratelimit-limit":"1000","x-ratelimit-remaining":"965","x-ratelimit-reset":"1754907167"},"responseTime":739,"scenarioName":"User Registration","status":201,"statusText":"Created","testId":"477631fc-0957-4195-8c93-112cd1d9e45d","timestamp":"2025-08-11 20:12:31","type":"api_response"}
[32minfo[39m: API Request {"body":null,"headers":{"Authorization":"Bearer test-token"},"method":"GET","scenarioName":"Authenticated User Profile Access","testId":"477631fc-0957-4195-8c93-112cd1d9e45d","timestamp":"2025-08-11 20:12:31","type":"api_request","url":"/users/11"}
[32minfo[39m: API Response {"body":{},"headers":{"access-control-allow-credentials":"true","age":"6449","alt-svc":"h3=\":443\"; ma=86400","cache-control":"max-age=43200","cf-cache-status":"HIT","cf-ray":"96d6f47efbdd29b9-MEL","connection":"keep-alive","content-encoding":"br","content-type":"application/json; charset=utf-8","date":"Mon, 11 Aug 2025 10:12:31 GMT","etag":"W/\"2-vyGp6PvFo4RvsFtPoIWeCReyIC8\"","expires":"-1","nel":"{\"report_to\":\"heroku-nel\",\"response_headers\":[\"Via\"],\"max_age\":3600,\"success_fraction\":0.01,\"failure_fraction\":0.1}","pragma":"no-cache","report-to":"{\"group\":\"heroku-nel\",\"endpoints\":[{\"url\":\"https://nel.heroku.com/reports?s=hqM562Hv2wI7AyPtk1ZbeN9bGmG5IOtX0KWIpbfwV%2FU%3D\\u0026sid=e11707d5-02a7-43ef-b45e-2cf4d2036f7d\\u0026ts=1754900701\"}],\"max_age\":3600}","reporting-endpoints":"heroku-nel=\"https://nel.heroku.com/reports?s=hqM562Hv2wI7AyPtk1ZbeN9bGmG5IOtX0KWIpbfwV%2FU%3D&sid=e11707d5-02a7-43ef-b45e-2cf4d2036f7d&ts=1754900701\"","server":"cloudflare","transfer-encoding":"chunked","vary":"Origin, Accept-Encoding","via":"2.0 heroku-router","x-content-type-options":"nosniff","x-powered-by":"Express","x-ratelimit-limit":"1000","x-ratelimit-remaining":"993","x-ratelimit-reset":"1754900746"},"responseTime":31,"scenarioName":"Authenticated User Profile Access","status":404,"statusText":"Not Found","testId":"477631fc-0957-4195-8c93-112cd1d9e45d","timestamp":"2025-08-11 20:12:31","type":"api_response"}

[[ATTACHMENT|../test-results/auth-authentication-Sessio-9bcbb-sion-with-valid-token-smoke-api-tests/trace.zip]]
]]>
</system-out>
</testcase>
<testcase name="Session Management › should logout user successfully @smoke" classname="auth/authentication.spec.ts" time="0.962">
<system-out>
<![CDATA[[32minfo[39m: API Request {"body":{"address":{"city":"Test City","country":"Test Country","state":"Test State","street":"123 Test St","zipCode":"12345"},"company":{"department":"Engineering","jobTitle":"Software Developer","name":"Test Company"},"email":"test1754907150379@example.com","name":"Test User","phone":"+1234567890","username":"user_1754907150379","website":"https://example.com"},"headers":{},"method":"POST","scenarioName":"User Registration","testId":"6475b67c-c8fd-41ff-bfc5-b636a844aafc","timestamp":"2025-08-11 20:12:30","type":"api_request","url":"/users"}
[32minfo[39m: API Response {"body":{"address":{"city":"Test City","country":"Test Country","state":"Test State","street":"123 Test St","zipCode":"12345"},"company":{"department":"Engineering","jobTitle":"Software Developer","name":"Test Company"},"email":"test1754907150379@example.com","id":11,"name":"Test User","phone":"+1234567890","username":"user_1754907150379","website":"https://example.com"},"headers":{"access-control-allow-credentials":"true","access-control-expose-headers":"Location","alt-svc":"h3=\":443\"; ma=86400","cache-control":"no-cache","cf-cache-status":"DYNAMIC","cf-ray":"96d6f47aaca8e9a6-MEL","connection":"keep-alive","content-length":"452","content-type":"application/json; charset=utf-8","date":"Mon, 11 Aug 2025 10:12:30 GMT","etag":"W/\"1c4-GGlklTxOD3FyBU//enW6ZsZqdZI\"","expires":"-1","location":"https://jsonplaceholder.typicode.com/users/11","nel":"{\"report_to\":\"heroku-nel\",\"response_headers\":[\"Via\"],\"max_age\":3600,\"success_fraction\":0.01,\"failure_fraction\":0.1}","pragma":"no-cache","report-to":"{\"group\":\"heroku-nel\",\"endpoints\":[{\"url\":\"https://nel.heroku.com/reports?s=WSdAOoRtf6PByO0zwu5zPAloPgD%2FOHSEyL8GQtRo4VM%3D\\u0026sid=e11707d5-02a7-43ef-b45e-2cf4d2036f7d\\u0026ts=1754907150\"}],\"max_age\":3600}","reporting-endpoints":"heroku-nel=\"https://nel.heroku.com/reports?s=WSdAOoRtf6PByO0zwu5zPAloPgD%2FOHSEyL8GQtRo4VM%3D&sid=e11707d5-02a7-43ef-b45e-2cf4d2036f7d&ts=1754907150\"","server":"cloudflare","vary":"Origin, X-HTTP-Method-Override, Accept-Encoding","via":"2.0 heroku-router","x-content-type-options":"nosniff","x-powered-by":"Express","x-ratelimit-limit":"1000","x-ratelimit-remaining":"968","x-ratelimit-reset":"1754907167"},"responseTime":287,"scenarioName":"User Registration","status":201,"statusText":"Created","testId":"6475b67c-c8fd-41ff-bfc5-b636a844aafc","timestamp":"2025-08-11 20:12:30","type":"api_response"}
[32minfo[39m: API Request {"body":{"body":"{\"userId\":11,\"sessionToken\":\"test-token\"}","title":"User Logout","userId":11},"headers":{},"method":"POST","scenarioName":"User Logout","testId":"6475b67c-c8fd-41ff-bfc5-b636a844aafc","timestamp":"2025-08-11 20:12:30","type":"api_request","url":"/posts"}
[32minfo[39m: API Response {"body":{"body":"{\"userId\":11,\"sessionToken\":\"test-token\"}","id":101,"title":"User Logout","userId":11},"headers":{"access-control-allow-credentials":"true","access-control-expose-headers":"Location","alt-svc":"h3=\":443\"; ma=86400","cache-control":"no-cache","cf-cache-status":"DYNAMIC","cf-ray":"96d6f47c2a19e9a6-MEL","connection":"keep-alive","content-length":"118","content-type":"application/json; charset=utf-8","date":"Mon, 11 Aug 2025 10:12:31 GMT","etag":"W/\"76-8RflN35J0Caw3HMhUQbSQ/xNsBQ\"","expires":"-1","location":"https://jsonplaceholder.typicode.com/posts/101","nel":"{\"report_to\":\"heroku-nel\",\"response_headers\":[\"Via\"],\"max_age\":3600,\"success_fraction\":0.01,\"failure_fraction\":0.1}","pragma":"no-cache","report-to":"{\"group\":\"heroku-nel\",\"endpoints\":[{\"url\":\"https://nel.heroku.com/reports?s=vfKi75fJENgE53PpTDpflNnOHXNAdbBfh%2F3U5EyMXIs%3D\\u0026sid=e11707d5-02a7-43ef-b45e-2cf4d2036f7d\\u0026ts=1754907151\"}],\"max_age\":3600}","reporting-endpoints":"heroku-nel=\"https://nel.heroku.com/reports?s=vfKi75fJENgE53PpTDpflNnOHXNAdbBfh%2F3U5EyMXIs%3D&sid=e11707d5-02a7-43ef-b45e-2cf4d2036f7d&ts=1754907151\"","server":"cloudflare","vary":"Origin, X-HTTP-Method-Override, Accept-Encoding","via":"2.0 heroku-router","x-content-type-options":"nosniff","x-powered-by":"Express","x-ratelimit-limit":"1000","x-ratelimit-remaining":"964","x-ratelimit-reset":"1754907167"},"responseTime":658,"scenarioName":"User Logout","status":201,"statusText":"Created","testId":"6475b67c-c8fd-41ff-bfc5-b636a844aafc","timestamp":"2025-08-11 20:12:31","type":"api_response"}

[[ATTACHMENT|../test-results/auth-authentication-Sessio-9ec06-out-user-successfully-smoke-api-tests/trace.zip]]
]]>
</system-out>
</testcase>
</testsuite>
<testsuite name="dashboard-demo.spec.ts" timestamp="2025-08-11T10:12:30.069Z" hostname="api-tests" tests="1" failures="0" skipped="0" time="1.01" errors="0">
<testcase name="Dashboard Demo Data › API test to populate dashboard @smoke" classname="dashboard-demo.spec.ts" time="1.01">
<system-out>
<![CDATA[📊 Getting users list...
👤 Getting user 1 details...
📝 Creating new post...
✅ Created post with ID: 101
📝 Updating post 101...
✅ Post updated successfully

[[ATTACHMENT|../test-results/dashboard-demo-Dashboard-D-51dc9-to-populate-dashboard-smoke-api-tests/trace.zip]]
]]>
</system-out>
</testcase>
</testsuite>
<testsuite name="profile/profileManagement.spec.ts" timestamp="2025-08-11T10:12:30.069Z" hostname="api-tests" tests="1" failures="1" skipped="0" time="0.68" errors="0">
<testcase name="Profile Management › should get user profile information @smoke" classname="profile/profileManagement.spec.ts" time="0.68">
<failure message="profileManagement.spec.ts:15:7 should get user profile information @smoke" type="FAILURE">
<![CDATA[  [api-tests] › profile/profileManagement.spec.ts:15:7 › Profile Management › should get user profile information @smoke 

    Error: expect(received).toBeLessThan(expected)

    Expected: < 300
    Received:   404

       at ../utils/testFixtures.ts:228

      226 |       assertSuccessResponse(response: ApiHelperResponse): void {
      227 |         expect(response.status).toBeGreaterThanOrEqual(200);
    > 228 |         expect(response.status).toBeLessThan(300);
          |                                 ^
      229 |       },
      230 |
      231 |       assertErrorResponse(response: ApiHelperResponse, expectedStatus: number): void {
        at Object.assertSuccessResponse (/Users/Anand/github/playwright-api-test/utils/testFixtures.ts:228:33)
        at TestActions.getUserProfile (/Users/Anand/github/playwright-api-test/utils/test-actions.ts:78:20)
        at /Users/Anand/github/playwright-api-test/tests/profile/profileManagement.spec.ts:17:5

    attachment #1: trace (application/zip) ─────────────────────────────────────────────────────────
    ../test-results/profile-profileManagement--cd09f-r-profile-information-smoke-api-tests/trace.zip
    Usage:

        npx playwright show-trace ../test-results/profile-profileManagement--cd09f-r-profile-information-smoke-api-tests/trace.zip

    ────────────────────────────────────────────────────────────────────────────────────────────────
]]>
</failure>
<system-out>
<![CDATA[[32minfo[39m: API Request {"body":{"address":{"city":"Test City","country":"Test Country","state":"Test State","street":"123 Test St","zipCode":"12345"},"company":{"department":"Engineering","jobTitle":"Software Developer","name":"Test Company"},"email":"test1754907150943@example.com","name":"Test User","phone":"+1234567890","username":"user_1754907150943","website":"https://example.com"},"headers":{},"method":"POST","scenarioName":"User Registration","testId":"1742f908-a000-4873-a1e4-d9cc2c1b5b2d","timestamp":"2025-08-11 20:12:30","type":"api_request","url":"/users"}
[32minfo[39m: API Response {"body":{"address":{"city":"Test City","country":"Test Country","state":"Test State","street":"123 Test St","zipCode":"12345"},"company":{"department":"Engineering","jobTitle":"Software Developer","name":"Test Company"},"email":"test1754907150943@example.com","id":11,"name":"Test User","phone":"+1234567890","username":"user_1754907150943","website":"https://example.com"},"headers":{"access-control-allow-credentials":"true","access-control-expose-headers":"Location","alt-svc":"h3=\":443\"; ma=86400","cache-control":"no-cache","cf-cache-status":"DYNAMIC","cf-ray":"96d6f47ddd55f7b6-MEL","connection":"keep-alive","content-length":"452","content-type":"application/json; charset=utf-8","date":"Mon, 11 Aug 2025 10:12:31 GMT","etag":"W/\"1c4-VuJOB1cpOkt/naHK4idG7x3aLKg\"","expires":"-1","location":"https://jsonplaceholder.typicode.com/users/11","nel":"{\"report_to\":\"heroku-nel\",\"response_headers\":[\"Via\"],\"max_age\":3600,\"success_fraction\":0.01,\"failure_fraction\":0.1}","pragma":"no-cache","report-to":"{\"group\":\"heroku-nel\",\"endpoints\":[{\"url\":\"https://nel.heroku.com/reports?s=vfKi75fJENgE53PpTDpflNnOHXNAdbBfh%2F3U5EyMXIs%3D\\u0026sid=e11707d5-02a7-43ef-b45e-2cf4d2036f7d\\u0026ts=1754907151\"}],\"max_age\":3600}","reporting-endpoints":"heroku-nel=\"https://nel.heroku.com/reports?s=vfKi75fJENgE53PpTDpflNnOHXNAdbBfh%2F3U5EyMXIs%3D&sid=e11707d5-02a7-43ef-b45e-2cf4d2036f7d&ts=1754907151\"","server":"cloudflare","vary":"Origin, X-HTTP-Method-Override, Accept-Encoding","via":"2.0 heroku-router","x-content-type-options":"nosniff","x-powered-by":"Express","x-ratelimit-limit":"1000","x-ratelimit-remaining":"962","x-ratelimit-reset":"1754907167"},"responseTime":656,"scenarioName":"User Registration","status":201,"statusText":"Created","testId":"1742f908-a000-4873-a1e4-d9cc2c1b5b2d","timestamp":"2025-08-11 20:12:31","type":"api_response"}
[32minfo[39m: API Request {"body":null,"headers":{},"method":"GET","scenarioName":"Get User Profile","testId":"1742f908-a000-4873-a1e4-d9cc2c1b5b2d","timestamp":"2025-08-11 20:12:31","type":"api_request","url":"/users/11"}
[32minfo[39m: API Response {"body":{},"headers":{"access-control-allow-credentials":"true","age":"6450","alt-svc":"h3=\":443\"; ma=86400","cache-control":"max-age=43200","cf-cache-status":"HIT","cf-ray":"96d6f481fa93f7b6-MEL","connection":"keep-alive","content-encoding":"br","content-type":"application/json; charset=utf-8","date":"Mon, 11 Aug 2025 10:12:31 GMT","etag":"W/\"2-vyGp6PvFo4RvsFtPoIWeCReyIC8\"","expires":"-1","nel":"{\"report_to\":\"heroku-nel\",\"response_headers\":[\"Via\"],\"max_age\":3600,\"success_fraction\":0.01,\"failure_fraction\":0.1}","pragma":"no-cache","report-to":"{\"group\":\"heroku-nel\",\"endpoints\":[{\"url\":\"https://nel.heroku.com/reports?s=hqM562Hv2wI7AyPtk1ZbeN9bGmG5IOtX0KWIpbfwV%2FU%3D\\u0026sid=e11707d5-02a7-43ef-b45e-2cf4d2036f7d\\u0026ts=1754900701\"}],\"max_age\":3600}","reporting-endpoints":"heroku-nel=\"https://nel.heroku.com/reports?s=hqM562Hv2wI7AyPtk1ZbeN9bGmG5IOtX0KWIpbfwV%2FU%3D&sid=e11707d5-02a7-43ef-b45e-2cf4d2036f7d&ts=1754900701\"","server":"cloudflare","transfer-encoding":"chunked","vary":"Origin, Accept-Encoding","via":"2.0 heroku-router","x-content-type-options":"nosniff","x-powered-by":"Express","x-ratelimit-limit":"1000","x-ratelimit-remaining":"993","x-ratelimit-reset":"1754900746"},"responseTime":17,"scenarioName":"Get User Profile","status":404,"statusText":"Not Found","testId":"1742f908-a000-4873-a1e4-d9cc2c1b5b2d","timestamp":"2025-08-11 20:12:31","type":"api_response"}

[[ATTACHMENT|../test-results/profile-profileManagement--cd09f-r-profile-information-smoke-api-tests/trace.zip]]
]]>
</system-out>
</testcase>
</testsuite>
<testsuite name="trace-demo.spec.ts" timestamp="2025-08-11T10:12:30.069Z" hostname="api-tests" tests="1" failures="0" skipped="0" time="0.072" errors="0">
<testcase name="Trace Demo › simple API test for trace demonstration @smoke" classname="trace-demo.spec.ts" time="0.072">
<system-out>
<![CDATA[User data received: Leanne Graham

[[ATTACHMENT|../test-results/trace-demo-Trace-Demo-simp-98d03-r-trace-demonstration-smoke-api-tests/trace.zip]]
]]>
</system-out>
</testcase>
</testsuite>
<testsuite name="user-management/userRegistration.spec.ts" timestamp="2025-08-11T10:12:30.069Z" hostname="api-tests" tests="3" failures="1" skipped="0" time="1.378" errors="0">
<testcase name="User Registration Flow › should register a new user successfully @smoke @regression" classname="user-management/userRegistration.spec.ts" time="0.662">
<properties>
<property name="user-id" value="">
</property>
</properties>
<system-out>
<![CDATA[[32minfo[39m: API Request {"body":{"address":{"city":"Test City","country":"Test Country","state":"Test State","street":"123 Test St","zipCode":"12345"},"company":{"department":"Engineering","jobTitle":"Software Developer","name":"Test Company"},"email":"test1754907151345@example.com","name":"Test User","phone":"+1234567890","username":"user_1754907151345","website":"https://example.com"},"headers":{},"method":"POST","scenarioName":"User Registration","testId":"ff53d2c1-f362-45d2-ba2a-5d527755878e","timestamp":"2025-08-11 20:12:31","type":"api_request","url":"/users"}
[32minfo[39m: API Response {"body":{"address":{"city":"Test City","country":"Test Country","state":"Test State","street":"123 Test St","zipCode":"12345"},"company":{"department":"Engineering","jobTitle":"Software Developer","name":"Test Company"},"email":"test1754907151345@example.com","id":11,"name":"Test User","phone":"+1234567890","username":"user_1754907151345","website":"https://example.com"},"headers":{"access-control-allow-credentials":"true","access-control-expose-headers":"Location","alt-svc":"h3=\":443\"; ma=86400","cache-control":"no-cache","cf-cache-status":"DYNAMIC","cf-ray":"96d6f4806f12e9a6-MEL","connection":"keep-alive","content-length":"452","content-type":"application/json; charset=utf-8","date":"Mon, 11 Aug 2025 10:12:32 GMT","etag":"W/\"1c4-L/whwFsNm9CqiSc9WHseGQDrtX0\"","expires":"-1","location":"https://jsonplaceholder.typicode.com/users/11","nel":"{\"report_to\":\"heroku-nel\",\"response_headers\":[\"Via\"],\"max_age\":3600,\"success_fraction\":0.01,\"failure_fraction\":0.1}","pragma":"no-cache","report-to":"{\"group\":\"heroku-nel\",\"endpoints\":[{\"url\":\"https://nel.heroku.com/reports?s=vfKi75fJENgE53PpTDpflNnOHXNAdbBfh%2F3U5EyMXIs%3D\\u0026sid=e11707d5-02a7-43ef-b45e-2cf4d2036f7d\\u0026ts=1754907151\"}],\"max_age\":3600}","reporting-endpoints":"heroku-nel=\"https://nel.heroku.com/reports?s=vfKi75fJENgE53PpTDpflNnOHXNAdbBfh%2F3U5EyMXIs%3D&sid=e11707d5-02a7-43ef-b45e-2cf4d2036f7d&ts=1754907151\"","server":"cloudflare","vary":"Origin, X-HTTP-Method-Override, Accept-Encoding","via":"2.0 heroku-router","x-content-type-options":"nosniff","x-powered-by":"Express","x-ratelimit-limit":"1000","x-ratelimit-remaining":"961","x-ratelimit-reset":"1754907167"},"responseTime":655,"scenarioName":"User Registration","status":201,"statusText":"Created","testId":"ff53d2c1-f362-45d2-ba2a-5d527755878e","timestamp":"2025-08-11 20:12:32","type":"api_response"}

[[ATTACHMENT|../test-results/user-management-userRegist-dc2da-ccessfully-smoke-regression-api-tests/trace.zip]]
]]>
</system-out>
</testcase>
<testcase name="User Management Operations › should retrieve user profile @smoke" classname="user-management/userRegistration.spec.ts" time="0.687">
<failure message="userRegistration.spec.ts:38:7 should retrieve user profile @smoke" type="FAILURE">
<![CDATA[  [api-tests] › user-management/userRegistration.spec.ts:38:7 › User Management Operations › should retrieve user profile @smoke 

    Error: expect(received).toBeLessThan(expected)

    Expected: < 300
    Received:   404

       at ../utils/testFixtures.ts:228

      226 |       assertSuccessResponse(response: ApiHelperResponse): void {
      227 |         expect(response.status).toBeGreaterThanOrEqual(200);
    > 228 |         expect(response.status).toBeLessThan(300);
          |                                 ^
      229 |       },
      230 |
      231 |       assertErrorResponse(response: ApiHelperResponse, expectedStatus: number): void {
        at Object.assertSuccessResponse (/Users/Anand/github/playwright-api-test/utils/testFixtures.ts:228:33)
        at TestActions.getUserProfile (/Users/Anand/github/playwright-api-test/utils/test-actions.ts:78:20)
        at /Users/Anand/github/playwright-api-test/tests/user-management/userRegistration.spec.ts:39:21

    attachment #1: trace (application/zip) ─────────────────────────────────────────────────────────
    ../test-results/user-management-userRegist-aa2f8-retrieve-user-profile-smoke-api-tests/trace.zip
    Usage:

        npx playwright show-trace ../test-results/user-management-userRegist-aa2f8-retrieve-user-profile-smoke-api-tests/trace.zip

    ────────────────────────────────────────────────────────────────────────────────────────────────
]]>
</failure>
<system-out>
<![CDATA[[32minfo[39m: API Request {"body":{"address":{"city":"Test City","country":"Test Country","state":"Test State","street":"123 Test St","zipCode":"12345"},"company":{"department":"Engineering","jobTitle":"Software Developer","name":"Test Company"},"email":"test1754907151394@example.com","name":"Test User","phone":"+1234567890","username":"user_1754907151394","website":"https://example.com"},"headers":{},"method":"POST","scenarioName":"User Registration","testId":"210a47ee-cef0-4524-af5d-128d13057e38","timestamp":"2025-08-11 20:12:31","type":"api_request","url":"/users"}
[32minfo[39m: API Response {"body":{"address":{"city":"Test City","country":"Test Country","state":"Test State","street":"123 Test St","zipCode":"12345"},"company":{"department":"Engineering","jobTitle":"Software Developer","name":"Test Company"},"email":"test1754907151394@example.com","id":11,"name":"Test User","phone":"+1234567890","username":"user_1754907151394","website":"https://example.com"},"headers":{"access-control-allow-credentials":"true","access-control-expose-headers":"Location","alt-svc":"h3=\":443\"; ma=86400","cache-control":"no-cache","cf-cache-status":"DYNAMIC","cf-ray":"96d6f480bdf6e6cf-MEL","connection":"keep-alive","content-length":"452","content-type":"application/json; charset=utf-8","date":"Mon, 11 Aug 2025 10:12:32 GMT","etag":"W/\"1c4-0LVqmvMfikXS6z1H2NiPDzRlUHY\"","expires":"-1","location":"https://jsonplaceholder.typicode.com/users/11","nel":"{\"report_to\":\"heroku-nel\",\"response_headers\":[\"Via\"],\"max_age\":3600,\"success_fraction\":0.01,\"failure_fraction\":0.1}","pragma":"no-cache","report-to":"{\"group\":\"heroku-nel\",\"endpoints\":[{\"url\":\"https://nel.heroku.com/reports?s=eB8oXI0uUSr7S5oMTcPuVxory3hZkQkuhG4%2FZBSnSlc%3D\\u0026sid=e11707d5-02a7-43ef-b45e-2cf4d2036f7d\\u0026ts=1754907152\"}],\"max_age\":3600}","reporting-endpoints":"heroku-nel=\"https://nel.heroku.com/reports?s=eB8oXI0uUSr7S5oMTcPuVxory3hZkQkuhG4%2FZBSnSlc%3D&sid=e11707d5-02a7-43ef-b45e-2cf4d2036f7d&ts=1754907152\"","server":"cloudflare","vary":"Origin, X-HTTP-Method-Override, Accept-Encoding","via":"2.0 heroku-router","x-content-type-options":"nosniff","x-powered-by":"Express","x-ratelimit-limit":"1000","x-ratelimit-remaining":"960","x-ratelimit-reset":"1754907167"},"responseTime":657,"scenarioName":"User Registration","status":201,"statusText":"Created","testId":"210a47ee-cef0-4524-af5d-128d13057e38","timestamp":"2025-08-11 20:12:32","type":"api_response"}
[32minfo[39m: API Request {"body":null,"headers":{},"method":"GET","scenarioName":"Get User Profile","testId":"210a47ee-cef0-4524-af5d-128d13057e38","timestamp":"2025-08-11 20:12:32","type":"api_request","url":"/users/11"}
[32minfo[39m: API Response {"body":{},"headers":{"access-control-allow-credentials":"true","age":"6450","alt-svc":"h3=\":443\"; ma=86400","cache-control":"max-age=43200","cf-cache-status":"HIT","cf-ray":"96d6f484ca4ee6cf-MEL","connection":"keep-alive","content-encoding":"br","content-type":"application/json; charset=utf-8","date":"Mon, 11 Aug 2025 10:12:32 GMT","etag":"W/\"2-vyGp6PvFo4RvsFtPoIWeCReyIC8\"","expires":"-1","nel":"{\"report_to\":\"heroku-nel\",\"response_headers\":[\"Via\"],\"max_age\":3600,\"success_fraction\":0.01,\"failure_fraction\":0.1}","pragma":"no-cache","report-to":"{\"group\":\"heroku-nel\",\"endpoints\":[{\"url\":\"https://nel.heroku.com/reports?s=hqM562Hv2wI7AyPtk1ZbeN9bGmG5IOtX0KWIpbfwV%2FU%3D\\u0026sid=e11707d5-02a7-43ef-b45e-2cf4d2036f7d\\u0026ts=1754900701\"}],\"max_age\":3600}","reporting-endpoints":"heroku-nel=\"https://nel.heroku.com/reports?s=hqM562Hv2wI7AyPtk1ZbeN9bGmG5IOtX0KWIpbfwV%2FU%3D&sid=e11707d5-02a7-43ef-b45e-2cf4d2036f7d&ts=1754900701\"","server":"cloudflare","transfer-encoding":"chunked","vary":"Origin, Accept-Encoding","via":"2.0 heroku-router","x-content-type-options":"nosniff","x-powered-by":"Express","x-ratelimit-limit":"1000","x-ratelimit-remaining":"993","x-ratelimit-reset":"1754900746"},"responseTime":21,"scenarioName":"Get User Profile","status":404,"statusText":"Not Found","testId":"210a47ee-cef0-4524-af5d-128d13057e38","timestamp":"2025-08-11 20:12:32","type":"api_response"}

[[ATTACHMENT|../test-results/user-management-userRegist-aa2f8-retrieve-user-profile-smoke-api-tests/trace.zip]]
]]>
</system-out>
</testcase>
<testcase name="Bulk User Operations › should retrieve list of users @smoke" classname="user-management/userRegistration.spec.ts" time="0.029">
<system-out>
<![CDATA[[32minfo[39m: API Request {"body":null,"headers":{},"method":"GET","scenarioName":"Get All Users","testId":"2ae04cc9-8fce-4ba9-853e-c20f6d4364a4","timestamp":"2025-08-11 20:12:31","type":"api_request","url":"/users"}
[32minfo[39m: API Response {"body":[{"address":{"city":"Gwenborough","geo":{"lat":"-37.3159","lng":"81.1496"},"street":"Kulas Light","suite":"Apt. 556","zipcode":"92998-3874"},"company":{"bs":"harness real-time e-markets","catchPhrase":"Multi-layered client-server neural-net","name":"Romaguera-Crona"},"email":"Sincere@april.biz","id":1,"name":"Leanne Graham","phone":"1-770-736-8031 x56442","username":"Bret","website":"hildegard.org"},{"address":{"city":"Wisokyburgh","geo":{"lat":"-43.9509","lng":"-34.4618"},"street":"Victor Plains","suite":"Suite 879","zipcode":"90566-7771"},"company":{"bs":"synergize scalable supply-chains","catchPhrase":"Proactive didactic contingency","name":"Deckow-Crist"},"email":"Shanna@melissa.tv","id":2,"name":"Ervin Howell","phone":"010-692-6593 x09125","username":"Antonette","website":"anastasia.net"},{"address":{"city":"McKenziehaven","geo":{"lat":"-68.6102","lng":"-47.0653"},"street":"Douglas Extension","suite":"Suite 847","zipcode":"59590-4157"},"company":{"bs":"e-enable strategic applications","catchPhrase":"Face to face bifurcated interface","name":"Romaguera-Jacobson"},"email":"Nathan@yesenia.net","id":3,"name":"Clementine Bauch","phone":"1-463-123-4447","username":"Samantha","website":"ramiro.info"},{"address":{"city":"South Elvis","geo":{"lat":"29.4572","lng":"-164.2990"},"street":"Hoeger Mall","suite":"Apt. 692","zipcode":"53919-4257"},"company":{"bs":"transition cutting-edge web services","catchPhrase":"Multi-tiered zero tolerance productivity","name":"Robel-Corkery"},"email":"Julianne.OConner@kory.org","id":4,"name":"Patricia Lebsack","phone":"493-170-9623 x156","username":"Karianne","website":"kale.biz"},{"address":{"city":"Roscoeview","geo":{"lat":"-31.8129","lng":"62.5342"},"street":"Skiles Walks","suite":"Suite 351","zipcode":"33263"},"company":{"bs":"revolutionize end-to-end systems","catchPhrase":"User-centric fault-tolerant solution","name":"Keebler LLC"},"email":"Lucio_Hettinger@annie.ca","id":5,"name":"Chelsey Dietrich","phone":"(254)954-1289","username":"Kamren","website":"demarco.info"},{"address":{"city":"South Christy","geo":{"lat":"-71.4197","lng":"71.7478"},"street":"Norberto Crossing","suite":"Apt. 950","zipcode":"23505-1337"},"company":{"bs":"e-enable innovative applications","catchPhrase":"Synchronised bottom-line interface","name":"Considine-Lockman"},"email":"Karley_Dach@jasper.info","id":6,"name":"Mrs. Dennis Schulist","phone":"1-477-935-8478 x6430","username":"Leopoldo_Corkery","website":"ola.org"},{"address":{"city":"Howemouth","geo":{"lat":"24.8918","lng":"21.8984"},"street":"Rex Trail","suite":"Suite 280","zipcode":"58804-1099"},"company":{"bs":"generate enterprise e-tailers","catchPhrase":"Configurable multimedia task-force","name":"Johns Group"},"email":"Telly.Hoeger@billy.biz","id":7,"name":"Kurtis Weissnat","phone":"210.067.6132","username":"Elwyn.Skiles","website":"elvis.io"},{"address":{"city":"Aliyaview","geo":{"lat":"-14.3990","lng":"-120.7677"},"street":"Ellsworth Summit","suite":"Suite 729","zipcode":"45169"},"company":{"bs":"e-enable extensible e-tailers","catchPhrase":"Implemented secondary concept","name":"Abernathy Group"},"email":"Sherwood@rosamond.me","id":8,"name":"Nicholas Runolfsdottir V","phone":"586.493.6943 x140","username":"Maxime_Nienow","website":"jacynthe.com"},{"address":{"city":"Bartholomebury","geo":{"lat":"24.6463","lng":"-168.8889"},"street":"Dayna Park","suite":"Suite 449","zipcode":"76495-3109"},"company":{"bs":"aggregate real-time technologies","catchPhrase":"Switchable contextually-based project","name":"Yost and Sons"},"email":"Chaim_McDermott@dana.io","id":9,"name":"Glenna Reichert","phone":"(775)976-6794 x41206","username":"Delphine","website":"conrad.com"},{"address":{"city":"Lebsackbury","geo":{"lat":"-38.2386","lng":"57.2232"},"street":"Kattie Turnpike","suite":"Suite 198","zipcode":"31428-2261"},"company":{"bs":"target end-to-end models","catchPhrase":"Centralized empowering task-force","name":"Hoeger LLC"},"email":"Rey.Padberg@karina.biz","id":10,"name":"Clementina DuBuque","phone":"024-648-3804","username":"Moriah.Stanton","website":"ambrose.net"}],"headers":{"access-control-allow-credentials":"true","age":"23092","alt-svc":"h3=\":443\"; ma=86400","cache-control":"max-age=43200","cf-cache-status":"HIT","cf-ray":"96d6f48189cf2b31-MEL","connection":"keep-alive","content-encoding":"gzip","content-length":"1847","content-type":"application/json; charset=utf-8","date":"Mon, 11 Aug 2025 10:12:31 GMT","etag":"W/\"160d-1eMSsxeJRfnVLRBmYJSbCiJZ1qQ\"","expires":"-1","nel":"{\"report_to\":\"heroku-nel\",\"response_headers\":[\"Via\"],\"max_age\":3600,\"success_fraction\":0.01,\"failure_fraction\":0.1}","pragma":"no-cache","report-to":"{\"group\":\"heroku-nel\",\"endpoints\":[{\"url\":\"https://nel.heroku.com/reports?s=%2B59%2B9uFhb2aifXDBBldbbFr8wRlUw6hhw%2B0EaKFFSP8%3D\\u0026sid=e11707d5-02a7-43ef-b45e-2cf4d2036f7d\\u0026ts=1752360039\"}],\"max_age\":3600}","reporting-endpoints":"heroku-nel=\"https://nel.heroku.com/reports?s=%2B59%2B9uFhb2aifXDBBldbbFr8wRlUw6hhw%2B0EaKFFSP8%3D&sid=e11707d5-02a7-43ef-b45e-2cf4d2036f7d&ts=1752360039\"","server":"cloudflare","vary":"Origin, Accept-Encoding","via":"2.0 heroku-router","x-content-type-options":"nosniff","x-powered-by":"Express","x-ratelimit-limit":"1000","x-ratelimit-remaining":"999","x-ratelimit-reset":"1752360083"},"responseTime":24,"scenarioName":"Get All Users","status":200,"statusText":"OK","testId":"2ae04cc9-8fce-4ba9-853e-c20f6d4364a4","timestamp":"2025-08-11 20:12:31","type":"api_response"}

[[ATTACHMENT|../test-results/user-management-userRegist-8b008-etrieve-list-of-users-smoke-api-tests/trace.zip]]
]]>
</system-out>
</testcase>
</testsuite>
<testsuite name="auth/authentication.spec.ts" timestamp="2025-08-11T10:12:30.069Z" hostname="api-tests-with-trace" tests="3" failures="1" skipped="0" time="1.516" errors="0">
<testcase name="Authentication Flow › should authenticate user with valid credentials @smoke @critical-path" classname="auth/authentication.spec.ts" time="0.246">
<system-out>
<![CDATA[[32minfo[39m: API Request {"body":{"address":{"city":"Test City","country":"Test Country","state":"Test State","street":"123 Test St","zipCode":"12345"},"company":{"department":"Engineering","jobTitle":"Software Developer","name":"Test Company"},"email":"test1754907152282@example.com","name":"Test User","phone":"+1234567890","username":"user_1754907152282","website":"https://example.com"},"headers":{},"method":"POST","scenarioName":"User Registration","testId":"3fce0190-3707-45f7-8318-758b1776a4d5","timestamp":"2025-08-11 20:12:32","type":"api_request","url":"/users"}
[32minfo[39m: API Response {"body":{"address":{"city":"Test City","country":"Test Country","state":"Test State","street":"123 Test St","zipCode":"12345"},"company":{"department":"Engineering","jobTitle":"Software Developer","name":"Test Company"},"email":"test1754907152282@example.com","id":11,"name":"Test User","phone":"+1234567890","username":"user_1754907152282","website":"https://example.com"},"headers":{"access-control-allow-credentials":"true","access-control-expose-headers":"Location","alt-svc":"h3=\":443\"; ma=86400","cache-control":"no-cache","cf-cache-status":"DYNAMIC","cf-ray":"96d6f4867fe529b3-MEL","connection":"keep-alive","content-length":"452","content-type":"application/json; charset=utf-8","date":"Mon, 11 Aug 2025 10:12:33 GMT","etag":"W/\"1c4-FtbRdvb5SVrcIfriJkrqJFYD15c\"","expires":"-1","location":"https://jsonplaceholder.typicode.com/users/11","nel":"{\"report_to\":\"heroku-nel\",\"response_headers\":[\"Via\"],\"max_age\":3600,\"success_fraction\":0.01,\"failure_fraction\":0.1}","pragma":"no-cache","report-to":"{\"group\":\"heroku-nel\",\"endpoints\":[{\"url\":\"https://nel.heroku.com/reports?s=eB8oXI0uUSr7S5oMTcPuVxory3hZkQkuhG4%2FZBSnSlc%3D\\u0026sid=e11707d5-02a7-43ef-b45e-2cf4d2036f7d\\u0026ts=1754907152\"}],\"max_age\":3600}","reporting-endpoints":"heroku-nel=\"https://nel.heroku.com/reports?s=eB8oXI0uUSr7S5oMTcPuVxory3hZkQkuhG4%2FZBSnSlc%3D&sid=e11707d5-02a7-43ef-b45e-2cf4d2036f7d&ts=1754907152\"","server":"cloudflare","vary":"Origin, X-HTTP-Method-Override, Accept-Encoding","via":"2.0 heroku-router","x-content-type-options":"nosniff","x-powered-by":"Express","x-ratelimit-limit":"1000","x-ratelimit-remaining":"953","x-ratelimit-reset":"1754907167"},"responseTime":701,"scenarioName":"User Registration","status":201,"statusText":"Created","testId":"3fce0190-3707-45f7-8318-758b1776a4d5","timestamp":"2025-08-11 20:12:32","type":"api_response"}
[32minfo[39m: API Request {"body":{"body":"{\"email\":\"testuser@example.com\",\"password\":\"SecurePassword123!\"}","title":"Login Request","userId":11},"headers":{},"method":"POST","scenarioName":"User Authentication","testId":"f103d4d3-9916-480c-b4dd-27d969c3b31b","timestamp":"2025-08-11 20:12:32","type":"api_request","url":"/posts"}
[32minfo[39m: API Response {"body":{"body":"{\"email\":\"testuser@example.com\",\"password\":\"SecurePassword123!\"}","id":101,"title":"Login Request","userId":11},"headers":{"access-control-allow-credentials":"true","access-control-expose-headers":"Location","alt-svc":"h3=\":443\"; ma=86400","cache-control":"no-cache","cf-cache-status":"DYNAMIC","cf-ray":"96d6f48abbcf29b3-MEL","connection":"keep-alive","content-length":"145","content-type":"application/json; charset=utf-8","date":"Mon, 11 Aug 2025 10:12:33 GMT","etag":"W/\"91-akLkja/JQ8tQObyZ1rpEGz4nqAg\"","expires":"-1","location":"https://jsonplaceholder.typicode.com/posts/101","nel":"{\"report_to\":\"heroku-nel\",\"response_headers\":[\"Via\"],\"max_age\":3600,\"success_fraction\":0.01,\"failure_fraction\":0.1}","pragma":"no-cache","report-to":"{\"group\":\"heroku-nel\",\"endpoints\":[{\"url\":\"https://nel.heroku.com/reports?s=fnkVLjdQoeqdL4tY4BGdrOx7L5lBS4kyB8aPIRgDFNc%3D\\u0026sid=e11707d5-02a7-43ef-b45e-2cf4d2036f7d\\u0026ts=1754907153\"}],\"max_age\":3600}","reporting-endpoints":"heroku-nel=\"https://nel.heroku.com/reports?s=fnkVLjdQoeqdL4tY4BGdrOx7L5lBS4kyB8aPIRgDFNc%3D&sid=e11707d5-02a7-43ef-b45e-2cf4d2036f7d&ts=1754907153\"","server":"cloudflare","vary":"Origin, X-HTTP-Method-Override, Accept-Encoding","via":"2.0 heroku-router","x-content-type-options":"nosniff","x-powered-by":"Express","x-ratelimit-limit":"1000","x-ratelimit-remaining":"951","x-ratelimit-reset":"1754907167"},"responseTime":233,"scenarioName":"User Authentication","status":201,"statusText":"Created","testId":"f103d4d3-9916-480c-b4dd-27d969c3b31b","timestamp":"2025-08-11 20:12:33","type":"api_response"}

[[ATTACHMENT|../test-results/auth-authentication-Authen-da722-entials-smoke-critical-path-api-tests-with-trace/trace.zip]]
]]>
</system-out>
</testcase>
<testcase name="Session Management › should maintain session with valid token @smoke" classname="auth/authentication.spec.ts" time="0.748">
<failure message="authentication.spec.ts:41:7 should maintain session with valid token @smoke" type="FAILURE">
<![CDATA[  [api-tests-with-trace] › auth/authentication.spec.ts:41:7 › Session Management › should maintain session with valid token @smoke 

    Error: expect(received).toBeLessThan(expected)

    Expected: < 300
    Received:   404

       at ../utils/testFixtures.ts:228

      226 |       assertSuccessResponse(response: ApiHelperResponse): void {
      227 |         expect(response.status).toBeGreaterThanOrEqual(200);
    > 228 |         expect(response.status).toBeLessThan(300);
          |                                 ^
      229 |       },
      230 |
      231 |       assertErrorResponse(response: ApiHelperResponse, expectedStatus: number): void {
        at Object.assertSuccessResponse (/Users/Anand/github/playwright-api-test/utils/testFixtures.ts:228:33)
        at TestActions.validateSession (/Users/Anand/github/playwright-api-test/utils/test-actions.ts:721:20)
        at /Users/Anand/github/playwright-api-test/tests/auth/authentication.spec.ts:43:5

    attachment #1: trace (application/zip) ─────────────────────────────────────────────────────────
    ../test-results/auth-authentication-Sessio-9bcbb-sion-with-valid-token-smoke-api-tests-with-trace/trace.zip
    Usage:

        npx playwright show-trace ../test-results/auth-authentication-Sessio-9bcbb-sion-with-valid-token-smoke-api-tests-with-trace/trace.zip

    ────────────────────────────────────────────────────────────────────────────────────────────────
]]>
</failure>
<system-out>
<![CDATA[[32minfo[39m: API Request {"body":{"address":{"city":"Test City","country":"Test Country","state":"Test State","street":"123 Test St","zipCode":"12345"},"company":{"department":"Engineering","jobTitle":"Software Developer","name":"Test Company"},"email":"test1754907151829@example.com","name":"Test User","phone":"+1234567890","username":"user_1754907151829","website":"https://example.com"},"headers":{},"method":"POST","scenarioName":"User Registration","testId":"6956bb56-76af-4027-96aa-c7347f05b882","timestamp":"2025-08-11 20:12:31","type":"api_request","url":"/users"}
[32minfo[39m: API Response {"body":{"address":{"city":"Test City","country":"Test Country","state":"Test State","street":"123 Test St","zipCode":"12345"},"company":{"department":"Engineering","jobTitle":"Software Developer","name":"Test Company"},"email":"test1754907151829@example.com","id":11,"name":"Test User","phone":"+1234567890","username":"user_1754907151829","website":"https://example.com"},"headers":{"access-control-allow-credentials":"true","access-control-expose-headers":"Location","alt-svc":"h3=\":443\"; ma=86400","cache-control":"no-cache","cf-cache-status":"DYNAMIC","cf-ray":"96d6f483beb2f0dd-MEL","connection":"keep-alive","content-length":"452","content-type":"application/json; charset=utf-8","date":"Mon, 11 Aug 2025 10:12:32 GMT","etag":"W/\"1c4-JTCBMmU/w1+dql6hmNrzTVEX3BM\"","expires":"-1","location":"https://jsonplaceholder.typicode.com/users/11","nel":"{\"report_to\":\"heroku-nel\",\"response_headers\":[\"Via\"],\"max_age\":3600,\"success_fraction\":0.01,\"failure_fraction\":0.1}","pragma":"no-cache","report-to":"{\"group\":\"heroku-nel\",\"endpoints\":[{\"url\":\"https://nel.heroku.com/reports?s=eB8oXI0uUSr7S5oMTcPuVxory3hZkQkuhG4%2FZBSnSlc%3D\\u0026sid=e11707d5-02a7-43ef-b45e-2cf4d2036f7d\\u0026ts=1754907152\"}],\"max_age\":3600}","reporting-endpoints":"heroku-nel=\"https://nel.heroku.com/reports?s=eB8oXI0uUSr7S5oMTcPuVxory3hZkQkuhG4%2FZBSnSlc%3D&sid=e11707d5-02a7-43ef-b45e-2cf4d2036f7d&ts=1754907152\"","server":"cloudflare","vary":"Origin, X-HTTP-Method-Override, Accept-Encoding","via":"2.0 heroku-router","x-content-type-options":"nosniff","x-powered-by":"Express","x-ratelimit-limit":"1000","x-ratelimit-remaining":"957","x-ratelimit-reset":"1754907167"},"responseTime":710,"scenarioName":"User Registration","status":201,"statusText":"Created","testId":"6956bb56-76af-4027-96aa-c7347f05b882","timestamp":"2025-08-11 20:12:32","type":"api_response"}
[32minfo[39m: API Request {"body":null,"headers":{"Authorization":"Bearer test-token"},"method":"GET","scenarioName":"Authenticated User Profile Access","testId":"6956bb56-76af-4027-96aa-c7347f05b882","timestamp":"2025-08-11 20:12:32","type":"api_request","url":"/users/11"}
[32minfo[39m: API Response {"body":{},"headers":{"access-control-allow-credentials":"true","age":"6451","alt-svc":"h3=\":443\"; ma=86400","cache-control":"max-age=43200","cf-cache-status":"HIT","cf-ray":"96d6f487db4ff0dd-MEL","connection":"keep-alive","content-encoding":"br","content-type":"application/json; charset=utf-8","date":"Mon, 11 Aug 2025 10:12:32 GMT","etag":"W/\"2-vyGp6PvFo4RvsFtPoIWeCReyIC8\"","expires":"-1","nel":"{\"report_to\":\"heroku-nel\",\"response_headers\":[\"Via\"],\"max_age\":3600,\"success_fraction\":0.01,\"failure_fraction\":0.1}","pragma":"no-cache","report-to":"{\"group\":\"heroku-nel\",\"endpoints\":[{\"url\":\"https://nel.heroku.com/reports?s=hqM562Hv2wI7AyPtk1ZbeN9bGmG5IOtX0KWIpbfwV%2FU%3D\\u0026sid=e11707d5-02a7-43ef-b45e-2cf4d2036f7d\\u0026ts=1754900701\"}],\"max_age\":3600}","reporting-endpoints":"heroku-nel=\"https://nel.heroku.com/reports?s=hqM562Hv2wI7AyPtk1ZbeN9bGmG5IOtX0KWIpbfwV%2FU%3D&sid=e11707d5-02a7-43ef-b45e-2cf4d2036f7d&ts=1754900701\"","server":"cloudflare","transfer-encoding":"chunked","vary":"Origin, Accept-Encoding","via":"2.0 heroku-router","x-content-type-options":"nosniff","x-powered-by":"Express","x-ratelimit-limit":"1000","x-ratelimit-remaining":"993","x-ratelimit-reset":"1754900746"},"responseTime":21,"scenarioName":"Authenticated User Profile Access","status":404,"statusText":"Not Found","testId":"6956bb56-76af-4027-96aa-c7347f05b882","timestamp":"2025-08-11 20:12:32","type":"api_response"}

[[ATTACHMENT|../test-results/auth-authentication-Sessio-9bcbb-sion-with-valid-token-smoke-api-tests-with-trace/trace.zip]]
]]>
</system-out>
</testcase>
<testcase name="Session Management › should logout user successfully @smoke" classname="auth/authentication.spec.ts" time="0.522">
<system-out>
<![CDATA[[32minfo[39m: API Request {"body":{"address":{"city":"Test City","country":"Test Country","state":"Test State","street":"123 Test St","zipCode":"12345"},"company":{"department":"Engineering","jobTitle":"Software Developer","name":"Test Company"},"email":"test1754907151890@example.com","name":"Test User","phone":"+1234567890","username":"user_1754907151890","website":"https://example.com"},"headers":{},"method":"POST","scenarioName":"User Registration","testId":"7e6925f3-f90e-48bf-b2a3-7ae6125d32f9","timestamp":"2025-08-11 20:12:31","type":"api_request","url":"/users"}
[32minfo[39m: API Response {"body":{"address":{"city":"Test City","country":"Test Country","state":"Test State","street":"123 Test St","zipCode":"12345"},"company":{"department":"Engineering","jobTitle":"Software Developer","name":"Test Company"},"email":"test1754907151890@example.com","id":11,"name":"Test User","phone":"+1234567890","username":"user_1754907151890","website":"https://example.com"},"headers":{"access-control-allow-credentials":"true","access-control-expose-headers":"Location","alt-svc":"h3=\":443\"; ma=86400","cache-control":"no-cache","cf-cache-status":"DYNAMIC","cf-ray":"96d6f4840972e6d9-MEL","connection":"keep-alive","content-length":"452","content-type":"application/json; charset=utf-8","date":"Mon, 11 Aug 2025 10:12:32 GMT","etag":"W/\"1c4-6B3GeW9W3RwKUx1GlNKfvlQsTPo\"","expires":"-1","location":"https://jsonplaceholder.typicode.com/users/11","nel":"{\"report_to\":\"heroku-nel\",\"response_headers\":[\"Via\"],\"max_age\":3600,\"success_fraction\":0.01,\"failure_fraction\":0.1}","pragma":"no-cache","report-to":"{\"group\":\"heroku-nel\",\"endpoints\":[{\"url\":\"https://nel.heroku.com/reports?s=eB8oXI0uUSr7S5oMTcPuVxory3hZkQkuhG4%2FZBSnSlc%3D\\u0026sid=e11707d5-02a7-43ef-b45e-2cf4d2036f7d\\u0026ts=1754907152\"}],\"max_age\":3600}","reporting-endpoints":"heroku-nel=\"https://nel.heroku.com/reports?s=eB8oXI0uUSr7S5oMTcPuVxory3hZkQkuhG4%2FZBSnSlc%3D&sid=e11707d5-02a7-43ef-b45e-2cf4d2036f7d&ts=1754907152\"","server":"cloudflare","vary":"Origin, X-HTTP-Method-Override, Accept-Encoding","via":"2.0 heroku-router","x-content-type-options":"nosniff","x-powered-by":"Express","x-ratelimit-limit":"1000","x-ratelimit-remaining":"959","x-ratelimit-reset":"1754907167"},"responseTime":273,"scenarioName":"User Registration","status":201,"statusText":"Created","testId":"7e6925f3-f90e-48bf-b2a3-7ae6125d32f9","timestamp":"2025-08-11 20:12:32","type":"api_response"}
[32minfo[39m: API Request {"body":{"body":"{\"userId\":11,\"sessionToken\":\"test-token\"}","title":"User Logout","userId":11},"headers":{},"method":"POST","scenarioName":"User Logout","testId":"7e6925f3-f90e-48bf-b2a3-7ae6125d32f9","timestamp":"2025-08-11 20:12:32","type":"api_request","url":"/posts"}
[32minfo[39m: API Response {"body":{"body":"{\"userId\":11,\"sessionToken\":\"test-token\"}","id":101,"title":"User Logout","userId":11},"headers":{"access-control-allow-credentials":"true","access-control-expose-headers":"Location","alt-svc":"h3=\":443\"; ma=86400","cache-control":"no-cache","cf-cache-status":"DYNAMIC","cf-ray":"96d6f4858b53e6d9-MEL","connection":"keep-alive","content-length":"118","content-type":"application/json; charset=utf-8","date":"Mon, 11 Aug 2025 10:12:32 GMT","etag":"W/\"76-8RflN35J0Caw3HMhUQbSQ/xNsBQ\"","expires":"-1","location":"https://jsonplaceholder.typicode.com/posts/101","nel":"{\"report_to\":\"heroku-nel\",\"response_headers\":[\"Via\"],\"max_age\":3600,\"success_fraction\":0.01,\"failure_fraction\":0.1}","pragma":"no-cache","report-to":"{\"group\":\"heroku-nel\",\"endpoints\":[{\"url\":\"https://nel.heroku.com/reports?s=eB8oXI0uUSr7S5oMTcPuVxory3hZkQkuhG4%2FZBSnSlc%3D\\u0026sid=e11707d5-02a7-43ef-b45e-2cf4d2036f7d\\u0026ts=1754907152\"}],\"max_age\":3600}","reporting-endpoints":"heroku-nel=\"https://nel.heroku.com/reports?s=eB8oXI0uUSr7S5oMTcPuVxory3hZkQkuhG4%2FZBSnSlc%3D&sid=e11707d5-02a7-43ef-b45e-2cf4d2036f7d&ts=1754907152\"","server":"cloudflare","vary":"Origin, X-HTTP-Method-Override, Accept-Encoding","via":"2.0 heroku-router","x-content-type-options":"nosniff","x-powered-by":"Express","x-ratelimit-limit":"1000","x-ratelimit-remaining":"958","x-ratelimit-reset":"1754907167"},"responseTime":234,"scenarioName":"User Logout","status":201,"statusText":"Created","testId":"7e6925f3-f90e-48bf-b2a3-7ae6125d32f9","timestamp":"2025-08-11 20:12:32","type":"api_response"}

[[ATTACHMENT|../test-results/auth-authentication-Sessio-9ec06-out-user-successfully-smoke-api-tests-with-trace/trace.zip]]
]]>
</system-out>
</testcase>
</testsuite>
<testsuite name="dashboard-demo.spec.ts" timestamp="2025-08-11T10:12:30.069Z" hostname="api-tests-with-trace" tests="1" failures="0" skipped="0" time="0.569" errors="0">
<testcase name="Dashboard Demo Data › API test to populate dashboard @smoke" classname="dashboard-demo.spec.ts" time="0.569">
<system-out>
<![CDATA[📊 Getting users list...
👤 Getting user 1 details...
📝 Creating new post...
✅ Created post with ID: 101
📝 Updating post 101...
✅ Post updated successfully

[[ATTACHMENT|../test-results/dashboard-demo-Dashboard-D-51dc9-to-populate-dashboard-smoke-api-tests-with-trace/trace.zip]]
]]>
</system-out>
</testcase>
</testsuite>
<testsuite name="profile/profileManagement.spec.ts" timestamp="2025-08-11T10:12:30.069Z" hostname="api-tests-with-trace" tests="1" failures="1" skipped="0" time="0.259" errors="0">
<testcase name="Profile Management › should get user profile information @smoke" classname="profile/profileManagement.spec.ts" time="0.259">
<failure message="profileManagement.spec.ts:15:7 should get user profile information @smoke" type="FAILURE">
<![CDATA[  [api-tests-with-trace] › profile/profileManagement.spec.ts:15:7 › Profile Management › should get user profile information @smoke 

    Error: expect(received).toBeLessThan(expected)

    Expected: < 300
    Received:   404

       at ../utils/testFixtures.ts:228

      226 |       assertSuccessResponse(response: ApiHelperResponse): void {
      227 |         expect(response.status).toBeGreaterThanOrEqual(200);
    > 228 |         expect(response.status).toBeLessThan(300);
          |                                 ^
      229 |       },
      230 |
      231 |       assertErrorResponse(response: ApiHelperResponse, expectedStatus: number): void {
        at Object.assertSuccessResponse (/Users/Anand/github/playwright-api-test/utils/testFixtures.ts:228:33)
        at TestActions.getUserProfile (/Users/Anand/github/playwright-api-test/utils/test-actions.ts:78:20)
        at /Users/Anand/github/playwright-api-test/tests/profile/profileManagement.spec.ts:17:5

    attachment #1: trace (application/zip) ─────────────────────────────────────────────────────────
    ../test-results/profile-profileManagement--cd09f-r-profile-information-smoke-api-tests-with-trace/trace.zip
    Usage:

        npx playwright show-trace ../test-results/profile-profileManagement--cd09f-r-profile-information-smoke-api-tests-with-trace/trace.zip

    ────────────────────────────────────────────────────────────────────────────────────────────────
]]>
</failure>
<system-out>
<![CDATA[[32minfo[39m: API Request {"body":{"address":{"city":"Test City","country":"Test Country","state":"Test State","street":"123 Test St","zipCode":"12345"},"company":{"department":"Engineering","jobTitle":"Software Developer","name":"Test Company"},"email":"test1754907152421@example.com","name":"Test User","phone":"+1234567890","username":"user_1754907152421","website":"https://example.com"},"headers":{},"method":"POST","scenarioName":"User Registration","testId":"89c405b8-3a97-40ce-9216-3ebb7a7ce7e2","timestamp":"2025-08-11 20:12:32","type":"api_request","url":"/users"}
[32minfo[39m: API Response {"body":{"address":{"city":"Test City","country":"Test Country","state":"Test State","street":"123 Test St","zipCode":"12345"},"company":{"department":"Engineering","jobTitle":"Software Developer","name":"Test Company"},"email":"test1754907152421@example.com","id":11,"name":"Test User","phone":"+1234567890","username":"user_1754907152421","website":"https://example.com"},"headers":{"access-control-allow-credentials":"true","access-control-expose-headers":"Location","alt-svc":"h3=\":443\"; ma=86400","cache-control":"no-cache","cf-cache-status":"DYNAMIC","cf-ray":"96d6f4871d0de6d9-MEL","connection":"keep-alive","content-length":"452","content-type":"application/json; charset=utf-8","date":"Mon, 11 Aug 2025 10:12:32 GMT","etag":"W/\"1c4-tUvAAY3nOei+OH5m8ERcDqjhKJg\"","expires":"-1","location":"https://jsonplaceholder.typicode.com/users/11","nel":"{\"report_to\":\"heroku-nel\",\"response_headers\":[\"Via\"],\"max_age\":3600,\"success_fraction\":0.01,\"failure_fraction\":0.1}","pragma":"no-cache","report-to":"{\"group\":\"heroku-nel\",\"endpoints\":[{\"url\":\"https://nel.heroku.com/reports?s=eB8oXI0uUSr7S5oMTcPuVxory3hZkQkuhG4%2FZBSnSlc%3D\\u0026sid=e11707d5-02a7-43ef-b45e-2cf4d2036f7d\\u0026ts=1754907152\"}],\"max_age\":3600}","reporting-endpoints":"heroku-nel=\"https://nel.heroku.com/reports?s=eB8oXI0uUSr7S5oMTcPuVxory3hZkQkuhG4%2FZBSnSlc%3D&sid=e11707d5-02a7-43ef-b45e-2cf4d2036f7d&ts=1754907152\"","server":"cloudflare","vary":"Origin, X-HTTP-Method-Override, Accept-Encoding","via":"2.0 heroku-router","x-content-type-options":"nosniff","x-powered-by":"Express","x-ratelimit-limit":"1000","x-ratelimit-remaining":"955","x-ratelimit-reset":"1754907167"},"responseTime":231,"scenarioName":"User Registration","status":201,"statusText":"Created","testId":"89c405b8-3a97-40ce-9216-3ebb7a7ce7e2","timestamp":"2025-08-11 20:12:32","type":"api_response"}
[32minfo[39m: API Request {"body":null,"headers":{},"method":"GET","scenarioName":"Get User Profile","testId":"89c405b8-3a97-40ce-9216-3ebb7a7ce7e2","timestamp":"2025-08-11 20:12:32","type":"api_request","url":"/users/11"}
[32minfo[39m: API Response {"body":{},"headers":{"access-control-allow-credentials":"true","age":"6451","alt-svc":"h3=\":443\"; ma=86400","cache-control":"max-age=43200","cf-cache-status":"HIT","cf-ray":"96d6f4888e97e6d9-MEL","connection":"keep-alive","content-encoding":"br","content-type":"application/json; charset=utf-8","date":"Mon, 11 Aug 2025 10:12:32 GMT","etag":"W/\"2-vyGp6PvFo4RvsFtPoIWeCReyIC8\"","expires":"-1","nel":"{\"report_to\":\"heroku-nel\",\"response_headers\":[\"Via\"],\"max_age\":3600,\"success_fraction\":0.01,\"failure_fraction\":0.1}","pragma":"no-cache","report-to":"{\"group\":\"heroku-nel\",\"endpoints\":[{\"url\":\"https://nel.heroku.com/reports?s=hqM562Hv2wI7AyPtk1ZbeN9bGmG5IOtX0KWIpbfwV%2FU%3D\\u0026sid=e11707d5-02a7-43ef-b45e-2cf4d2036f7d\\u0026ts=1754900701\"}],\"max_age\":3600}","reporting-endpoints":"heroku-nel=\"https://nel.heroku.com/reports?s=hqM562Hv2wI7AyPtk1ZbeN9bGmG5IOtX0KWIpbfwV%2FU%3D&sid=e11707d5-02a7-43ef-b45e-2cf4d2036f7d&ts=1754900701\"","server":"cloudflare","transfer-encoding":"chunked","vary":"Origin, Accept-Encoding","via":"2.0 heroku-router","x-content-type-options":"nosniff","x-powered-by":"Express","x-ratelimit-limit":"1000","x-ratelimit-remaining":"993","x-ratelimit-reset":"1754900746"},"responseTime":19,"scenarioName":"Get User Profile","status":404,"statusText":"Not Found","testId":"89c405b8-3a97-40ce-9216-3ebb7a7ce7e2","timestamp":"2025-08-11 20:12:32","type":"api_response"}

[[ATTACHMENT|../test-results/profile-profileManagement--cd09f-r-profile-information-smoke-api-tests-with-trace/trace.zip]]
]]>
</system-out>
</testcase>
</testsuite>
<testsuite name="trace-demo.spec.ts" timestamp="2025-08-11T10:12:30.069Z" hostname="api-tests-with-trace" tests="1" failures="0" skipped="0" time="0.087" errors="0">
<testcase name="Trace Demo › simple API test for trace demonstration @smoke" classname="trace-demo.spec.ts" time="0.087">
<system-out>
<![CDATA[User data received: Leanne Graham

[[ATTACHMENT|../test-results/trace-demo-Trace-Demo-simp-98d03-r-trace-demonstration-smoke-api-tests-with-trace/trace.zip]]
]]>
</system-out>
</testcase>
</testsuite>
<testsuite name="user-management/userRegistration.spec.ts" timestamp="2025-08-11T10:12:30.069Z" hostname="api-tests-with-trace" tests="3" failures="1" skipped="0" time="0.586" errors="0">
<testcase name="User Registration Flow › should register a new user successfully @smoke @regression" classname="user-management/userRegistration.spec.ts" time="0.293">
<properties>
<property name="user-id" value="">
</property>
</properties>
<system-out>
<![CDATA[[32minfo[39m: API Request {"body":{"address":{"city":"Test City","country":"Test Country","state":"Test State","street":"123 Test St","zipCode":"12345"},"company":{"department":"Engineering","jobTitle":"Software Developer","name":"Test Company"},"email":"test1754907152957@example.com","name":"Test User","phone":"+1234567890","username":"user_1754907152957","website":"https://example.com"},"headers":{},"method":"POST","scenarioName":"User Registration","testId":"178cee8d-da6c-4a86-b1e4-fb7375478866","timestamp":"2025-08-11 20:12:32","type":"api_request","url":"/users"}
[32minfo[39m: API Response {"body":{"address":{"city":"Test City","country":"Test Country","state":"Test State","street":"123 Test St","zipCode":"12345"},"company":{"department":"Engineering","jobTitle":"Software Developer","name":"Test Company"},"email":"test1754907152957@example.com","id":11,"name":"Test User","phone":"+1234567890","username":"user_1754907152957","website":"https://example.com"},"headers":{"access-control-allow-credentials":"true","access-control-expose-headers":"Location","alt-svc":"h3=\":443\"; ma=86400","cache-control":"no-cache","cf-cache-status":"DYNAMIC","cf-ray":"96d6f48ab90aab1a-MEL","connection":"keep-alive","content-length":"452","content-type":"application/json; charset=utf-8","date":"Mon, 11 Aug 2025 10:12:33 GMT","etag":"W/\"1c4-hNhdCB1UFLUGhtXpSZSkIDXCdiQ\"","expires":"-1","location":"https://jsonplaceholder.typicode.com/users/11","nel":"{\"report_to\":\"heroku-nel\",\"response_headers\":[\"Via\"],\"max_age\":3600,\"success_fraction\":0.01,\"failure_fraction\":0.1}","pragma":"no-cache","report-to":"{\"group\":\"heroku-nel\",\"endpoints\":[{\"url\":\"https://nel.heroku.com/reports?s=fnkVLjdQoeqdL4tY4BGdrOx7L5lBS4kyB8aPIRgDFNc%3D\\u0026sid=e11707d5-02a7-43ef-b45e-2cf4d2036f7d\\u0026ts=1754907153\"}],\"max_age\":3600}","reporting-endpoints":"heroku-nel=\"https://nel.heroku.com/reports?s=fnkVLjdQoeqdL4tY4BGdrOx7L5lBS4kyB8aPIRgDFNc%3D&sid=e11707d5-02a7-43ef-b45e-2cf4d2036f7d&ts=1754907153\"","server":"cloudflare","vary":"Origin, X-HTTP-Method-Override, Accept-Encoding","via":"2.0 heroku-router","x-content-type-options":"nosniff","x-powered-by":"Express","x-ratelimit-limit":"1000","x-ratelimit-remaining":"950","x-ratelimit-reset":"1754907167"},"responseTime":272,"scenarioName":"User Registration","status":201,"statusText":"Created","testId":"178cee8d-da6c-4a86-b1e4-fb7375478866","timestamp":"2025-08-11 20:12:33","type":"api_response"}

[[ATTACHMENT|../test-results/user-management-userRegist-dc2da-ccessfully-smoke-regression-api-tests-with-trace/trace.zip]]
]]>
</system-out>
</testcase>
<testcase name="User Management Operations › should retrieve user profile @smoke" classname="user-management/userRegistration.spec.ts" time="0.264">
<failure message="userRegistration.spec.ts:38:7 should retrieve user profile @smoke" type="FAILURE">
<![CDATA[  [api-tests-with-trace] › user-management/userRegistration.spec.ts:38:7 › User Management Operations › should retrieve user profile @smoke 

    Error: expect(received).toBeLessThan(expected)

    Expected: < 300
    Received:   404

       at ../utils/testFixtures.ts:228

      226 |       assertSuccessResponse(response: ApiHelperResponse): void {
      227 |         expect(response.status).toBeGreaterThanOrEqual(200);
    > 228 |         expect(response.status).toBeLessThan(300);
          |                                 ^
      229 |       },
      230 |
      231 |       assertErrorResponse(response: ApiHelperResponse, expectedStatus: number): void {
        at Object.assertSuccessResponse (/Users/Anand/github/playwright-api-test/utils/testFixtures.ts:228:33)
        at TestActions.getUserProfile (/Users/Anand/github/playwright-api-test/utils/test-actions.ts:78:20)
        at /Users/Anand/github/playwright-api-test/tests/user-management/userRegistration.spec.ts:39:21

    attachment #1: trace (application/zip) ─────────────────────────────────────────────────────────
    ../test-results/user-management-userRegist-aa2f8-retrieve-user-profile-smoke-api-tests-with-trace/trace.zip
    Usage:

        npx playwright show-trace ../test-results/user-management-userRegist-aa2f8-retrieve-user-profile-smoke-api-tests-with-trace/trace.zip

    ────────────────────────────────────────────────────────────────────────────────────────────────
]]>
</failure>
<system-out>
<![CDATA[[32minfo[39m: API Request {"body":{"address":{"city":"Test City","country":"Test Country","state":"Test State","street":"123 Test St","zipCode":"12345"},"company":{"department":"Engineering","jobTitle":"Software Developer","name":"Test Company"},"email":"test1754907152933@example.com","name":"Test User","phone":"+1234567890","username":"user_1754907152933","website":"https://example.com"},"headers":{},"method":"POST","scenarioName":"User Registration","testId":"fae1be52-384d-429c-a1dc-edab46dc185c","timestamp":"2025-08-11 20:12:32","type":"api_request","url":"/users"}
[32minfo[39m: API Response {"body":{"address":{"city":"Test City","country":"Test Country","state":"Test State","street":"123 Test St","zipCode":"12345"},"company":{"department":"Engineering","jobTitle":"Software Developer","name":"Test Company"},"email":"test1754907152933@example.com","id":11,"name":"Test User","phone":"+1234567890","username":"user_1754907152933","website":"https://example.com"},"headers":{"access-control-allow-credentials":"true","access-control-expose-headers":"Location","alt-svc":"h3=\":443\"; ma=86400","cache-control":"no-cache","cf-cache-status":"DYNAMIC","cf-ray":"96d6f48a5f1ae69b-MEL","connection":"keep-alive","content-length":"452","content-type":"application/json; charset=utf-8","date":"Mon, 11 Aug 2025 10:12:33 GMT","etag":"W/\"1c4-bgYbIhVlAz/UYNKeIHLMSD6Fka0\"","expires":"-1","location":"https://jsonplaceholder.typicode.com/users/11","nel":"{\"report_to\":\"heroku-nel\",\"response_headers\":[\"Via\"],\"max_age\":3600,\"success_fraction\":0.01,\"failure_fraction\":0.1}","pragma":"no-cache","report-to":"{\"group\":\"heroku-nel\",\"endpoints\":[{\"url\":\"https://nel.heroku.com/reports?s=fnkVLjdQoeqdL4tY4BGdrOx7L5lBS4kyB8aPIRgDFNc%3D\\u0026sid=e11707d5-02a7-43ef-b45e-2cf4d2036f7d\\u0026ts=1754907153\"}],\"max_age\":3600}","reporting-endpoints":"heroku-nel=\"https://nel.heroku.com/reports?s=fnkVLjdQoeqdL4tY4BGdrOx7L5lBS4kyB8aPIRgDFNc%3D&sid=e11707d5-02a7-43ef-b45e-2cf4d2036f7d&ts=1754907153\"","server":"cloudflare","vary":"Origin, X-HTTP-Method-Override, Accept-Encoding","via":"2.0 heroku-router","x-content-type-options":"nosniff","x-powered-by":"Express","x-ratelimit-limit":"1000","x-ratelimit-remaining":"952","x-ratelimit-reset":"1754907167"},"responseTime":233,"scenarioName":"User Registration","status":201,"statusText":"Created","testId":"fae1be52-384d-429c-a1dc-edab46dc185c","timestamp":"2025-08-11 20:12:33","type":"api_response"}
[32minfo[39m: API Request {"body":null,"headers":{},"method":"GET","scenarioName":"Get User Profile","testId":"fae1be52-384d-429c-a1dc-edab46dc185c","timestamp":"2025-08-11 20:12:33","type":"api_request","url":"/users/11"}
[32minfo[39m: API Response {"body":{},"headers":{"access-control-allow-credentials":"true","age":"6452","alt-svc":"h3=\":443\"; ma=86400","cache-control":"max-age=43200","cf-cache-status":"HIT","cf-ray":"96d6f48bc914e69b-MEL","connection":"keep-alive","content-encoding":"br","content-type":"application/json; charset=utf-8","date":"Mon, 11 Aug 2025 10:12:33 GMT","etag":"W/\"2-vyGp6PvFo4RvsFtPoIWeCReyIC8\"","expires":"-1","nel":"{\"report_to\":\"heroku-nel\",\"response_headers\":[\"Via\"],\"max_age\":3600,\"success_fraction\":0.01,\"failure_fraction\":0.1}","pragma":"no-cache","report-to":"{\"group\":\"heroku-nel\",\"endpoints\":[{\"url\":\"https://nel.heroku.com/reports?s=hqM562Hv2wI7AyPtk1ZbeN9bGmG5IOtX0KWIpbfwV%2FU%3D\\u0026sid=e11707d5-02a7-43ef-b45e-2cf4d2036f7d\\u0026ts=1754900701\"}],\"max_age\":3600}","reporting-endpoints":"heroku-nel=\"https://nel.heroku.com/reports?s=hqM562Hv2wI7AyPtk1ZbeN9bGmG5IOtX0KWIpbfwV%2FU%3D&sid=e11707d5-02a7-43ef-b45e-2cf4d2036f7d&ts=1754900701\"","server":"cloudflare","transfer-encoding":"chunked","vary":"Origin, Accept-Encoding","via":"2.0 heroku-router","x-content-type-options":"nosniff","x-powered-by":"Express","x-ratelimit-limit":"1000","x-ratelimit-remaining":"993","x-ratelimit-reset":"1754900746"},"responseTime":20,"scenarioName":"Get User Profile","status":404,"statusText":"Not Found","testId":"fae1be52-384d-429c-a1dc-edab46dc185c","timestamp":"2025-08-11 20:12:33","type":"api_response"}

[[ATTACHMENT|../test-results/user-management-userRegist-aa2f8-retrieve-user-profile-smoke-api-tests-with-trace/trace.zip]]
]]>
</system-out>
</testcase>
<testcase name="Bulk User Operations › should retrieve list of users @smoke" classname="user-management/userRegistration.spec.ts" time="0.029">
<system-out>
<![CDATA[[32minfo[39m: API Request {"body":null,"headers":{},"method":"GET","scenarioName":"Get All Users","testId":"3d5f47f0-488a-49b1-bec8-a823de50778f","timestamp":"2025-08-11 20:12:32","type":"api_request","url":"/users"}
[32minfo[39m: API Response {"body":[{"address":{"city":"Gwenborough","geo":{"lat":"-37.3159","lng":"81.1496"},"street":"Kulas Light","suite":"Apt. 556","zipcode":"92998-3874"},"company":{"bs":"harness real-time e-markets","catchPhrase":"Multi-layered client-server neural-net","name":"Romaguera-Crona"},"email":"Sincere@april.biz","id":1,"name":"Leanne Graham","phone":"1-770-736-8031 x56442","username":"Bret","website":"hildegard.org"},{"address":{"city":"Wisokyburgh","geo":{"lat":"-43.9509","lng":"-34.4618"},"street":"Victor Plains","suite":"Suite 879","zipcode":"90566-7771"},"company":{"bs":"synergize scalable supply-chains","catchPhrase":"Proactive didactic contingency","name":"Deckow-Crist"},"email":"Shanna@melissa.tv","id":2,"name":"Ervin Howell","phone":"010-692-6593 x09125","username":"Antonette","website":"anastasia.net"},{"address":{"city":"McKenziehaven","geo":{"lat":"-68.6102","lng":"-47.0653"},"street":"Douglas Extension","suite":"Suite 847","zipcode":"59590-4157"},"company":{"bs":"e-enable strategic applications","catchPhrase":"Face to face bifurcated interface","name":"Romaguera-Jacobson"},"email":"Nathan@yesenia.net","id":3,"name":"Clementine Bauch","phone":"1-463-123-4447","username":"Samantha","website":"ramiro.info"},{"address":{"city":"South Elvis","geo":{"lat":"29.4572","lng":"-164.2990"},"street":"Hoeger Mall","suite":"Apt. 692","zipcode":"53919-4257"},"company":{"bs":"transition cutting-edge web services","catchPhrase":"Multi-tiered zero tolerance productivity","name":"Robel-Corkery"},"email":"Julianne.OConner@kory.org","id":4,"name":"Patricia Lebsack","phone":"493-170-9623 x156","username":"Karianne","website":"kale.biz"},{"address":{"city":"Roscoeview","geo":{"lat":"-31.8129","lng":"62.5342"},"street":"Skiles Walks","suite":"Suite 351","zipcode":"33263"},"company":{"bs":"revolutionize end-to-end systems","catchPhrase":"User-centric fault-tolerant solution","name":"Keebler LLC"},"email":"Lucio_Hettinger@annie.ca","id":5,"name":"Chelsey Dietrich","phone":"(254)954-1289","username":"Kamren","website":"demarco.info"},{"address":{"city":"South Christy","geo":{"lat":"-71.4197","lng":"71.7478"},"street":"Norberto Crossing","suite":"Apt. 950","zipcode":"23505-1337"},"company":{"bs":"e-enable innovative applications","catchPhrase":"Synchronised bottom-line interface","name":"Considine-Lockman"},"email":"Karley_Dach@jasper.info","id":6,"name":"Mrs. Dennis Schulist","phone":"1-477-935-8478 x6430","username":"Leopoldo_Corkery","website":"ola.org"},{"address":{"city":"Howemouth","geo":{"lat":"24.8918","lng":"21.8984"},"street":"Rex Trail","suite":"Suite 280","zipcode":"58804-1099"},"company":{"bs":"generate enterprise e-tailers","catchPhrase":"Configurable multimedia task-force","name":"Johns Group"},"email":"Telly.Hoeger@billy.biz","id":7,"name":"Kurtis Weissnat","phone":"210.067.6132","username":"Elwyn.Skiles","website":"elvis.io"},{"address":{"city":"Aliyaview","geo":{"lat":"-14.3990","lng":"-120.7677"},"street":"Ellsworth Summit","suite":"Suite 729","zipcode":"45169"},"company":{"bs":"e-enable extensible e-tailers","catchPhrase":"Implemented secondary concept","name":"Abernathy Group"},"email":"Sherwood@rosamond.me","id":8,"name":"Nicholas Runolfsdottir V","phone":"586.493.6943 x140","username":"Maxime_Nienow","website":"jacynthe.com"},{"address":{"city":"Bartholomebury","geo":{"lat":"24.6463","lng":"-168.8889"},"street":"Dayna Park","suite":"Suite 449","zipcode":"76495-3109"},"company":{"bs":"aggregate real-time technologies","catchPhrase":"Switchable contextually-based project","name":"Yost and Sons"},"email":"Chaim_McDermott@dana.io","id":9,"name":"Glenna Reichert","phone":"(775)976-6794 x41206","username":"Delphine","website":"conrad.com"},{"address":{"city":"Lebsackbury","geo":{"lat":"-38.2386","lng":"57.2232"},"street":"Kattie Turnpike","suite":"Suite 198","zipcode":"31428-2261"},"company":{"bs":"target end-to-end models","catchPhrase":"Centralized empowering task-force","name":"Hoeger LLC"},"email":"Rey.Padberg@karina.biz","id":10,"name":"Clementina DuBuque","phone":"024-648-3804","username":"Moriah.Stanton","website":"ambrose.net"}],"headers":{"access-control-allow-credentials":"true","age":"23093","alt-svc":"h3=\":443\"; ma=86400","cache-control":"max-age=43200","cf-cache-status":"HIT","cf-ray":"96d6f48a698ff0c9-MEL","connection":"keep-alive","content-encoding":"gzip","content-length":"1847","content-type":"application/json; charset=utf-8","date":"Mon, 11 Aug 2025 10:12:33 GMT","etag":"W/\"160d-1eMSsxeJRfnVLRBmYJSbCiJZ1qQ\"","expires":"-1","nel":"{\"report_to\":\"heroku-nel\",\"response_headers\":[\"Via\"],\"max_age\":3600,\"success_fraction\":0.01,\"failure_fraction\":0.1}","pragma":"no-cache","report-to":"{\"group\":\"heroku-nel\",\"endpoints\":[{\"url\":\"https://nel.heroku.com/reports?s=%2B59%2B9uFhb2aifXDBBldbbFr8wRlUw6hhw%2B0EaKFFSP8%3D\\u0026sid=e11707d5-02a7-43ef-b45e-2cf4d2036f7d\\u0026ts=1752360039\"}],\"max_age\":3600}","reporting-endpoints":"heroku-nel=\"https://nel.heroku.com/reports?s=%2B59%2B9uFhb2aifXDBBldbbFr8wRlUw6hhw%2B0EaKFFSP8%3D&sid=e11707d5-02a7-43ef-b45e-2cf4d2036f7d&ts=1752360039\"","server":"cloudflare","vary":"Origin, Accept-Encoding","via":"2.0 heroku-router","x-content-type-options":"nosniff","x-powered-by":"Express","x-ratelimit-limit":"1000","x-ratelimit-remaining":"999","x-ratelimit-reset":"1752360083"},"responseTime":21,"scenarioName":"Get All Users","status":200,"statusText":"OK","testId":"3d5f47f0-488a-49b1-bec8-a823de50778f","timestamp":"2025-08-11 20:12:32","type":"api_response"}

[[ATTACHMENT|../test-results/user-management-userRegist-8b008-etrieve-list-of-users-smoke-api-tests-with-trace/trace.zip]]
]]>
</system-out>
</testcase>
</testsuite>
<testsuite name="auth/authentication.spec.ts" timestamp="2025-08-11T10:12:30.069Z" hostname="api-tests-trace-on-failure" tests="3" failures="1" skipped="0" time="1.095" errors="0">
<testcase name="Authentication Flow › should authenticate user with valid credentials @smoke @critical-path" classname="auth/authentication.spec.ts" time="0.234">
<system-out>
<![CDATA[[32minfo[39m: API Request {"body":{"address":{"city":"Test City","country":"Test Country","state":"Test State","street":"123 Test St","zipCode":"12345"},"company":{"department":"Engineering","jobTitle":"Software Developer","name":"Test Company"},"email":"test1754907153540@example.com","name":"Test User","phone":"+1234567890","username":"user_1754907153540","website":"https://example.com"},"headers":{},"method":"POST","scenarioName":"User Registration","testId":"cf27e523-59d4-41cb-84e9-2e6e8aa6979b","timestamp":"2025-08-11 20:12:33","type":"api_request","url":"/users"}
[32minfo[39m: API Response {"body":{"address":{"city":"Test City","country":"Test Country","state":"Test State","street":"123 Test St","zipCode":"12345"},"company":{"department":"Engineering","jobTitle":"Software Developer","name":"Test Company"},"email":"test1754907153540@example.com","id":11,"name":"Test User","phone":"+1234567890","username":"user_1754907153540","website":"https://example.com"},"headers":{"access-control-allow-credentials":"true","access-control-expose-headers":"Location","alt-svc":"h3=\":443\"; ma=86400","cache-control":"no-cache","cf-cache-status":"DYNAMIC","cf-ray":"96d6f48e6f629728-MEL","connection":"keep-alive","content-length":"452","content-type":"application/json; charset=utf-8","date":"Mon, 11 Aug 2025 10:12:33 GMT","etag":"W/\"1c4-BpliHs3bBFwYDMuO40P79IQK+sg\"","expires":"-1","location":"https://jsonplaceholder.typicode.com/users/11","nel":"{\"report_to\":\"heroku-nel\",\"response_headers\":[\"Via\"],\"max_age\":3600,\"success_fraction\":0.01,\"failure_fraction\":0.1}","pragma":"no-cache","report-to":"{\"group\":\"heroku-nel\",\"endpoints\":[{\"url\":\"https://nel.heroku.com/reports?s=fnkVLjdQoeqdL4tY4BGdrOx7L5lBS4kyB8aPIRgDFNc%3D\\u0026sid=e11707d5-02a7-43ef-b45e-2cf4d2036f7d\\u0026ts=1754907153\"}],\"max_age\":3600}","reporting-endpoints":"heroku-nel=\"https://nel.heroku.com/reports?s=fnkVLjdQoeqdL4tY4BGdrOx7L5lBS4kyB8aPIRgDFNc%3D&sid=e11707d5-02a7-43ef-b45e-2cf4d2036f7d&ts=1754907153\"","server":"cloudflare","vary":"Origin, X-HTTP-Method-Override, Accept-Encoding","via":"2.0 heroku-router","x-content-type-options":"nosniff","x-powered-by":"Express","x-ratelimit-limit":"1000","x-ratelimit-remaining":"947","x-ratelimit-reset":"1754907167"},"responseTime":280,"scenarioName":"User Registration","status":201,"statusText":"Created","testId":"cf27e523-59d4-41cb-84e9-2e6e8aa6979b","timestamp":"2025-08-11 20:12:33","type":"api_response"}
[32minfo[39m: API Request {"body":{"body":"{\"email\":\"testuser@example.com\",\"password\":\"SecurePassword123!\"}","title":"Login Request","userId":11},"headers":{},"method":"POST","scenarioName":"User Authentication","testId":"2d794132-5de2-4277-be4b-24d42c0d96ed","timestamp":"2025-08-11 20:12:33","type":"api_request","url":"/posts"}
[...]

    ────────────────────────────────────────────────────────────────────────────────────────────────
]]>
</failure>
<system-out>
<![CDATA[[32minfo[39m: API Request {"body":{"address":{"city":"Test City","country":"Test Country","state":"Test State","street":"123 Test St","zipCode":"12345"},"company":{"department":"Engineering","jobTitle":"Software Developer","name":"Test Company"},"email":"test1754907153815@example.com","name":"Test User","phone":"+1234567890","username":"user_1754907153815","website":"https://example.com"},"headers":{},"method":"POST","scenarioName":"User Registration","testId":"39c0d79e-6104-43fd-af4e-7592861f9fcb","timestamp":"2025-08-11 20:12:33","type":"api_request","url":"/users"}
[32minfo[39m: API Response {"body":{"address":{"city":"Test City","country":"Test Country","state":"Test State","street":"123 Test St","zipCode":"12345"},"company":{"department":"Engineering","jobTitle":"Software Developer","name":"Test Company"},"email":"test1754907153815@example.com","id":11,"name":"Test User","phone":"+1234567890","username":"user_1754907153815","website":"https://example.com"},"headers":{"access-control-allow-credentials":"true","access-control-expose-headers":"Location","alt-svc":"h3=\":443\"; ma=86400","cache-control":"no-cache","cf-cache-status":"DYNAMIC","cf-ray":"96d6f4901e64d971-MEL","connection":"keep-alive","content-length":"452","content-type":"application/json; charset=utf-8","date":"Mon, 11 Aug 2025 10:12:34 GMT","etag":"W/\"1c4-8DSJDbal1F4KlXJA6DDrDU4C1Dc\"","expires":"-1","location":"https://jsonplaceholder.typicode.com/users/11","nel":"{\"report_to\":\"heroku-nel\",\"response_headers\":[\"Via\"],\"max_age\":3600,\"success_fraction\":0.01,\"failure_fraction\":0.1}","pragma":"no-cache","report-to":"{\"group\":\"heroku-nel\",\"endpoints\":[{\"url\":\"https://nel.heroku.com/reports?s=rv8Zvic0ukoVElNMvYHqXcpq9Is3xbkJ8n4LqQozBvk%3D\\u0026sid=e11707d5-02a7-43ef-b45e-2cf4d2036f7d\\u0026ts=1754907154\"}],\"max_age\":3600}","reporting-endpoints":"heroku-nel=\"https://nel.heroku.com/reports?s=rv8Zvic0ukoVElNMvYHqXcpq9Is3xbkJ8n4LqQozBvk%3D&sid=e11707d5-02a7-43ef-b45e-2cf4d2036f7d&ts=1754907154\"","server":"cloudflare","vary":"Origin, X-HTTP-Method-Override, Accept-Encoding","via":"2.0 heroku-router","x-content-type-options":"nosniff","x-powered-by":"Express","x-ratelimit-limit":"1000","x-ratelimit-remaining":"942","x-ratelimit-reset":"1754907167"},"responseTime":274,"scenarioName":"User Registration","status":201,"statusText":"Created","testId":"39c0d79e-6104-43fd-af4e-7592861f9fcb","timestamp":"2025-08-11 20:12:34","type":"api_response"}
[32minfo[39m: API Request {"body":null,"headers":{},"method":"GET","scenarioName":"Get User Profile","testId":"39c0d79e-6104-43fd-af4e-7592861f9fcb","timestamp":"2025-08-11 20:12:34","type":"api_request","url":"/users/11"}
[32minfo[39m: API Response {"body":{},"headers":{"access-control-allow-credentials":"true","age":"6452","alt-svc":"h3=\":443\"; ma=86400","cache-control":"max-age=43200","cf-cache-status":"HIT","cf-ray":"96d6f4918b27d971-MEL","connection":"keep-alive","content-encoding":"br","content-type":"application/json; charset=utf-8","date":"Mon, 11 Aug 2025 10:12:34 GMT","etag":"W/\"2-vyGp6PvFo4RvsFtPoIWeCReyIC8\"","expires":"-1","nel":"{\"report_to\":\"heroku-nel\",\"response_headers\":[\"Via\"],\"max_age\":3600,\"success_fraction\":0.01,\"failure_fraction\":0.1}","pragma":"no-cache","report-to":"{\"group\":\"heroku-nel\",\"endpoints\":[{\"url\":\"https://nel.heroku.com/reports?s=hqM562Hv2wI7AyPtk1ZbeN9bGmG5IOtX0KWIpbfwV%2FU%3D\\u0026sid=e11707d5-02a7-43ef-b45e-2cf4d2036f7d\\u0026ts=1754900701\"}],\"max_age\":3600}","reporting-endpoints":"heroku-nel=\"https://nel.heroku.com/reports?s=hqM562Hv2wI7AyPtk1ZbeN9bGmG5IOtX0KWIpbfwV%2FU%3D&sid=e11707d5-02a7-43ef-b45e-2cf4d2036f7d&ts=1754900701\"","server":"cloudflare","transfer-encoding":"chunked","vary":"Origin, Accept-Encoding","via":"2.0 heroku-router","x-content-type-options":"nosniff","x-powered-by":"Express","x-ratelimit-limit":"1000","x-ratelimit-remaining":"993","x-ratelimit-reset":"1754900746"},"responseTime":18,"scenarioName":"Get User Profile","status":404,"statusText":"Not Found","testId":"39c0d79e-6104-43fd-af4e-7592861f9fcb","timestamp":"2025-08-11 20:12:34","type":"api_response"}

[[ATTACHMENT|../test-results/profile-profileManagement--cd09f-r-profile-information-smoke-api-tests-trace-on-failure/trace.zip]]
]]>
</system-out>
</testcase>
</testsuite>
<testsuite name="trace-demo.spec.ts" timestamp="2025-08-11T10:12:30.069Z" hostname="api-tests-trace-on-failure" tests="1" failures="0" skipped="0" time="0.031" errors="0">
<testcase name="Trace Demo › simple API test for trace demonstration @smoke" classname="trace-demo.spec.ts" time="0.031">
<system-out>
<![CDATA[User data received: Leanne Graham
]]>
</system-out>
</testcase>
</testsuite>
<testsuite name="user-management/userRegistration.spec.ts" timestamp="2025-08-11T10:12:30.069Z" hostname="api-tests-trace-on-failure" tests="3" failures="1" skipped="0" time="0.518" errors="0">
<testcase name="User Registration Flow › should register a new user successfully @smoke @regression" classname="user-management/userRegistration.spec.ts" time="0.235">
<properties>
<property name="user-id" value="">
</property>
</properties>
<system-out>
<![CDATA[[32minfo[39m: API Request {"body":{"address":{"city":"Test City","country":"Test Country","state":"Test State","street":"123 Test St","zipCode":"12345"},"company":{"department":"Engineering","jobTitle":"Software Developer","name":"Test Company"},"email":"test1754907154064@example.com","name":"Test User","phone":"+1234567890","username":"user_1754907154064","website":"https://example.com"},"headers":{},"method":"POST","scenarioName":"User Registration","testId":"13cf8885-4e41-48b7-bc58-f99eb3288c69","timestamp":"2025-08-11 20:12:34","type":"api_request","url":"/users"}
[32minfo[39m: API Response {"body":{"address":{"city":"Test City","country":"Test Country","state":"Test State","street":"123 Test St","zipCode":"12345"},"company":{"department":"Engineering","jobTitle":"Software Developer","name":"Test Company"},"email":"test1754907154064@example.com","id":11,"name":"Test User","phone":"+1234567890","username":"user_1754907154064","website":"https://example.com"},"headers":{"access-control-allow-credentials":"true","access-control-expose-headers":"Location","alt-svc":"h3=\":443\"; ma=86400","cache-control":"no-cache","cf-cache-status":"DYNAMIC","cf-ray":"96d6f49168f5e69e-MEL","connection":"keep-alive","content-length":"452","content-type":"application/json; charset=utf-8","date":"Mon, 11 Aug 2025 10:12:34 GMT","etag":"W/\"1c4-ij8tnzzBgHAUxZ7c+5W48eMZma0\"","expires":"-1","location":"https://jsonplaceholder.typicode.com/users/11","nel":"{\"report_to\":\"heroku-nel\",\"response_headers\":[\"Via\"],\"max_age\":3600,\"success_fraction\":0.01,\"failure_fraction\":0.1}","pragma":"no-cache","report-to":"{\"group\":\"heroku-nel\",\"endpoints\":[{\"url\":\"https://nel.heroku.com/reports?s=rv8Zvic0ukoVElNMvYHqXcpq9Is3xbkJ8n4LqQozBvk%3D\\u0026sid=e11707d5-02a7-43ef-b45e-2cf4d2036f7d\\u0026ts=1754907154\"}],\"max_age\":3600}","reporting-endpoints":"heroku-nel=\"https://nel.heroku.com/reports?s=rv8Zvic0ukoVElNMvYHqXcpq9Is3xbkJ8n4LqQozBvk%3D&sid=e11707d5-02a7-43ef-b45e-2cf4d2036f7d&ts=1754907154\"","server":"cloudflare","vary":"Origin, X-HTTP-Method-Override, Accept-Encoding","via":"2.0 heroku-router","x-content-type-options":"nosniff","x-powered-by":"Express","x-ratelimit-limit":"1000","x-ratelimit-remaining":"941","x-ratelimit-reset":"1754907167"},"responseTime":229,"scenarioName":"User Registration","status":201,"statusText":"Created","testId":"13cf8885-4e41-48b7-bc58-f99eb3288c69","timestamp":"2025-08-11 20:12:34","type":"api_response"}
]]>
</system-out>
</testcase>
<testcase name="User Management Operations › should retrieve user profile @smoke" classname="user-management/userRegistration.spec.ts" time="0.258">
<failure message="userRegistration.spec.ts:38:7 should retrieve user profile @smoke" type="FAILURE">
<![CDATA[  [api-tests-trace-on-failure] › user-management/userRegistration.spec.ts:38:7 › User Management Operations › should retrieve user profile @smoke 

    Error: expect(received).toBeLessThan(expected)

    Expected: < 300
    Received:   404

       at ../utils/testFixtures.ts:228

      226 |       assertSuccessResponse(response: ApiHelperResponse): void {
      227 |         expect(response.status).toBeGreaterThanOrEqual(200);
    > 228 |         expect(response.status).toBeLessThan(300);
          |                                 ^
      229 |       },
      230 |
      231 |       assertErrorResponse(response: ApiHelperResponse, expectedStatus: number): void {
        at Object.assertSuccessResponse (/Users/Anand/github/playwright-api-test/utils/testFixtures.ts:228:33)
        at TestActions.getUserProfile (/Users/Anand/github/playwright-api-test/utils/test-actions.ts:78:20)
        at /Users/Anand/github/playwright-api-test/tests/user-management/userRegistration.spec.ts:39:21

    attachment #1: trace (application/zip) ─────────────────────────────────────────────────────────
    ../test-results/user-management-userRegist-aa2f8-retrieve-user-profile-smoke-api-tests-trace-on-failure/trace.zip
    Usage:

        npx playwright show-trace ../test-results/user-management-userRegist-aa2f8-retrieve-user-profile-smoke-api-tests-trace-on-failure/trace.zip

    ────────────────────────────────────────────────────────────────────────────────────────────────
]]>
</failure>
<system-out>
<![CDATA[[32minfo[39m: API Request {"body":{"address":{"city":"Test City","country":"Test Country","state":"Test State","street":"123 Test St","zipCode":"12345"},"company":{"department":"Engineering","jobTitle":"Software Developer","name":"Test Company"},"email":"test1754907154071@example.com","name":"Test User","phone":"+1234567890","username":"user_1754907154071","website":"https://example.com"},"headers":{},"method":"POST","scenarioName":"User Registration","testId":"f9f88357-08f5-47ea-9d3d-5c5e9dec71e4","timestamp":"2025-08-11 20:12:34","type":"api_request","url":"/users"}
[32minfo[39m: API Response {"body":{"address":{"city":"Test City","country":"Test Country","state":"Test State","street":"123 Test St","zipCode":"12345"},"company":{"department":"Engineering","jobTitle":"Software Developer","name":"Test Company"},"email":"test1754907154071@example.com","id":11,"name":"Test User","phone":"+1234567890","username":"user_1754907154071","website":"https://example.com"},"headers":{"access-control-allow-credentials":"true","access-control-expose-headers":"Location","alt-svc":"h3=\":443\"; ma=86400","cache-control":"no-cache","cf-cache-status":"DYNAMIC","cf-ray":"96d6f49169769728-MEL","connection":"keep-alive","content-length":"452","content-type":"application/json; charset=utf-8","date":"Mon, 11 Aug 2025 10:12:34 GMT","etag":"W/\"1c4-WTa08K/s+UxsLKnuSxJz2LtdYEI\"","expires":"-1","location":"https://jsonplaceholder.typicode.com/users/11","nel":"{\"report_to\":\"heroku-nel\",\"response_headers\":[\"Via\"],\"max_age\":3600,\"success_fraction\":0.01,\"failure_fraction\":0.1}","pragma":"no-cache","report-to":"{\"group\":\"heroku-nel\",\"endpoints\":[{\"url\":\"https://nel.heroku.com/reports?s=rv8Zvic0ukoVElNMvYHqXcpq9Is3xbkJ8n4LqQozBvk%3D\\u0026sid=e11707d5-02a7-43ef-b45e-2cf4d2036f7d\\u0026ts=1754907154\"}],\"max_age\":3600}","reporting-endpoints":"heroku-nel=\"https://nel.heroku.com/reports?s=rv8Zvic0ukoVElNMvYHqXcpq9Is3xbkJ8n4LqQozBvk%3D&sid=e11707d5-02a7-43ef-b45e-2cf4d2036f7d&ts=1754907154\"","server":"cloudflare","vary":"Origin, X-HTTP-Method-Override, Accept-Encoding","via":"2.0 heroku-router","x-content-type-options":"nosniff","x-powered-by":"Express","x-ratelimit-limit":"1000","x-ratelimit-remaining":"940","x-ratelimit-reset":"1754907167"},"responseTime":230,"scenarioName":"User Registration","status":201,"statusText":"Created","testId":"f9f88357-08f5-47ea-9d3d-5c5e9dec71e4","timestamp":"2025-08-11 20:12:34","type":"api_response"}
[32minfo[39m: API Request {"body":null,"headers":{},"method":"GET","scenarioName":"Get User Profile","testId":"f9f88357-08f5-47ea-9d3d-5c5e9dec71e4","timestamp":"2025-08-11 20:12:34","type":"api_request","url":"/users/11"}
[32minfo[39m: API Response {"body":{},"headers":{"access-control-allow-credentials":"true","age":"6453","alt-svc":"h3=\":443\"; ma=86400","cache-control":"max-age=43200","cf-cache-status":"HIT","cf-ray":"96d6f492ddb39728-MEL","connection":"keep-alive","content-encoding":"br","content-type":"application/json; charset=utf-8","date":"Mon, 11 Aug 2025 10:12:34 GMT","etag":"W/\"2-vyGp6PvFo4RvsFtPoIWeCReyIC8\"","expires":"-1","nel":"{\"report_to\":\"heroku-nel\",\"response_headers\":[\"Via\"],\"max_age\":3600,\"success_fraction\":0.01,\"failure_fraction\":0.1}","pragma":"no-cache","report-to":"{\"group\":\"heroku-nel\",\"endpoints\":[{\"url\":\"https://nel.heroku.com/reports?s=hqM562Hv2wI7AyPtk1ZbeN9bGmG5IOtX0KWIpbfwV%2FU%3D\\u0026sid=e11707d5-02a7-43ef-b45e-2cf4d2036f7d\\u0026ts=1754900701\"}],\"max_age\":3600}","reporting-endpoints":"heroku-nel=\"https://nel.heroku.com/reports?s=hqM562Hv2wI7AyPtk1ZbeN9bGmG5IOtX0KWIpbfwV%2FU%3D&sid=e11707d5-02a7-43ef-b45e-2cf4d2036f7d&ts=1754900701\"","server":"cloudflare","transfer-encoding":"chunked","vary":"Origin, Accept-Encoding","via":"2.0 heroku-router","x-content-type-options":"nosniff","x-powered-by":"Express","x-ratelimit-limit":"1000","x-ratelimit-remaining":"993","x-ratelimit-reset":"1754900746"},"responseTime":18,"scenarioName":"Get User Profile","status":404,"statusText":"Not Found","testId":"f9f88357-08f5-47ea-9d3d-5c5e9dec71e4","timestamp":"2025-08-11 20:12:34","type":"api_response"}

[[ATTACHMENT|../test-results/user-management-userRegist-aa2f8-retrieve-user-profile-smoke-api-tests-trace-on-failure/trace.zip]]
]]>
</system-out>
</testcase>
<testcase name="Bulk User Operations › should retrieve list of users @smoke" classname="user-management/userRegistration.spec.ts" time="0.025">
<system-out>
<![CDATA[[32minfo[39m: API Request {"body":null,"headers":{},"method":"GET","scenarioName":"Get All Users","testId":"791d24d1-520e-43cc-b676-35cce8706f74","timestamp":"2025-08-11 20:12:34","type":"api_request","url":"/users"}
[32minfo[39m: API Response {"body":[{"address":{"city":"Gwenborough","geo":{"lat":"-37.3159","lng":"81.1496"},"street":"Kulas Light","suite":"Apt. 556","zipcode":"92998-3874"},"company":{"bs":"harness real-time e-markets","catchPhrase":"Multi-layered client-server neural-net","name":"Romaguera-Crona"},"email":"Sincere@april.biz","id":1,"name":"Leanne Graham","phone":"1-770-736-8031 x56442","username":"Bret","website":"hildegard.org"},{"address":{"city":"Wisokyburgh","geo":{"lat":"-43.9509","lng":"-34.4618"},"street":"Victor Plains","suite":"Suite 879","zipcode":"90566-7771"},"company":{"bs":"synergize scalable supply-chains","catchPhrase":"Proactive didactic contingency","name":"Deckow-Crist"},"email":"Shanna@melissa.tv","id":2,"name":"Ervin Howell","phone":"010-692-6593 x09125","username":"Antonette","website":"anastasia.net"},{"address":{"city":"McKenziehaven","geo":{"lat":"-68.6102","lng":"-47.0653"},"street":"Douglas Extension","suite":"Suite 847","zipcode":"59590-4157"},"company":{"bs":"e-enable strategic applications","catchPhrase":"Face to face bifurcated interface","name":"Romaguera-Jacobson"},"email":"Nathan@yesenia.net","id":3,"name":"Clementine Bauch","phone":"1-463-123-4447","username":"Samantha","website":"ramiro.info"},{"address":{"city":"South Elvis","geo":{"lat":"29.4572","lng":"-164.2990"},"street":"Hoeger Mall","suite":"Apt. 692","zipcode":"53919-4257"},"company":{"bs":"transition cutting-edge web services","catchPhrase":"Multi-tiered zero tolerance productivity","name":"Robel-Corkery"},"email":"Julianne.OConner@kory.org","id":4,"name":"Patricia Lebsack","phone":"493-170-9623 x156","username":"Karianne","website":"kale.biz"},{"address":{"city":"Roscoeview","geo":{"lat":"-31.8129","lng":"62.5342"},"street":"Skiles Walks","suite":"Suite 351","zipcode":"33263"},"company":{"bs":"revolutionize end-to-end systems","catchPhrase":"User-centric fault-tolerant solution","name":"Keebler LLC"},"email":"Lucio_Hettinger@annie.ca","id":5,"name":"Chelsey Dietrich","phone":"(254)954-1289","username":"Kamren","website":"demarco.info"},{"address":{"city":"South Christy","geo":{"lat":"-71.4197","lng":"71.7478"},"street":"Norberto Crossing","suite":"Apt. 950","zipcode":"23505-1337"},"company":{"bs":"e-enable innovative applications","catchPhrase":"Synchronised bottom-line interface","name":"Considine-Lockman"},"email":"Karley_Dach@jasper.info","id":6,"name":"Mrs. Dennis Schulist","phone":"1-477-935-8478 x6430","username":"Leopoldo_Corkery","website":"ola.org"},{"address":{"city":"Howemouth","geo":{"lat":"24.8918","lng":"21.8984"},"street":"Rex Trail","suite":"Suite 280","zipcode":"58804-1099"},"company":{"bs":"generate enterprise e-tailers","catchPhrase":"Configurable multimedia task-force","name":"Johns Group"},"email":"Telly.Hoeger@billy.biz","id":7,"name":"Kurtis Weissnat","phone":"210.067.6132","username":"Elwyn.Skiles","website":"elvis.io"},{"address":{"city":"Aliyaview","geo":{"lat":"-14.3990","lng":"-120.7677"},"street":"Ellsworth Summit","suite":"Suite 729","zipcode":"45169"},"company":{"bs":"e-enable extensible e-tailers","catchPhrase":"Implemented secondary concept","name":"Abernathy Group"},"email":"Sherwood@rosamond.me","id":8,"name":"Nicholas Runolfsdottir V","phone":"586.493.6943 x140","username":"Maxime_Nienow","website":"jacynthe.com"},{"address":{"city":"Bartholomebury","geo":{"lat":"24.6463","lng":"-168.8889"},"street":"Dayna Park","suite":"Suite 449","zipcode":"76495-3109"},"company":{"bs":"aggregate real-time technologies","catchPhrase":"Switchable contextually-based project","name":"Yost and Sons"},"email":"Chaim_McDermott@dana.io","id":9,"name":"Glenna Reichert","phone":"(775)976-6794 x41206","username":"Delphine","website":"conrad.com"},{"address":{"city":"Lebsackbury","geo":{"lat":"-38.2386","lng":"57.2232"},"street":"Kattie Turnpike","suite":"Suite 198","zipcode":"31428-2261"},"company":{"bs":"target end-to-end models","catchPhrase":"Centralized empowering task-force","name":"Hoeger LLC"},"email":"Rey.Padberg@karina.biz","id":10,"name":"Clementina DuBuque","phone":"024-648-3804","username":"Moriah.Stanton","website":"ambrose.net"}],"headers":{"access-control-allow-credentials":"true","age":"23094","alt-svc":"h3=\":443\"; ma=86400","cache-control":"max-age=43200","cf-cache-status":"HIT","cf-ray":"96d6f4919e4cf0c8-MEL","connection":"keep-alive","content-encoding":"gzip","content-length":"1847","content-type":"application/json; charset=utf-8","date":"Mon, 11 Aug 2025 10:12:34 GMT","etag":"W/\"160d-1eMSsxeJRfnVLRBmYJSbCiJZ1qQ\"","expires":"-1","nel":"{\"report_to\":\"heroku-nel\",\"response_headers\":[\"Via\"],\"max_age\":3600,\"success_fraction\":0.01,\"failure_fraction\":0.1}","pragma":"no-cache","report-to":"{\"group\":\"heroku-nel\",\"endpoints\":[{\"url\":\"https://nel.heroku.com/reports?s=%2B59%2B9uFhb2aifXDBBldbbFr8wRlUw6hhw%2B0EaKFFSP8%3D\\u0026sid=e11707d5-02a7-43ef-b45e-2cf4d2036f7d\\u0026ts=1752360039\"}],\"max_age\":3600}","reporting-endpoints":"heroku-nel=\"https://nel.heroku.com/reports?s=%2B59%2B9uFhb2aifXDBBldbbFr8wRlUw6hhw%2B0EaKFFSP8%3D&sid=e11707d5-02a7-43ef-b45e-2cf4d2036f7d&ts=1752360039\"","server":"cloudflare","vary":"Origin, Accept-Encoding","via":"2.0 heroku-router","x-content-type-options":"nosniff","x-powered-by":"Express","x-ratelimit-limit":"1000","x-ratelimit-remaining":"999","x-ratelimit-reset":"1752360083"},"responseTime":21,"scenarioName":"Get All Users","status":200,"statusText":"OK","testId":"791d24d1-520e-43cc-b676-35cce8706f74","timestamp":"2025-08-11 20:12:34","type":"api_response"}
]]>
</system-out>
</testcase>
</testsuite>
</testsuites>