<testsuites id="" name="" tests="33" failures="31" skipped="0" errors="0" time="18.480784">
<testsuite name="advanced/data-driven-clean.spec.ts" timestamp="2025-08-11T10:59:00.949Z" hostname="staging-api-tests" tests="1" failures="1" skipped="0" time="0.241" errors="0">
<testcase name="Bulk Operations Testing › should handle multiple concurrent user operations @performance" classname="advanced/data-driven-clean.spec.ts" time="0.241">
<failure message="data-driven-clean.spec.ts:174:7 should handle multiple concurrent user operations @performance" type="FAILURE">
<![CDATA[  [staging-api-tests] › advanced/data-driven-clean.spec.ts:174:7 › Bulk Operations Testing › should handle multiple concurrent user operations @performance 

    Error: apiRequestContext.post: getaddrinfo ENOTFOUND staging-api.example.com
    Call log:
      - → POST https://staging-api.example.com/users
        - user-agent: Mozilla/5.0 (Windows NT 10.0; Win64; x64) AppleWebKit/537.36 (KHTML, like Gecko) Chrome/139.0.7258.5 Safari/537.36
        - accept: application/json
        - accept-encoding: gzip,deflate,br
        - Content-Type: application/json
        - X-Environment: staging
        - X-API-Key: staging-api-key-67890
        - content-length: 357


       at ../utils/testFixtures.ts:106

      104 |
      105 |         try {
    > 106 |           const response = await (request as any)[method.toLowerCase()](url, options);
          |                                                                        ^
      107 |           const endTime = Date.now();
      108 |           const responseTime = endTime - startTime;
      109 |
        at Object.makeRequest (/Users/Anand/github/playwright-api-test/utils/testFixtures.ts:106:72)
        at Object.post (/Users/Anand/github/playwright-api-test/utils/testFixtures.ts:163:21)
        at Object.registerUser (/Users/Anand/github/playwright-api-test/utils/testFixtures.ts:181:35)
        at TestActions.createTestUser (/Users/Anand/github/playwright-api-test/utils/test-actions.ts:23:53)
        at /Users/Anand/github/playwright-api-test/tests/advanced/data-driven-clean.spec.ts:188:45

    Retry #1 ───────────────────────────────────────────────────────────────────────────────────────

    Error: apiRequestContext.post: getaddrinfo ENOTFOUND staging-api.example.com
    Call log:
      - → POST https://staging-api.example.com/users
        - user-agent: Mozilla/5.0 (Windows NT 10.0; Win64; x64) AppleWebKit/537.36 (KHTML, like Gecko) Chrome/139.0.7258.5 Safari/537.36
        - accept: application/json
        - accept-encoding: gzip,deflate,br
        - Content-Type: application/json
        - X-Environment: staging
        - X-API-Key: staging-api-key-67890
        - content-length: 357


       at ../utils/testFixtures.ts:106

      104 |
      105 |         try {
    > 106 |           const response = await (request as any)[method.toLowerCase()](url, options);
          |                                                                        ^
      107 |           const endTime = Date.now();
      108 |           const responseTime = endTime - startTime;
      109 |
        at Object.makeRequest (/Users/Anand/github/playwright-api-test/utils/testFixtures.ts:106:72)
        at Object.post (/Users/Anand/github/playwright-api-test/utils/testFixtures.ts:163:21)
        at Object.registerUser (/Users/Anand/github/playwright-api-test/utils/testFixtures.ts:181:35)
        at TestActions.createTestUser (/Users/Anand/github/playwright-api-test/utils/test-actions.ts:23:53)
        at /Users/Anand/github/playwright-api-test/tests/advanced/data-driven-clean.spec.ts:188:45

    attachment #1: trace (application/zip) ─────────────────────────────────────────────────────────
    ../test-results/staging/advanced-data-driven-clean-0ffdf-user-operations-performance-staging-api-tests-retry1/trace.zip
    Usage:

        npx playwright show-trace ../test-results/staging/advanced-data-driven-clean-0ffdf-user-operations-performance-staging-api-tests-retry1/trace.zip

    ────────────────────────────────────────────────────────────────────────────────────────────────

    Retry #2 ───────────────────────────────────────────────────────────────────────────────────────

    Error: apiRequestContext.post: getaddrinfo ENOTFOUND staging-api.example.com
    Call log:
      - → POST https://staging-api.example.com/users
        - user-agent: Mozilla/5.0 (Windows NT 10.0; Win64; x64) AppleWebKit/537.36 (KHTML, like Gecko) Chrome/139.0.7258.5 Safari/537.36
        - accept: application/json
        - accept-encoding: gzip,deflate,br
        - Content-Type: application/json
        - X-Environment: staging
        - X-API-Key: staging-api-key-67890
        - content-length: 357


       at ../utils/testFixtures.ts:106

      104 |
      105 |         try {
    > 106 |           const response = await (request as any)[method.toLowerCase()](url, options);
          |                                                                        ^
      107 |           const endTime = Date.now();
      108 |           const responseTime = endTime - startTime;
      109 |
        at Object.makeRequest (/Users/Anand/github/playwright-api-test/utils/testFixtures.ts:106:72)
        at Object.post (/Users/Anand/github/playwright-api-test/utils/testFixtures.ts:163:21)
        at Object.registerUser (/Users/Anand/github/playwright-api-test/utils/testFixtures.ts:181:35)
        at TestActions.createTestUser (/Users/Anand/github/playwright-api-test/utils/test-actions.ts:23:53)
        at /Users/Anand/github/playwright-api-test/tests/advanced/data-driven-clean.spec.ts:188:45
]]>
</failure>
<system-out>
<![CDATA[[32minfo[39m: API Request {"body":{"address":{"city":"Test City","country":"Test Country","state":"Test State","street":"123 Test St","zipCode":"12345"},"company":{"department":"Engineering","jobTitle":"Software Developer","name":"Test Company"},"email":"test1754909941207@example.com","name":"Test User","phone":"+1234567890","username":"user_1754909941207","website":"https://example.com"},"headers":{},"method":"POST","scenarioName":"User Registration","testId":"6c19682b-a187-4864-a3a9-46641bbaa30d","timestamp":"2025-08-11 20:59:01","type":"api_request","url":"/users"}
[32minfo[39m: API Request {"body":{"address":{"city":"Test City","country":"Test Country","state":"Test State","street":"123 Test St","zipCode":"12345"},"company":{"department":"Engineering","jobTitle":"Software Developer","name":"Test Company"},"email":"test1754909941212@example.com","name":"Test User","phone":"+1234567890","username":"user_1754909941212","website":"https://example.com"},"headers":{},"method":"POST","scenarioName":"User Registration","testId":"6c19682b-a187-4864-a3a9-46641bbaa30d","timestamp":"2025-08-11 20:59:01","type":"api_request","url":"/users"}
[32minfo[39m: API Request {"body":{"address":{"city":"Test City","country":"Test Country","state":"Test State","street":"123 Test St","zipCode":"12345"},"company":{"department":"Engineering","jobTitle":"Software Developer","name":"Test Company"},"email":"test1754909941213@example.com","name":"Test User","phone":"+1234567890","username":"user_1754909941213","website":"https://example.com"},"headers":{},"method":"POST","scenarioName":"User Registration","testId":"6c19682b-a187-4864-a3a9-46641bbaa30d","timestamp":"2025-08-11 20:59:01","type":"api_request","url":"/users"}
[32minfo[39m: API Request {"body":{"address":{"city":"Test City","country":"Test Country","state":"Test State","street":"123 Test St","zipCode":"12345"},"company":{"department":"Engineering","jobTitle":"Software Developer","name":"Test Company"},"email":"test1754909941214@example.com","name":"Test User","phone":"+1234567890","username":"user_1754909941214","website":"https://example.com"},"headers":{},"method":"POST","scenarioName":"User Registration","testId":"6c19682b-a187-4864-a3a9-46641bbaa30d","timestamp":"2025-08-11 20:59:01","type":"api_request","url":"/users"}
[32minfo[39m: API Request {"body":{"address":{"city":"Test City","country":"Test Country","state":"Test State","street":"123 Test St","zipCode":"12345"},"company":{"department":"Engineering","jobTitle":"Software Developer","name":"Test Company"},"email":"test1754909941214@example.com","name":"Test User","phone":"+1234567890","username":"user_1754909941214","website":"https://example.com"},"headers":{},"method":"POST","scenarioName":"User Registration","testId":"6c19682b-a187-4864-a3a9-46641bbaa30d","timestamp":"2025-08-11 20:59:01","type":"api_request","url":"/users"}
[32minfo[39m: API Response {"body":null,"headers":{},"responseTime":182,"scenarioName":"User Registration","status":"ERROR","statusText":"apiRequestContext.post: getaddrinfo ENOTFOUND staging-api.example.com\nCall log:\n\u001b[2m  - → POST https://staging-api.example.com/users\u001b[22m\n\u001b[2m    - user-agent: Mozilla/5.0 (Windows NT 10.0; Win64; x64) AppleWebKit/537.36 (KHTML, like Gecko) Chrome/139.0.7258.5 Safari/537.36\u001b[22m\n\u001b[2m    - accept: application/json\u001b[22m\n\u001b[2m    - accept-encoding: gzip,deflate,br\u001b[22m\n\u001b[2m    - Content-Type: application/json\u001b[22m\n\u001b[2m    - X-Environment: staging\u001b[22m\n\u001b[2m    - X-API-Key: staging-api-key-67890\u001b[22m\n\u001b[2m    - content-length: 357\u001b[22m\n","testId":"6c19682b-a187-4864-a3a9-46641bbaa30d","timestamp":"2025-08-11 20:59:01","type":"api_response"}
[32minfo[39m: API Response {"body":null,"headers":{},"responseTime":181,"scenarioName":"User Registration","status":"ERROR","statusText":"apiRequestContext.post: getaddrinfo ENOTFOUND staging-api.example.com\nCall log:\n\u001b[2m  - → POST https://staging-api.example.com/users\u001b[22m\n\u001b[2m    - user-agent: Mozilla/5.0 (Windows NT 10.0; Win64; x64) AppleWebKit/537.36 (KHTML, like Gecko) Chrome/139.0.7258.5 Safari/537.36\u001b[22m\n\u001b[2m    - accept: application/json\u001b[22m\n\u001b[2m    - accept-encoding: gzip,deflate,br\u001b[22m\n\u001b[2m    - Content-Type: application/json\u001b[22m\n\u001b[2m    - X-Environment: staging\u001b[22m\n\u001b[2m    - X-API-Key: staging-api-key-67890\u001b[22m\n\u001b[2m    - content-length: 357\u001b[22m\n","testId":"6c19682b-a187-4864-a3a9-46641bbaa30d","timestamp":"2025-08-11 20:59:01","type":"api_response"}
[32minfo[39m: API Response {"body":null,"headers":{},"responseTime":180,"scenarioName":"User Registration","status":"ERROR","statusText":"apiRequestContext.post: getaddrinfo ENOTFOUND staging-api.example.com\nCall log:\n\u001b[2m  - → POST https://staging-api.example.com/users\u001b[22m\n\u001b[2m    - user-agent: Mozilla/5.0 (Windows NT 10.0; Win64; x64) AppleWebKit/537.36 (KHTML, like Gecko) Chrome/139.0.7258.5 Safari/537.36\u001b[22m\n\u001b[2m    - accept: application/json\u001b[22m\n\u001b[2m    - accept-encoding: gzip,deflate,br\u001b[22m\n\u001b[2m    - Content-Type: application/json\u001b[22m\n\u001b[2m    - X-Environment: staging\u001b[22m\n\u001b[2m    - X-API-Key: staging-api-key-67890\u001b[22m\n\u001b[2m    - content-length: 357\u001b[22m\n","testId":"6c19682b-a187-4864-a3a9-46641bbaa30d","timestamp":"2025-08-11 20:59:01","type":"api_response"}
[32minfo[39m: API Response {"body":null,"headers":{},"responseTime":180,"scenarioName":"User Registration","status":"ERROR","statusText":"apiRequestContext.post: getaddrinfo ENOTFOUND staging-api.example.com\nCall log:\n\u001b[2m  - → POST https://staging-api.example.com/users\u001b[22m\n\u001b[2m    - user-agent: Mozilla/5.0 (Windows NT 10.0; Win64; x64) AppleWebKit/537.36 (KHTML, like Gecko) Chrome/139.0.7258.5 Safari/537.36\u001b[22m\n\u001b[2m    - accept: application/json\u001b[22m\n\u001b[2m    - accept-encoding: gzip,deflate,br\u001b[22m\n\u001b[2m    - Content-Type: application/json\u001b[22m\n\u001b[2m    - X-Environment: staging\u001b[22m\n\u001b[2m    - X-API-Key: staging-api-key-67890\u001b[22m\n\u001b[2m    - content-length: 357\u001b[22m\n","testId":"6c19682b-a187-4864-a3a9-46641bbaa30d","timestamp":"2025-08-11 20:59:01","type":"api_response"}
[32minfo[39m: API Response {"body":null,"headers":{},"responseTime":180,"scenarioName":"User Registration","status":"ERROR","statusText":"apiRequestContext.post: getaddrinfo ENOTFOUND staging-api.example.com\nCall log:\n\u001b[2m  - → POST https://staging-api.example.com/users\u001b[22m\n\u001b[2m    - user-agent: Mozilla/5.0 (Windows NT 10.0; Win64; x64) AppleWebKit/537.36 (KHTML, like Gecko) Chrome/139.0.7258.5 Safari/537.36\u001b[22m\n\u001b[2m    - accept: application/json\u001b[22m\n\u001b[2m    - accept-encoding: gzip,deflate,br\u001b[22m\n\u001b[2m    - Content-Type: application/json\u001b[22m\n\u001b[2m    - X-Environment: staging\u001b[22m\n\u001b[2m    - X-API-Key: staging-api-key-67890\u001b[22m\n\u001b[2m    - content-length: 357\u001b[22m\n","testId":"6c19682b-a187-4864-a3a9-46641bbaa30d","timestamp":"2025-08-11 20:59:01","type":"api_response"}
[32minfo[39m: API Request {"body":{"address":{"city":"Test City","country":"Test Country","state":"Test State","street":"123 Test St","zipCode":"12345"},"company":{"department":"Engineering","jobTitle":"Software Developer","name":"Test Company"},"email":"test1754909941680@example.com","name":"Test User","phone":"+1234567890","username":"user_1754909941680","website":"https://example.com"},"headers":{},"method":"POST","scenarioName":"User Registration","testId":"72890365-e2f9-4ecf-a3b5-09e49f191587","timestamp":"2025-08-11 20:59:01","type":"api_request","url":"/users"}
[32minfo[39m: API Request {"body":{"address":{"city":"Test City","country":"Test Country","state":"Test State","street":"123 Test St","zipCode":"12345"},"company":{"department":"Engineering","jobTitle":"Software Developer","name":"Test Company"},"email":"test1754909941685@example.com","name":"Test User","phone":"+1234567890","username":"user_1754909941685","website":"https://example.com"},"headers":{},"method":"POST","scenarioName":"User Registration","testId":"72890365-e2f9-4ecf-a3b5-09e49f191587","timestamp":"2025-08-11 20:59:01","type":"api_request","url":"/users"}
[32minfo[39m: API Request {"body":{"address":{"city":"Test City","country":"Test Country","state":"Test State","street":"123 Test St","zipCode":"12345"},"company":{"department":"Engineering","jobTitle":"Software Developer","name":"Test Company"},"email":"test1754909941686@example.com","name":"Test User","phone":"+1234567890","username":"user_1754909941686","website":"https://example.com"},"headers":{},"method":"POST","scenarioName":"User Registration","testId":"72890365-e2f9-4ecf-a3b5-09e49f191587","timestamp":"2025-08-11 20:59:01","type":"api_request","url":"/users"}
[32minfo[39m: API Request {"body":{"address":{"city":"Test City","country":"Test Country","state":"Test State","street":"123 Test St","zipCode":"12345"},"company":{"department":"Engineering","jobTitle":"Software Developer","name":"Test Company"},"email":"test1754909941686@example.com","name":"Test User","phone":"+1234567890","username":"user_1754909941686","website":"https://example.com"},"headers":{},"method":"POST","scenarioName":"User Registration","testId":"72890365-e2f9-4ecf-a3b5-09e49f191587","timestamp":"2025-08-11 20:59:01","type":"api_request","url":"/users"}
[32minfo[39m: API Request {"body":{"address":{"city":"Test City","country":"Test Country","state":"Test State","street":"123 Test St","zipCode":"12345"},"company":{"department":"Engineering","jobTitle":"Software Developer","name":"Test Company"},"email":"test1754909941687@example.com","name":"Test User","phone":"+1234567890","username":"user_1754909941687","website":"https://example.com"},"headers":{},"method":"POST","scenarioName":"User Registration","testId":"72890365-e2f9-4ecf-a3b5-09e49f191587","timestamp":"2025-08-11 20:59:01","type":"api_request","url":"/users"}
[32minfo[39m: API Response {"body":null,"headers":{},"responseTime":11,"scenarioName":"User Registration","status":"ERROR","statusText":"apiRequestContext.post: getaddrinfo ENOTFOUND staging-api.example.com\nCall log:\n\u001b[2m  - → POST https://staging-api.example.com/users\u001b[22m\n\u001b[2m    - user-agent: Mozilla/5.0 (Windows NT 10.0; Win64; x64) AppleWebKit/537.36 (KHTML, like Gecko) Chrome/139.0.7258.5 Safari/537.36\u001b[22m\n\u001b[2m    - accept: application/json\u001b[22m\n\u001b[2m    - accept-encoding: gzip,deflate,br\u001b[22m\n\u001b[2m    - Content-Type: application/json\u001b[22m\n\u001b[2m    - X-Environment: staging\u001b[22m\n\u001b[2m    - X-API-Key: staging-api-key-67890\u001b[22m\n\u001b[2m    - content-length: 357\u001b[22m\n","testId":"72890365-e2f9-4ecf-a3b5-09e49f191587","timestamp":"2025-08-11 20:59:01","type":"api_response"}
[32minfo[39m: API Response {"body":null,"headers":{},"responseTime":17,"scenarioName":"User Registration","status":"ERROR","statusText":"apiRequestContext.post: getaddrinfo ENOTFOUND staging-api.example.com\nCall log:\n\u001b[2m  - → POST https://staging-api.example.com/users\u001b[22m\n\u001b[2m    - user-agent: Mozilla/5.0 (Windows NT 10.0; Win64; x64) AppleWebKit/537.36 (KHTML, like Gecko) Chrome/139.0.7258.5 Safari/537.36\u001b[22m\n\u001b[2m    - accept: application/json\u001b[22m\n\u001b[2m    - accept-encoding: gzip,deflate,br\u001b[22m\n\u001b[2m    - Content-Type: application/json\u001b[22m\n\u001b[2m    - X-Environment: staging\u001b[22m\n\u001b[2m    - X-API-Key: staging-api-key-67890\u001b[22m\n\u001b[2m    - content-length: 357\u001b[22m\n","testId":"72890365-e2f9-4ecf-a3b5-09e49f191587","timestamp":"2025-08-11 20:59:01","type":"api_response"}
[32minfo[39m: API Response {"body":null,"headers":{},"responseTime":14,"scenarioName":"User Registration","status":"ERROR","statusText":"apiRequestContext.post: getaddrinfo ENOTFOUND staging-api.example.com\nCall log:\n\u001b[2m  - → POST https://staging-api.example.com/users\u001b[22m\n\u001b[2m    - user-agent: Mozilla/5.0 (Windows NT 10.0; Win64; x64) AppleWebKit/537.36 (KHTML, like Gecko) Chrome/139.0.7258.5 Safari/537.36\u001b[22m\n\u001b[2m    - accept: application/json\u001b[22m\n\u001b[2m    - accept-encoding: gzip,deflate,br\u001b[22m\n\u001b[2m    - Content-Type: application/json\u001b[22m\n\u001b[2m    - X-Environment: staging\u001b[22m\n\u001b[2m    - X-API-Key: staging-api-key-67890\u001b[22m\n\u001b[2m    - content-length: 357\u001b[22m\n","testId":"72890365-e2f9-4ecf-a3b5-09e49f191587","timestamp":"2025-08-11 20:59:01","type":"api_response"}
[32minfo[39m: API Response {"body":null,"headers":{},"responseTime":14,"scenarioName":"User Registration","status":"ERROR","statusText":"apiRequestContext.post: getaddrinfo ENOTFOUND staging-api.example.com\nCall log:\n\u001b[2m  - → POST https://staging-api.example.com/users\u001b[22m\n\u001b[2m    - user-agent: Mozilla/5.0 (Windows NT 10.0; Win64; x64) AppleWebKit/537.36 (KHTML, like Gecko) Chrome/139.0.7258.5 Safari/537.36\u001b[22m\n\u001b[2m    - accept: application/json\u001b[22m\n\u001b[2m    - accept-encoding: gzip,deflate,br\u001b[22m\n\u001b[2m    - Content-Type: application/json\u001b[22m\n\u001b[2m    - X-Environment: staging\u001b[22m\n\u001b[2m    - X-API-Key: staging-api-key-67890\u001b[22m\n\u001b[2m    - content-length: 357\u001b[22m\n","testId":"72890365-e2f9-4ecf-a3b5-09e49f191587","timestamp":"2025-08-11 20:59:01","type":"api_response"}
[32minfo[39m: API Response {"body":null,"headers":{},"responseTime":13,"scenarioName":"User Registration","status":"ERROR","statusText":"apiRequestContext.post: getaddrinfo ENOTFOUND staging-api.example.com\nCall log:\n\u001b[2m  - → POST https://staging-api.example.com/users\u001b[22m\n\u001b[2m    - user-agent: Mozilla/5.0 (Windows NT 10.0; Win64; x64) AppleWebKit/537.36 (KHTML, like Gecko) Chrome/139.0.7258.5 Safari/537.36\u001b[22m\n\u001b[2m    - accept: application/json\u001b[22m\n\u001b[2m    - accept-encoding: gzip,deflate,br\u001b[22m\n\u001b[2m    - Content-Type: application/json\u001b[22m\n\u001b[2m    - X-Environment: staging\u001b[22m\n\u001b[2m    - X-API-Key: staging-api-key-67890\u001b[22m\n\u001b[2m    - content-length: 357\u001b[22m\n","testId":"72890365-e2f9-4ecf-a3b5-09e49f191587","timestamp":"2025-08-11 20:59:01","type":"api_response"}

[[ATTACHMENT|../test-results/staging/advanced-data-driven-clean-0ffdf-user-operations-performance-staging-api-tests-retry1/trace.zip]]
[32minfo[39m: API Request {"body":{"address":{"city":"Test City","country":"Test Country","state":"Test State","street":"123 Test St","zipCode":"12345"},"company":{"department":"Engineering","jobTitle":"Software Developer","name":"Test Company"},"email":"test1754909941979@example.com","name":"Test User","phone":"+1234567890","username":"user_1754909941979","website":"https://example.com"},"headers":{},"method":"POST","scenarioName":"User Registration","testId":"7bc21e8a-7b4f-46b3-932f-eacc851f4b23","timestamp":"2025-08-11 20:59:01","type":"api_request","url":"/users"}
[32minfo[39m: API Request {"body":{"address":{"city":"Test City","country":"Test Country","state":"Test State","street":"123 Test St","zipCode":"12345"},"company":{"department":"Engineering","jobTitle":"Software Developer","name":"Test Company"},"email":"test1754909941985@example.com","name":"Test User","phone":"+1234567890","username":"user_1754909941985","website":"https://example.com"},"headers":{},"method":"POST","scenarioName":"User Registration","testId":"7bc21e8a-7b4f-46b3-932f-eacc851f4b23","timestamp":"2025-08-11 20:59:01","type":"api_request","url":"/users"}
[32minfo[39m: API Request {"body":{"address":{"city":"Test City","country":"Test Country","state":"Test State","street":"123 Test St","zipCode":"12345"},"company":{"department":"Engineering","jobTitle":"Software Developer","name":"Test Company"},"email":"test1754909941985@example.com","name":"Test User","phone":"+1234567890","username":"user_1754909941985","website":"https://example.com"},"headers":{},"method":"POST","scenarioName":"User Registration","testId":"7bc21e8a-7b4f-46b3-932f-eacc851f4b23","timestamp":"2025-08-11 20:59:01","type":"api_request","url":"/users"}
[32minfo[39m: API Request {"body":{"address":{"city":"Test City","country":"Test Country","state":"Test State","street":"123 Test St","zipCode":"12345"},"company":{"department":"Engineering","jobTitle":"Software Developer","name":"Test Company"},"email":"test1754909941986@example.com","name":"Test User","phone":"+1234567890","username":"user_1754909941986","website":"https://example.com"},"headers":{},"method":"POST","scenarioName":"User Registration","testId":"7bc21e8a-7b4f-46b3-932f-eacc851f4b23","timestamp":"2025-08-11 20:59:01","type":"api_request","url":"/users"}
[32minfo[39m: API Request {"body":{"address":{"city":"Test City","country":"Test Country","state":"Test State","street":"123 Test St","zipCode":"12345"},"company":{"department":"Engineering","jobTitle":"Software Developer","name":"Test Company"},"email":"test1754909941986@example.com","name":"Test User","phone":"+1234567890","username":"user_1754909941986","website":"https://example.com"},"headers":{},"method":"POST","scenarioName":"User Registration","testId":"7bc21e8a-7b4f-46b3-932f-eacc851f4b23","timestamp":"2025-08-11 20:59:01","type":"api_request","url":"/users"}
[32minfo[39m: API Response {"body":null,"headers":{},"responseTime":15,"scenarioName":"User Registration","status":"ERROR","statusText":"apiRequestContext.post: getaddrinfo ENOTFOUND staging-api.example.com\nCall log:\n\u001b[2m  - → POST https://staging-api.example.com/users\u001b[22m\n\u001b[2m    - user-agent: Mozilla/5.0 (Windows NT 10.0; Win64; x64) AppleWebKit/537.36 (KHTML, like Gecko) Chrome/139.0.7258.5 Safari/537.36\u001b[22m\n\u001b[2m    - accept: application/json\u001b[22m\n\u001b[2m    - accept-encoding: gzip,deflate,br\u001b[22m\n\u001b[2m    - Content-Type: application/json\u001b[22m\n\u001b[2m    - X-Environment: staging\u001b[22m\n\u001b[2m    - X-API-Key: staging-api-key-67890\u001b[22m\n\u001b[2m    - content-length: 357\u001b[22m\n","testId":"7bc21e8a-7b4f-46b3-932f-eacc851f4b23","timestamp":"2025-08-11 20:59:01","type":"api_response"}
[32minfo[39m: API Response {"body":null,"headers":{},"responseTime":11,"scenarioName":"User Registration","status":"ERROR","statusText":"apiRequestContext.post: getaddrinfo ENOTFOUND staging-api.example.com\nCall log:\n\u001b[2m  - → POST https://staging-api.example.com/users\u001b[22m\n\u001b[2m    - user-agent: Mozilla/5.0 (Windows NT 10.0; Win64; x64) AppleWebKit/537.36 (KHTML, like Gecko) Chrome/139.0.7258.5 Safari/537.36\u001b[22m\n\u001b[2m    - accept: application/json\u001b[22m\n\u001b[2m    - accept-encoding: gzip,deflate,br\u001b[22m\n\u001b[2m    - Content-Type: application/json\u001b[22m\n\u001b[2m    - X-Environment: staging\u001b[22m\n\u001b[2m    - X-API-Key: staging-api-key-67890\u001b[22m\n\u001b[2m    - content-length: 357\u001b[22m\n","testId":"7bc21e8a-7b4f-46b3-932f-eacc851f4b23","timestamp":"2025-08-11 20:59:01","type":"api_response"}
[32minfo[39m: API Response {"body":null,"headers":{},"responseTime":10,"scenarioName":"User Registration","status":"ERROR","statusText":"apiRequestContext.post: getaddrinfo ENOTFOUND staging-api.example.com\nCall log:\n\u001b[2m  - → POST https://staging-api.example.com/users\u001b[22m\n\u001b[2m    - user-agent: Mozilla/5.0 (Windows NT 10.0; Win64; x64) AppleWebKit/537.36 (KHTML, like Gecko) Chrome/139.0.7258.5 Safari/537.36\u001b[22m\n\u001b[2m    - accept: application/json\u001b[22m\n\u001b[2m    - accept-encoding: gzip,deflate,br\u001b[22m\n\u001b[2m    - Content-Type: application/json\u001b[22m\n\u001b[2m    - X-Environment: staging\u001b[22m\n\u001b[2m    - X-API-Key: staging-api-key-67890\u001b[22m\n\u001b[2m    - content-length: 357\u001b[22m\n","testId":"7bc21e8a-7b4f-46b3-932f-eacc851f4b23","timestamp":"2025-08-11 20:59:01","type":"api_response"}
[32minfo[39m: API Response {"body":null,"headers":{},"responseTime":12,"scenarioName":"User Registration","status":"ERROR","statusText":"apiRequestContext.post: getaddrinfo ENOTFOUND staging-api.example.com\nCall log:\n\u001b[2m  - → POST https://staging-api.example.com/users\u001b[22m\n\u001b[2m    - user-agent: Mozilla/5.0 (Windows NT 10.0; Win64; x64) AppleWebKit/537.36 (KHTML, like Gecko) Chrome/139.0.7258.5 Safari/537.36\u001b[22m\n\u001b[2m    - accept: application/json\u001b[22m\n\u001b[2m    - accept-encoding: gzip,deflate,br\u001b[22m\n\u001b[2m    - Content-Type: application/json\u001b[22m\n\u001b[2m    - X-Environment: staging\u001b[22m\n\u001b[2m    - X-API-Key: staging-api-key-67890\u001b[22m\n\u001b[2m    - content-length: 357\u001b[22m\n","testId":"7bc21e8a-7b4f-46b3-932f-eacc851f4b23","timestamp":"2025-08-11 20:59:01","type":"api_response"}
[32minfo[39m: API Response {"body":null,"headers":{},"responseTime":11,"scenarioName":"User Registration","status":"ERROR","statusText":"apiRequestContext.post: getaddrinfo ENOTFOUND staging-api.example.com\nCall log:\n\u001b[2m  - → POST https://staging-api.example.com/users\u001b[22m\n\u001b[2m    - user-agent: Mozilla/5.0 (Windows NT 10.0; Win64; x64) AppleWebKit/537.36 (KHTML, like Gecko) Chrome/139.0.7258.5 Safari/537.36\u001b[22m\n\u001b[2m    - accept: application/json\u001b[22m\n\u001b[2m    - accept-encoding: gzip,deflate,br\u001b[22m\n\u001b[2m    - Content-Type: application/json\u001b[22m\n\u001b[2m    - X-Environment: staging\u001b[22m\n\u001b[2m    - X-API-Key: staging-api-key-67890\u001b[22m\n\u001b[2m    - content-length: 357\u001b[22m\n","testId":"7bc21e8a-7b4f-46b3-932f-eacc851f4b23","timestamp":"2025-08-11 20:59:01","type":"api_response"}
]]>
</system-out>
</testcase>
</testsuite>
<testsuite name="advanced/performance-tests.spec.ts" timestamp="2025-08-11T10:59:00.949Z" hostname="staging-api-tests" tests="9" failures="9" skipped="0" time="0.649" errors="0">
<testcase name="Concurrent Request Performance › should handle concurrent user creation efficiently @performance @concurrent" classname="advanced/performance-tests.spec.ts" time="0.055">
<failure message="performance-tests.spec.ts:41:7 should handle concurrent user creation efficiently @performance @concurrent" type="FAILURE">
<![CDATA[  [staging-api-tests] › advanced/performance-tests.spec.ts:41:7 › Concurrent Request Performance › should handle concurrent user creation efficiently @performance @concurrent 

    Error: apiRequestContext.post: getaddrinfo ENOTFOUND staging-api.example.com
    Call log:
      - → POST https://staging-api.example.com/users
        - user-agent: Mozilla/5.0 (Windows NT 10.0; Win64; x64) AppleWebKit/537.36 (KHTML, like Gecko) Chrome/139.0.7258.5 Safari/537.36
        - accept: application/json
        - accept-encoding: gzip,deflate,br
        - Content-Type: application/json
        - X-Environment: staging
        - X-API-Key: staging-api-key-67890
        - content-length: 357


       at ../utils/testFixtures.ts:106

      104 |
      105 |         try {
    > 106 |           const response = await (request as any)[method.toLowerCase()](url, options);
          |                                                                        ^
      107 |           const endTime = Date.now();
      108 |           const responseTime = endTime - startTime;
      109 |
        at Object.makeRequest (/Users/Anand/github/playwright-api-test/utils/testFixtures.ts:106:72)
        at Object.post (/Users/Anand/github/playwright-api-test/utils/testFixtures.ts:163:21)
        at Object.registerUser (/Users/Anand/github/playwright-api-test/utils/testFixtures.ts:181:35)
        at TestActions.createTestUser (/Users/Anand/github/playwright-api-test/utils/test-actions.ts:23:53)
        at /Users/Anand/github/playwright-api-test/tests/advanced/performance-tests.spec.ts:59:35

    Retry #1 ───────────────────────────────────────────────────────────────────────────────────────

    Error: apiRequestContext.post: getaddrinfo ENOTFOUND staging-api.example.com
    Call log:
      - → POST https://staging-api.example.com/users
        - user-agent: Mozilla/5.0 (Windows NT 10.0; Win64; x64) AppleWebKit/537.36 (KHTML, like Gecko) Chrome/139.0.7258.5 Safari/537.36
        - accept: application/json
        - accept-encoding: gzip,deflate,br
        - Content-Type: application/json
        - X-Environment: staging
        - X-API-Key: staging-api-key-67890
        - content-length: 357


       at ../utils/testFixtures.ts:106

      104 |
      105 |         try {
    > 106 |           const response = await (request as any)[method.toLowerCase()](url, options);
          |                                                                        ^
      107 |           const endTime = Date.now();
      108 |           const responseTime = endTime - startTime;
      109 |
        at Object.makeRequest (/Users/Anand/github/playwright-api-test/utils/testFixtures.ts:106:72)
        at Object.post (/Users/Anand/github/playwright-api-test/utils/testFixtures.ts:163:21)
        at Object.registerUser (/Users/Anand/github/playwright-api-test/utils/testFixtures.ts:181:35)
        at TestActions.createTestUser (/Users/Anand/github/playwright-api-test/utils/test-actions.ts:23:53)
        at /Users/Anand/github/playwright-api-test/tests/advanced/performance-tests.spec.ts:59:35

    attachment #1: trace (application/zip) ─────────────────────────────────────────────────────────
    ../test-results/staging/advanced-performance-tests-cee27-ntly-performance-concurrent-staging-api-tests-retry1/trace.zip
    Usage:

        npx playwright show-trace ../test-results/staging/advanced-performance-tests-cee27-ntly-performance-concurrent-staging-api-tests-retry1/trace.zip

    ────────────────────────────────────────────────────────────────────────────────────────────────

    Retry #2 ───────────────────────────────────────────────────────────────────────────────────────

    Error: apiRequestContext.post: getaddrinfo ENOTFOUND staging-api.example.com
    Call log:
      - → POST https://staging-api.example.com/users
        - user-agent: Mozilla/5.0 (Windows NT 10.0; Win64; x64) AppleWebKit/537.36 (KHTML, like Gecko) Chrome/139.0.7258.5 Safari/537.36
        - accept: application/json
        - accept-encoding: gzip,deflate,br
        - Content-Type: application/json
        - X-Environment: staging
        - X-API-Key: staging-api-key-67890
        - content-length: 357


       at ../utils/testFixtures.ts:106

      104 |
      105 |         try {
    > 106 |           const response = await (request as any)[method.toLowerCase()](url, options);
          |                                                                        ^
      107 |           const endTime = Date.now();
      108 |           const responseTime = endTime - startTime;
      109 |
        at Object.makeRequest (/Users/Anand/github/playwright-api-test/utils/testFixtures.ts:106:72)
        at Object.post (/Users/Anand/github/playwright-api-test/utils/testFixtures.ts:163:21)
        at Object.registerUser (/Users/Anand/github/playwright-api-test/utils/testFixtures.ts:181:35)
        at TestActions.createTestUser (/Users/Anand/github/playwright-api-test/utils/test-actions.ts:23:53)
        at /Users/Anand/github/playwright-api-test/tests/advanced/performance-tests.spec.ts:59:35
]]>
</failure>
<system-out>
<![CDATA[[32minfo[39m: API Request {"body":{"address":{"city":"Test City","country":"Test Country","state":"Test State","street":"123 Test St","zipCode":"12345"},"company":{"department":"Engineering","jobTitle":"Software Developer","name":"Test Company"},"email":"test1754909943143@example.com","name":"Test User","phone":"+1234567890","username":"user_1754909943143","website":"https://example.com"},"headers":{},"method":"POST","scenarioName":"User Registration","testId":"31f85c58-fc73-4ffe-bc97-5c31b0547510","timestamp":"2025-08-11 20:59:03","type":"api_request","url":"/users"}
[32minfo[39m: API Request {"body":{"address":{"city":"Test City","country":"Test Country","state":"Test State","street":"123 Test St","zipCode":"12345"},"company":{"department":"Engineering","jobTitle":"Software Developer","name":"Test Company"},"email":"test1754909943147@example.com","name":"Test User","phone":"+1234567890","username":"user_1754909943147","website":"https://example.com"},"headers":{},"method":"POST","scenarioName":"User Registration","testId":"31f85c58-fc73-4ffe-bc97-5c31b0547510","timestamp":"2025-08-11 20:59:03","type":"api_request","url":"/users"}
[32minfo[39m: API Request {"body":{"address":{"city":"Test City","country":"Test Country","state":"Test State","street":"123 Test St","zipCode":"12345"},"company":{"department":"Engineering","jobTitle":"Software Developer","name":"Test Company"},"email":"test1754909943148@example.com","name":"Test User","phone":"+1234567890","username":"user_1754909943148","website":"https://example.com"},"headers":{},"method":"POST","scenarioName":"User Registration","testId":"31f85c58-fc73-4ffe-bc97-5c31b0547510","timestamp":"2025-08-11 20:59:03","type":"api_request","url":"/users"}
[32minfo[39m: API Response {"body":null,"headers":{},"responseTime":13,"scenarioName":"User Registration","status":"ERROR","statusText":"apiRequestContext.post: getaddrinfo ENOTFOUND staging-api.example.com\nCall log:\n\u001b[2m  - → POST https://staging-api.example.com/users\u001b[22m\n\u001b[2m    - user-agent: Mozilla/5.0 (Windows NT 10.0; Win64; x64) AppleWebKit/537.36 (KHTML, like Gecko) Chrome/139.0.7258.5 Safari/537.36\u001b[22m\n\u001b[2m    - accept: application/json\u001b[22m\n\u001b[2m    - accept-encoding: gzip,deflate,br\u001b[22m\n\u001b[2m    - Content-Type: application/json\u001b[22m\n\u001b[2m    - X-Environment: staging\u001b[22m\n\u001b[2m    - X-API-Key: staging-api-key-67890\u001b[22m\n\u001b[2m    - content-length: 357\u001b[22m\n","testId":"31f85c58-fc73-4ffe-bc97-5c31b0547510","timestamp":"2025-08-11 20:59:03","type":"api_response"}
[32minfo[39m: API Response {"body":null,"headers":{},"responseTime":12,"scenarioName":"User Registration","status":"ERROR","statusText":"apiRequestContext.post: getaddrinfo ENOTFOUND staging-api.example.com\nCall log:\n\u001b[2m  - → POST https://staging-api.example.com/users\u001b[22m\n\u001b[2m    - user-agent: Mozilla/5.0 (Windows NT 10.0; Win64; x64) AppleWebKit/537.36 (KHTML, like Gecko) Chrome/139.0.7258.5 Safari/537.36\u001b[22m\n\u001b[2m    - accept: application/json\u001b[22m\n\u001b[2m    - accept-encoding: gzip,deflate,br\u001b[22m\n\u001b[2m    - Content-Type: application/json\u001b[22m\n\u001b[2m    - X-Environment: staging\u001b[22m\n\u001b[2m    - X-API-Key: staging-api-key-67890\u001b[22m\n\u001b[2m    - content-length: 357\u001b[22m\n","testId":"31f85c58-fc73-4ffe-bc97-5c31b0547510","timestamp":"2025-08-11 20:59:03","type":"api_response"}
[32minfo[39m: API Response {"body":null,"headers":{},"responseTime":11,"scenarioName":"User Registration","status":"ERROR","statusText":"apiRequestContext.post: getaddrinfo ENOTFOUND staging-api.example.com\nCall log:\n\u001b[2m  - → POST https://staging-api.example.com/users\u001b[22m\n\u001b[2m    - user-agent: Mozilla/5.0 (Windows NT 10.0; Win64; x64) AppleWebKit/537.36 (KHTML, like Gecko) Chrome/139.0.7258.5 Safari/537.36\u001b[22m\n\u001b[2m    - accept: application/json\u001b[22m\n\u001b[2m    - accept-encoding: gzip,deflate,br\u001b[22m\n\u001b[2m    - Content-Type: application/json\u001b[22m\n\u001b[2m    - X-Environment: staging\u001b[22m\n\u001b[2m    - X-API-Key: staging-api-key-67890\u001b[22m\n\u001b[2m    - content-length: 357\u001b[22m\n","testId":"31f85c58-fc73-4ffe-bc97-5c31b0547510","timestamp":"2025-08-11 20:59:03","type":"api_response"}
[32minfo[39m: API Request {"body":{"address":{"city":"Test City","country":"Test Country","state":"Test State","street":"123 Test St","zipCode":"12345"},"company":{"department":"Engineering","jobTitle":"Software Developer","name":"Test Company"},"email":"test1754909943437@example.com","name":"Test User","phone":"+1234567890","username":"user_1754909943437","website":"https://example.com"},"headers":{},"method":"POST","scenarioName":"User Registration","testId":"3277175b-cf56-4214-a998-cff03e294b08","timestamp":"2025-08-11 20:59:03","type":"api_request","url":"/users"}
[32minfo[39m: API Request {"body":{"address":{"city":"Test City","country":"Test Country","state":"Test State","street":"123 Test St","zipCode":"12345"},"company":{"department":"Engineering","jobTitle":"Software Developer","name":"Test Company"},"email":"test1754909943440@example.com","name":"Test User","phone":"+1234567890","username":"user_1754909943440","website":"https://example.com"},"headers":{},"method":"POST","scenarioName":"User Registration","testId":"3277175b-cf56-4214-a998-cff03e294b08","timestamp":"2025-08-11 20:59:03","type":"api_request","url":"/users"}
[32minfo[39m: API Request {"body":{"address":{"city":"Test City","country":"Test Country","state":"Test State","street":"123 Test St","zipCode":"12345"},"company":{"department":"Engineering","jobTitle":"Software Developer","name":"Test Company"},"email":"test1754909943441@example.com","name":"Test User","phone":"+1234567890","username":"user_1754909943441","website":"https://example.com"},"headers":{},"method":"POST","scenarioName":"User Registration","testId":"3277175b-cf56-4214-a998-cff03e294b08","timestamp":"2025-08-11 20:59:03","type":"api_request","url":"/users"}
[32minfo[39m: API Response {"body":null,"headers":{},"responseTime":10,"scenarioName":"User Registration","status":"ERROR","statusText":"apiRequestContext.post: getaddrinfo ENOTFOUND staging-api.example.com\nCall log:\n\u001b[2m  - → POST https://staging-api.example.com/users\u001b[22m\n\u001b[2m    - user-agent: Mozilla/5.0 (Windows NT 10.0; Win64; x64) AppleWebKit/537.36 (KHTML, like Gecko) Chrome/139.0.7258.5 Safari/537.36\u001b[22m\n\u001b[2m    - accept: application/json\u001b[22m\n\u001b[2m    - accept-encoding: gzip,deflate,br\u001b[22m\n\u001b[2m    - Content-Type: application/json\u001b[22m\n\u001b[2m    - X-Environment: staging\u001b[22m\n\u001b[2m    - X-API-Key: staging-api-key-67890\u001b[22m\n\u001b[2m    - content-length: 357\u001b[22m\n","testId":"3277175b-cf56-4214-a998-cff03e294b08","timestamp":"2025-08-11 20:59:03","type":"api_response"}
[32minfo[39m: API Response {"body":null,"headers":{},"responseTime":15,"scenarioName":"User Registration","status":"ERROR","statusText":"apiRequestContext.post: getaddrinfo ENOTFOUND staging-api.example.com\nCall log:\n\u001b[2m  - → POST https://staging-api.example.com/users\u001b[22m\n\u001b[2m    - user-agent: Mozilla/5.0 (Windows NT 10.0; Win64; x64) AppleWebKit/537.36 (KHTML, like Gecko) Chrome/139.0.7258.5 Safari/537.36\u001b[22m\n\u001b[2m    - accept: application/json\u001b[22m\n\u001b[2m    - accept-encoding: gzip,deflate,br\u001b[22m\n\u001b[2m    - Content-Type: application/json\u001b[22m\n\u001b[2m    - X-Environment: staging\u001b[22m\n\u001b[2m    - X-API-Key: staging-api-key-67890\u001b[22m\n\u001b[2m    - content-length: 357\u001b[22m\n","testId":"3277175b-cf56-4214-a998-cff03e294b08","timestamp":"2025-08-11 20:59:03","type":"api_response"}
[32minfo[39m: API Response {"body":null,"headers":{},"responseTime":11,"scenarioName":"User Registration","status":"ERROR","statusText":"apiRequestContext.post: getaddrinfo ENOTFOUND staging-api.example.com\nCall log:\n\u001b[2m  - → POST https://staging-api.example.com/users\u001b[22m\n\u001b[2m    - user-agent: Mozilla/5.0 (Windows NT 10.0; Win64; x64) AppleWebKit/537.36 (KHTML, like Gecko) Chrome/139.0.7258.5 Safari/537.36\u001b[22m\n\u001b[2m    - accept: application/json\u001b[22m\n\u001b[2m    - accept-encoding: gzip,deflate,br\u001b[22m\n\u001b[2m    - Content-Type: application/json\u001b[22m\n\u001b[2m    - X-Environment: staging\u001b[22m\n\u001b[2m    - X-API-Key: staging-api-key-67890\u001b[22m\n\u001b[2m    - content-length: 357\u001b[22m\n","testId":"3277175b-cf56-4214-a998-cff03e294b08","timestamp":"2025-08-11 20:59:03","type":"api_response"}

[[ATTACHMENT|../test-results/staging/advanced-performance-tests-cee27-ntly-performance-concurrent-staging-api-tests-retry1/trace.zip]]
[32minfo[39m: API Request {"body":{"address":{"city":"Test City","country":"Test Country","state":"Test State","street":"123 Test St","zipCode":"12345"},"company":{"department":"Engineering","jobTitle":"Software Developer","name":"Test Company"},"email":"test1754909943740@example.com","name":"Test User","phone":"+1234567890","username":"user_1754909943740","website":"https://example.com"},"headers":{},"method":"POST","scenarioName":"User Registration","testId":"2b301d12-5581-451c-9f6d-a34163968844","timestamp":"2025-08-11 20:59:03","type":"api_request","url":"/users"}
[32minfo[39m: API Request {"body":{"address":{"city":"Test City","country":"Test Country","state":"Test State","street":"123 Test St","zipCode":"12345"},"company":{"department":"Engineering","jobTitle":"Software Developer","name":"Test Company"},"email":"test1754909943744@example.com","name":"Test User","phone":"+1234567890","username":"user_1754909943744","website":"https://example.com"},"headers":{},"method":"POST","scenarioName":"User Registration","testId":"2b301d12-5581-451c-9f6d-a34163968844","timestamp":"2025-08-11 20:59:03","type":"api_request","url":"/users"}
[32minfo[39m: API Request {"body":{"address":{"city":"Test City","country":"Test Country","state":"Test State","street":"123 Test St","zipCode":"12345"},"company":{"department":"Engineering","jobTitle":"Software Developer","name":"Test Company"},"email":"test1754909943745@example.com","name":"Test User","phone":"+1234567890","username":"user_1754909943745","website":"https://example.com"},"headers":{},"method":"POST","scenarioName":"User Registration","testId":"2b301d12-5581-451c-9f6d-a34163968844","timestamp":"2025-08-11 20:59:03","type":"api_request","url":"/users"}
[32minfo[39m: API Response {"body":null,"headers":{},"responseTime":14,"scenarioName":"User Registration","status":"ERROR","statusText":"apiRequestContext.post: getaddrinfo ENOTFOUND staging-api.example.com\nCall log:\n\u001b[2m  - → POST https://staging-api.example.com/users\u001b[22m\n\u001b[2m    - user-agent: Mozilla/5.0 (Windows NT 10.0; Win64; x64) AppleWebKit/537.36 (KHTML, like Gecko) Chrome/139.0.7258.5 Safari/537.36\u001b[22m\n\u001b[2m    - accept: application/json\u001b[22m\n\u001b[2m    - accept-encoding: gzip,deflate,br\u001b[22m\n\u001b[2m    - Content-Type: application/json\u001b[22m\n\u001b[2m    - X-Environment: staging\u001b[22m\n\u001b[2m    - X-API-Key: staging-api-key-67890\u001b[22m\n\u001b[2m    - content-length: 357\u001b[22m\n","testId":"2b301d12-5581-451c-9f6d-a34163968844","timestamp":"2025-08-11 20:59:03","type":"api_response"}
[32minfo[39m: API Response {"body":null,"headers":{},"responseTime":11,"scenarioName":"User Registration","status":"ERROR","statusText":"apiRequestContext.post: getaddrinfo ENOTFOUND staging-api.example.com\nCall log:\n\u001b[2m  - → POST https://staging-api.example.com/users\u001b[22m\n\u001b[2m    - user-agent: Mozilla/5.0 (Windows NT 10.0; Win64; x64) AppleWebKit/537.36 (KHTML, like Gecko) Chrome/139.0.7258.5 Safari/537.36\u001b[22m\n\u001b[2m    - accept: application/json\u001b[22m\n\u001b[2m    - accept-encoding: gzip,deflate,br\u001b[22m\n\u001b[2m    - Content-Type: application/json\u001b[22m\n\u001b[2m    - X-Environment: staging\u001b[22m\n\u001b[2m    - X-API-Key: staging-api-key-67890\u001b[22m\n\u001b[2m    - content-length: 357\u001b[22m\n","testId":"2b301d12-5581-451c-9f6d-a34163968844","timestamp":"2025-08-11 20:59:03","type":"api_response"}
[32minfo[39m: API Response {"body":null,"headers":{},"responseTime":10,"scenarioName":"User Registration","status":"ERROR","statusText":"apiRequestContext.post: getaddrinfo ENOTFOUND staging-api.example.com\nCall log:\n\u001b[2m  - → POST https://staging-api.example.com/users\u001b[22m\n\u001b[2m    - user-agent: Mozilla/5.0 (Windows NT 10.0; Win64; x64) AppleWebKit/537.36 (KHTML, like Gecko) Chrome/139.0.7258.5 Safari/537.36\u001b[22m\n\u001b[2m    - accept: application/json\u001b[22m\n\u001b[2m    - accept-encoding: gzip,deflate,br\u001b[22m\n\u001b[2m    - Content-Type: application/json\u001b[22m\n\u001b[2m    - X-Environment: staging\u001b[22m\n\u001b[2m    - X-API-Key: staging-api-key-67890\u001b[22m\n\u001b[2m    - content-length: 357\u001b[22m\n","testId":"2b301d12-5581-451c-9f6d-a34163968844","timestamp":"2025-08-11 20:59:03","type":"api_response"}
]]>
</system-out>
</testcase>
<testcase name="Concurrent Request Performance › should handle concurrent read operations efficiently @performance @concurrent" classname="advanced/performance-tests.spec.ts" time="0.047">
<failure message="performance-tests.spec.ts:92:7 should handle concurrent read operations efficiently @performance @concurrent" type="FAILURE">
<![CDATA[  [staging-api-tests] › advanced/performance-tests.spec.ts:92:7 › Concurrent Request Performance › should handle concurrent read operations efficiently @performance @concurrent 

    Error: apiRequestContext.post: getaddrinfo ENOTFOUND staging-api.example.com
    Call log:
      - → POST https://staging-api.example.com/users
        - user-agent: Mozilla/5.0 (Windows NT 10.0; Win64; x64) AppleWebKit/537.36 (KHTML, like Gecko) Chrome/139.0.7258.5 Safari/537.36
        - accept: application/json
        - accept-encoding: gzip,deflate,br
        - Content-Type: application/json
        - X-Environment: staging
        - X-API-Key: staging-api-key-67890
        - content-length: 357


       at ../utils/testFixtures.ts:106

      104 |
      105 |         try {
    > 106 |           const response = await (request as any)[method.toLowerCase()](url, options);
          |                                                                        ^
      107 |           const endTime = Date.now();
      108 |           const responseTime = endTime - startTime;
      109 |
        at Object.makeRequest (/Users/Anand/github/playwright-api-test/utils/testFixtures.ts:106:72)
        at Object.post (/Users/Anand/github/playwright-api-test/utils/testFixtures.ts:163:21)
        at Object.registerUser (/Users/Anand/github/playwright-api-test/utils/testFixtures.ts:181:35)
        at TestActions.createTestUser (/Users/Anand/github/playwright-api-test/utils/test-actions.ts:23:53)
        at /Users/Anand/github/playwright-api-test/tests/advanced/performance-tests.spec.ts:96:40

    Retry #1 ───────────────────────────────────────────────────────────────────────────────────────

    Error: apiRequestContext.post: getaddrinfo ENOTFOUND staging-api.example.com
    Call log:
      - → POST https://staging-api.example.com/users
        - user-agent: Mozilla/5.0 (Windows NT 10.0; Win64; x64) AppleWebKit/537.36 (KHTML, like Gecko) Chrome/139.0.7258.5 Safari/537.36
        - accept: application/json
        - accept-encoding: gzip,deflate,br
        - Content-Type: application/json
        - X-Environment: staging
        - X-API-Key: staging-api-key-67890
        - content-length: 357


       at ../utils/testFixtures.ts:106

      104 |
      105 |         try {
    > 106 |           const response = await (request as any)[method.toLowerCase()](url, options);
          |                                                                        ^
      107 |           const endTime = Date.now();
      108 |           const responseTime = endTime - startTime;
      109 |
        at Object.makeRequest (/Users/Anand/github/playwright-api-test/utils/testFixtures.ts:106:72)
        at Object.post (/Users/Anand/github/playwright-api-test/utils/testFixtures.ts:163:21)
        at Object.registerUser (/Users/Anand/github/playwright-api-test/utils/testFixtures.ts:181:35)
        at TestActions.createTestUser (/Users/Anand/github/playwright-api-test/utils/test-actions.ts:23:53)
        at /Users/Anand/github/playwright-api-test/tests/advanced/performance-tests.spec.ts:96:40

    attachment #1: trace (application/zip) ─────────────────────────────────────────────────────────
    ../test-results/staging/advanced-performance-tests-a798b-ntly-performance-concurrent-staging-api-tests-retry1/trace.zip
    Usage:

        npx playwright show-trace ../test-results/staging/advanced-performance-tests-a798b-ntly-performance-concurrent-staging-api-tests-retry1/trace.zip

    ────────────────────────────────────────────────────────────────────────────────────────────────

    Retry #2 ───────────────────────────────────────────────────────────────────────────────────────

    Error: apiRequestContext.post: getaddrinfo ENOTFOUND staging-api.example.com
    Call log:
      - → POST https://staging-api.example.com/users
        - user-agent: Mozilla/5.0 (Windows NT 10.0; Win64; x64) AppleWebKit/537.36 (KHTML, like Gecko) Chrome/139.0.7258.5 Safari/537.36
        - accept: application/json
        - accept-encoding: gzip,deflate,br
        - Content-Type: application/json
        - X-Environment: staging
        - X-API-Key: staging-api-key-67890
        - content-length: 357


       at ../utils/testFixtures.ts:106

      104 |
      105 |         try {
    > 106 |           const response = await (request as any)[method.toLowerCase()](url, options);
          |                                                                        ^
      107 |           const endTime = Date.now();
      108 |           const responseTime = endTime - startTime;
      109 |
        at Object.makeRequest (/Users/Anand/github/playwright-api-test/utils/testFixtures.ts:106:72)
        at Object.post (/Users/Anand/github/playwright-api-test/utils/testFixtures.ts:163:21)
        at Object.registerUser (/Users/Anand/github/playwright-api-test/utils/testFixtures.ts:181:35)
        at TestActions.createTestUser (/Users/Anand/github/playwright-api-test/utils/test-actions.ts:23:53)
        at /Users/Anand/github/playwright-api-test/tests/advanced/performance-tests.spec.ts:96:40
]]>
</failure>
<system-out>
<![CDATA[[32minfo[39m: API Request {"body":{"address":{"city":"Test City","country":"Test Country","state":"Test State","street":"123 Test St","zipCode":"12345"},"company":{"department":"Engineering","jobTitle":"Software Developer","name":"Test Company"},"email":"test1754909944027@example.com","name":"Test User","phone":"+1234567890","username":"user_1754909944027","website":"https://example.com"},"headers":{},"method":"POST","scenarioName":"User Registration","testId":"a45ca35f-5a3b-4863-a856-add24f3c7a5d","timestamp":"2025-08-11 20:59:04","type":"api_request","url":"/users"}
[32minfo[39m: API Response {"body":null,"headers":{},"responseTime":13,"scenarioName":"User Registration","status":"ERROR","statusText":"apiRequestContext.post: getaddrinfo ENOTFOUND staging-api.example.com\nCall log:\n\u001b[2m  - → POST https://staging-api.example.com/users\u001b[22m\n\u001b[2m    - user-agent: Mozilla/5.0 (Windows NT 10.0; Win64; x64) AppleWebKit/537.36 (KHTML, like Gecko) Chrome/139.0.7258.5 Safari/537.36\u001b[22m\n\u001b[2m    - accept: application/json\u001b[22m\n\u001b[2m    - accept-encoding: gzip,deflate,br\u001b[22m\n\u001b[2m    - Content-Type: application/json\u001b[22m\n\u001b[2m    - X-Environment: staging\u001b[22m\n\u001b[2m    - X-API-Key: staging-api-key-67890\u001b[22m\n\u001b[2m    - content-length: 357\u001b[22m\n","testId":"a45ca35f-5a3b-4863-a856-add24f3c7a5d","timestamp":"2025-08-11 20:59:04","type":"api_response"}
[32minfo[39m: API Request {"body":{"address":{"city":"Test City","country":"Test Country","state":"Test State","street":"123 Test St","zipCode":"12345"},"company":{"department":"Engineering","jobTitle":"Software Developer","name":"Test Company"},"email":"test1754909944323@example.com","name":"Test User","phone":"+1234567890","username":"user_1754909944323","website":"https://example.com"},"headers":{},"method":"POST","scenarioName":"User Registration","testId":"49a979f0-8355-46c2-abbc-3c3b479f16d2","timestamp":"2025-08-11 20:59:04","type":"api_request","url":"/users"}
[32minfo[39m: API Response {"body":null,"headers":{},"responseTime":13,"scenarioName":"User Registration","status":"ERROR","statusText":"apiRequestContext.post: getaddrinfo ENOTFOUND staging-api.example.com\nCall log:\n\u001b[2m  - → POST https://staging-api.example.com/users\u001b[22m\n\u001b[2m    - user-agent: Mozilla/5.0 (Windows NT 10.0; Win64; x64) AppleWebKit/537.36 (KHTML, like Gecko) Chrome/139.0.7258.5 Safari/537.36\u001b[22m\n\u001b[2m    - accept: application/json\u001b[22m\n\u001b[2m    - accept-encoding: gzip,deflate,br\u001b[22m\n\u001b[2m    - Content-Type: application/json\u001b[22m\n\u001b[2m    - X-Environment: staging\u001b[22m\n\u001b[2m    - X-API-Key: staging-api-key-67890\u001b[22m\n\u001b[2m    - content-length: 357\u001b[22m\n","testId":"49a979f0-8355-46c2-abbc-3c3b479f16d2","timestamp":"2025-08-11 20:59:04","type":"api_response"}

[[ATTACHMENT|../test-results/staging/advanced-performance-tests-a798b-ntly-performance-concurrent-staging-api-tests-retry1/trace.zip]]
[32minfo[39m: API Request {"body":{"address":{"city":"Test City","country":"Test Country","state":"Test State","street":"123 Test St","zipCode":"12345"},"company":{"department":"Engineering","jobTitle":"Software Developer","name":"Test Company"},"email":"test1754909944626@example.com","name":"Test User","phone":"+1234567890","username":"user_1754909944626","website":"https://example.com"},"headers":{},"method":"POST","scenarioName":"User Registration","testId":"b810b2d3-1809-46a6-ba4f-02ade27dab4f","timestamp":"2025-08-11 20:59:04","type":"api_request","url":"/users"}
[32minfo[39m: API Response {"body":null,"headers":{},"responseTime":11,"scenarioName":"User Registration","status":"ERROR","statusText":"apiRequestContext.post: getaddrinfo ENOTFOUND staging-api.example.com\nCall log:\n\u001b[2m  - → POST https://staging-api.example.com/users\u001b[22m\n\u001b[2m    - user-agent: Mozilla/5.0 (Windows NT 10.0; Win64; x64) AppleWebKit/537.36 (KHTML, like Gecko) Chrome/139.0.7258.5 Safari/537.36\u001b[22m\n\u001b[2m    - accept: application/json\u001b[22m\n\u001b[2m    - accept-encoding: gzip,deflate,br\u001b[22m\n\u001b[2m    - Content-Type: application/json\u001b[22m\n\u001b[2m    - X-Environment: staging\u001b[22m\n\u001b[2m    - X-API-Key: staging-api-key-67890\u001b[22m\n\u001b[2m    - content-length: 357\u001b[22m\n","testId":"b810b2d3-1809-46a6-ba4f-02ade27dab4f","timestamp":"2025-08-11 20:59:04","type":"api_response"}
]]>
</system-out>
</testcase>
<testcase name="Concurrent Request Performance › should handle mixed concurrent operations efficiently @performance @concurrent" classname="advanced/performance-tests.spec.ts" time="0.046">
<failure message="performance-tests.spec.ts:136:7 should handle mixed concurrent operations efficiently @performance @concurrent" type="FAILURE">
<![CDATA[  [staging-api-tests] › advanced/performance-tests.spec.ts:136:7 › Concurrent Request Performance › should handle mixed concurrent operations efficiently @performance @concurrent 

    Error: apiRequestContext.post: getaddrinfo ENOTFOUND staging-api.example.com
    Call log:
      - → POST https://staging-api.example.com/users
        - user-agent: Mozilla/5.0 (Windows NT 10.0; Win64; x64) AppleWebKit/537.36 (KHTML, like Gecko) Chrome/139.0.7258.5 Safari/537.36
        - accept: application/json
        - accept-encoding: gzip,deflate,br
        - Content-Type: application/json
        - X-Environment: staging
        - X-API-Key: staging-api-key-67890
        - content-length: 357


       at ../utils/testFixtures.ts:106

      104 |
      105 |         try {
    > 106 |           const response = await (request as any)[method.toLowerCase()](url, options);
          |                                                                        ^
      107 |           const endTime = Date.now();
      108 |           const responseTime = endTime - startTime;
      109 |
        at Object.makeRequest (/Users/Anand/github/playwright-api-test/utils/testFixtures.ts:106:72)
        at Object.post (/Users/Anand/github/playwright-api-test/utils/testFixtures.ts:163:21)
        at Object.registerUser (/Users/Anand/github/playwright-api-test/utils/testFixtures.ts:181:35)
        at TestActions.createTestUser (/Users/Anand/github/playwright-api-test/utils/test-actions.ts:23:53)
        at /Users/Anand/github/playwright-api-test/tests/advanced/performance-tests.spec.ts:140:40

    Retry #1 ───────────────────────────────────────────────────────────────────────────────────────

    Error: apiRequestContext.post: getaddrinfo ENOTFOUND staging-api.example.com
    Call log:
      - → POST https://staging-api.example.com/users
        - user-agent: Mozilla/5.0 (Windows NT 10.0; Win64; x64) AppleWebKit/537.36 (KHTML, like Gecko) Chrome/139.0.7258.5 Safari/537.36
        - accept: application/json
        - accept-encoding: gzip,deflate,br
        - Content-Type: application/json
        - X-Environment: staging
        - X-API-Key: staging-api-key-67890
        - content-length: 357


       at ../utils/testFixtures.ts:106

      104 |
      105 |         try {
    > 106 |           const response = await (request as any)[method.toLowerCase()](url, options);
          |                                                                        ^
      107 |           const endTime = Date.now();
      108 |           const responseTime = endTime - startTime;
      109 |
        at Object.makeRequest (/Users/Anand/github/playwright-api-test/utils/testFixtures.ts:106:72)
        at Object.post (/Users/Anand/github/playwright-api-test/utils/testFixtures.ts:163:21)
        at Object.registerUser (/Users/Anand/github/playwright-api-test/utils/testFixtures.ts:181:35)
        at TestActions.createTestUser (/Users/Anand/github/playwright-api-test/utils/test-actions.ts:23:53)
        at /Users/Anand/github/playwright-api-test/tests/advanced/performance-tests.spec.ts:140:40

    attachment #1: trace (application/zip) ─────────────────────────────────────────────────────────
    ../test-results/staging/advanced-performance-tests-2227c-ntly-performance-concurrent-staging-api-tests-retry1/trace.zip
    Usage:

        npx playwright show-trace ../test-results/staging/advanced-performance-tests-2227c-ntly-performance-concurrent-staging-api-tests-retry1/trace.zip

    ────────────────────────────────────────────────────────────────────────────────────────────────

    Retry #2 ───────────────────────────────────────────────────────────────────────────────────────

    Error: apiRequestContext.post: getaddrinfo ENOTFOUND staging-api.example.com
    Call log:
      - → POST https://staging-api.example.com/users
        - user-agent: Mozilla/5.0 (Windows NT 10.0; Win64; x64) AppleWebKit/537.36 (KHTML, like Gecko) Chrome/139.0.7258.5 Safari/537.36
        - accept: application/json
        - accept-encoding: gzip,deflate,br
        - Content-Type: application/json
        - X-Environment: staging
        - X-API-Key: staging-api-key-67890
        - content-length: 357


       at ../utils/testFixtures.ts:106

      104 |
      105 |         try {
    > 106 |           const response = await (request as any)[method.toLowerCase()](url, options);
          |                                                                        ^
      107 |           const endTime = Date.now();
      108 |           const responseTime = endTime - startTime;
      109 |
        at Object.makeRequest (/Users/Anand/github/playwright-api-test/utils/testFixtures.ts:106:72)
        at Object.post (/Users/Anand/github/playwright-api-test/utils/testFixtures.ts:163:21)
        at Object.registerUser (/Users/Anand/github/playwright-api-test/utils/testFixtures.ts:181:35)
        at TestActions.createTestUser (/Users/Anand/github/playwright-api-test/utils/test-actions.ts:23:53)
        at /Users/Anand/github/playwright-api-test/tests/advanced/performance-tests.spec.ts:140:40
]]>
</failure>
<system-out>
<![CDATA[[32minfo[39m: API Request {"body":{"address":{"city":"Test City","country":"Test Country","state":"Test State","street":"123 Test St","zipCode":"12345"},"company":{"department":"Engineering","jobTitle":"Software Developer","name":"Test Company"},"email":"test1754909944913@example.com","name":"Test User","phone":"+1234567890","username":"user_1754909944913","website":"https://example.com"},"headers":{},"method":"POST","scenarioName":"User Registration","testId":"d9fcd113-8d31-447c-b2a3-d8159ec98b4a","timestamp":"2025-08-11 20:59:04","type":"api_request","url":"/users"}
[32minfo[39m: API Response {"body":null,"headers":{},"responseTime":12,"scenarioName":"User Registration","status":"ERROR","statusText":"apiRequestContext.post: getaddrinfo ENOTFOUND staging-api.example.com\nCall log:\n\u001b[2m  - → POST https://staging-api.example.com/users\u001b[22m\n\u001b[2m    - user-agent: Mozilla/5.0 (Windows NT 10.0; Win64; x64) AppleWebKit/537.36 (KHTML, like Gecko) Chrome/139.0.7258.5 Safari/537.36\u001b[22m\n\u001b[2m    - accept: application/json\u001b[22m\n\u001b[2m    - accept-encoding: gzip,deflate,br\u001b[22m\n\u001b[2m    - Content-Type: application/json\u001b[22m\n\u001b[2m    - X-Environment: staging\u001b[22m\n\u001b[2m    - X-API-Key: staging-api-key-67890\u001b[22m\n\u001b[2m    - content-length: 357\u001b[22m\n","testId":"d9fcd113-8d31-447c-b2a3-d8159ec98b4a","timestamp":"2025-08-11 20:59:04","type":"api_response"}
[32minfo[39m: API Request {"body":{"address":{"city":"Test City","country":"Test Country","state":"Test State","street":"123 Test St","zipCode":"12345"},"company":{"department":"Engineering","jobTitle":"Software Developer","name":"Test Company"},"email":"test1754909945209@example.com","name":"Test User","phone":"+1234567890","username":"user_1754909945209","website":"https://example.com"},"headers":{},"method":"POST","scenarioName":"User Registration","testId":"047b992a-cbc4-4504-bcd2-13c9411ae831","timestamp":"2025-08-11 20:59:05","type":"api_request","url":"/users"}
[32minfo[39m: API Response {"body":null,"headers":{},"responseTime":12,"scenarioName":"User Registration","status":"ERROR","statusText":"apiRequestContext.post: getaddrinfo ENOTFOUND staging-api.example.com\nCall log:\n\u001b[2m  - → POST https://staging-api.example.com/users\u001b[22m\n\u001b[2m    - user-agent: Mozilla/5.0 (Windows NT 10.0; Win64; x64) AppleWebKit/537.36 (KHTML, like Gecko) Chrome/139.0.7258.5 Safari/537.36\u001b[22m\n\u001b[2m    - accept: application/json\u001b[22m\n\u001b[2m    - accept-encoding: gzip,deflate,br\u001b[22m\n\u001b[2m    - Content-Type: application/json\u001b[22m\n\u001b[2m    - X-Environment: staging\u001b[22m\n\u001b[2m    - X-API-Key: staging-api-key-67890\u001b[22m\n\u001b[2m    - content-length: 357\u001b[22m\n","testId":"047b992a-cbc4-4504-bcd2-13c9411ae831","timestamp":"2025-08-11 20:59:05","type":"api_response"}

[[ATTACHMENT|../test-results/staging/advanced-performance-tests-2227c-ntly-performance-concurrent-staging-api-tests-retry1/trace.zip]]
[32minfo[39m: API Request {"body":{"address":{"city":"Test City","country":"Test Country","state":"Test State","street":"123 Test St","zipCode":"12345"},"company":{"department":"Engineering","jobTitle":"Software Developer","name":"Test Company"},"email":"test1754909945511@example.com","name":"Test User","phone":"+1234567890","username":"user_1754909945511","website":"https://example.com"},"headers":{},"method":"POST","scenarioName":"User Registration","testId":"9bf8af2c-3477-4d75-9d5d-10b7c12ac420","timestamp":"2025-08-11 20:59:05","type":"api_request","url":"/users"}
[32minfo[39m: API Response {"body":null,"headers":{},"responseTime":12,"scenarioName":"User Registration","status":"ERROR","statusText":"apiRequestContext.post: getaddrinfo ENOTFOUND staging-api.example.com\nCall log:\n\u001b[2m  - → POST https://staging-api.example.com/users\u001b[22m\n\u001b[2m    - user-agent: Mozilla/5.0 (Windows NT 10.0; Win64; x64) AppleWebKit/537.36 (KHTML, like Gecko) Chrome/139.0.7258.5 Safari/537.36\u001b[22m\n\u001b[2m    - accept: application/json\u001b[22m\n\u001b[2m    - accept-encoding: gzip,deflate,br\u001b[22m\n\u001b[2m    - Content-Type: application/json\u001b[22m\n\u001b[2m    - X-Environment: staging\u001b[22m\n\u001b[2m    - X-API-Key: staging-api-key-67890\u001b[22m\n\u001b[2m    - content-length: 357\u001b[22m\n","testId":"9bf8af2c-3477-4d75-9d5d-10b7c12ac420","timestamp":"2025-08-11 20:59:05","type":"api_response"}
]]>
</system-out>
</testcase>
<testcase name="Load Testing with Data Sets › should maintain performance with bulk data processing @performance @bulk" classname="advanced/performance-tests.spec.ts" time="0.048">
<failure message="performance-tests.spec.ts:209:7 should maintain performance with bulk data processing @performance @bulk" type="FAILURE">
<![CDATA[  [staging-api-tests] › advanced/performance-tests.spec.ts:209:7 › Load Testing with Data Sets › should maintain performance with bulk data processing @performance @bulk 

    Error: apiRequestContext.post: getaddrinfo ENOTFOUND staging-api.example.com
    Call log:
      - → POST https://staging-api.example.com/users
        - user-agent: Mozilla/5.0 (Windows NT 10.0; Win64; x64) AppleWebKit/537.36 (KHTML, like Gecko) Chrome/139.0.7258.5 Safari/537.36
        - accept: application/json
        - accept-encoding: gzip,deflate,br
        - Content-Type: application/json
        - X-Environment: staging
        - X-API-Key: staging-api-key-67890
        - content-length: 357


       at ../utils/testFixtures.ts:106

      104 |
      105 |         try {
    > 106 |           const response = await (request as any)[method.toLowerCase()](url, options);
          |                                                                        ^
      107 |           const endTime = Date.now();
      108 |           const responseTime = endTime - startTime;
      109 |
        at Object.makeRequest (/Users/Anand/github/playwright-api-test/utils/testFixtures.ts:106:72)
        at Object.post (/Users/Anand/github/playwright-api-test/utils/testFixtures.ts:163:21)
        at Object.registerUser (/Users/Anand/github/playwright-api-test/utils/testFixtures.ts:181:35)
        at TestActions.createTestUser (/Users/Anand/github/playwright-api-test/utils/test-actions.ts:23:53)
        at /Users/Anand/github/playwright-api-test/tests/advanced/performance-tests.spec.ts:229:38

    Retry #1 ───────────────────────────────────────────────────────────────────────────────────────

    Error: apiRequestContext.post: getaddrinfo ENOTFOUND staging-api.example.com
    Call log:
      - → POST https://staging-api.example.com/users
        - user-agent: Mozilla/5.0 (Windows NT 10.0; Win64; x64) AppleWebKit/537.36 (KHTML, like Gecko) Chrome/139.0.7258.5 Safari/537.36
        - accept: application/json
        - accept-encoding: gzip,deflate,br
        - Content-Type: application/json
        - X-Environment: staging
        - X-API-Key: staging-api-key-67890
        - content-length: 357


       at ../utils/testFixtures.ts:106

      104 |
      105 |         try {
    > 106 |           const response = await (request as any)[method.toLowerCase()](url, options);
          |                                                                        ^
      107 |           const endTime = Date.now();
      108 |           const responseTime = endTime - startTime;
      109 |
        at Object.makeRequest (/Users/Anand/github/playwright-api-test/utils/testFixtures.ts:106:72)
        at Object.post (/Users/Anand/github/playwright-api-test/utils/testFixtures.ts:163:21)
        at Object.registerUser (/Users/Anand/github/playwright-api-test/utils/testFixtures.ts:181:35)
        at TestActions.createTestUser (/Users/Anand/github/playwright-api-test/utils/test-actions.ts:23:53)
        at /Users/Anand/github/playwright-api-test/tests/advanced/performance-tests.spec.ts:229:38

    attachment #1: trace (application/zip) ─────────────────────────────────────────────────────────
    ../test-results/staging/advanced-performance-tests-4ef47-processing-performance-bulk-staging-api-tests-retry1/trace.zip
    Usage:

        npx playwright show-trace ../test-results/staging/advanced-performance-tests-4ef47-processing-performance-bulk-staging-api-tests-retry1/trace.zip

    ────────────────────────────────────────────────────────────────────────────────────────────────

    Retry #2 ───────────────────────────────────────────────────────────────────────────────────────

    Error: apiRequestContext.post: getaddrinfo ENOTFOUND staging-api.example.com
    Call log:
      - → POST https://staging-api.example.com/users
        - user-agent: Mozilla/5.0 (Windows NT 10.0; Win64; x64) AppleWebKit/537.36 (KHTML, like Gecko) Chrome/139.0.7258.5 Safari/537.36
        - accept: application/json
        - accept-encoding: gzip,deflate,br
        - Content-Type: application/json
        - X-Environment: staging
        - X-API-Key: staging-api-key-67890
        - content-length: 357


       at ../utils/testFixtures.ts:106

      104 |
      105 |         try {
    > 106 |           const response = await (request as any)[method.toLowerCase()](url, options);
          |                                                                        ^
      107 |           const endTime = Date.now();
      108 |           const responseTime = endTime - startTime;
      109 |
        at Object.makeRequest (/Users/Anand/github/playwright-api-test/utils/testFixtures.ts:106:72)
        at Object.post (/Users/Anand/github/playwright-api-test/utils/testFixtures.ts:163:21)
        at Object.registerUser (/Users/Anand/github/playwright-api-test/utils/testFixtures.ts:181:35)
        at TestActions.createTestUser (/Users/Anand/github/playwright-api-test/utils/test-actions.ts:23:53)
        at /Users/Anand/github/playwright-api-test/tests/advanced/performance-tests.spec.ts:229:38
]]>
</failure>
<system-out>
<![CDATA[[32minfo[39m: API Request {"body":{"address":{"city":"Test City","country":"Test Country","state":"Test State","street":"123 Test St","zipCode":"12345"},"company":{"department":"Engineering","jobTitle":"Software Developer","name":"Test Company"},"email":"test1754909943143@example.com","name":"Test User","phone":"+1234567890","username":"user_1754909943143","website":"https://example.com"},"headers":{},"method":"POST","scenarioName":"User Registration","testId":"9fb76999-6403-487f-915e-a86ddde5584c","timestamp":"2025-08-11 20:59:03","type":"api_request","url":"/users"}
[32minfo[39m: API Response {"body":null,"headers":{},"responseTime":13,"scenarioName":"User Registration","status":"ERROR","statusText":"apiRequestContext.post: getaddrinfo ENOTFOUND staging-api.example.com\nCall log:\n\u001b[2m  - → POST https://staging-api.example.com/users\u001b[22m\n\u001b[2m    - user-agent: Mozilla/5.0 (Windows NT 10.0; Win64; x64) AppleWebKit/537.36 (KHTML, like Gecko) Chrome/139.0.7258.5 Safari/537.36\u001b[22m\n\u001b[2m    - accept: application/json\u001b[22m\n\u001b[2m    - accept-encoding: gzip,deflate,br\u001b[22m\n\u001b[2m    - Content-Type: application/json\u001b[22m\n\u001b[2m    - X-Environment: staging\u001b[22m\n\u001b[2m    - X-API-Key: staging-api-key-67890\u001b[22m\n\u001b[2m    - content-length: 357\u001b[22m\n","testId":"9fb76999-6403-487f-915e-a86ddde5584c","timestamp":"2025-08-11 20:59:03","type":"api_response"}
[32minfo[39m: API Request {"body":{"address":{"city":"Test City","country":"Test Country","state":"Test State","street":"123 Test St","zipCode":"12345"},"company":{"department":"Engineering","jobTitle":"Software Developer","name":"Test Company"},"email":"test1754909943437@example.com","name":"Test User","phone":"+1234567890","username":"user_1754909943437","website":"https://example.com"},"headers":{},"method":"POST","scenarioName":"User Registration","testId":"800f5cec-5559-4b3b-aea3-35f2193bec56","timestamp":"2025-08-11 20:59:03","type":"api_request","url":"/users"}
[32minfo[39m: API Response {"body":null,"headers":{},"responseTime":13,"scenarioName":"User Registration","status":"ERROR","statusText":"apiRequestContext.post: getaddrinfo ENOTFOUND staging-api.example.com\nCall log:\n\u001b[2m  - → POST https://staging-api.example.com/users\u001b[22m\n\u001b[2m    - user-agent: Mozilla/5.0 (Windows NT 10.0; Win64; x64) AppleWebKit/537.36 (KHTML, like Gecko) Chrome/139.0.7258.5 Safari/537.36\u001b[22m\n\u001b[2m    - accept: application/json\u001b[22m\n\u001b[2m    - accept-encoding: gzip,deflate,br\u001b[22m\n\u001b[2m    - Content-Type: application/json\u001b[22m\n\u001b[2m    - X-Environment: staging\u001b[22m\n\u001b[2m    - X-API-Key: staging-api-key-67890\u001b[22m\n\u001b[2m    - content-length: 357\u001b[22m\n","testId":"800f5cec-5559-4b3b-aea3-35f2193bec56","timestamp":"2025-08-11 20:59:03","type":"api_response"}

[[ATTACHMENT|../test-results/staging/advanced-performance-tests-4ef47-processing-performance-bulk-staging-api-tests-retry1/trace.zip]]
[32minfo[39m: API Request {"body":{"address":{"city":"Test City","country":"Test Country","state":"Test State","street":"123 Test St","zipCode":"12345"},"company":{"department":"Engineering","jobTitle":"Software Developer","name":"Test Company"},"email":"test1754909943740@example.com","name":"Test User","phone":"+1234567890","username":"user_1754909943740","website":"https://example.com"},"headers":{},"method":"POST","scenarioName":"User Registration","testId":"ddc14097-8180-4df0-8f7a-fe06830d1ea6","timestamp":"2025-08-11 20:59:03","type":"api_request","url":"/users"}
[32minfo[39m: API Response {"body":null,"headers":{},"responseTime":12,"scenarioName":"User Registration","status":"ERROR","statusText":"apiRequestContext.post: getaddrinfo ENOTFOUND staging-api.example.com\nCall log:\n\u001b[2m  - → POST https://staging-api.example.com/users\u001b[22m\n\u001b[2m    - user-agent: Mozilla/5.0 (Windows NT 10.0; Win64; x64) AppleWebKit/537.36 (KHTML, like Gecko) Chrome/139.0.7258.5 Safari/537.36\u001b[22m\n\u001b[2m    - accept: application/json\u001b[22m\n\u001b[2m    - accept-encoding: gzip,deflate,br\u001b[22m\n\u001b[2m    - Content-Type: application/json\u001b[22m\n\u001b[2m    - X-Environment: staging\u001b[22m\n\u001b[2m    - X-API-Key: staging-api-key-67890\u001b[22m\n\u001b[2m    - content-length: 357\u001b[22m\n","testId":"ddc14097-8180-4df0-8f7a-fe06830d1ea6","timestamp":"2025-08-11 20:59:03","type":"api_response"}
]]>
</system-out>
</testcase>
<testcase name="Load Testing with Data Sets › should handle large data sets efficiently @performance @memory" classname="advanced/performance-tests.spec.ts" time="0.047">
<failure message="performance-tests.spec.ts:272:7 should handle large data sets efficiently @performance @memory" type="FAILURE">
<![CDATA[  [staging-api-tests] › advanced/performance-tests.spec.ts:272:7 › Load Testing with Data Sets › should handle large data sets efficiently @performance @memory 

    Error: apiRequestContext.post: getaddrinfo ENOTFOUND staging-api.example.com
    Call log:
      - → POST https://staging-api.example.com/users
        - user-agent: Mozilla/5.0 (Windows NT 10.0; Win64; x64) AppleWebKit/537.36 (KHTML, like Gecko) Chrome/139.0.7258.5 Safari/537.36
        - accept: application/json
        - accept-encoding: gzip,deflate,br
        - Content-Type: application/json
        - X-Environment: staging
        - X-API-Key: staging-api-key-67890
        - content-length: 357


       at ../utils/testFixtures.ts:106

      104 |
      105 |         try {
    > 106 |           const response = await (request as any)[method.toLowerCase()](url, options);
          |                                                                        ^
      107 |           const endTime = Date.now();
      108 |           const responseTime = endTime - startTime;
      109 |
        at Object.makeRequest (/Users/Anand/github/playwright-api-test/utils/testFixtures.ts:106:72)
        at Object.post (/Users/Anand/github/playwright-api-test/utils/testFixtures.ts:163:21)
        at Object.registerUser (/Users/Anand/github/playwright-api-test/utils/testFixtures.ts:181:35)
        at TestActions.createTestUser (/Users/Anand/github/playwright-api-test/utils/test-actions.ts:23:53)
        at /Users/Anand/github/playwright-api-test/tests/advanced/performance-tests.spec.ts:298:40

    Retry #1 ───────────────────────────────────────────────────────────────────────────────────────

    Error: apiRequestContext.post: getaddrinfo ENOTFOUND staging-api.example.com
    Call log:
      - → POST https://staging-api.example.com/users
        - user-agent: Mozilla/5.0 (Windows NT 10.0; Win64; x64) AppleWebKit/537.36 (KHTML, like Gecko) Chrome/139.0.7258.5 Safari/537.36
        - accept: application/json
        - accept-encoding: gzip,deflate,br
        - Content-Type: application/json
        - X-Environment: staging
        - X-API-Key: staging-api-key-67890
        - content-length: 357


       at ../utils/testFixtures.ts:106

      104 |
      105 |         try {
    > 106 |           const response = await (request as any)[method.toLowerCase()](url, options);
          |                                                                        ^
      107 |           const endTime = Date.now();
      108 |           const responseTime = endTime - startTime;
      109 |
        at Object.makeRequest (/Users/Anand/github/playwright-api-test/utils/testFixtures.ts:106:72)
        at Object.post (/Users/Anand/github/playwright-api-test/utils/testFixtures.ts:163:21)
        at Object.registerUser (/Users/Anand/github/playwright-api-test/utils/testFixtures.ts:181:35)
        at TestActions.createTestUser (/Users/Anand/github/playwright-api-test/utils/test-actions.ts:23:53)
        at /Users/Anand/github/playwright-api-test/tests/advanced/performance-tests.spec.ts:298:40

    attachment #1: trace (application/zip) ─────────────────────────────────────────────────────────
    ../test-results/staging/advanced-performance-tests-704d2-iciently-performance-memory-staging-api-tests-retry1/trace.zip
    Usage:

        npx playwright show-trace ../test-results/staging/advanced-performance-tests-704d2-iciently-performance-memory-staging-api-tests-retry1/trace.zip

[...]
[32minfo[39m: API Response {"body":null,"headers":{},"responseTime":12,"scenarioName":"User Registration","status":"ERROR","statusText":"apiRequestContext.post: getaddrinfo ENOTFOUND staging-api.example.com\nCall log:\n\u001b[2m  - → POST https://staging-api.example.com/users\u001b[22m\n\u001b[2m    - user-agent: Mozilla/5.0 (Windows NT 10.0; Win64; x64) AppleWebKit/537.36 (KHTML, like Gecko) Chrome/139.0.7258.5 Safari/537.36\u001b[22m\n\u001b[2m    - accept: application/json\u001b[22m\n\u001b[2m    - accept-encoding: gzip,deflate,br\u001b[22m\n\u001b[2m    - Content-Type: application/json\u001b[22m\n\u001b[2m    - X-Environment: staging\u001b[22m\n\u001b[2m    - X-API-Key: staging-api-key-67890\u001b[22m\n\u001b[2m    - content-length: 357\u001b[22m\n","testId":"db61903f-15e4-4e4e-908f-911c3006aa9c","timestamp":"2025-08-11 20:59:12","type":"api_response"}

[[ATTACHMENT|../test-results/staging/advanced-performance-tests-8655c-ols-performance-connections-staging-performance-tests-retry1/trace.zip]]
[32minfo[39m: API Request {"body":{"address":{"city":"Test City","country":"Test Country","state":"Test State","street":"123 Test St","zipCode":"12345"},"company":{"department":"Engineering","jobTitle":"Software Developer","name":"Test Company"},"email":"test1754909952384@example.com","name":"Test User","phone":"+1234567890","username":"user_1754909952384","website":"https://example.com"},"headers":{},"method":"POST","scenarioName":"User Registration","testId":"96d7b6bb-5672-4776-9979-e1af3a77a857","timestamp":"2025-08-11 20:59:12","type":"api_request","url":"/users"}
[32minfo[39m: API Request {"body":{"address":{"city":"Test City","country":"Test Country","state":"Test State","street":"123 Test St","zipCode":"12345"},"company":{"department":"Engineering","jobTitle":"Software Developer","name":"Test Company"},"email":"test1754909952389@example.com","name":"Test User","phone":"+1234567890","username":"user_1754909952389","website":"https://example.com"},"headers":{},"method":"POST","scenarioName":"User Registration","testId":"96d7b6bb-5672-4776-9979-e1af3a77a857","timestamp":"2025-08-11 20:59:12","type":"api_request","url":"/users"}
[32minfo[39m: API Request {"body":{"address":{"city":"Test City","country":"Test Country","state":"Test State","street":"123 Test St","zipCode":"12345"},"company":{"department":"Engineering","jobTitle":"Software Developer","name":"Test Company"},"email":"test1754909952389@example.com","name":"Test User","phone":"+1234567890","username":"user_1754909952389","website":"https://example.com"},"headers":{},"method":"POST","scenarioName":"User Registration","testId":"96d7b6bb-5672-4776-9979-e1af3a77a857","timestamp":"2025-08-11 20:59:12","type":"api_request","url":"/users"}
[32minfo[39m: API Request {"body":{"address":{"city":"Test City","country":"Test Country","state":"Test State","street":"123 Test St","zipCode":"12345"},"company":{"department":"Engineering","jobTitle":"Software Developer","name":"Test Company"},"email":"test1754909952390@example.com","name":"Test User","phone":"+1234567890","username":"user_1754909952390","website":"https://example.com"},"headers":{},"method":"POST","scenarioName":"User Registration","testId":"96d7b6bb-5672-4776-9979-e1af3a77a857","timestamp":"2025-08-11 20:59:12","type":"api_request","url":"/users"}
[32minfo[39m: API Request {"body":{"address":{"city":"Test City","country":"Test Country","state":"Test State","street":"123 Test St","zipCode":"12345"},"company":{"department":"Engineering","jobTitle":"Software Developer","name":"Test Company"},"email":"test1754909952391@example.com","name":"Test User","phone":"+1234567890","username":"user_1754909952391","website":"https://example.com"},"headers":{},"method":"POST","scenarioName":"User Registration","testId":"96d7b6bb-5672-4776-9979-e1af3a77a857","timestamp":"2025-08-11 20:59:12","type":"api_request","url":"/users"}
[32minfo[39m: API Response {"body":null,"headers":{},"responseTime":12,"scenarioName":"User Registration","status":"ERROR","statusText":"apiRequestContext.post: getaddrinfo ENOTFOUND staging-api.example.com\nCall log:\n\u001b[2m  - → POST https://staging-api.example.com/users\u001b[22m\n\u001b[2m    - user-agent: Mozilla/5.0 (Windows NT 10.0; Win64; x64) AppleWebKit/537.36 (KHTML, like Gecko) Chrome/139.0.7258.5 Safari/537.36\u001b[22m\n\u001b[2m    - accept: application/json\u001b[22m\n\u001b[2m    - accept-encoding: gzip,deflate,br\u001b[22m\n\u001b[2m    - Content-Type: application/json\u001b[22m\n\u001b[2m    - X-Environment: staging\u001b[22m\n\u001b[2m    - X-API-Key: staging-api-key-67890\u001b[22m\n\u001b[2m    - content-length: 357\u001b[22m\n","testId":"96d7b6bb-5672-4776-9979-e1af3a77a857","timestamp":"2025-08-11 20:59:12","type":"api_response"}
[32minfo[39m: API Response {"body":null,"headers":{},"responseTime":19,"scenarioName":"User Registration","status":"ERROR","statusText":"apiRequestContext.post: getaddrinfo ENOTFOUND staging-api.example.com\nCall log:\n\u001b[2m  - → POST https://staging-api.example.com/users\u001b[22m\n\u001b[2m    - user-agent: Mozilla/5.0 (Windows NT 10.0; Win64; x64) AppleWebKit/537.36 (KHTML, like Gecko) Chrome/139.0.7258.5 Safari/537.36\u001b[22m\n\u001b[2m    - accept: application/json\u001b[22m\n\u001b[2m    - accept-encoding: gzip,deflate,br\u001b[22m\n\u001b[2m    - Content-Type: application/json\u001b[22m\n\u001b[2m    - X-Environment: staging\u001b[22m\n\u001b[2m    - X-API-Key: staging-api-key-67890\u001b[22m\n\u001b[2m    - content-length: 357\u001b[22m\n","testId":"96d7b6bb-5672-4776-9979-e1af3a77a857","timestamp":"2025-08-11 20:59:12","type":"api_response"}
[32minfo[39m: API Response {"body":null,"headers":{},"responseTime":14,"scenarioName":"User Registration","status":"ERROR","statusText":"apiRequestContext.post: getaddrinfo ENOTFOUND staging-api.example.com\nCall log:\n\u001b[2m  - → POST https://staging-api.example.com/users\u001b[22m\n\u001b[2m    - user-agent: Mozilla/5.0 (Windows NT 10.0; Win64; x64) AppleWebKit/537.36 (KHTML, like Gecko) Chrome/139.0.7258.5 Safari/537.36\u001b[22m\n\u001b[2m    - accept: application/json\u001b[22m\n\u001b[2m    - accept-encoding: gzip,deflate,br\u001b[22m\n\u001b[2m    - Content-Type: application/json\u001b[22m\n\u001b[2m    - X-Environment: staging\u001b[22m\n\u001b[2m    - X-API-Key: staging-api-key-67890\u001b[22m\n\u001b[2m    - content-length: 357\u001b[22m\n","testId":"96d7b6bb-5672-4776-9979-e1af3a77a857","timestamp":"2025-08-11 20:59:12","type":"api_response"}
[32minfo[39m: API Response {"body":null,"headers":{},"responseTime":13,"scenarioName":"User Registration","status":"ERROR","statusText":"apiRequestContext.post: getaddrinfo ENOTFOUND staging-api.example.com\nCall log:\n\u001b[2m  - → POST https://staging-api.example.com/users\u001b[22m\n\u001b[2m    - user-agent: Mozilla/5.0 (Windows NT 10.0; Win64; x64) AppleWebKit/537.36 (KHTML, like Gecko) Chrome/139.0.7258.5 Safari/537.36\u001b[22m\n\u001b[2m    - accept: application/json\u001b[22m\n\u001b[2m    - accept-encoding: gzip,deflate,br\u001b[22m\n\u001b[2m    - Content-Type: application/json\u001b[22m\n\u001b[2m    - X-Environment: staging\u001b[22m\n\u001b[2m    - X-API-Key: staging-api-key-67890\u001b[22m\n\u001b[2m    - content-length: 357\u001b[22m\n","testId":"96d7b6bb-5672-4776-9979-e1af3a77a857","timestamp":"2025-08-11 20:59:12","type":"api_response"}
[32minfo[39m: API Response {"body":null,"headers":{},"responseTime":12,"scenarioName":"User Registration","status":"ERROR","statusText":"apiRequestContext.post: getaddrinfo ENOTFOUND staging-api.example.com\nCall log:\n\u001b[2m  - → POST https://staging-api.example.com/users\u001b[22m\n\u001b[2m    - user-agent: Mozilla/5.0 (Windows NT 10.0; Win64; x64) AppleWebKit/537.36 (KHTML, like Gecko) Chrome/139.0.7258.5 Safari/537.36\u001b[22m\n\u001b[2m    - accept: application/json\u001b[22m\n\u001b[2m    - accept-encoding: gzip,deflate,br\u001b[22m\n\u001b[2m    - Content-Type: application/json\u001b[22m\n\u001b[2m    - X-Environment: staging\u001b[22m\n\u001b[2m    - X-API-Key: staging-api-key-67890\u001b[22m\n\u001b[2m    - content-length: 357\u001b[22m\n","testId":"96d7b6bb-5672-4776-9979-e1af3a77a857","timestamp":"2025-08-11 20:59:12","type":"api_response"}

[[ATTACHMENT|../test-results/staging/advanced-performance-tests-8655c-ols-performance-connections-staging-performance-tests-retry2/trace.zip]]
]]>
</system-out>
</testcase>
<testcase name="Resource Usage Testing › should efficiently clean up resources @performance @cleanup" classname="advanced/performance-tests.spec.ts" time="0.077">
<failure message="performance-tests.spec.ts:476:7 should efficiently clean up resources @performance @cleanup" type="FAILURE">
<![CDATA[  [staging-performance-tests] › advanced/performance-tests.spec.ts:476:7 › Resource Usage Testing › should efficiently clean up resources @performance @cleanup 

    Error: apiRequestContext.post: getaddrinfo ENOTFOUND staging-api.example.com
    Call log:
      - → POST https://staging-api.example.com/users
        - user-agent: Mozilla/5.0 (Windows NT 10.0; Win64; x64) AppleWebKit/537.36 (KHTML, like Gecko) Chrome/139.0.7258.5 Safari/537.36
        - accept: application/json
        - accept-encoding: gzip,deflate,br
        - Content-Type: application/json
        - X-Environment: staging
        - X-API-Key: staging-api-key-67890
        - content-length: 357


       at ../utils/testFixtures.ts:106

      104 |
      105 |         try {
    > 106 |           const response = await (request as any)[method.toLowerCase()](url, options);
          |                                                                        ^
      107 |           const endTime = Date.now();
      108 |           const responseTime = endTime - startTime;
      109 |
        at Object.makeRequest (/Users/Anand/github/playwright-api-test/utils/testFixtures.ts:106:72)
        at Object.post (/Users/Anand/github/playwright-api-test/utils/testFixtures.ts:163:21)
        at Object.registerUser (/Users/Anand/github/playwright-api-test/utils/testFixtures.ts:181:35)
        at TestActions.createTestUser (/Users/Anand/github/playwright-api-test/utils/test-actions.ts:23:53)
        at /Users/Anand/github/playwright-api-test/tests/advanced/performance-tests.spec.ts:492:40

    attachment #1: trace (application/zip) ─────────────────────────────────────────────────────────
    ../test-results/staging/advanced-performance-tests-e925d-sources-performance-cleanup-staging-performance-tests/trace.zip
    Usage:

        npx playwright show-trace ../test-results/staging/advanced-performance-tests-e925d-sources-performance-cleanup-staging-performance-tests/trace.zip

    ────────────────────────────────────────────────────────────────────────────────────────────────

    Retry #1 ───────────────────────────────────────────────────────────────────────────────────────

    Error: apiRequestContext.post: getaddrinfo ENOTFOUND staging-api.example.com
    Call log:
      - → POST https://staging-api.example.com/users
        - user-agent: Mozilla/5.0 (Windows NT 10.0; Win64; x64) AppleWebKit/537.36 (KHTML, like Gecko) Chrome/139.0.7258.5 Safari/537.36
        - accept: application/json
        - accept-encoding: gzip,deflate,br
        - Content-Type: application/json
        - X-Environment: staging
        - X-API-Key: staging-api-key-67890
        - content-length: 357


       at ../utils/testFixtures.ts:106

      104 |
      105 |         try {
    > 106 |           const response = await (request as any)[method.toLowerCase()](url, options);
          |                                                                        ^
      107 |           const endTime = Date.now();
      108 |           const responseTime = endTime - startTime;
      109 |
        at Object.makeRequest (/Users/Anand/github/playwright-api-test/utils/testFixtures.ts:106:72)
        at Object.post (/Users/Anand/github/playwright-api-test/utils/testFixtures.ts:163:21)
        at Object.registerUser (/Users/Anand/github/playwright-api-test/utils/testFixtures.ts:181:35)
        at TestActions.createTestUser (/Users/Anand/github/playwright-api-test/utils/test-actions.ts:23:53)
        at /Users/Anand/github/playwright-api-test/tests/advanced/performance-tests.spec.ts:492:40

    attachment #1: trace (application/zip) ─────────────────────────────────────────────────────────
    ../test-results/staging/advanced-performance-tests-e925d-sources-performance-cleanup-staging-performance-tests-retry1/trace.zip
    Usage:

        npx playwright show-trace ../test-results/staging/advanced-performance-tests-e925d-sources-performance-cleanup-staging-performance-tests-retry1/trace.zip

    ────────────────────────────────────────────────────────────────────────────────────────────────

    Retry #2 ───────────────────────────────────────────────────────────────────────────────────────

    Error: apiRequestContext.post: getaddrinfo ENOTFOUND staging-api.example.com
    Call log:
      - → POST https://staging-api.example.com/users
        - user-agent: Mozilla/5.0 (Windows NT 10.0; Win64; x64) AppleWebKit/537.36 (KHTML, like Gecko) Chrome/139.0.7258.5 Safari/537.36
        - accept: application/json
        - accept-encoding: gzip,deflate,br
        - Content-Type: application/json
        - X-Environment: staging
        - X-API-Key: staging-api-key-67890
        - content-length: 357


       at ../utils/testFixtures.ts:106

      104 |
      105 |         try {
    > 106 |           const response = await (request as any)[method.toLowerCase()](url, options);
          |                                                                        ^
      107 |           const endTime = Date.now();
      108 |           const responseTime = endTime - startTime;
      109 |
        at Object.makeRequest (/Users/Anand/github/playwright-api-test/utils/testFixtures.ts:106:72)
        at Object.post (/Users/Anand/github/playwright-api-test/utils/testFixtures.ts:163:21)
        at Object.registerUser (/Users/Anand/github/playwright-api-test/utils/testFixtures.ts:181:35)
        at TestActions.createTestUser (/Users/Anand/github/playwright-api-test/utils/test-actions.ts:23:53)
        at /Users/Anand/github/playwright-api-test/tests/advanced/performance-tests.spec.ts:492:40

    attachment #1: trace (application/zip) ─────────────────────────────────────────────────────────
    ../test-results/staging/advanced-performance-tests-e925d-sources-performance-cleanup-staging-performance-tests-retry2/trace.zip
    Usage:

        npx playwright show-trace ../test-results/staging/advanced-performance-tests-e925d-sources-performance-cleanup-staging-performance-tests-retry2/trace.zip

    ────────────────────────────────────────────────────────────────────────────────────────────────
]]>
</failure>
<system-out>
<![CDATA[[32minfo[39m: API Request {"body":{"address":{"city":"Test City","country":"Test Country","state":"Test State","street":"123 Test St","zipCode":"12345"},"company":{"department":"Engineering","jobTitle":"Software Developer","name":"Test Company"},"email":"test1754909952248@example.com","name":"Test User","phone":"+1234567890","username":"user_1754909952248","website":"https://example.com"},"headers":{},"method":"POST","scenarioName":"User Registration","testId":"aa2b872f-add8-449a-b8f2-897636366a8e","timestamp":"2025-08-11 20:59:12","type":"api_request","url":"/users"}
[32minfo[39m: API Response {"body":null,"headers":{},"responseTime":13,"scenarioName":"User Registration","status":"ERROR","statusText":"apiRequestContext.post: getaddrinfo ENOTFOUND staging-api.example.com\nCall log:\n\u001b[2m  - → POST https://staging-api.example.com/users\u001b[22m\n\u001b[2m    - user-agent: Mozilla/5.0 (Windows NT 10.0; Win64; x64) AppleWebKit/537.36 (KHTML, like Gecko) Chrome/139.0.7258.5 Safari/537.36\u001b[22m\n\u001b[2m    - accept: application/json\u001b[22m\n\u001b[2m    - accept-encoding: gzip,deflate,br\u001b[22m\n\u001b[2m    - Content-Type: application/json\u001b[22m\n\u001b[2m    - X-Environment: staging\u001b[22m\n\u001b[2m    - X-API-Key: staging-api-key-67890\u001b[22m\n\u001b[2m    - content-length: 357\u001b[22m\n","testId":"aa2b872f-add8-449a-b8f2-897636366a8e","timestamp":"2025-08-11 20:59:12","type":"api_response"}

[[ATTACHMENT|../test-results/staging/advanced-performance-tests-e925d-sources-performance-cleanup-staging-performance-tests/trace.zip]]
[32minfo[39m: API Request {"body":{"address":{"city":"Test City","country":"Test Country","state":"Test State","street":"123 Test St","zipCode":"12345"},"company":{"department":"Engineering","jobTitle":"Software Developer","name":"Test Company"},"email":"test1754909952553@example.com","name":"Test User","phone":"+1234567890","username":"user_1754909952553","website":"https://example.com"},"headers":{},"method":"POST","scenarioName":"User Registration","testId":"60309692-4e9f-485d-935a-de57b4296d57","timestamp":"2025-08-11 20:59:12","type":"api_request","url":"/users"}
[32minfo[39m: API Response {"body":null,"headers":{},"responseTime":14,"scenarioName":"User Registration","status":"ERROR","statusText":"apiRequestContext.post: getaddrinfo ENOTFOUND staging-api.example.com\nCall log:\n\u001b[2m  - → POST https://staging-api.example.com/users\u001b[22m\n\u001b[2m    - user-agent: Mozilla/5.0 (Windows NT 10.0; Win64; x64) AppleWebKit/537.36 (KHTML, like Gecko) Chrome/139.0.7258.5 Safari/537.36\u001b[22m\n\u001b[2m    - accept: application/json\u001b[22m\n\u001b[2m    - accept-encoding: gzip,deflate,br\u001b[22m\n\u001b[2m    - Content-Type: application/json\u001b[22m\n\u001b[2m    - X-Environment: staging\u001b[22m\n\u001b[2m    - X-API-Key: staging-api-key-67890\u001b[22m\n\u001b[2m    - content-length: 357\u001b[22m\n","testId":"60309692-4e9f-485d-935a-de57b4296d57","timestamp":"2025-08-11 20:59:12","type":"api_response"}

[[ATTACHMENT|../test-results/staging/advanced-performance-tests-e925d-sources-performance-cleanup-staging-performance-tests-retry1/trace.zip]]
[32minfo[39m: API Request {"body":{"address":{"city":"Test City","country":"Test Country","state":"Test State","street":"123 Test St","zipCode":"12345"},"company":{"department":"Engineering","jobTitle":"Software Developer","name":"Test Company"},"email":"test1754909952859@example.com","name":"Test User","phone":"+1234567890","username":"user_1754909952859","website":"https://example.com"},"headers":{},"method":"POST","scenarioName":"User Registration","testId":"fee744c8-212b-4ac5-9229-85ea8d0f8503","timestamp":"2025-08-11 20:59:12","type":"api_request","url":"/users"}
[32minfo[39m: API Response {"body":null,"headers":{},"responseTime":14,"scenarioName":"User Registration","status":"ERROR","statusText":"apiRequestContext.post: getaddrinfo ENOTFOUND staging-api.example.com\nCall log:\n\u001b[2m  - → POST https://staging-api.example.com/users\u001b[22m\n\u001b[2m    - user-agent: Mozilla/5.0 (Windows NT 10.0; Win64; x64) AppleWebKit/537.36 (KHTML, like Gecko) Chrome/139.0.7258.5 Safari/537.36\u001b[22m\n\u001b[2m    - accept: application/json\u001b[22m\n\u001b[2m    - accept-encoding: gzip,deflate,br\u001b[22m\n\u001b[2m    - Content-Type: application/json\u001b[22m\n\u001b[2m    - X-Environment: staging\u001b[22m\n\u001b[2m    - X-API-Key: staging-api-key-67890\u001b[22m\n\u001b[2m    - content-length: 357\u001b[22m\n","testId":"fee744c8-212b-4ac5-9229-85ea8d0f8503","timestamp":"2025-08-11 20:59:12","type":"api_response"}

[[ATTACHMENT|../test-results/staging/advanced-performance-tests-e925d-sources-performance-cleanup-staging-performance-tests-retry2/trace.zip]]
]]>
</system-out>
</testcase>
</testsuite>
</testsuites>